number,value,datetime_start,datetime_complete,duration,params_MAX_POSITION_PCT,params_MAX_RISK_PCT,params_MR_MIN_RR,params_MR_STOP_MULT,params_RISK_TIER_EQUITY_PCT,params_TP_MIN_RR,params_TP_STOP_MULT,user_attrs_BTC_PnL,user_attrs_MB_PnL,user_attrs_MR_PnL,user_attrs_QQQ_PnL,user_attrs_SPY_PnL,user_attrs_Score,user_attrs_TF_PnL,user_attrs_TP_PnL,user_attrs_Total_Trades,state
452,-8.360777577644432,2026-06-19 04:50:30.810734,2026-06-19 04:53:13.848607,0 days 00:02:43.037873,1.0,0.01,0.9000000000000001,2.5,0.03,1.8,2.4000000000000004,-42.866721052689634,-42.866721052689634,-146.1834919798453,159.7623797116336,-119.89633772065307,-8.360777577644432,0.0,186.04953397082582,73.0,COMPLETE
453,-8.360777577644432,2026-06-19 04:51:03.670159,2026-06-19 04:53:46.936780,0 days 00:02:43.266621,1.0,0.01,0.9000000000000001,2.5,0.03,1.8,2.4000000000000004,-42.866721052689634,-42.866721052689634,-146.1834919798453,159.7623797116336,-119.89633772065307,-8.360777577644432,0.0,186.04953397082582,73.0,COMPLETE
454,-9.81752890781831,2026-06-19 04:51:06.498782,2026-06-19 04:53:50.066598,0 days 00:02:43.567816,1.0,0.01,0.9000000000000001,2.4000000000000004,0.03,1.8,2.4000000000000004,-42.866721052689634,-42.866721052689634,-134.9864813684975,99.55139894966096,-48.48834634733275,-9.81752890781831,0.0,186.04953397082582,73.0,COMPLETE
455,-9.81752890781831,2026-06-19 04:51:10.114757,2026-06-19 04:53:50.571751,0 days 00:02:40.456994,1.0,0.01,0.9000000000000001,2.4000000000000004,0.03,1.8,2.4000000000000004,-42.866721052689634,-42.866721052689634,-134.9864813684975,99.55139894966096,-48.48834634733275,-9.81752890781831,0.0,186.04953397082582,73.0,COMPLETE
456,-8.526145595442879,2026-06-19 04:51:11.519972,2026-06-19 04:53:52.660889,0 days 00:02:41.140917,1.0,0.01,1.0,2.5,0.03,1.8,2.4000000000000004,-42.866721052689634,-42.866721052689634,-157.77892744794207,70.28111518669067,-42.010508663807016,-8.526145595442879,0.0,186.04953397082582,72.0,COMPLETE
457,-4.178833321382567,2026-06-19 04:51:18.230220,2026-06-19 04:54:02.976813,0 days 00:02:44.746593,1.0,0.01,1.0,2.6,0.03,1.8,2.4000000000000004,-42.866721052689634,-42.866721052689634,118.45451740108685,140.16018724999836,164.34386412191432,-4.178833321382567,0.0,186.04953397082582,74.0,COMPLETE
458,-8.526145595442879,2026-06-19 04:52:02.162750,2026-06-19 04:54:44.676204,0 days 00:02:42.513454,1.0,0.01,1.0,2.5,0.03,1.8,2.4000000000000004,-42.866721052689634,-42.866721052689634,-157.77892744794207,70.28111518669067,-42.010508663807016,-8.526145595442879,0.0,186.04953397082582,72.0,COMPLETE
459,-1340.0,2026-06-19 04:52:54.824501,2026-06-19 04:55:36.574086,0 days 00:02:41.749585,1.0,0.01,1.0,2.5,0.03,1.8,2.3,-42.866721052689634,-42.866721052689634,-157.77892744794207,-99.09316209788688,-55.70790827411756,-1340.0,0.0,2.97785707593762,16.0,COMPLETE
460,-1320.0,2026-06-19 04:53:13.880408,2026-06-19 04:55:56.375152,0 days 00:02:42.494744,1.0,0.01,1.0,2.6,0.03,1.8,2.3,-42.866721052689634,-42.866721052689634,118.45451740108685,-29.214090034579236,150.6464645116037,-1320.0,0.0,2.97785707593762,18.0,COMPLETE
461,-1320.0,2026-06-19 04:53:46.967749,2026-06-19 04:56:30.331590,0 days 00:02:43.363841,1.0,0.01,1.0,2.6,0.03,1.8,2.3,-42.866721052689634,-42.866721052689634,118.45451740108685,-29.214090034579236,150.6464645116037,-1320.0,0.0,2.97785707593762,18.0,COMPLETE
462,-1320.0,2026-06-19 04:53:50.096988,2026-06-19 04:56:34.475308,0 days 00:02:44.378320,1.0,0.01,1.0,2.6,0.02,1.8,2.3,-42.866721052689634,-42.866721052689634,118.45451740108685,-29.214090034579236,150.6464645116037,-1320.0,0.0,2.97785707593762,18.0,COMPLETE
463,-1320.0,2026-06-19 04:53:50.610275,2026-06-19 04:56:30.114435,0 days 00:02:39.504160,1.0,0.01,1.0,2.6,0.02,1.8,1.3,-42.866721052689634,-42.866721052689634,118.45451740108685,-30.294248117648902,152.6327783559205,-1320.0,0.0,3.8840128371847773,18.0,COMPLETE
464,-1320.0,2026-06-19 04:53:52.689545,2026-06-19 04:56:33.252826,0 days 00:02:40.563281,1.0,0.01,1.0,2.6,0.02,1.8,2.3,-42.866721052689634,-42.866721052689634,118.45451740108685,-29.214090034579236,150.6464645116037,-1320.0,0.0,2.97785707593762,18.0,COMPLETE
465,-1320.0,2026-06-19 04:54:03.007334,2026-06-19 04:56:46.389475,0 days 00:02:43.382141,1.0,0.01,1.0,2.6,0.03,1.8,2.3,-42.866721052689634,-42.866721052689634,118.45451740108685,-29.214090034579236,150.6464645116037,-1320.0,0.0,2.97785707593762,18.0,COMPLETE
466,-1320.0,2026-06-19 04:54:44.712886,2026-06-19 04:57:24.430629,0 days 00:02:39.717743,1.0,0.01,1.0,2.6,0.02,1.8,2.3,-42.866721052689634,-42.866721052689634,118.45451740108685,-29.214090034579236,150.6464645116037,-1320.0,0.0,2.97785707593762,18.0,COMPLETE
467,-1320.0,2026-06-19 04:55:36.607518,2026-06-19 04:58:19.203173,0 days 00:02:42.595655,1.0,0.01,1.0,2.6,0.02,1.8,2.3,-42.866721052689634,-42.866721052689634,118.45451740108685,-29.214090034579236,150.6464645116037,-1320.0,0.0,2.97785707593762,18.0,COMPLETE
468,-1320.0,2026-06-19 04:55:56.407605,2026-06-19 04:58:38.700719,0 days 00:02:42.293114,1.0,0.01,1.0,2.6,0.02,1.8,2.3,-42.866721052689634,-42.866721052689634,118.45451740108685,-29.214090034579236,150.6464645116037,-1320.0,0.0,2.97785707593762,18.0,COMPLETE
469,-1320.0,2026-06-19 04:56:30.145321,2026-06-19 04:59:10.267917,0 days 00:02:40.122596,1.0,0.01,1.0,2.6,0.03,1.8,2.3,-42.866721052689634,-42.866721052689634,118.45451740108685,-29.214090034579236,150.6464645116037,-1320.0,0.0,2.97785707593762,18.0,COMPLETE
470,-1320.0,2026-06-19 04:56:30.364954,2026-06-19 04:59:13.427296,0 days 00:02:43.062342,1.0,0.01,1.0,2.6,0.02,1.8,2.3,-42.866721052689634,-42.866721052689634,118.45451740108685,-29.214090034579236,150.6464645116037,-1320.0,0.0,2.97785707593762,18.0,COMPLETE
471,-1320.0,2026-06-19 04:56:33.286692,2026-06-19 04:59:13.074999,0 days 00:02:39.788307,1.0,0.01,1.0,2.6,0.03,1.8,2.3,-42.866721052689634,-42.866721052689634,118.45451740108685,-29.214090034579236,150.6464645116037,-1320.0,0.0,2.97785707593762,18.0,COMPLETE
472,-1320.0,2026-06-19 04:56:34.515459,2026-06-19 04:59:17.614603,0 days 00:02:43.099144,1.0,0.01,1.0,2.6,0.03,1.8,2.3,-42.866721052689634,-42.866721052689634,118.45451740108685,-29.214090034579236,150.6464645116037,-1320.0,0.0,2.97785707593762,18.0,COMPLETE
473,-1320.0,2026-06-19 04:56:46.423016,2026-06-19 04:59:29.411699,0 days 00:02:42.988683,1.0,0.01,1.0,2.6,0.03,1.8,2.3,-42.866721052689634,-42.866721052689634,118.45451740108685,-29.214090034579236,150.6464645116037,-1320.0,0.0,2.97785707593762,18.0,COMPLETE
474,-1320.0,2026-06-19 04:57:24.474497,2026-06-19 05:00:06.329542,0 days 00:02:41.855045,1.0,0.01,1.0,2.6,0.03,1.8,2.3,-42.866721052689634,-42.866721052689634,118.45451740108685,-29.214090034579236,150.6464645116037,-1320.0,0.0,2.97785707593762,18.0,COMPLETE
475,-4.178833321382567,2026-06-19 04:58:19.230974,2026-06-19 05:01:01.572196,0 days 00:02:42.341222,1.0,0.01,1.0,2.6,0.03,1.8,2.4000000000000004,-42.866721052689634,-42.866721052689634,118.45451740108685,140.16018724999836,164.34386412191432,-4.178833321382567,0.0,186.04953397082582,74.0,COMPLETE
476,-4.178833321382567,2026-06-19 04:58:38.732872,2026-06-19 05:01:21.738907,0 days 00:02:43.006035,1.0,0.01,1.0,2.6,0.03,1.8,2.4000000000000004,-42.866721052689634,-42.866721052689634,118.45451740108685,140.16018724999836,164.34386412191432,-4.178833321382567,0.0,186.04953397082582,74.0,COMPLETE
477,-8.526145595442879,2026-06-19 04:59:10.300076,2026-06-19 05:01:50.128265,0 days 00:02:39.828189,1.0,0.01,1.0,2.5,0.03,1.8,2.4000000000000004,-42.866721052689634,-42.866721052689634,-157.77892744794207,70.28111518669067,-42.010508663807016,-8.526145595442879,0.0,186.04953397082582,72.0,COMPLETE
478,-8.526145595442879,2026-06-19 04:59:13.112777,2026-06-19 05:01:53.786453,0 days 00:02:40.673676,1.0,0.01,1.0,2.5,0.03,1.8,2.4000000000000004,-42.866721052689634,-42.866721052689634,-157.77892744794207,70.28111518669067,-42.010508663807016,-8.526145595442879,0.0,186.04953397082582,72.0,COMPLETE
479,-1290.0,2026-06-19 04:59:13.463801,2026-06-19 05:01:56.334536,0 days 00:02:42.870735,1.0,0.01,1.0,2.1,0.03,1.7000000000000002,2.4000000000000004,-42.866721052689634,-42.866721052689634,-288.37621568858367,-157.14265673869875,-128.25570187394732,-1290.0,0.0,2.97785707593762,21.0,COMPLETE
480,-8.526145595442879,2026-06-19 04:59:17.649811,2026-06-19 05:02:02.156768,0 days 00:02:44.506957,1.0,0.01,1.0,2.5,0.03,1.8,2.4000000000000004,-42.866721052689634,-42.866721052689634,-157.77892744794207,70.28111518669067,-42.010508663807016,-8.526145595442879,0.0,186.04953397082582,72.0,COMPLETE
481,-1340.0,2026-06-19 04:59:29.442061,2026-06-19 05:02:12.187339,0 days 00:02:42.745278,1.0,0.01,1.0,2.5,0.03,1.7000000000000002,2.4000000000000004,-42.866721052689634,-42.866721052689634,-157.77892744794207,-99.09316209788688,-55.70790827411756,-1340.0,0.0,2.97785707593762,16.0,COMPLETE
482,-1320.0,2026-06-19 05:00:06.359094,2026-06-19 05:02:46.806300,0 days 00:02:40.447206,1.0,0.01,1.0,2.7,0.02,1.7000000000000002,2.4000000000000004,-42.866721052689634,-42.866721052689634,113.72741004106172,-29.214090034579236,145.91935715157857,-1320.0,0.0,2.97785707593762,18.0,COMPLETE
483,-8.526145595442879,2026-06-19 05:01:01.602444,2026-06-19 05:03:44.387619,0 days 00:02:42.785175,1.0,0.01,1.0,2.5,0.02,1.8,2.4000000000000004,-42.866721052689634,-42.866721052689634,-157.77892744794207,70.28111518669067,-42.010508663807016,-8.526145595442879,0.0,186.04953397082582,72.0,COMPLETE
484,-1320.0,2026-06-19 05:01:21.775139,2026-06-19 05:04:04.234359,0 days 00:02:42.459220,1.0,0.01,1.0,2.7,0.03,1.7000000000000002,2.4000000000000004,-42.866721052689634,-42.866721052689634,113.72741004106172,-29.214090034579236,145.91935715157857,-1320.0,0.0,2.97785707593762,18.0,COMPLETE
485,-1340.0,2026-06-19 05:01:50.160198,2026-06-19 05:04:30.427421,0 days 00:02:40.267223,1.0,0.01,1.0,2.5,0.03,1.7000000000000002,2.5,-42.866721052689634,-42.866721052689634,-157.77892744794207,-99.09316209788688,-55.70790827411756,-1340.0,0.0,2.97785707593762,16.0,COMPLETE
486,-1340.0,2026-06-19 05:01:53.818883,2026-06-19 05:04:35.159724,0 days 00:02:41.340841,1.0,0.01,1.0,2.5,0.03,1.7000000000000002,2.5,-42.866721052689634,-42.866721052689634,-157.77892744794207,-99.09316209788688,-55.70790827411756,-1340.0,0.0,2.97785707593762,16.0,COMPLETE
487,-1340.0,2026-06-19 05:01:56.363724,2026-06-19 05:04:39.856788,0 days 00:02:43.493064,1.0,0.01,1.0,2.5,0.03,1.7000000000000002,2.5,-42.866721052689634,-42.866721052689634,-157.77892744794207,-99.09316209788688,-55.70790827411756,-1340.0,0.0,2.97785707593762,16.0,COMPLETE
488,-1320.0,2026-06-19 05:02:02.194260,2026-06-19 05:04:45.175181,0 days 00:02:42.980921,1.0,0.01,1.0,2.7,0.02,1.7000000000000002,2.5,-42.866721052689634,-42.866721052689634,113.72741004106172,-29.214090034579236,145.91935715157857,-1320.0,0.0,2.97785707593762,18.0,COMPLETE
489,-1320.0,2026-06-19 05:02:12.225289,2026-06-19 05:04:55.183725,0 days 00:02:42.958436,1.0,0.01,1.0,2.7,0.02,1.7000000000000002,2.5,-42.866721052689634,-42.866721052689634,113.72741004106172,-29.214090034579236,145.91935715157857,-1320.0,0.0,2.97785707593762,18.0,COMPLETE
490,-11.218003484726484,2026-06-19 05:02:46.840888,2026-06-19 05:05:29.077821,0 days 00:02:42.236933,1.0,0.01,1.0,2.6,0.03,1.8,2.5,-42.866721052689634,-42.866721052689634,118.45451740108685,95.18331752743777,162.78229038384256,-11.218003484726484,0.0,139.51109051019347,60.0,COMPLETE
491,-11.218003484726484,2026-06-19 05:03:44.424813,2026-06-19 05:06:27.259777,0 days 00:02:42.834964,1.0,0.01,1.0,2.6,0.03,1.8,2.5,-42.866721052689634,-42.866721052689634,118.45451740108685,95.18331752743777,162.78229038384256,-11.218003484726484,0.0,139.51109051019347,60.0,COMPLETE
492,-11.218003484726484,2026-06-19 05:04:04.271981,2026-06-19 05:06:47.479138,0 days 00:02:43.207157,1.0,0.01,1.0,2.6,0.03,1.8,2.5,-42.866721052689634,-42.866721052689634,118.45451740108685,95.18331752743777,162.78229038384256,-11.218003484726484,0.0,139.51109051019347,60.0,COMPLETE
493,-1320.0,2026-06-19 05:04:30.459116,2026-06-19 05:07:10.648317,0 days 00:02:40.189201,1.0,0.01,1.0,2.6,0.02,1.2,2.5,-42.866721052689634,-42.866721052689634,118.45451740108685,-62.614454546745606,150.6464645116037,-1320.0,0.0,-30.42250743622875,18.0,COMPLETE
494,-4.178833321382567,2026-06-19 05:04:35.191067,2026-06-19 05:07:16.783913,0 days 00:02:41.592846,1.0,0.01,1.0,2.6,0.02,1.8,2.4000000000000004,-42.866721052689634,-42.866721052689634,118.45451740108685,140.16018724999836,164.34386412191432,-4.178833321382567,0.0,186.04953397082582,74.0,COMPLETE
495,-1320.0,2026-06-19 05:04:39.886063,2026-06-19 05:07:23.059611,0 days 00:02:43.173548,1.0,0.01,1.0,2.6,0.02,1.8,2.2,-42.866721052689634,-42.866721052689634,118.45451740108685,-29.214090034579236,150.6464645116037,-1320.0,0.0,2.97785707593762,18.0,COMPLETE
496,-1230.0,2026-06-19 05:04:45.213609,2026-06-19 05:07:29.729250,0 days 00:02:44.515641,1.0,0.01,0.8,2.6,0.02,1.8,2.2,-42.866721052689634,-42.866721052689634,-237.78989343375537,-244.37019742033138,9.55816106251363,-1230.0,0.0,2.97785707593762,27.0,COMPLETE
497,-1310.0,2026-06-19 05:04:55.212906,2026-06-19 05:07:38.719716,0 days 00:02:43.506810,1.0,0.01,0.3,2.6,0.03,1.8,2.2,-42.866721052689634,-42.866721052689634,-287.68706318971886,-125.68762582126156,-159.0215802925197,-1310.0,0.0,2.97785707593762,19.0,COMPLETE
498,-4.178833321382567,2026-06-19 05:05:29.114791,2026-06-19 05:08:11.143581,0 days 00:02:42.028790,1.0,0.01,1.0,2.6,0.02,1.8,2.4000000000000004,-42.866721052689634,-42.866721052689634,118.45451740108685,140.16018724999836,164.34386412191432,-4.178833321382567,0.0,186.04953397082582,74.0,COMPLETE
499,-4.178833321382567,2026-06-19 05:06:27.290431,2026-06-19 05:09:09.769320,0 days 00:02:42.478889,1.0,0.01,1.0,2.6,0.02,1.8,2.4000000000000004,-42.866721052689634,-42.866721052689634,118.45451740108685,140.16018724999836,164.34386412191432,-4.178833321382567,0.0,186.04953397082582,74.0,COMPLETE
500,-1320.0,2026-06-19 05:06:47.509243,2026-06-19 05:09:30.201043,0 days 00:02:42.691800,1.0,0.01,1.0,2.6,0.02,1.8,2.2,-42.866721052689634,-42.866721052689634,118.45451740108685,-29.214090034579236,150.6464645116037,-1320.0,0.0,2.97785707593762,18.0,COMPLETE
501,-1320.0,2026-06-19 05:07:10.675711,2026-06-19 05:09:51.370938,0 days 00:02:40.695227,1.0,0.01,1.0,2.6,0.02,1.8,2.2,-42.866721052689634,-42.866721052689634,118.45451740108685,-29.214090034579236,150.6464645116037,-1320.0,0.0,2.97785707593762,18.0,COMPLETE
502,-1320.0,2026-06-19 05:07:16.809987,2026-06-19 05:09:58.206164,0 days 00:02:41.396177,1.0,0.01,1.0,2.6,0.02,1.8,2.2,-42.866721052689634,-42.866721052689634,118.45451740108685,-29.214090034579236,150.6464645116037,-1320.0,0.0,2.97785707593762,18.0,COMPLETE
503,-1310.0,2026-06-19 05:07:23.093644,2026-06-19 05:10:05.925573,0 days 00:02:42.831929,1.0,0.01,0.3,2.6,0.02,1.8,2.2,-42.866721052689634,-42.866721052689634,-287.68706318971886,-125.68762582126156,-159.0215802925197,-1310.0,0.0,2.97785707593762,19.0,COMPLETE
504,-4.178833321382567,2026-06-19 05:07:29.759507,2026-06-19 05:10:13.750103,0 days 00:02:43.990596,1.0,0.01,1.0,2.6,0.02,1.8,2.4000000000000004,-42.866721052689634,-42.866721052689634,118.45451740108685,140.16018724999836,164.34386412191432,-4.178833321382567,0.0,186.04953397082582,74.0,COMPLETE
505,-4.382948542688357,2026-06-19 05:07:38.758373,2026-06-19 05:10:22.791109,0 days 00:02:44.032736,1.0,0.01,1.0,2.7,0.02,1.8,2.4000000000000004,-42.866721052689634,-42.866721052689634,113.72741004106172,140.16018724999836,159.61675676188915,-4.382948542688357,0.0,186.04953397082582,74.0,COMPLETE
506,-1320.0,2026-06-19 05:08:11.172724,2026-06-19 05:10:53.235087,0 days 00:02:42.062363,1.0,0.01,1.0,2.7,0.02,1.8,2.3,-42.866721052689634,-42.866721052689634,113.72741004106172,-29.214090034579236,145.91935715157857,-1320.0,0.0,2.97785707593762,18.0,COMPLETE
507,-1330.0,2026-06-19 05:09:09.805308,2026-06-19 05:11:51.390847,0 days 00:02:41.585539,1.0,0.01,1.0,2.2,0.02,1.8,2.3,-42.866721052689634,-42.866721052689634,-175.0692774688289,-72.92734211611752,-99.16407827677375,-1330.0,0.0,2.97785707593762,17.0,COMPLETE
508,-1320.0,2026-06-19 05:09:30.230066,2026-06-19 05:12:12.040436,0 days 00:02:41.810370,1.0,0.01,1.0,2.7,0.02,1.8,2.3,-42.866721052689634,-42.866721052689634,113.72741004106172,-29.214090034579236,145.91935715157857,-1320.0,0.0,2.97785707593762,18.0,COMPLETE
509,-1320.0,2026-06-19 05:09:51.404309,2026-06-19 05:12:31.534686,0 days 00:02:40.130377,1.0,0.01,1.0,2.7,0.01,1.8,2.3,-42.866721052689634,-42.866721052689634,113.72741004106172,-29.214090034579236,145.91935715157857,-1320.0,0.0,2.97785707593762,18.0,COMPLETE
510,-1320.0,2026-06-19 05:09:58.237888,2026-06-19 05:12:38.419810,0 days 00:02:40.181922,1.0,0.01,1.0,2.7,0.03,1.8,2.3,-42.866721052689634,-42.866721052689634,113.72741004106172,-29.214090034579236,145.91935715157857,-1320.0,0.0,2.97785707593762,18.0,COMPLETE
511,-1320.0,2026-06-19 05:10:05.958912,2026-06-19 05:12:49.118061,0 days 00:02:43.159149,0.5,0.01,1.0,2.7,0.04,1.8,2.3,-21.433360526344817,-21.433360526344817,56.86370502053086,-14.607045017289618,72.95967857578928,-1320.0,0.0,1.48892853796881,18.0,COMPLETE
512,-1330.0,2026-06-19 05:10:13.777597,2026-06-19 05:12:57.733178,0 days 00:02:43.955581,1.0,0.01,1.0,2.2,0.03,1.8,2.3,-42.866721052689634,-42.866721052689634,-175.0692774688289,-72.92734211611752,-99.16407827677375,-1330.0,0.0,2.97785707593762,17.0,COMPLETE
513,-11.406440893188993,2026-06-19 05:10:22.822228,2026-06-19 05:13:05.928188,0 days 00:02:43.105960,1.0,0.01,1.0,2.7,0.01,2.0,2.3,-42.866721052689634,-42.866721052689634,113.72741004106172,96.2855438929148,158.05518302381742,-11.406440893188993,0.0,140.6133168756705,60.0,COMPLETE
514,-1340.0,2026-06-19 05:10:53.265139,2026-06-19 05:13:34.398758,0 days 00:02:41.133619,0.5,0.01,1.0,2.5,0.03,1.8,1.5,-21.433360526344817,-21.433360526344817,-78.88946372397103,-60.90069341837929,-26.86079721490037,-1340.0,0.0,-8.872026909308625,16.0,COMPLETE
515,-1340.0,2026-06-19 05:11:51.420337,2026-06-19 05:14:33.881130,0 days 00:02:42.460793,0.5,0.01,1.0,2.5,0.03,1.8,2.3,-21.433360526344817,-21.433360526344817,-78.88946372397103,-49.54658104894344,-27.85395413705878,-1340.0,0.0,1.48892853796881,16.0,COMPLETE
516,-1250.0,2026-06-19 05:12:12.076057,2026-06-19 05:14:54.459543,0 days 00:02:42.383486,0.5,0.01,1.0,2.3,0.04,2.0,2.4000000000000004,-21.433360526344817,-21.433360526344817,-67.9667006932895,23.974556802324013,-59.09282369557465,-1250.0,0.0,32.84843380003885,25.0,COMPLETE
517,-1260.0,2026-06-19 05:12:31.568474,2026-06-19 05:15:11.809606,0 days 00:02:40.241132,0.5,0.01,1.0,2.5,0.04,2.0,2.4000000000000004,-21.433360526344817,-21.433360526344817,-78.88946372397103,-20.76607546014743,-25.274954463784752,-1260.0,0.0,32.84843380003885,24.0,COMPLETE
518,-8.526145595442879,2026-06-19 05:12:38.450461,2026-06-19 05:15:19.418326,0 days 00:02:40.967865,1.0,0.01,1.0,2.5,0.03,1.8,2.4000000000000004,-42.866721052689634,-42.866721052689634,-157.77892744794207,70.28111518669067,-42.010508663807016,-8.526145595442879,0.0,186.04953397082582,72.0,COMPLETE
519,-8.526145595442879,2026-06-19 05:12:49.150907,2026-06-19 05:15:31.966792,0 days 00:02:42.815885,1.0,0.01,1.0,2.5,0.03,1.8,2.4000000000000004,-42.866721052689634,-42.866721052689634,-157.77892744794207,70.28111518669067,-42.010508663807016,-8.526145595442879,0.0,186.04953397082582,72.0,COMPLETE
520,-14.155417658904756,2026-06-19 05:12:57.765282,2026-06-19 05:15:40.914973,0 days 00:02:43.149691,1.0,0.01,1.0,2.5,0.03,2.0,2.4000000000000004,-42.866721052689634,-42.866721052689634,-157.77892744794207,1.1030721813176356,-38.251982065641364,-14.155417658904756,0.0,120.63001756361837,53.0,COMPLETE
521,-1340.0,2026-06-19 05:13:05.957730,2026-06-19 05:15:49.387986,0 days 00:02:43.430256,0.5,0.01,1.0,2.5,0.04,1.3,2.4000000000000004,-21.433360526344817,-21.433360526344817,-78.88946372397103,-66.24676330502663,-27.85395413705878,-1340.0,0.0,-15.211253718114374,16.0,COMPLETE
522,-8.526145595442879,2026-06-19 05:13:34.435542,2026-06-19 05:16:16.135894,0 days 00:02:41.700352,1.0,0.01,1.0,2.5,0.03,1.8,2.4000000000000004,-42.866721052689634,-42.866721052689634,-157.77892744794207,70.28111518669067,-42.010508663807016,-8.526145595442879,0.0,186.04953397082582,72.0,COMPLETE
523,-8.526145595442879,2026-06-19 05:14:33.914171,2026-06-19 05:17:15.945467,0 days 00:02:42.031296,1.0,0.01,1.0,2.5,0.04,1.8,2.4000000000000004,-42.866721052689634,-42.866721052689634,-157.77892744794207,70.28111518669067,-42.010508663807016,-8.526145595442879,0.0,186.04953397082582,72.0,COMPLETE
524,-8.526145595442879,2026-06-19 05:14:54.492688,2026-06-19 05:17:37.783910,0 days 00:02:43.291222,1.0,0.01,1.0,2.5,0.03,1.8,2.4000000000000004,-42.866721052689634,-42.866721052689634,-157.77892744794207,70.28111518669067,-42.010508663807016,-8.526145595442879,0.0,186.04953397082582,72.0,COMPLETE
525,-4.178833321382567,2026-06-19 05:15:11.842619,2026-06-19 05:17:52.515163,0 days 00:02:40.672544,1.0,0.01,1.0,2.6,0.03,1.8,2.4000000000000004,-42.866721052689634,-42.866721052689634,118.45451740108685,140.16018724999836,164.34386412191432,-4.178833321382567,0.0,186.04953397082582,74.0,COMPLETE
526,-4.178833321382567,2026-06-19 05:15:19.502267,2026-06-19 05:18:00.622498,0 days 00:02:41.120231,1.0,0.01,1.0,2.6,0.03,1.8,2.4000000000000004,-42.866721052689634,-42.866721052689634,118.45451740108685,140.16018724999836,164.34386412191432,-4.178833321382567,0.0,186.04953397082582,74.0,COMPLETE
527,-4.178833321382567,2026-06-19 05:15:32.000386,2026-06-19 05:18:15.563792,0 days 00:02:43.563406,1.0,0.01,1.0,2.6,0.03,1.8,2.4000000000000004,-42.866721052689634,-42.866721052689634,118.45451740108685,140.16018724999836,164.34386412191432,-4.178833321382567,0.0,186.04953397082582,74.0,COMPLETE
528,-1320.0,2026-06-19 05:15:40.944506,2026-06-19 05:18:24.214440,0 days 00:02:43.269934,1.0,0.01,1.0,2.6,0.03,1.3,2.4000000000000004,-42.866721052689634,-42.866721052689634,118.45451740108685,-62.614454546745606,150.6464645116037,-1320.0,0.0,-30.42250743622875,18.0,COMPLETE
