number,value,datetime_start,datetime_complete,duration,params_MR_BB_PERIOD,params_MR_BB_STD,params_MR_RSI_OVERBOUGHT,params_MR_RSI_OVERSOLD,params_MR_RSI_PERIOD,params_MR_VOL_SPIKE_MULT,params_MR_VWAP_DEV_PCT,params_TP_BB_PERIOD,params_TP_BB_STD,params_TP_RSI_PERIOD,user_attrs_MB_PnL,user_attrs_MR_PnL,user_attrs_QQQ_PnL,user_attrs_SPY_PnL,user_attrs_Score,user_attrs_TF_PnL,user_attrs_TP_PnL,user_attrs_Total_Trades,state
162,14.170611443412241,2026-07-22 04:48:39.696658,2026-07-22 04:52:20.868782,0 days 00:03:41.172124,37,1.5,67.0,34.0,7,0.4,0.006,21,2.6,6,0.0,-38.78941399526674,-49.92230645490483,-22.83061245718675,14.170611443412241,0.0,-33.96350491682478,221.0,COMPLETE
163,27.324879711450162,2026-07-22 04:48:51.156811,2026-07-22 04:52:49.134400,0 days 00:03:57.977589,37,1.5,67.0,40.0,7,0.4,0.001,21,2.6,5,0.0,-161.52500766429256,-120.47643078698297,-52.08805657303048,27.324879711450162,0.0,-11.039479695720852,437.0,COMPLETE
164,14.446361927714397,2026-07-22 04:49:04.920129,2026-07-22 04:52:46.352127,0 days 00:03:41.431998,37,1.5,70.0,40.0,7,0.4,0.006,21,2.6,5,0.0,-39.19479618582981,-49.58128398396475,-19.103913951647193,14.446361927714397,0.0,-29.490401749782084,223.0,COMPLETE
165,27.242800466122226,2026-07-22 04:49:05.440830,2026-07-22 04:53:04.392862,0 days 00:03:58.952032,37,1.5,67.0,36.0,7,0.4,0.001,21,2.6,5,0.0,-160.17673956885233,-120.74846359725305,-51.962631848002154,27.242800466122226,0.0,-12.534355876402799,436.0,COMPLETE
166,27.07718205328895,2026-07-22 04:49:07.433559,2026-07-22 04:53:03.811692,0 days 00:03:56.378133,36,1.5,70.0,34.0,7,0.4,0.001,20,2.6,5,0.0,-142.75692104982303,-110.58830552357473,-50.584951647758935,27.07718205328895,0.0,-18.41633612151056,428.0,COMPLETE
167,27.257718133619225,2026-07-22 04:49:11.382841,2026-07-22 04:53:08.482803,0 days 00:03:57.099962,37,1.5,70.0,36.0,7,0.4,0.001,21,2.6,5,0.0,-152.400634246848,-118.56257559189798,-50.26343107615099,27.257718133619225,0.0,-16.425372421200976,434.0,COMPLETE
168,26.91690186609656,2026-07-22 04:49:44.099020,2026-07-22 04:53:39.150451,0 days 00:03:55.051431,36,1.5,70.0,36.0,8,0.4,0.001,21,2.6,5,0.0,-140.0990123742394,-111.5418386895589,-46.15318026705519,26.91690186609656,0.0,-17.596006582374702,424.0,COMPLETE
169,27.20575655023814,2026-07-22 04:49:50.764333,2026-07-22 04:53:48.734758,0 days 00:03:57.970425,36,1.5,70.0,40.0,8,0.4,0.001,20,2.6,5,0.0,-146.28539624578264,-115.46875400773284,-46.74006554401072,27.20575655023814,0.0,-15.923423305960853,430.0,COMPLETE
170,28.089425597939783,2026-07-22 04:51:19.814475,2026-07-22 04:55:04.591766,0 days 00:03:44.777291,13,1.5,70.0,40.0,8,0.4,0.001,20,2.6,5,0.0,-104.02682491646036,-75.00350632951479,-38.22622432986015,28.089425597939783,0.0,-9.20290574291467,418.0,COMPLETE
171,26.52620317902705,2026-07-22 04:51:53.703044,2026-07-22 04:55:47.584916,0 days 00:03:53.881872,36,1.5,66.0,40.0,7,0.4,0.001,20,2.6,5,0.0,-176.65885580731617,-122.65609539940979,-69.0948647757782,26.52620317902705,0.0,-15.092104367871801,437.0,COMPLETE
172,26.75389433849411,2026-07-22 04:52:20.940015,2026-07-22 04:56:17.469504,0 days 00:03:56.529489,36,1.5,66.0,39.0,8,0.30000000000000004,0.001,20,2.6,5,0.0,-170.90861642316816,-130.22376931909344,-56.64926373424396,26.75389433849411,0.0,-15.964416630169186,437.0,COMPLETE
173,26.75389433849411,2026-07-22 04:52:46.408064,2026-07-22 04:56:45.671730,0 days 00:03:59.263666,36,1.5,66.0,39.0,8,0.30000000000000004,0.001,20,2.6,5,0.0,-170.90861642316816,-130.22376931909344,-56.64926373424396,26.75389433849411,0.0,-15.964416630169186,437.0,COMPLETE
174,28.870677324365435,2026-07-22 04:52:49.187645,2026-07-22 04:56:42.201887,0 days 00:03:53.014242,13,1.5,66.0,39.0,8,0.30000000000000004,0.001,20,2.6,5,0.0,-102.67371443358067,-74.89285460378981,-28.9258270664204,28.870677324365435,0.0,-1.1449672366295673,425.0,COMPLETE
175,26.756529271070487,2026-07-22 04:53:03.874470,2026-07-22 04:57:00.261359,0 days 00:03:56.386889,36,1.5,70.0,39.0,8,0.30000000000000004,0.001,20,2.7,5,0.0,-156.96625503750903,-125.21518352957185,-45.736371551644396,26.756529271070487,0.0,-13.985300043707163,429.0,COMPLETE
176,26.385731696502003,2026-07-22 04:53:04.456373,2026-07-22 04:57:02.536443,0 days 00:03:58.080070,36,1.5,66.0,33.0,8,0.30000000000000004,0.001,20,2.7,5,0.0,-157.5226641762738,-117.5403394430607,-56.345579184293356,26.385731696502003,0.0,-16.363254451080216,426.0,COMPLETE
177,28.810804038636558,2026-07-22 04:53:08.539042,2026-07-22 04:56:59.689120,0 days 00:03:51.150078,13,1.5,66.0,33.0,8,0.30000000000000004,0.001,19,2.7,5,0.0,-89.90857681778375,-69.5689206802975,-29.083970307695452,28.810804038636558,0.0,-8.744314170209236,421.0,COMPLETE
178,24.811391564884126,2026-07-22 04:53:39.207064,2026-07-22 04:57:36.102739,0 days 00:03:56.895675,35,1.6,66.0,33.0,8,0.30000000000000004,0.001,19,2.7,5,0.0,-137.21016319699356,-118.01755541150149,-39.51635489153821,24.811391564884126,0.0,-20.323747106046053,398.0,COMPLETE
179,27.048881163584916,2026-07-22 04:53:48.796110,2026-07-22 04:57:41.379552,0 days 00:03:52.583442,12,1.6,66.0,39.0,8,0.30000000000000004,0.001,19,2.6,5,0.0,-81.68421159835289,-64.46598242039262,-21.69518955211451,27.048881163584916,0.0,-4.476960374154191,393.0,COMPLETE
180,26.673870536661276,2026-07-22 04:55:04.649672,2026-07-22 04:58:47.281048,0 days 00:03:42.631376,10,1.5,69.0,33.0,8,0.30000000000000004,0.001,19,2.7,5,0.0,-77.0516411102642,-69.18539374964595,-27.458085163229278,26.673870536661276,0.0,-19.591837802611064,390.0,COMPLETE
181,25.964277246064803,2026-07-22 04:55:47.637357,2026-07-22 04:59:32.055807,0 days 00:03:44.418450,11,1.6,69.0,33.0,8,0.30000000000000004,0.001,19,2.7,5,0.0,-62.62090211463788,-57.21052021140085,-23.99437522149197,25.964277246064803,0.0,-18.583993318254947,373.0,COMPLETE
182,25.04397978043078,2026-07-22 04:56:17.523956,2026-07-22 05:00:03.313192,0 days 00:03:45.789236,11,1.6,69.0,33.0,9,0.30000000000000004,0.001,19,2.7,5,0.0,-65.94428495907454,-57.264371315413776,-28.403159033720087,25.04397978043078,0.0,-19.723245390059333,364.0,COMPLETE
183,26.38651007143727,2026-07-22 04:56:42.262370,2026-07-22 05:00:36.642159,0 days 00:03:54.379789,15,1.6,69.0,39.0,9,0.30000000000000004,0.001,19,2.7,5,0.0,-105.60555248379107,-74.41595289890623,-48.06978119020113,26.38651007143727,0.0,-16.88018160531628,399.0,COMPLETE
184,25.088481061784034,2026-07-22 04:56:45.745379,2026-07-22 05:00:37.893287,0 days 00:03:52.147908,13,1.6,69.0,39.0,9,0.2,0.001,19,2.7,5,0.0,-99.05060212915785,-76.35758780613256,-38.98362263502753,25.088481061784034,0.0,-16.29060831200229,380.0,COMPLETE
185,25.76639246759927,2026-07-22 04:56:59.756188,2026-07-22 05:00:49.545126,0 days 00:03:49.788938,15,1.6,69.0,33.0,9,0.30000000000000004,0.001,19,2.7,5,0.0,-85.69690251554447,-67.31328894831107,-45.07060240462594,25.76639246759927,0.0,-26.686988837392587,386.0,COMPLETE
186,25.88721815558527,2026-07-22 04:57:00.327963,2026-07-22 05:00:50.871411,0 days 00:03:50.543448,12,1.6,69.0,39.0,9,0.2,0.001,19,2.7,5,0.0,-86.7582716718179,-67.69728685679215,-32.359845055650254,25.88721815558527,0.0,-13.298860240624538,382.0,COMPLETE
187,25.862012419947572,2026-07-22 04:57:02.599360,2026-07-22 05:00:56.570217,0 days 00:03:53.970857,13,1.6,69.0,39.0,8,0.2,0.001,19,2.7,5,0.0,-100.66665905820655,-80.56763048244119,-34.379907620606204,25.862012419947572,0.0,-14.280879044840871,389.0,COMPLETE
188,25.83303088316996,2026-07-22 04:57:36.169419,2026-07-22 05:01:25.155968,0 days 00:03:48.986549,12,1.6,69.0,39.0,9,0.30000000000000004,0.001,19,2.7,5,0.0,-86.15347820968468,-67.09249339465896,-32.359845055650254,25.83303088316996,0.0,-13.298860240624538,381.0,COMPLETE
189,25.88721815558527,2026-07-22 04:57:41.444318,2026-07-22 05:01:30.307607,0 days 00:03:48.863289,12,1.6,69.0,39.0,9,0.2,0.001,19,2.7,5,0.0,-86.7582716718179,-67.69728685679215,-32.359845055650254,25.88721815558527,0.0,-13.298860240624538,382.0,COMPLETE
190,26.54789867769111,2026-07-22 04:58:47.340820,2026-07-22 05:02:30.286442,0 days 00:03:42.945622,13,1.5,69.0,32.0,9,0.2,0.001,19,2.7,5,0.0,-105.9551279897916,-82.93837410385686,-44.45646234488423,26.54789867769111,0.0,-21.439708458949504,404.0,COMPLETE
191,27.444037295319767,2026-07-22 04:59:32.123237,2026-07-22 05:03:19.289120,0 days 00:03:47.165883,14,1.5,69.0,39.0,9,0.2,0.001,19,2.6,5,0.0,-108.16982907039963,-80.15935862311584,-40.71827357536269,27.444037295319767,0.0,-12.707803128078977,412.0,COMPLETE
192,26.896066248433943,2026-07-22 05:00:03.375228,2026-07-22 05:03:55.664919,0 days 00:03:52.289691,14,1.5,70.0,39.0,9,0.2,0.001,20,2.6,5,0.0,-103.69061613642731,-80.36643071814638,-37.368586954465044,26.896066248433943,0.0,-14.044401536184175,404.0,COMPLETE
193,28.409237759164146,2026-07-22 05:00:36.700221,2026-07-22 05:04:30.685964,0 days 00:03:53.985743,12,1.5,70.0,32.0,6,0.2,0.001,20,2.6,5,0.0,-105.44336730732681,-71.68377505464001,-39.54862292404239,28.409237759164146,0.0,-5.789030671355682,423.0,COMPLETE
194,28.639948007942483,2026-07-22 05:00:37.948675,2026-07-22 05:04:30.296062,0 days 00:03:52.347387,13,1.5,70.0,32.0,6,0.5,0.001,20,2.6,5,0.0,-106.27683272504008,-75.68002794910015,-38.14811280301748,28.639948007942483,0.0,-7.551308027077573,427.0,COMPLETE
195,28.607671151564563,2026-07-22 05:00:49.605980,2026-07-22 05:04:43.192499,0 days 00:03:53.586519,13,1.5,70.0,40.0,6,0.5,0.001,20,1.6,5,0.0,-105.95749296157511,-77.49632703572071,-38.329892098230374,28.607671151564563,0.0,-9.868726172375961,427.0,COMPLETE
196,28.639948007942483,2026-07-22 05:00:50.929790,2026-07-22 05:04:44.338563,0 days 00:03:53.408773,13,1.5,70.0,32.0,6,0.5,0.001,20,2.6,5,0.0,-106.27683272504008,-75.68002794910015,-38.14811280301748,28.639948007942483,0.0,-7.551308027077573,427.0,COMPLETE
197,27.38074681132065,2026-07-22 05:00:56.634777,2026-07-22 05:04:55.166027,0 days 00:03:58.531250,38,1.5,70.0,40.0,6,0.5,0.001,20,1.6,5,0.0,-136.34943170640824,-115.55413574156198,-31.930033965907985,27.38074681132065,0.0,-11.134738001061644,425.0,COMPLETE
198,25.495048921067227,2026-07-22 05:01:25.204752,2026-07-22 05:05:14.615163,0 days 00:03:49.410411,13,1.5,70.0,32.0,6,0.5,0.002,20,2.6,6,0.0,-89.6192429275014,-75.95118390634886,-27.627590636546966,25.495048921067227,0.0,-13.95953161539448,383.0,COMPLETE
199,24.43722502868489,2026-07-22 05:01:30.366930,2026-07-22 05:05:26.725480,0 days 00:03:56.358550,38,1.5,70.0,40.0,6,0.5,0.001,38,2.6,6,0.0,-145.28262296442895,-119.55832871039716,-34.74979841551522,24.43722502868489,0.0,-9.025504161483402,392.0,COMPLETE
200,22.440277822397043,2026-07-22 05:02:30.339058,2026-07-22 05:06:17.747158,0 days 00:03:47.408100,38,1.5,70.0,32.0,6,0.5,0.001,20,2.6,20,0.0,-136.42776883117432,-110.81832402131738,-32.61760514274053,22.440277822397043,0.0,-7.008160332883552,362.0,COMPLETE
201,27.08849044656302,2026-07-22 05:03:19.346599,2026-07-22 05:07:15.239580,0 days 00:03:55.892981,38,1.5,70.0,40.0,6,0.5,0.001,20,2.6,6,0.0,-137.97847447518222,-114.68820329896663,-36.26690916337129,27.08849044656302,0.0,-12.976637987155643,423.0,COMPLETE
202,27.08849044656302,2026-07-22 05:03:55.729050,2026-07-22 05:07:52.140509,0 days 00:03:56.411459,38,1.5,70.0,40.0,6,0.5,0.001,20,2.6,6,0.0,-137.97847447518222,-114.68820329896663,-36.26690916337129,27.08849044656302,0.0,-12.976637987155643,423.0,COMPLETE
203,28.4800856169334,2026-07-22 05:04:30.351547,2026-07-22 05:08:22.806042,0 days 00:03:52.454495,13,1.5,71.0,32.0,6,0.5,0.001,21,2.6,5,0.0,-106.97836325745385,-76.42450217457338,-45.066971089796915,28.4800856169334,0.0,-14.513110006916508,426.0,COMPLETE
204,20.192064452073584,2026-07-22 05:04:30.741281,2026-07-22 05:08:17.868765,0 days 00:03:47.127484,14,1.5,71.0,32.0,11,0.5,0.001,37,2.6,5,0.0,-67.28141777363842,-57.34024826964821,-18.501579231274235,20.192064452073584,0.0,-8.560409727284005,299.0,COMPLETE
205,28.4800856169334,2026-07-22 05:04:43.244608,2026-07-22 05:08:36.124701,0 days 00:03:52.880093,13,1.5,71.0,32.0,6,0.5,0.001,21,2.8,5,0.0,-106.97836325745385,-76.42450217457338,-45.066971089796915,28.4800856169334,0.0,-14.513110006916508,426.0,COMPLETE
206,25.854828568107145,2026-07-22 05:04:44.397548,2026-07-22 05:08:35.277911,0 days 00:03:50.880363,13,1.5,71.0,32.0,6,0.5,0.002,21,2.8,5,0.0,-89.58042466829865,-77.81583406473678,-28.218450640203564,25.854828568107145,0.0,-16.453860036641746,387.0,COMPLETE
207,23.33179784014755,2026-07-22 05:04:55.223082,2026-07-22 05:08:44.934796,0 days 00:03:49.711714,13,1.5,71.0,32.0,6,0.5,0.002,38,1.6,5,0.0,-91.26735105436724,-77.13690917283762,-21.588986284303076,23.33179784014755,0.0,-7.458544402773546,351.0,COMPLETE
208,28.02042922391522,2026-07-22 05:05:14.664794,2026-07-22 05:09:05.795059,0 days 00:03:51.130265,13,1.5,71.0,30.0,6,0.5,0.001,21,1.6,5,0.0,-105.5784172185987,-72.1719454559294,-48.08746084193849,28.02042922391522,0.0,-14.680989079269198,419.0,COMPLETE
209,28.375621022480967,2026-07-22 05:05:26.789063,2026-07-22 05:09:19.544287,0 days 00:03:52.755224,14,1.5,71.0,32.0,6,0.5,0.001,21,1.5,5,0.0,-94.5113825780347,-71.80630924362515,-34.45313828975015,28.375621022480967,0.0,-11.748064955340624,418.0,COMPLETE
210,28.375621022480967,2026-07-22 05:06:17.796037,2026-07-22 05:10:04.514374,0 days 00:03:46.718337,14,1.5,71.0,32.0,6,0.5,0.001,21,2.0,5,0.0,-94.5113825780347,-71.80630924362515,-34.45313828975015,28.375621022480967,0.0,-11.748064955340624,418.0,COMPLETE
211,28.02042922391522,2026-07-22 05:07:15.289906,2026-07-22 05:11:01.705676,0 days 00:03:46.415770,13,1.5,71.0,30.0,6,0.5,0.001,21,2.0,5,0.0,-105.5784172185987,-72.1719454559294,-48.08746084193849,28.02042922391522,0.0,-14.680989079269198,419.0,COMPLETE
212,28.375621022480967,2026-07-22 05:07:52.202931,2026-07-22 05:11:43.731345,0 days 00:03:51.528414,14,1.5,71.0,32.0,6,0.5,0.001,21,1.7,5,0.0,-94.5113825780347,-71.80630924362515,-34.45313828975015,28.375621022480967,0.0,-11.748064955340624,418.0,COMPLETE
213,20.113588100319102,2026-07-22 05:08:17.931424,2026-07-22 05:12:07.484387,0 days 00:03:49.552963,13,1.5,71.0,40.0,6,1.7000000000000002,0.001,21,1.9,5,0.0,-40.23030665722744,-49.8125187693678,-14.158737519214087,20.113588100319102,0.0,-23.740949631354493,293.0,COMPLETE
214,28.02042922391522,2026-07-22 05:08:22.873989,2026-07-22 05:12:16.126410,0 days 00:03:53.252421,13,1.5,71.0,30.0,6,0.5,0.001,21,1.6,5,0.0,-105.5784172185987,-72.1719454559294,-48.08746084193849,28.02042922391522,0.0,-14.680989079269198,419.0,COMPLETE
215,21.509132907209082,2026-07-22 05:08:35.333933,2026-07-22 05:12:24.108745,0 days 00:03:48.774812,13,1.5,71.0,30.0,6,1.5,0.001,21,1.6,5,0.0,-41.08686972872353,-58.048149058536495,-6.183183601900938,21.509132907209082,0.0,-23.14446293171395,310.0,COMPLETE
216,28.406688905227153,2026-07-22 05:08:36.183336,2026-07-22 05:12:29.133496,0 days 00:03:52.950160,13,1.5,71.0,31.0,6,0.5,0.001,21,1.8,5,0.0,-106.70451933313907,-75.95855971664767,-45.42694869576055,28.406688905227153,0.0,-14.680989079269198,425.0,COMPLETE
217,28.375621022480967,2026-07-22 05:08:44.987010,2026-07-22 05:12:38.012959,0 days 00:03:53.025949,14,1.5,71.0,32.0,6,0.5,0.001,21,1.6,5,0.0,-94.5113825780347,-71.80630924362515,-34.45313828975015,28.375621022480967,0.0,-11.748064955340624,418.0,COMPLETE
218,17.396396069150157,2026-07-22 05:09:05.843462,2026-07-22 05:12:50.305077,0 days 00:03:44.461615,14,1.5,71.0,31.0,6,0.5,0.005,21,1.7,5,0.0,-28.121612075762528,-35.75301017897832,-29.28350988756284,17.396396069150157,0.0,-36.914907990778566,258.0,COMPLETE
219,28.32179191616329,2026-07-22 05:09:19.598668,2026-07-22 05:13:13.432539,0 days 00:03:53.833871,14,1.5,71.0,31.0,6,0.5,0.001,21,1.6,5,0.0,-93.43471393582112,-71.34036678569944,-34.258065842153975,28.32179191616329,0.0,-12.163718692032315,417.0,COMPLETE
220,17.396396069150157,2026-07-22 05:10:04.564589,2026-07-22 05:13:39.799820,0 days 00:03:35.235231,14,1.5,71.0,31.0,6,0.5,0.005,21,1.6,5,0.0,-28.121612075762528,-35.75301017897832,-29.28350988756284,17.396396069150157,0.0,-36.914907990778566,258.0,COMPLETE
221,28.32179191616329,2026-07-22 05:11:01.765133,2026-07-22 05:14:49.907311,0 days 00:03:48.142178,14,1.5,71.0,31.0,6,0.5,0.001,21,1.6,5,0.0,-93.43471393582112,-71.34036678569944,-34.258065842153975,28.32179191616329,0.0,-12.163718692032315,417.0,COMPLETE
222,21.549876002768656,2026-07-22 05:11:43.797802,2026-07-22 05:15:31.693274,0 days 00:03:47.895472,15,1.5,71.0,30.0,6,1.5,0.001,21,1.6,5,0.0,-51.95083607561173,-51.48486920927912,-27.91284053824028,21.549876002768656,0.0,-27.446873671907714,317.0,COMPLETE
223,28.11630552318447,2026-07-22 05:12:07.542910,2026-07-22 05:16:03.877929,0 days 00:03:56.335019,14,1.5,71.0,30.0,6,0.6000000000000001,0.001,21,1.6,5,0.0,-94.78862483580414,-65.2392251402141,-43.04664039095567,28.11630552318447,0.0,-13.497240695365688,414.0,COMPLETE
224,28.11630552318447,2026-07-22 05:12:16.188005,2026-07-22 05:16:11.107945,0 days 00:03:54.919940,14,1.5,71.0,30.0,6,0.6000000000000001,0.001,21,1.6,5,0.0,-94.78862483580414,-65.2392251402141,-43.04664039095567,28.11630552318447,0.0,-13.497240695365688,414.0,COMPLETE
225,28.11630552318447,2026-07-22 05:12:24.167581,2026-07-22 05:16:17.346578,0 days 00:03:53.178997,14,1.5,71.0,30.0,6,0.6000000000000001,0.001,21,1.6,5,0.0,-94.78862483580414,-65.2392251402141,-43.04664039095567,28.11630552318447,0.0,-13.497240695365688,414.0,COMPLETE
226,28.11630552318447,2026-07-22 05:12:29.187836,2026-07-22 05:16:22.142996,0 days 00:03:52.955160,14,1.5,71.0,30.0,6,0.6000000000000001,0.001,21,1.8,5,0.0,-94.78862483580414,-65.2392251402141,-43.04664039095567,28.11630552318447,0.0,-13.497240695365688,414.0,COMPLETE
227,27.837934973593136,2026-07-22 05:12:38.103004,2026-07-22 05:16:32.973665,0 days 00:03:54.870661,14,1.5,71.0,30.0,6,0.6000000000000001,0.001,22,1.7,5,0.0,-94.77135162082169,-65.96419265703565,-45.56643759327196,27.837934973593136,0.0,-16.75927862948593,412.0,COMPLETE
228,27.837934973593136,2026-07-22 05:12:50.364891,2026-07-22 05:16:41.067983,0 days 00:03:50.703092,14,1.5,71.0,30.0,6,0.6000000000000001,0.001,22,1.5,5,0.0,-94.77135162082169,-65.96419265703565,-45.56643759327196,27.837934973593136,0.0,-16.75927862948593,412.0,COMPLETE
229,27.37023181446263,2026-07-22 05:13:13.486771,2026-07-22 05:17:05.972203,0 days 00:03:52.485432,14,1.5,72.0,30.0,6,0.6000000000000001,0.001,22,1.5,5,0.0,-93.81238069840794,-66.9618353106251,-46.48731780296292,27.37023181446263,0.0,-19.636772415180097,407.0,COMPLETE
230,25.735773358757367,2026-07-22 05:13:39.848765,2026-07-22 05:17:25.959734,0 days 00:03:46.110969,16,1.5,72.0,30.0,6,0.6000000000000001,0.001,22,1.5,5,0.0,-124.96458409001254,-83.82158035187199,-61.10652162936045,25.735773358757367,0.0,-19.963517891219848,403.0,COMPLETE
231,26.343821601934977,2026-07-22 05:14:49.956675,2026-07-22 05:18:36.860972,0 days 00:03:46.904297,15,1.5,72.0,29.0,6,0.6000000000000001,0.001,22,1.7,5,0.0,-126.88853654469379,-75.54648845745561,-68.4539146155275,26.343821601934977,0.0,-17.111866528289298,410.0,COMPLETE
232,26.589778932784533,2026-07-22 05:15:31.748284,2026-07-22 05:19:24.338032,0 days 00:03:52.589748,14,1.5,72.0,29.0,6,0.6000000000000001,0.001,22,1.5,5,0.0,-104.09247476330995,-67.72294921173781,-52.82298490443651,26.589778932784533,0.0,-16.453459352864353,401.0,COMPLETE
233,25.443737643417418,2026-07-22 05:16:03.938277,2026-07-22 05:19:57.895259,0 days 00:03:53.956982,16,1.5,72.0,29.0,6,0.6000000000000001,0.001,22,1.5,5,0.0,-129.34383245585147,-81.22214893239766,-64.88552725539617,25.443737643417418,0.0,-16.763843731942277,400.0,COMPLETE
234,25.443737643417418,2026-07-22 05:16:11.158642,2026-07-22 05:20:03.074471,0 days 00:03:51.915829,16,1.5,72.0,29.0,6,0.6000000000000001,0.001,22,1.5,5,0.0,-129.34383245585147,-81.22214893239766,-64.88552725539617,25.443737643417418,0.0,-16.763843731942277,400.0,COMPLETE
235,25.443737643417418,2026-07-22 05:16:17.397537,2026-07-22 05:20:08.676990,0 days 00:03:51.279453,16,1.5,72.0,29.0,6,0.6000000000000001,0.001,22,1.5,5,0.0,-129.34383245585147,-81.22214893239766,-64.88552725539617,25.443737643417418,0.0,-16.763843731942277,400.0,COMPLETE
236,26.139251319505753,2026-07-22 05:16:22.199728,2026-07-22 05:20:14.765316,0 days 00:03:52.565588,16,1.5,72.0,31.0,6,0.6000000000000001,0.001,22,1.5,5,0.0,-128.6600698567035,-88.88574319984471,-59.737844548078705,26.139251319505753,0.0,-19.963517891219848,410.0,COMPLETE
237,25.443737643417418,2026-07-22 05:16:33.030219,2026-07-22 05:20:25.120970,0 days 00:03:52.090751,16,1.5,72.0,29.0,6,0.6000000000000001,0.001,22,1.5,5,0.0,-129.34383245585147,-81.22214893239766,-64.88552725539617,25.443737643417418,0.0,-16.763843731942277,400.0,COMPLETE
238,25.443737643417418,2026-07-22 05:16:41.124687,2026-07-22 05:20:34.371254,0 days 00:03:53.246567,16,1.5,72.0,29.0,6,0.6000000000000001,0.001,22,1.5,5,0.0,-129.34383245585147,-81.22214893239766,-64.88552725539617,25.443737643417418,0.0,-16.763843731942277,400.0,COMPLETE
239,10.771792655342768,2026-07-22 05:17:06.030940,2026-07-22 05:20:45.155522,0 days 00:03:39.124582,16,1.5,72.0,29.0,6,0.6000000000000001,0.01,21,1.8,5,0.0,-18.523288720675808,-31.314395497280955,-16.868955640369187,10.771792655342768,0.0,-29.660062416974252,167.0,COMPLETE
240,26.972313656944042,2026-07-22 05:17:26.020784,2026-07-22 05:21:10.366800,0 days 00:03:44.346016,15,1.5,71.0,29.0,6,0.6000000000000001,0.001,21,1.8,5,0.0,-128.8869096839845,-74.91037287032435,-64.95562577493128,26.972313656944042,0.0,-10.979088961271152,416.0,COMPLETE
241,26.52728596741278,2026-07-22 05:18:36.911429,2026-07-22 05:22:29.083410,0 days 00:03:52.171981,16,1.5,71.0,31.0,6,0.6000000000000001,0.001,21,1.8,5,0.0,-130.83622367973283,-89.90694760076883,-56.669410757951745,26.52728596741278,0.0,-15.740134678987681,414.0,COMPLETE
242,26.773099787561513,2026-07-22 05:19:24.395112,2026-07-22 05:23:16.436106,0 days 00:03:52.040994,16,1.5,71.0,31.0,6,0.5,0.001,21,2.0,5,0.0,-136.5478141373285,-91.8933677576841,-60.39458105863206,26.773099787561513,0.0,-15.740134678987681,420.0,COMPLETE
