number,value,datetime_start,datetime_complete,duration,params_MAX_POSITION_PCT,params_MAX_RISK_PCT,params_MR_MIN_RR,params_MR_STOP_MULT,params_RISK_TIER_EQUITY_PCT,params_TP_MIN_RR,params_TP_STOP_MULT,user_attrs_BTC_PnL,user_attrs_MB_PnL,user_attrs_MR_PnL,user_attrs_QQQ_PnL,user_attrs_SPY_PnL,user_attrs_Score,user_attrs_TF_PnL,user_attrs_TP_PnL,user_attrs_Total_Trades,state
529,-23.588248169581018,2026-06-19 05:15:49.420968,2026-06-19 05:18:33.097480,0 days 00:02:43.676512,3.0,0.01,1.0,2.6,0.03,1.9,2.4000000000000004,-41.95360943424255,-41.95360943424255,209.76438142623533,317.5398038644388,305.9531436724301,-23.588248169581018,0.0,413.72856611063355,71.0,COMPLETE
530,-11.20770592040406,2026-06-19 05:16:16.164926,2026-06-19 05:18:58.825269,0 days 00:02:42.660343,1.0,0.01,1.0,2.6,0.03,1.9,2.4000000000000004,-42.866721052689634,-42.866721052689634,118.45451740108685,95.73401602757087,162.78229038384256,-11.20770592040406,0.0,140.06178901032658,60.0,COMPLETE
531,-1220.0,2026-06-19 05:17:16.033087,2026-06-19 05:19:58.469435,0 days 00:02:42.436348,1.0,0.01,1.0,1.4,0.03,1.9,2.9000000000000004,-42.866721052689634,-42.866721052689634,-119.0003738285785,4.55634029634415,-107.44439362965916,-1220.0,0.0,16.11232049526348,28.0,COMPLETE
532,-40.86207376818917,2026-06-19 05:17:37.820544,2026-06-19 05:20:20.986270,0 days 00:02:43.165726,1.0,0.01,0.4,2.6,0.03,1.9,2.5,-42.866721052689634,-42.866721052689634,-287.68706318971886,-26.04209004219014,-141.5656540840435,-40.86207376818917,0.0,120.07931906348526,56.0,COMPLETE
533,-11.594319074239767,2026-06-19 05:17:52.546946,2026-06-19 05:20:33.596746,0 days 00:02:41.049800,1.0,0.01,1.0,2.6,0.02,1.9,2.5,-42.866721052689634,-42.866721052689634,118.45451740108685,70.43144574449218,168.10239072007988,-11.594319074239767,0.0,120.07931906348526,55.0,COMPLETE
534,-11.594319074239767,2026-06-19 05:18:00.651275,2026-06-19 05:20:42.951372,0 days 00:02:42.300097,1.0,0.06,1.0,2.6,0.02,1.9,2.5,-42.866721052689634,-42.866721052689634,118.45451740108685,70.43144574449218,168.10239072007988,-11.594319074239767,0.0,120.07931906348526,55.0,COMPLETE
535,-11.594319074239767,2026-06-19 05:18:15.592972,2026-06-19 05:20:58.662971,0 days 00:02:43.069999,1.0,0.01,1.0,2.6,0.02,1.9,2.5,-42.866721052689634,-42.866721052689634,118.45451740108685,70.43144574449218,168.10239072007988,-11.594319074239767,0.0,120.07931906348526,55.0,COMPLETE
536,-11.594319074239767,2026-06-19 05:18:24.248849,2026-06-19 05:21:07.910914,0 days 00:02:43.662065,1.0,0.01,1.0,2.6,0.02,1.9,2.5,-42.866721052689634,-42.866721052689634,118.45451740108685,70.43144574449218,168.10239072007988,-11.594319074239767,0.0,120.07931906348526,55.0,COMPLETE
537,-11.594319074239767,2026-06-19 05:18:33.127830,2026-06-19 05:21:16.739624,0 days 00:02:43.611794,1.0,0.01,1.0,2.6,0.02,1.9,2.5,-42.866721052689634,-42.866721052689634,118.45451740108685,70.43144574449218,168.10239072007988,-11.594319074239767,0.0,120.07931906348526,55.0,COMPLETE
538,-11.805675603050009,2026-06-19 05:18:58.854384,2026-06-19 05:21:41.285231,0 days 00:02:42.430847,1.0,0.01,1.0,2.7,0.02,1.9,2.5,-42.866721052689634,-42.866721052689634,113.72741004106172,70.43144574449218,163.37528336005477,-11.805675603050009,0.0,120.07931906348526,55.0,COMPLETE
539,-13.47397753310032,2026-06-19 05:19:58.504898,2026-06-19 05:22:40.948063,0 days 00:02:42.443165,1.0,0.01,1.0,2.4000000000000004,0.02,1.9,2.5,-42.866721052689634,-42.866721052689634,-156.35234756687814,74.74010150357827,-111.01313000697118,-13.47397753310032,0.0,120.07931906348526,54.0,COMPLETE
540,-1320.0,2026-06-19 05:20:21.020332,2026-06-19 05:23:03.906449,0 days 00:02:42.886117,1.0,0.01,1.0,2.7,0.02,1.8,2.3,-42.866721052689634,-42.866721052689634,113.72741004106172,-29.214090034579236,145.91935715157857,-1320.0,0.0,2.97785707593762,18.0,COMPLETE
541,-1320.0,2026-06-19 05:20:33.630298,2026-06-19 05:23:12.634345,0 days 00:02:39.004047,1.0,0.01,1.0,2.7,0.02,1.8,2.3,-42.866721052689634,-42.866721052689634,113.72741004106172,-29.214090034579236,145.91935715157857,-1320.0,0.0,2.97785707593762,18.0,COMPLETE
542,-1320.0,2026-06-19 05:20:42.987780,2026-06-19 05:23:23.480849,0 days 00:02:40.493069,1.0,0.01,1.0,2.7,0.02,1.1,2.3,-42.866721052689634,-42.866721052689634,113.72741004106172,-51.92231477345093,147.90567099589538,-1320.0,0.0,-17.74405381861725,18.0,COMPLETE
543,-1320.0,2026-06-19 05:20:58.698732,2026-06-19 05:23:43.093954,0 days 00:02:44.395222,1.0,0.01,1.0,2.7,0.02,1.8,2.3,-42.866721052689634,-42.866721052689634,113.72741004106172,-29.214090034579236,145.91935715157857,-1320.0,0.0,2.97785707593762,18.0,COMPLETE
544,-1320.0,2026-06-19 05:21:07.948484,2026-06-19 05:23:51.550701,0 days 00:02:43.602217,1.0,0.01,1.0,2.7,0.02,1.8,2.3,-42.866721052689634,-42.866721052689634,113.72741004106172,-29.214090034579236,145.91935715157857,-1320.0,0.0,2.97785707593762,18.0,COMPLETE
545,-1320.0,2026-06-19 05:21:16.776944,2026-06-19 05:24:01.599119,0 days 00:02:44.822175,1.0,0.01,1.0,2.7,0.02,1.8,2.3,-42.866721052689634,-42.866721052689634,113.72741004106172,-29.214090034579236,145.91935715157857,-1320.0,0.0,2.97785707593762,18.0,COMPLETE
546,-1330.0,2026-06-19 05:21:41.315072,2026-06-19 05:24:23.003728,0 days 00:02:41.688656,1.0,0.01,1.0,2.4000000000000004,0.03,1.8,2.3,-42.866721052689634,-42.866721052689634,-156.35234756687814,-24.905434275493132,-128.46905621544738,-1330.0,0.0,2.97785707593762,17.0,COMPLETE
547,-1320.0,2026-06-19 05:22:40.979120,2026-06-19 05:25:24.036208,0 days 00:02:43.057088,1.0,0.01,1.0,2.7,0.03,1.8,2.3,-42.866721052689634,-42.866721052689634,113.72741004106172,-29.214090034579236,145.91935715157857,-1320.0,0.0,2.97785707593762,18.0,COMPLETE
548,-1320.0,2026-06-19 05:23:03.938052,2026-06-19 05:25:47.044500,0 days 00:02:43.106448,1.0,0.01,1.0,2.7,0.03,1.8,2.3,-42.866721052689634,-42.866721052689634,113.72741004106172,-29.214090034579236,145.91935715157857,-1320.0,0.0,2.97785707593762,18.0,COMPLETE
549,-1320.0,2026-06-19 05:23:12.670737,2026-06-19 05:25:53.247906,0 days 00:02:40.577169,1.0,0.01,1.0,2.6,0.03,1.8,2.3,-42.866721052689634,-42.866721052689634,118.45451740108685,-29.214090034579236,150.6464645116037,-1320.0,0.0,2.97785707593762,18.0,COMPLETE
550,-1320.0,2026-06-19 05:23:23.510842,2026-06-19 05:26:04.551807,0 days 00:02:41.040965,1.0,0.01,1.0,2.6,0.03,1.8,2.3,-42.866721052689634,-42.866721052689634,118.45451740108685,-29.214090034579236,150.6464645116037,-1320.0,0.0,2.97785707593762,18.0,COMPLETE
551,-1320.0,2026-06-19 05:23:43.126755,2026-06-19 05:26:25.687308,0 days 00:02:42.560553,1.0,0.01,1.0,2.6,0.03,1.8,2.3,-42.866721052689634,-42.866721052689634,118.45451740108685,-29.214090034579236,150.6464645116037,-1320.0,0.0,2.97785707593762,18.0,COMPLETE
552,-1320.0,2026-06-19 05:23:51.590786,2026-06-19 05:26:34.489341,0 days 00:02:42.898555,1.0,0.01,1.0,2.6,0.03,1.8,2.3,-42.866721052689634,-42.866721052689634,118.45451740108685,-29.214090034579236,150.6464645116037,-1320.0,0.0,2.97785707593762,18.0,COMPLETE
553,-1320.0,2026-06-19 05:24:01.632478,2026-06-19 05:26:44.678270,0 days 00:02:43.045792,1.0,0.01,1.0,2.6,0.03,1.8,1.4,-42.866721052689634,-42.866721052689634,118.45451740108685,-51.92231477345093,152.6327783559205,-1320.0,0.0,-17.74405381861725,18.0,COMPLETE
554,-1320.0,2026-06-19 05:24:23.039791,2026-06-19 05:27:04.536807,0 days 00:02:41.497016,1.0,0.01,1.0,2.6,0.03,1.8,2.1,-42.866721052689634,-42.866721052689634,118.45451740108685,-25.357919715812315,150.6464645116037,-1320.0,0.0,6.834027394704542,18.0,COMPLETE
555,-4.178833321382567,2026-06-19 05:25:24.073272,2026-06-19 05:28:06.386810,0 days 00:02:42.313538,1.0,0.01,1.0,2.6,0.03,1.8,2.4000000000000004,-42.866721052689634,-42.866721052689634,118.45451740108685,140.16018724999836,164.34386412191432,-4.178833321382567,0.0,186.04953397082582,74.0,COMPLETE
556,-4.178833321382567,2026-06-19 05:25:47.076440,2026-06-19 05:28:30.460514,0 days 00:02:43.384074,1.0,0.01,1.0,2.6,0.03,1.8,2.4000000000000004,-42.866721052689634,-42.866721052689634,118.45451740108685,140.16018724999836,164.34386412191432,-4.178833321382567,0.0,186.04953397082582,74.0,COMPLETE
557,-1320.0,2026-06-19 05:25:53.280239,2026-06-19 05:28:33.505251,0 days 00:02:40.225012,1.0,0.01,1.0,2.6,0.03,1.8,2.1,-42.866721052689634,-42.866721052689634,118.45451740108685,-25.357919715812315,150.6464645116037,-1320.0,0.0,6.834027394704542,18.0,COMPLETE
558,-1320.0,2026-06-19 05:26:04.587148,2026-06-19 05:28:44.940742,0 days 00:02:40.353594,1.0,0.01,1.0,2.6,0.03,1.8,2.1,-42.866721052689634,-42.866721052689634,118.45451740108685,-25.357919715812315,150.6464645116037,-1320.0,0.0,6.834027394704542,18.0,COMPLETE
559,-4.178833321382567,2026-06-19 05:26:25.720554,2026-06-19 05:29:09.661051,0 days 00:02:43.940497,1.0,0.01,1.0,2.6,0.03,1.8,2.4000000000000004,-42.866721052689634,-42.866721052689634,118.45451740108685,140.16018724999836,164.34386412191432,-4.178833321382567,0.0,186.04953397082582,74.0,COMPLETE
560,-32.99808521920607,2026-06-19 05:26:34.525475,2026-06-19 05:29:17.588088,0 days 00:02:43.062613,1.0,0.01,0.6000000000000001,2.6,0.03,1.8,2.4000000000000004,-42.866721052689634,-42.866721052689634,-287.68706318971886,43.686651463315975,-145.32418068220915,-32.99808521920607,0.0,186.04953397082582,75.0,COMPLETE
561,-1310.0,2026-06-19 05:26:44.711780,2026-06-19 05:29:27.728661,0 days 00:02:43.016881,1.0,0.01,0.6000000000000001,2.5,0.03,1.7000000000000002,2.4000000000000004,-42.866721052689634,-42.866721052689634,-284.13228386387226,-121.15037126195406,-160.00405552598056,-1310.0,0.0,2.97785707593762,19.0,COMPLETE
562,-8.526145595442879,2026-06-19 05:27:04.577002,2026-06-19 05:29:46.144490,0 days 00:02:41.567488,1.0,0.01,1.0,2.5,0.02,1.8,2.4000000000000004,-42.866721052689634,-42.866721052689634,-157.77892744794207,70.28111518669067,-42.010508663807016,-8.526145595442879,0.0,186.04953397082582,72.0,COMPLETE
563,-1340.0,2026-06-19 05:28:06.419048,2026-06-19 05:30:48.172045,0 days 00:02:41.752997,1.0,0.01,1.0,2.5,0.02,1.7000000000000002,2.4000000000000004,-42.866721052689634,-42.866721052689634,-157.77892744794207,-99.09316209788688,-55.70790827411756,-1340.0,0.0,2.97785707593762,16.0,COMPLETE
564,-1340.0,2026-06-19 05:28:30.512538,2026-06-19 05:31:13.414904,0 days 00:02:42.902366,1.0,0.01,1.0,2.5,0.01,1.7000000000000002,2.4000000000000004,-42.866721052689634,-42.866721052689634,-157.77892744794207,-99.09316209788688,-55.70790827411756,-1340.0,0.0,2.97785707593762,16.0,COMPLETE
565,-1340.0,2026-06-19 05:28:33.536615,2026-06-19 05:31:13.922849,0 days 00:02:40.386234,1.0,0.01,1.0,2.5,0.01,1.7000000000000002,2.4000000000000004,-42.866721052689634,-42.866721052689634,-157.77892744794207,-99.09316209788688,-55.70790827411756,-1340.0,0.0,2.97785707593762,16.0,COMPLETE
566,-1340.0,2026-06-19 05:28:44.976359,2026-06-19 05:31:25.844631,0 days 00:02:40.868272,1.0,0.01,1.0,2.5,0.02,1.7000000000000002,2.4000000000000004,-42.866721052689634,-42.866721052689634,-157.77892744794207,-99.09316209788688,-55.70790827411756,-1340.0,0.0,2.97785707593762,16.0,COMPLETE
567,-1330.0,2026-06-19 05:29:09.690040,2026-06-19 05:31:52.997808,0 days 00:02:43.307768,1.0,0.04,0.9000000000000001,2.5,0.01,1.7000000000000002,2.4000000000000004,-42.866721052689634,-42.866721052689634,-146.1834919798453,-9.611897572944017,-133.59373733096365,-1330.0,0.0,2.97785707593762,17.0,COMPLETE
568,-1320.0,2026-06-19 05:29:17.619928,2026-06-19 05:32:00.600104,0 days 00:02:42.980176,1.0,0.01,1.0,1.3,0.02,1.7000000000000002,2.4000000000000004,-42.866721052689634,-42.866721052689634,-119.39520685084459,4.463326746607326,-120.8806765215143,-1320.0,0.0,2.97785707593762,18.0,COMPLETE
569,-12.81638533446162,2026-06-19 05:29:27.760109,2026-06-19 05:32:11.481300,0 days 00:02:43.721191,1.0,0.01,1.0,2.5,0.02,1.9,2.4000000000000004,-42.866721052689634,-42.866721052689634,-157.77892744794207,25.854943964263242,-43.57208240187871,-12.81638533446162,0.0,140.06178901032658,58.0,COMPLETE
570,-1260.0,2026-06-19 05:29:46.181256,2026-06-19 05:32:28.262344,0 days 00:02:42.081088,0.5,0.01,1.0,2.5,0.01,1.9,2.4000000000000004,-21.433360526344817,-21.433360526344817,-78.88946372397103,-20.76607546014743,-25.274954463784752,-1260.0,0.0,32.84843380003885,24.0,COMPLETE
571,-1260.0,2026-06-19 05:30:48.200246,2026-06-19 05:33:30.067656,0 days 00:02:41.867410,0.5,0.01,1.0,2.5,0.01,1.9,2.4000000000000004,-21.433360526344817,-21.433360526344817,-78.88946372397103,-20.76607546014743,-25.274954463784752,-1260.0,0.0,32.84843380003885,24.0,COMPLETE
572,-1240.0,2026-06-19 05:31:13.443831,2026-06-19 05:33:56.609997,0 days 00:02:43.166166,0.5,0.01,1.0,2.7,0.02,1.9,2.4000000000000004,-21.433360526344817,-21.433360526344817,56.86370502053086,14.173460571506393,75.53867824906331,-1240.0,0.0,32.84843380003885,26.0,COMPLETE
573,-1240.0,2026-06-19 05:31:13.956408,2026-06-19 05:33:54.813975,0 days 00:02:40.857567,0.5,0.04,1.0,2.7,0.02,1.9,2.4000000000000004,-21.433360526344817,-21.433360526344817,56.86370502053086,14.173460571506393,75.53867824906331,-1240.0,0.0,32.84843380003885,26.0,COMPLETE
574,-1240.0,2026-06-19 05:31:25.872811,2026-06-19 05:34:06.286075,0 days 00:02:40.413264,0.5,0.04,1.0,2.7,0.02,1.9,2.4000000000000004,-21.433360526344817,-21.433360526344817,56.86370502053086,14.173460571506393,75.53867824906331,-1240.0,0.0,32.84843380003885,26.0,COMPLETE
575,-1240.0,2026-06-19 05:31:53.033786,2026-06-19 05:34:35.985120,0 days 00:02:42.951334,0.5,0.01,1.0,2.7,0.02,1.9,2.5,-21.433360526344817,-21.433360526344817,56.86370502053086,14.173460571506393,75.53867824906331,-1240.0,0.0,32.84843380003885,26.0,COMPLETE
576,-1320.0,2026-06-19 05:32:00.629626,2026-06-19 05:34:43.250002,0 days 00:02:42.620376,0.5,0.01,1.0,2.7,0.02,1.9,2.2,-21.433360526344817,-21.433360526344817,56.86370502053086,-14.607045017289618,72.95967857578928,-1320.0,0.0,1.48892853796881,18.0,COMPLETE
577,-1310.0,2026-06-19 05:32:11.517552,2026-06-19 05:34:55.103553,0 days 00:02:43.586001,0.5,0.01,1.0,2.1,0.02,1.9,2.2,-21.433360526344817,-21.433360526344817,-114.87675047298481,-78.57132836934937,-34.81649356566662,-1310.0,0.0,1.48892853796881,19.0,COMPLETE
578,-1330.0,2026-06-19 05:32:28.291828,2026-06-19 05:35:10.715413,0 days 00:02:42.423585,1.0,0.01,0.9000000000000001,2.7,0.02,1.9,2.2,-42.866721052689634,-42.866721052689634,-75.52051203717858,-43.901574413743646,-28.64108054749731,-1330.0,0.0,2.97785707593762,17.0,COMPLETE
579,-7.106101065157385,2026-06-19 05:33:30.098550,2026-06-19 05:36:13.632257,0 days 00:02:43.533707,1.0,0.01,0.9000000000000001,2.7,0.02,1.9,2.3,-42.866721052689634,-42.866721052689634,-75.52051203717858,119.57658271105996,-14.302379547352967,-7.106101065157385,0.0,180.79471520088566,72.0,COMPLETE
580,-1330.0,2026-06-19 05:33:54.845280,2026-06-19 05:36:34.547552,0 days 00:02:39.702272,1.0,0.01,0.9000000000000001,2.6,0.03,1.8,2.2,-42.866721052689634,-42.866721052689634,-111.0852552212996,-9.611897572944017,-98.49550057241797,-1330.0,0.0,2.97785707593762,17.0,COMPLETE
581,-1330.0,2026-06-19 05:33:56.644318,2026-06-19 05:36:40.442817,0 days 00:02:43.798499,1.0,0.01,0.9000000000000001,2.6,0.03,1.8,2.2,-42.866721052689634,-42.866721052689634,-111.0852552212996,-9.611897572944017,-98.49550057241797,-1330.0,0.0,2.97785707593762,17.0,COMPLETE
582,-1330.0,2026-06-19 05:34:06.317614,2026-06-19 05:36:47.517284,0 days 00:02:41.199670,1.0,0.01,0.9000000000000001,2.6,0.03,1.8,2.2,-42.866721052689634,-42.866721052689634,-111.0852552212996,-9.611897572944017,-98.49550057241797,-1330.0,0.0,2.97785707593762,17.0,COMPLETE
583,-1320.0,2026-06-19 05:34:36.017025,2026-06-19 05:37:19.529598,0 days 00:02:43.512573,1.0,0.01,1.0,2.6,0.03,1.8,2.2,-42.866721052689634,-42.866721052689634,118.45451740108685,-29.214090034579236,150.6464645116037,-1320.0,0.0,2.97785707593762,18.0,COMPLETE
584,-1320.0,2026-06-19 05:34:43.280325,2026-06-19 05:37:27.635789,0 days 00:02:44.355464,1.0,0.01,1.0,2.6,0.03,1.8,2.3,-42.866721052689634,-42.866721052689634,118.45451740108685,-29.214090034579236,150.6464645116037,-1320.0,0.0,2.97785707593762,18.0,COMPLETE
585,-1330.0,2026-06-19 05:34:55.148878,2026-06-19 05:37:39.711992,0 days 00:02:44.563114,1.0,0.01,0.9000000000000001,2.6,0.03,1.8,2.3,-42.866721052689634,-42.866721052689634,-111.0852552212996,-9.611897572944017,-98.49550057241797,-1330.0,0.0,2.97785707593762,17.0,COMPLETE
586,-1320.0,2026-06-19 05:35:10.747446,2026-06-19 05:37:53.506152,0 days 00:02:42.758706,1.0,0.01,1.0,2.6,0.03,1.8,2.3,-42.866721052689634,-42.866721052689634,118.45451740108685,-29.214090034579236,150.6464645116037,-1320.0,0.0,2.97785707593762,18.0,COMPLETE
587,-1320.0,2026-06-19 05:36:13.664997,2026-06-19 05:38:56.026476,0 days 00:02:42.361479,1.0,0.01,1.0,2.6,0.03,1.8,2.3,-42.866721052689634,-42.866721052689634,118.45451740108685,-29.214090034579236,150.6464645116037,-1320.0,0.0,2.97785707593762,18.0,COMPLETE
588,-1330.0,2026-06-19 05:36:34.581581,2026-06-19 05:39:14.722100,0 days 00:02:40.140519,1.0,0.01,1.0,2.4000000000000004,0.03,1.8,2.3,-42.866721052689634,-42.866721052689634,-156.35234756687814,-24.905434275493132,-128.46905621544738,-1330.0,0.0,2.97785707593762,17.0,COMPLETE
589,-1310.0,2026-06-19 05:36:40.473388,2026-06-19 05:39:23.522359,0 days 00:02:43.048971,1.0,0.01,0.5,2.4000000000000004,0.03,1.8,2.3,-42.866721052689634,-42.866721052689634,-280.9345180822665,-116.18947774794476,-161.76718325838408,-1310.0,0.0,2.97785707593762,19.0,COMPLETE
590,-1320.0,2026-06-19 05:36:47.608509,2026-06-19 05:39:28.564965,0 days 00:02:40.956456,1.0,0.01,1.0,2.6,0.03,1.8,2.3,-42.866721052689634,-42.866721052689634,118.45451740108685,-29.214090034579236,150.6464645116037,-1320.0,0.0,2.97785707593762,18.0,COMPLETE
591,-1320.0,2026-06-19 05:37:19.559904,2026-06-19 05:40:02.495577,0 days 00:02:42.935673,1.0,0.02,1.0,2.6,0.03,1.8,2.3,-42.866721052689634,-42.866721052689634,118.45451740108685,-29.214090034579236,150.6464645116037,-1320.0,0.0,2.97785707593762,18.0,COMPLETE
592,-11.218003484726484,2026-06-19 05:37:27.666894,2026-06-19 05:40:11.229960,0 days 00:02:43.563066,1.0,0.02,1.0,2.6,0.03,1.8,2.5,-42.866721052689634,-42.866721052689634,118.45451740108685,95.18331752743777,162.78229038384256,-11.218003484726484,0.0,139.51109051019347,60.0,COMPLETE
593,-11.218003484726484,2026-06-19 05:37:39.742129,2026-06-19 05:40:23.436392,0 days 00:02:43.694263,1.0,0.01,1.0,2.6,0.03,1.8,2.5,-42.866721052689634,-42.866721052689634,118.45451740108685,95.18331752743777,162.78229038384256,-11.218003484726484,0.0,139.51109051019347,60.0,COMPLETE
594,-1330.0,2026-06-19 05:37:53.540800,2026-06-19 05:40:34.546391,0 days 00:02:41.005591,1.0,0.01,1.0,2.3,0.03,1.8,2.3,-42.866721052689634,-42.866721052689634,-135.933401386579,-9.611897572944017,-123.34364673769736,-1330.0,0.0,2.97785707593762,17.0,COMPLETE
595,-11.218003484726484,2026-06-19 05:38:56.055676,2026-06-19 05:41:38.294433,0 days 00:02:42.238757,1.0,0.02,1.0,2.6,0.03,1.8,2.5,-42.866721052689634,-42.866721052689634,118.45451740108685,95.18331752743777,162.78229038384256,-11.218003484726484,0.0,139.51109051019347,60.0,COMPLETE
596,-1320.0,2026-06-19 05:39:14.758206,2026-06-19 05:41:54.920613,0 days 00:02:40.162407,1.0,0.02,1.0,2.6,0.04,1.0,2.5,-42.866721052689634,-42.866721052689634,118.45451740108685,-51.92231477345093,152.6327783559205,-1320.0,0.0,-17.74405381861725,18.0,COMPLETE
597,-11.218003484726484,2026-06-19 05:39:23.558184,2026-06-19 05:42:05.922568,0 days 00:02:42.364384,1.0,0.02,1.0,2.6,0.02,1.8,2.5,-42.866721052689634,-42.866721052689634,118.45451740108685,95.18331752743777,162.78229038384256,-11.218003484726484,0.0,139.51109051019347,60.0,COMPLETE
598,-11.218003484726484,2026-06-19 05:39:28.599454,2026-06-19 05:42:09.227972,0 days 00:02:40.628518,1.0,0.02,1.0,2.6,0.02,1.8,2.5,-42.866721052689634,-42.866721052689634,118.45451740108685,95.18331752743777,162.78229038384256,-11.218003484726484,0.0,139.51109051019347,60.0,COMPLETE
599,-11.814486535798562,2026-06-19 05:40:02.526983,2026-06-19 05:42:46.194603,0 days 00:02:43.667620,1.0,0.01,1.0,2.6,0.04,2.0,2.5,-42.866721052689634,-42.866721052689634,118.45451740108685,59.812318027277406,168.10239072007988,-11.814486535798562,0.0,109.46019134627048,54.0,COMPLETE
600,-11.814486535798562,2026-06-19 05:40:11.259531,2026-06-19 05:42:56.352085,0 days 00:02:45.092554,1.0,0.01,1.0,2.6,0.04,2.0,2.5,-42.866721052689634,-42.866721052689634,118.45451740108685,59.812318027277406,168.10239072007988,-11.814486535798562,0.0,109.46019134627048,54.0,COMPLETE
601,-12.009474899235526,2026-06-19 05:40:23.465506,2026-06-19 05:43:07.555054,0 days 00:02:44.089548,1.0,0.01,1.0,2.7,0.04,2.0,2.5,-42.866721052689634,-42.866721052689634,113.72741004106172,59.812318027277406,163.37528336005477,-12.009474899235526,0.0,109.46019134627048,54.0,COMPLETE
602,-12.827118278494929,2026-06-19 05:40:34.578440,2026-06-19 05:43:16.260203,0 days 00:02:41.681763,1.0,0.01,1.0,2.5,0.04,1.8,2.5,-42.866721052689634,-42.866721052689634,-157.77892744794207,25.304245464130148,-43.57208240187871,-12.827118278494929,0.0,139.51109051019347,58.0,COMPLETE
603,-8.526145595442879,2026-06-19 05:41:38.337395,2026-06-19 05:44:21.198784,0 days 00:02:42.861389,1.0,0.01,1.0,2.5,0.04,1.8,2.4000000000000004,-42.866721052689634,-42.866721052689634,-157.77892744794207,70.28111518669067,-42.010508663807016,-8.526145595442879,0.0,186.04953397082582,72.0,COMPLETE
604,-14.155417658904756,2026-06-19 05:41:55.006898,2026-06-19 05:44:34.833706,0 days 00:02:39.826808,1.0,0.01,1.0,2.5,0.02,2.0,2.4000000000000004,-42.866721052689634,-42.866721052689634,-157.77892744794207,1.1030721813176356,-38.251982065641364,-14.155417658904756,0.0,120.63001756361837,53.0,COMPLETE
605,-14.155417658904756,2026-06-19 05:42:05.959124,2026-06-19 05:44:50.200913,0 days 00:02:44.241789,1.0,0.01,1.0,2.5,0.02,2.0,2.4000000000000004,-42.866721052689634,-42.866721052689634,-157.77892744794207,1.1030721813176356,-38.251982065641364,-14.155417658904756,0.0,120.63001756361837,53.0,COMPLETE
