number,value,datetime_start,datetime_complete,duration,params_MAX_POSITION_PCT,params_MAX_RISK_PCT,params_MR_MIN_RR,params_MR_STOP_MULT,params_RISK_TIER_EQUITY_PCT,params_TP_MIN_RR,params_TP_STOP_MULT,user_attrs_BTC_PnL,user_attrs_MB_PnL,user_attrs_MR_PnL,user_attrs_QQQ_PnL,user_attrs_SPY_PnL,user_attrs_Score,user_attrs_TF_PnL,user_attrs_TP_PnL,user_attrs_Total_Trades,state
1723,-1330.0,2026-06-19 12:01:22.232364,2026-06-19 12:04:02.563710,0 days 00:02:40.331346,1.5,0.05,1.0,2.3,0.02,1.8,2.3,-41.95360943424255,-41.95360943424255,-210.37925742064493,-20.89700170019247,-185.01547010654605,-1330.0,0.0,4.466785613906433,17.0,COMPLETE
1724,-1330.0,2026-06-19 12:01:23.539682,2026-06-19 12:04:06.170270,0 days 00:02:42.630588,1.0,0.05,1.0,2.9000000000000004,0.02,1.8,2.3,-42.866721052689634,-42.866721052689634,240.7465147329338,-18.133118375535766,261.8574901844072,-1330.0,0.0,2.97785707593762,17.0,COMPLETE
1725,-1330.0,2026-06-19 12:01:50.142988,2026-06-19 12:04:31.705489,0 days 00:02:41.562501,1.5,0.05,1.0,2.8,0.02,1.8,2.3,-41.95360943424255,-41.95360943424255,196.9927935356289,-61.61764202252262,263.07722117205793,-1330.0,0.0,4.466785613906433,17.0,COMPLETE
1726,-12.842575563752751,2026-06-19 12:02:29.622490,2026-06-19 12:05:09.915337,0 days 00:02:40.292847,1.5,0.05,1.0,1.3,0.02,1.8,2.4000000000000004,-41.95360943424255,-41.95360943424255,-179.09281027626685,260.75640604677733,-160.97846627000936,-12.842575563752751,0.0,278.8707500530348,74.0,COMPLETE
1727,-2.4266312302903628,2026-06-19 12:02:57.151256,2026-06-19 12:05:41.222634,0 days 00:02:44.071378,1.0,0.05,1.0,2.9000000000000004,0.02,1.8,2.4000000000000004,-42.866721052689634,-42.866721052689634,240.7465147329338,151.24115890904184,275.5548897947177,-2.4266312302903628,0.0,186.04953397082582,73.0,COMPLETE
1728,-2.4266312302903628,2026-06-19 12:03:26.215457,2026-06-19 12:06:10.348814,0 days 00:02:44.133357,1.0,0.05,1.0,2.9000000000000004,0.02,1.8,2.4000000000000004,-42.866721052689634,-42.866721052689634,240.7465147329338,151.24115890904184,275.5548897947177,-2.4266312302903628,0.0,186.04953397082582,73.0,COMPLETE
1729,-2.4266312302903628,2026-06-19 12:03:34.059843,2026-06-19 12:06:19.737073,0 days 00:02:45.677230,1.0,0.05,1.0,2.9000000000000004,0.02,1.8,2.4000000000000004,-42.866721052689634,-42.866721052689634,240.7465147329338,151.24115890904184,275.5548897947177,-2.4266312302903628,0.0,186.04953397082582,73.0,COMPLETE
1730,-2.4266312302903628,2026-06-19 12:03:54.120938,2026-06-19 12:06:37.321893,0 days 00:02:43.200955,1.0,0.05,1.0,2.9000000000000004,0.02,1.8,2.4000000000000004,-42.866721052689634,-42.866721052689634,240.7465147329338,151.24115890904184,275.5548897947177,-2.4266312302903628,0.0,186.04953397082582,73.0,COMPLETE
1731,-2.4266312302903628,2026-06-19 12:04:02.594472,2026-06-19 12:06:43.951084,0 days 00:02:41.356612,1.0,0.05,1.0,2.9000000000000004,0.02,1.8,2.4000000000000004,-42.866721052689634,-42.866721052689634,240.7465147329338,151.24115890904184,275.5548897947177,-2.4266312302903628,0.0,186.04953397082582,73.0,COMPLETE
1732,-2.4266312302903628,2026-06-19 12:04:06.200712,2026-06-19 12:06:49.961370,0 days 00:02:43.760658,1.0,0.05,1.0,2.9000000000000004,0.02,1.8,2.4000000000000004,-42.866721052689634,-42.866721052689634,240.7465147329338,151.24115890904184,275.5548897947177,-2.4266312302903628,0.0,186.04953397082582,73.0,COMPLETE
1733,-2.4266312302903628,2026-06-19 12:04:31.739941,2026-06-19 12:07:13.497313,0 days 00:02:41.757372,1.0,0.05,1.0,2.9000000000000004,0.02,1.8,2.4000000000000004,-42.866721052689634,-42.866721052689634,240.7465147329338,151.24115890904184,275.5548897947177,-2.4266312302903628,0.0,186.04953397082582,73.0,COMPLETE
1734,-2.4266312302903628,2026-06-19 12:05:09.947681,2026-06-19 12:07:50.388128,0 days 00:02:40.440447,1.0,0.05,1.0,2.9000000000000004,0.02,1.8,2.4000000000000004,-42.866721052689634,-42.866721052689634,240.7465147329338,151.24115890904184,275.5548897947177,-2.4266312302903628,0.0,186.04953397082582,73.0,COMPLETE
1735,-2.4266312302903628,2026-06-19 12:05:41.262971,2026-06-19 12:08:25.115305,0 days 00:02:43.852334,1.0,0.05,1.0,2.9000000000000004,0.02,1.8,2.4000000000000004,-42.866721052689634,-42.866721052689634,240.7465147329338,151.24115890904184,275.5548897947177,-2.4266312302903628,0.0,186.04953397082582,73.0,COMPLETE
1736,-2.3146479038941097,2026-06-19 12:06:10.379657,2026-06-19 12:08:54.904671,0 days 00:02:44.525014,1.0,0.05,1.0,3.0,0.03,1.8,2.4000000000000004,-42.866721052689634,-42.866721052689634,255.40406384265498,166.76734790688081,274.6862499065998,-2.3146479038941097,0.0,186.04953397082582,72.0,COMPLETE
1737,-2.3146479038941097,2026-06-19 12:06:19.775565,2026-06-19 12:09:04.206998,0 days 00:02:44.431433,1.0,0.05,1.0,3.0,0.03,1.8,2.4000000000000004,-42.866721052689634,-42.866721052689634,255.40406384265498,166.76734790688081,274.6862499065998,-2.3146479038941097,0.0,186.04953397082582,72.0,COMPLETE
1738,-2.3146479038941097,2026-06-19 12:06:37.354385,2026-06-19 12:09:21.375714,0 days 00:02:44.021329,1.0,0.05,1.0,3.0,0.02,1.8,2.4000000000000004,-42.866721052689634,-42.866721052689634,255.40406384265498,166.76734790688081,274.6862499065998,-2.3146479038941097,0.0,186.04953397082582,72.0,COMPLETE
1739,-2.3146479038941097,2026-06-19 12:06:43.984729,2026-06-19 12:09:25.642884,0 days 00:02:41.658155,1.0,0.05,1.0,3.0,0.03,1.8,2.4000000000000004,-42.866721052689634,-42.866721052689634,255.40406384265498,166.76734790688081,274.6862499065998,-2.3146479038941097,0.0,186.04953397082582,72.0,COMPLETE
1740,-2.3146479038941097,2026-06-19 12:06:50.000500,2026-06-19 12:09:33.342456,0 days 00:02:43.341956,1.0,0.05,1.0,3.0,0.03,1.8,2.4000000000000004,-42.866721052689634,-42.866721052689634,255.40406384265498,166.76734790688081,274.6862499065998,-2.3146479038941097,0.0,186.04953397082582,72.0,COMPLETE
1741,-2.3146479038941097,2026-06-19 12:07:13.535174,2026-06-19 12:09:55.264906,0 days 00:02:41.729732,1.0,0.05,1.0,3.0,0.03,1.8,2.4000000000000004,-42.866721052689634,-42.866721052689634,255.40406384265498,166.76734790688081,274.6862499065998,-2.3146479038941097,0.0,186.04953397082582,72.0,COMPLETE
1742,-18.751268271225037,2026-06-19 12:07:50.420088,2026-06-19 12:10:30.210219,0 days 00:02:39.790131,1.0,0.05,0.7,3.0,0.03,1.8,2.4000000000000004,-42.866721052689634,-42.866721052689634,-138.1646973534783,-11.111346908724977,58.99618352607246,-18.751268271225037,0.0,186.04953397082582,77.0,COMPLETE
1743,-20.756132794578324,2026-06-19 12:08:25.145463,2026-06-19 12:11:07.562289,0 days 00:02:42.416826,1.0,0.05,0.7,3.0,0.03,1.8,2.5,-42.866721052689634,-42.866721052689634,-138.1646973534783,-56.08821663128553,57.434609788000756,-20.756132794578324,0.0,139.51109051019347,63.0,COMPLETE
1744,-11.471561583641982,2026-06-19 12:08:54.942728,2026-06-19 12:11:38.364778,0 days 00:02:43.422050,1.0,0.05,1.0,1.2,0.03,1.8,2.5,-42.866721052689634,-42.866721052689634,-121.2965014153601,57.9368833149529,-39.722294220119544,-11.471561583641982,0.0,139.51109051019347,60.0,COMPLETE
1745,-9.384034235865261,2026-06-19 12:09:04.239361,2026-06-19 12:11:48.458522,0 days 00:02:44.219161,1.0,0.05,1.0,3.0,0.02,1.8,2.5,-42.866721052689634,-42.866721052689634,255.40406384265498,121.79047818432022,273.1246761685282,-9.384034235865261,0.0,139.51109051019347,58.0,COMPLETE
1746,-1340.0,2026-06-19 12:09:21.409245,2026-06-19 12:12:05.255067,0 days 00:02:43.845822,1.0,0.05,1.0,3.0,0.02,1.7000000000000002,2.5,-42.866721052689634,-42.866721052689634,255.40406384265498,-2.6069293776967726,260.9888502962893,-1340.0,0.0,2.97785707593762,16.0,COMPLETE
1747,-9.384034235865261,2026-06-19 12:09:25.682855,2026-06-19 12:12:06.449068,0 days 00:02:40.766213,1.0,0.05,1.0,3.0,0.02,1.8,2.5,-42.866721052689634,-42.866721052689634,255.40406384265498,121.79047818432022,273.1246761685282,-9.384034235865261,0.0,139.51109051019347,58.0,COMPLETE
1748,-9.39490697627085,2026-06-19 12:09:33.377884,2026-06-19 12:12:17.361558,0 days 00:02:43.983674,1.0,0.05,1.0,3.0,0.02,1.7000000000000002,2.6,-42.866721052689634,-42.866721052689634,255.40406384265498,121.23977968418808,273.1246761685282,-9.39490697627085,0.0,138.96039201006133,58.0,COMPLETE
1749,-1340.0,2026-06-19 12:09:55.299869,2026-06-19 12:12:35.895529,0 days 00:02:40.595660,1.0,0.05,1.0,3.0,0.02,1.7000000000000002,2.5,-42.866721052689634,-42.866721052689634,255.40406384265498,-2.6069293776967726,260.9888502962893,-1340.0,0.0,2.97785707593762,16.0,COMPLETE
1750,-1340.0,2026-06-19 12:10:30.251331,2026-06-19 12:13:09.975056,0 days 00:02:39.723725,1.0,0.05,1.0,3.0,0.02,1.7000000000000002,2.5,-42.866721052689634,-42.866721052689634,255.40406384265498,-2.6069293776967726,260.9888502962893,-1340.0,0.0,2.97785707593762,16.0,COMPLETE
1751,-1340.0,2026-06-19 12:11:07.595399,2026-06-19 12:13:51.225965,0 days 00:02:43.630566,1.0,0.05,1.0,3.0,0.02,1.7000000000000002,2.5,-42.866721052689634,-42.866721052689634,255.40406384265498,-2.6069293776967726,260.9888502962893,-1340.0,0.0,2.97785707593762,16.0,COMPLETE
1752,-9.39490697627085,2026-06-19 12:11:38.401181,2026-06-19 12:14:22.884621,0 days 00:02:44.483440,1.0,0.01,1.0,3.0,0.02,1.7000000000000002,2.6,-42.866721052689634,-42.866721052689634,255.40406384265498,121.23977968418808,273.1246761685282,-9.39490697627085,0.0,138.96039201006133,58.0,COMPLETE
1753,-1340.0,2026-06-19 12:11:48.489780,2026-06-19 12:14:33.562810,0 days 00:02:45.073030,1.0,0.01,1.0,3.0,0.02,1.7000000000000002,2.3,-42.866721052689634,-42.866721052689634,255.40406384265498,-2.6069293776967726,260.9888502962893,-1340.0,0.0,2.97785707593762,16.0,COMPLETE
1754,-1340.0,2026-06-19 12:12:05.287887,2026-06-19 12:14:49.723736,0 days 00:02:44.435849,1.0,0.01,1.0,3.0,0.02,1.7000000000000002,2.3,-42.866721052689634,-42.866721052689634,255.40406384265498,-2.6069293776967726,260.9888502962893,-1340.0,0.0,2.97785707593762,16.0,COMPLETE
1755,-1340.0,2026-06-19 12:12:06.483325,2026-06-19 12:14:46.566293,0 days 00:02:40.082968,1.0,0.01,1.0,3.0,0.02,1.7000000000000002,1.5,-42.866721052689634,-42.866721052689634,255.40406384265498,-25.315154116568465,262.9751641406061,-1340.0,0.0,-17.74405381861725,16.0,COMPLETE
1756,-1340.0,2026-06-19 12:12:17.391010,2026-06-19 12:15:01.833668,0 days 00:02:44.442658,1.0,0.03,1.0,3.0,0.02,1.8,2.3,-42.866721052689634,-42.866721052689634,255.40406384265498,-2.6069293776967726,260.9888502962893,-1340.0,0.0,2.97785707593762,16.0,COMPLETE
1757,-1340.0,2026-06-19 12:12:35.930952,2026-06-19 12:15:19.084337,0 days 00:02:43.153385,1.0,0.01,1.0,3.0,0.02,1.8,2.3,-42.866721052689634,-42.866721052689634,255.40406384265498,-2.6069293776967726,260.9888502962893,-1340.0,0.0,2.97785707593762,16.0,COMPLETE
1758,-1340.0,2026-06-19 12:13:10.011406,2026-06-19 12:15:49.908072,0 days 00:02:39.896666,1.0,0.01,1.0,3.0,0.02,1.8,2.3,-42.866721052689634,-42.866721052689634,255.40406384265498,-2.6069293776967726,260.9888502962893,-1340.0,0.0,2.97785707593762,16.0,COMPLETE
1759,-1340.0,2026-06-19 12:13:51.256236,2026-06-19 12:16:34.180933,0 days 00:02:42.924697,1.0,0.01,1.0,3.0,0.02,1.8,2.3,-42.866721052689634,-42.866721052689634,255.40406384265498,-2.6069293776967726,260.9888502962893,-1340.0,0.0,2.97785707593762,16.0,COMPLETE
1760,-2.3146479038941097,2026-06-19 12:14:22.919143,2026-06-19 12:17:07.800083,0 days 00:02:44.880940,1.0,0.03,1.0,3.0,0.02,1.8,2.4000000000000004,-42.866721052689634,-42.866721052689634,255.40406384265498,166.76734790688081,274.6862499065998,-2.3146479038941097,0.0,186.04953397082582,72.0,COMPLETE
1761,-2.3146479038941097,2026-06-19 12:14:33.600002,2026-06-19 12:17:17.573976,0 days 00:02:43.973974,1.0,0.03,1.0,3.0,0.02,1.8,2.4000000000000004,-42.866721052689634,-42.866721052689634,255.40406384265498,166.76734790688081,274.6862499065998,-2.3146479038941097,0.0,186.04953397082582,72.0,COMPLETE
1762,-7.248563593742764,2026-06-19 12:14:46.596737,2026-06-19 12:17:27.040905,0 days 00:02:40.444168,1.0,0.05,0.8,3.0,0.02,1.8,2.4000000000000004,-42.866721052689634,-42.866721052689634,-89.42837540568195,144.46884300908445,-47.84768444394065,-7.248563593742764,0.0,186.04953397082582,73.0,COMPLETE
1763,-2.3146479038941097,2026-06-19 12:14:49.762000,2026-06-19 12:17:33.550351,0 days 00:02:43.788351,1.0,0.03,1.0,3.0,0.02,1.8,2.4000000000000004,-42.866721052689634,-42.866721052689634,255.40406384265498,166.76734790688081,274.6862499065998,-2.3146479038941097,0.0,186.04953397082582,72.0,COMPLETE
1764,-2.4266312302903628,2026-06-19 12:15:01.867955,2026-06-19 12:17:46.261181,0 days 00:02:44.393226,1.0,0.03,1.0,2.9000000000000004,0.02,1.8,2.4000000000000004,-42.866721052689634,-42.866721052689634,240.7465147329338,151.24115890904184,275.5548897947177,-2.4266312302903628,0.0,186.04953397082582,73.0,COMPLETE
1765,-2.4266312302903628,2026-06-19 12:15:19.113053,2026-06-19 12:17:59.774798,0 days 00:02:40.661745,1.0,0.05,1.0,2.9000000000000004,0.02,1.8,2.4000000000000004,-42.866721052689634,-42.866721052689634,240.7465147329338,151.24115890904184,275.5548897947177,-2.4266312302903628,0.0,186.04953397082582,73.0,COMPLETE
1766,-6.932122616161419,2026-06-19 12:15:49.941125,2026-06-19 12:18:29.692153,0 days 00:02:39.751028,1.0,0.03,0.8,2.9000000000000004,0.02,1.8,2.4000000000000004,-42.866721052689634,-42.866721052689634,-73.00191541368646,158.3415283752723,-45.29390981813302,-6.932122616161419,0.0,186.04953397082582,73.0,COMPLETE
1767,-1220.0,2026-06-19 12:16:34.213193,2026-06-19 12:19:16.416551,0 days 00:02:42.203358,0.5,0.03,1.0,2.9000000000000004,0.02,1.8,2.4000000000000004,-21.433360526344817,-21.433360526344817,120.3732573664669,27.107772957434218,133.50774476547764,-1220.0,0.0,40.242260356444916,28.0,COMPLETE
1768,-2.4266312302903628,2026-06-19 12:17:07.830405,2026-06-19 12:19:51.584563,0 days 00:02:43.754158,1.0,0.05,1.0,2.9000000000000004,0.02,1.8,2.4000000000000004,-42.866721052689634,-42.866721052689634,240.7465147329338,151.24115890904184,275.5548897947177,-2.4266312302903628,0.0,186.04953397082582,73.0,COMPLETE
1769,-1220.0,2026-06-19 12:17:17.612750,2026-06-19 12:20:02.088550,0 days 00:02:44.475800,0.5,0.05,1.0,2.9000000000000004,0.02,1.8,2.4000000000000004,-21.433360526344817,-21.433360526344817,120.3732573664669,27.107772957434218,133.50774476547764,-1220.0,0.0,40.242260356444916,28.0,COMPLETE
1770,-1220.0,2026-06-19 12:17:27.076425,2026-06-19 12:20:07.621113,0 days 00:02:40.544688,0.5,0.04,1.0,2.9000000000000004,0.02,1.8,2.4000000000000004,-21.433360526344817,-21.433360526344817,120.3732573664669,27.107772957434218,133.50774476547764,-1220.0,0.0,40.242260356444916,28.0,COMPLETE
1771,-1220.0,2026-06-19 12:17:33.580063,2026-06-19 12:20:17.873318,0 days 00:02:44.293255,0.5,0.05,1.0,2.9000000000000004,0.02,1.8,2.4000000000000004,-21.433360526344817,-21.433360526344817,120.3732573664669,27.107772957434218,133.50774476547764,-1220.0,0.0,40.242260356444916,28.0,COMPLETE
1772,-1220.0,2026-06-19 12:17:46.299145,2026-06-19 12:20:29.320545,0 days 00:02:43.021400,0.5,0.05,1.0,2.9000000000000004,0.02,1.8,2.4000000000000004,-21.433360526344817,-21.433360526344817,120.3732573664669,27.107772957434218,133.50774476547764,-1220.0,0.0,40.242260356444916,28.0,COMPLETE
1773,-1220.0,2026-06-19 12:17:59.810147,2026-06-19 12:20:41.005147,0 days 00:02:41.195000,0.5,0.05,1.0,2.9000000000000004,0.02,1.8,2.4000000000000004,-21.433360526344817,-21.433360526344817,120.3732573664669,27.107772957434218,133.50774476547764,-1220.0,0.0,40.242260356444916,28.0,COMPLETE
1774,-1220.0,2026-06-19 12:18:29.726866,2026-06-19 12:21:09.756408,0 days 00:02:40.029542,0.5,0.05,1.0,2.9000000000000004,0.02,1.8,2.4000000000000004,-21.433360526344817,-21.433360526344817,120.3732573664669,27.107772957434218,133.50774476547764,-1220.0,0.0,40.242260356444916,28.0,COMPLETE
1775,-5.78468463225307,2026-06-19 12:19:16.452316,2026-06-19 12:22:00.261751,0 days 00:02:43.809435,1.5,0.04,1.0,2.9000000000000004,0.02,1.8,2.4000000000000004,-41.95360943424255,-41.95360943424255,357.4890541665054,224.48086359302442,411.87894062651594,-5.78468463225307,0.0,278.8707500530348,73.0,COMPLETE
1776,-1220.0,2026-06-19 12:19:51.613076,2026-06-19 12:22:35.754557,0 days 00:02:44.141481,0.5,0.04,1.0,2.9000000000000004,0.02,1.8,2.4000000000000004,-21.433360526344817,-21.433360526344817,120.3732573664669,27.107772957434218,133.50774476547764,-1220.0,0.0,40.242260356444916,28.0,COMPLETE
1777,-1340.0,2026-06-19 12:20:02.125431,2026-06-19 12:22:45.971963,0 days 00:02:43.846532,1.0,0.04,1.0,3.0,0.02,1.8,2.3,-42.866721052689634,-42.866721052689634,255.40406384265498,-2.6069293776967726,260.9888502962893,-1340.0,0.0,2.97785707593762,16.0,COMPLETE
1778,-6.163195467662209,2026-06-19 12:20:07.710744,2026-06-19 12:22:48.174331,0 days 00:02:40.463587,1.5,0.05,1.0,3.0,0.02,1.8,2.5,-41.95360943424255,-41.95360943424255,372.03756108544536,217.60882031191068,409.14448636675263,-6.163195467662209,0.0,254.71574559321772,69.0,COMPLETE
1779,-1340.0,2026-06-19 12:20:17.913144,2026-06-19 12:23:01.029563,0 days 00:02:43.116419,1.5,0.05,1.0,3.0,0.02,1.3,3.0,-41.95360943424255,-41.95360943424255,372.03756108544536,-13.445068195537786,389.9494148948896,-1340.0,0.0,4.466785613906433,16.0,COMPLETE
1780,-1340.0,2026-06-19 12:20:29.360650,2026-06-19 12:23:12.191504,0 days 00:02:42.830854,1.0,0.05,1.0,3.0,0.01,1.8,2.3,-42.866721052689634,-42.866721052689634,255.40406384265498,-2.6069293776967726,260.9888502962893,-1340.0,0.0,2.97785707593762,16.0,COMPLETE
1781,-1340.0,2026-06-19 12:20:41.040174,2026-06-19 12:23:22.187274,0 days 00:02:41.147100,1.5,0.04,1.0,3.0,0.02,1.0,2.5,-41.95360943424255,-41.95360943424255,372.03756108544536,-47.50740530384532,392.9288856613648,-1340.0,0.0,-26.616080727925873,16.0,COMPLETE
1782,-29.44803789077123,2026-06-19 12:21:09.795168,2026-06-19 12:23:50.277982,0 days 00:02:40.482814,1.5,0.05,1.0,2.0,0.01,1.8,2.5,-41.95360943424255,-41.95360943424255,-321.61269755784195,-8.604722039794046,-58.29222992483003,-29.44803789077123,0.0,254.71574559321772,71.0,COMPLETE
1783,-1340.0,2026-06-19 12:22:00.297707,2026-06-19 12:24:42.734669,0 days 00:02:42.436962,1.0,0.05,1.0,3.0,0.01,1.8,2.3,-42.866721052689634,-42.866721052689634,255.40406384265498,-2.6069293776967726,260.9888502962893,-1340.0,0.0,2.97785707593762,16.0,COMPLETE
1784,-9.384034235865261,2026-06-19 12:22:35.802229,2026-06-19 12:25:19.741469,0 days 00:02:43.939240,1.0,0.05,1.0,3.0,0.02,1.8,2.5,-42.866721052689634,-42.866721052689634,255.40406384265498,121.79047818432022,273.1246761685282,-9.384034235865261,0.0,139.51109051019347,58.0,COMPLETE
1785,-9.384034235865261,2026-06-19 12:22:46.007548,2026-06-19 12:25:30.197596,0 days 00:02:44.190048,1.0,0.05,1.0,3.0,0.01,1.8,2.5,-42.866721052689634,-42.866721052689634,255.40406384265498,121.79047818432022,273.1246761685282,-9.384034235865261,0.0,139.51109051019347,58.0,COMPLETE
1786,-9.384034235865261,2026-06-19 12:22:48.205542,2026-06-19 12:25:28.555294,0 days 00:02:40.349752,1.0,0.05,1.0,3.0,0.01,1.8,2.5,-42.866721052689634,-42.866721052689634,255.40406384265498,121.79047818432022,273.1246761685282,-9.384034235865261,0.0,139.51109051019347,58.0,COMPLETE
1787,-9.384034235865261,2026-06-19 12:23:01.063740,2026-06-19 12:25:44.849570,0 days 00:02:43.785830,1.0,0.05,1.0,3.0,0.01,1.8,2.5,-42.866721052689634,-42.866721052689634,255.40406384265498,121.79047818432022,273.1246761685282,-9.384034235865261,0.0,139.51109051019347,58.0,COMPLETE
1788,-9.384034235865261,2026-06-19 12:23:12.222302,2026-06-19 12:25:55.630101,0 days 00:02:43.407799,1.0,0.05,1.0,3.0,0.02,1.8,2.5,-42.866721052689634,-42.866721052689634,255.40406384265498,121.79047818432022,273.1246761685282,-9.384034235865261,0.0,139.51109051019347,58.0,COMPLETE
1789,-9.384034235865261,2026-06-19 12:23:22.219914,2026-06-19 12:26:03.864499,0 days 00:02:41.644585,1.0,0.05,1.0,3.0,0.02,1.8,2.5,-42.866721052689634,-42.866721052689634,255.40406384265498,121.79047818432022,273.1246761685282,-9.384034235865261,0.0,139.51109051019347,58.0,COMPLETE
1790,-9.384034235865261,2026-06-19 12:23:50.310913,2026-06-19 12:26:29.232057,0 days 00:02:38.921144,1.0,0.05,1.0,3.0,0.02,1.8,2.5,-42.866721052689634,-42.866721052689634,255.40406384265498,121.79047818432022,273.1246761685282,-9.384034235865261,0.0,139.51109051019347,58.0,COMPLETE
1791,-9.384034235865261,2026-06-19 12:24:42.763849,2026-06-19 12:27:26.266271,0 days 00:02:43.502422,1.0,0.05,1.0,3.0,0.02,1.8,2.5,-42.866721052689634,-42.866721052689634,255.40406384265498,121.79047818432022,273.1246761685282,-9.384034235865261,0.0,139.51109051019347,58.0,COMPLETE
1792,-9.384034235865261,2026-06-19 12:25:19.778186,2026-06-19 12:28:03.731159,0 days 00:02:43.952973,1.0,0.05,1.0,3.0,0.02,1.8,2.5,-42.866721052689634,-42.866721052689634,255.40406384265498,121.79047818432022,273.1246761685282,-9.384034235865261,0.0,139.51109051019347,58.0,COMPLETE
1793,-1340.0,2026-06-19 12:25:28.585130,2026-06-19 12:28:09.907550,0 days 00:02:41.322420,1.0,0.05,1.0,3.0,0.02,1.8,2.3,-42.866721052689634,-42.866721052689634,255.40406384265498,-2.6069293776967726,260.9888502962893,-1340.0,0.0,2.97785707593762,16.0,COMPLETE
1794,-1340.0,2026-06-19 12:25:30.299124,2026-06-19 12:28:15.039437,0 days 00:02:44.740313,1.0,0.05,1.0,3.0,0.02,1.8,2.3,-42.866721052689634,-42.866721052689634,255.40406384265498,-2.6069293776967726,260.9888502962893,-1340.0,0.0,2.97785707593762,16.0,COMPLETE
1795,-1340.0,2026-06-19 12:25:44.887015,2026-06-19 12:28:28.786144,0 days 00:02:43.899129,1.0,0.05,1.0,3.0,0.02,1.8,2.0,-42.866721052689634,-42.866721052689634,255.40406384265498,1.2492409410701484,260.9888502962893,-1340.0,0.0,6.834027394704542,16.0,COMPLETE
1796,-1340.0,2026-06-19 12:25:55.669334,2026-06-19 12:28:39.935486,0 days 00:02:44.266152,1.0,0.05,1.0,3.0,0.02,1.8,2.3,-42.866721052689634,-42.866721052689634,255.40406384265498,-2.6069293776967726,260.9888502962893,-1340.0,0.0,2.97785707593762,16.0,COMPLETE
1797,-1340.0,2026-06-19 12:26:03.902100,2026-06-19 12:28:46.221131,0 days 00:02:42.319031,1.0,0.05,1.0,3.0,0.04,1.8,2.3,-42.866721052689634,-42.866721052689634,255.40406384265498,-2.6069293776967726,260.9888502962893,-1340.0,0.0,2.97785707593762,16.0,COMPLETE
