number,value,datetime_start,datetime_complete,duration,params_MAX_POSITION_PCT,params_MAX_RISK_PCT,params_MR_MIN_RR,params_MR_STOP_MULT,params_RISK_TIER_EQUITY_PCT,params_TP_MIN_RR,params_TP_STOP_MULT,user_attrs_BTC_PnL,user_attrs_MB_PnL,user_attrs_MR_PnL,user_attrs_QQQ_PnL,user_attrs_SPY_PnL,user_attrs_Score,user_attrs_TF_PnL,user_attrs_TP_PnL,user_attrs_Total_Trades,state
1946,-2.4266312302903628,2026-06-19 13:17:22.389647,2026-06-19 13:20:03.875094,0 days 00:02:41.485447,1.0,0.05,1.0,2.9000000000000004,0.02,1.8,2.4000000000000004,-42.866721052689634,-42.866721052689634,240.7465147329338,151.24115890904184,275.5548897947177,-2.4266312302903628,0.0,186.04953397082582,73.0,COMPLETE
1947,-2.4266312302903628,2026-06-19 13:17:28.555321,2026-06-19 13:20:10.769671,0 days 00:02:42.214350,1.0,0.05,1.0,2.9000000000000004,0.06,1.8,2.4000000000000004,-42.866721052689634,-42.866721052689634,240.7465147329338,151.24115890904184,275.5548897947177,-2.4266312302903628,0.0,186.04953397082582,73.0,COMPLETE
1948,-2.4266312302903628,2026-06-19 13:17:36.051475,2026-06-19 13:20:19.179060,0 days 00:02:43.127585,1.0,0.05,1.0,2.9000000000000004,0.06,1.8,2.4000000000000004,-42.866721052689634,-42.866721052689634,240.7465147329338,151.24115890904184,275.5548897947177,-2.4266312302903628,0.0,186.04953397082582,73.0,COMPLETE
1949,-1340.0,2026-06-19 13:17:36.393303,2026-06-19 13:20:20.308632,0 days 00:02:43.915329,1.0,0.05,1.0,3.0,0.06,1.7000000000000002,2.3,-42.866721052689634,-42.866721052689634,255.40406384265498,-2.6069293776967726,260.9888502962893,-1340.0,0.0,2.97785707593762,16.0,COMPLETE
1950,-1340.0,2026-06-19 13:17:48.700467,2026-06-19 13:20:32.478010,0 days 00:02:43.777543,1.0,0.05,1.0,3.0,0.06,1.8,2.3,-42.866721052689634,-42.866721052689634,255.40406384265498,-2.6069293776967726,260.9888502962893,-1340.0,0.0,2.97785707593762,16.0,COMPLETE
1951,-1340.0,2026-06-19 13:19:06.758445,2026-06-19 13:21:50.099453,0 days 00:02:43.341008,1.0,0.05,1.0,3.0,0.06,1.7000000000000002,2.3,-42.866721052689634,-42.866721052689634,255.40406384265498,-2.6069293776967726,260.9888502962893,-1340.0,0.0,2.97785707593762,16.0,COMPLETE
1952,-1340.0,2026-06-19 13:19:09.053546,2026-06-19 13:21:49.115569,0 days 00:02:40.062023,1.0,0.05,1.0,3.0,0.06,1.8,2.3,-42.866721052689634,-42.866721052689634,255.40406384265498,-2.6069293776967726,260.9888502962893,-1340.0,0.0,2.97785707593762,16.0,COMPLETE
1953,-1340.0,2026-06-19 13:19:53.925048,2026-06-19 13:22:37.778724,0 days 00:02:43.853676,1.0,0.05,1.0,3.0,0.04,1.7000000000000002,2.3,-42.866721052689634,-42.866721052689634,255.40406384265498,-2.6069293776967726,260.9888502962893,-1340.0,0.0,2.97785707593762,16.0,COMPLETE
1954,-1340.0,2026-06-19 13:20:03.912551,2026-06-19 13:22:43.869932,0 days 00:02:39.957381,1.0,0.05,1.0,3.0,0.06,1.8,2.3,-42.866721052689634,-42.866721052689634,255.40406384265498,-2.6069293776967726,260.9888502962893,-1340.0,0.0,2.97785707593762,16.0,COMPLETE
1955,-1340.0,2026-06-19 13:20:10.800785,2026-06-19 13:22:52.077918,0 days 00:02:41.277133,1.0,0.05,1.0,3.0,0.04,1.7000000000000002,2.3,-42.866721052689634,-42.866721052689634,255.40406384265498,-2.6069293776967726,260.9888502962893,-1340.0,0.0,2.97785707593762,16.0,COMPLETE
1956,-1340.0,2026-06-19 13:20:19.220998,2026-06-19 13:23:03.529290,0 days 00:02:44.308292,1.0,0.05,1.0,3.0,0.04,1.7000000000000002,2.3,-42.866721052689634,-42.866721052689634,255.40406384265498,-2.6069293776967726,260.9888502962893,-1340.0,0.0,2.97785707593762,16.0,COMPLETE
1957,-1340.0,2026-06-19 13:20:20.349156,2026-06-19 13:23:04.040586,0 days 00:02:43.691430,1.0,0.05,1.0,3.0,0.02,1.8,2.3,-42.866721052689634,-42.866721052689634,255.40406384265498,-2.6069293776967726,260.9888502962893,-1340.0,0.0,2.97785707593762,16.0,COMPLETE
1958,-1290.0,2026-06-19 13:20:32.509815,2026-06-19 13:23:15.156157,0 days 00:02:42.646342,1.0,0.05,1.0,2.1,0.04,1.8,2.3,-42.866721052689634,-42.866721052689634,-288.37621568858367,-157.14265673869875,-128.25570187394732,-1290.0,0.0,2.97785707593762,21.0,COMPLETE
1959,-1340.0,2026-06-19 13:21:49.147306,2026-06-19 13:24:28.713706,0 days 00:02:39.566400,1.0,0.05,1.0,3.0,0.02,1.8,2.3,-42.866721052689634,-42.866721052689634,255.40406384265498,-2.6069293776967726,260.9888502962893,-1340.0,0.0,2.97785707593762,16.0,COMPLETE
1960,-30.795849443467574,2026-06-19 13:21:50.132551,2026-06-19 13:24:33.217008,0 days 00:02:43.084457,1.0,0.02,1.0,2.1,0.02,1.8,2.4000000000000004,-42.866721052689634,-42.866721052689634,-288.37621568858367,12.231620545878775,-114.55830226363673,-30.795849443467574,0.0,186.04953397082582,77.0,COMPLETE
1961,-2.3146479038941097,2026-06-19 13:22:37.817522,2026-06-19 13:25:21.356441,0 days 00:02:43.538919,1.0,0.02,1.0,3.0,0.02,1.8,2.4000000000000004,-42.866721052689634,-42.866721052689634,255.40406384265498,166.76734790688081,274.6862499065998,-2.3146479038941097,0.0,186.04953397082582,72.0,COMPLETE
1962,-2.3146479038941097,2026-06-19 13:22:43.908837,2026-06-19 13:25:24.971922,0 days 00:02:41.063085,1.0,0.02,1.0,3.0,0.02,1.8,2.4000000000000004,-42.866721052689634,-42.866721052689634,255.40406384265498,166.76734790688081,274.6862499065998,-2.3146479038941097,0.0,186.04953397082582,72.0,COMPLETE
1963,-1340.0,2026-06-19 13:22:52.110879,2026-06-19 13:25:33.428783,0 days 00:02:41.317904,1.0,0.02,1.0,3.0,0.02,1.8,1.6,-42.866721052689634,-42.866721052689634,255.40406384265498,-46.89282285183566,264.9269113109146,-1340.0,0.0,-37.36997538357597,16.0,COMPLETE
1964,-2.3146479038941097,2026-06-19 13:23:03.560770,2026-06-19 13:25:47.025705,0 days 00:02:43.464935,1.0,0.05,1.0,3.0,0.02,1.8,2.4000000000000004,-42.866721052689634,-42.866721052689634,255.40406384265498,166.76734790688081,274.6862499065998,-2.3146479038941097,0.0,186.04953397082582,72.0,COMPLETE
1965,-2.3146479038941097,2026-06-19 13:23:04.081799,2026-06-19 13:25:47.778936,0 days 00:02:43.697137,1.0,0.05,1.0,3.0,0.02,1.8,2.4000000000000004,-42.866721052689634,-42.866721052689634,255.40406384265498,166.76734790688081,274.6862499065998,-2.3146479038941097,0.0,186.04953397082582,72.0,COMPLETE
1966,-2.3146479038941097,2026-06-19 13:23:15.196026,2026-06-19 13:25:58.221019,0 days 00:02:43.024993,1.0,0.05,1.0,3.0,0.02,1.8,2.4000000000000004,-42.866721052689634,-42.866721052689634,255.40406384265498,166.76734790688081,274.6862499065998,-2.3146479038941097,0.0,186.04953397082582,72.0,COMPLETE
1967,-2.3146479038941097,2026-06-19 13:24:28.752123,2026-06-19 13:27:09.157184,0 days 00:02:40.405061,1.0,0.02,1.0,3.0,0.02,1.8,2.4000000000000004,-42.866721052689634,-42.866721052689634,255.40406384265498,166.76734790688081,274.6862499065998,-2.3146479038941097,0.0,186.04953397082582,72.0,COMPLETE
1968,-2.3146479038941097,2026-06-19 13:24:33.250210,2026-06-19 13:27:15.513620,0 days 00:02:42.263410,1.0,0.05,1.0,3.0,0.02,1.8,2.4000000000000004,-42.866721052689634,-42.866721052689634,255.40406384265498,166.76734790688081,274.6862499065998,-2.3146479038941097,0.0,186.04953397082582,72.0,COMPLETE
1969,-2.3146479038941097,2026-06-19 13:25:21.387319,2026-06-19 13:28:06.453862,0 days 00:02:45.066543,1.0,0.04,1.0,3.0,0.02,1.8,2.4000000000000004,-42.866721052689634,-42.866721052689634,255.40406384265498,166.76734790688081,274.6862499065998,-2.3146479038941097,0.0,186.04953397082582,72.0,COMPLETE
1970,-2.3146479038941097,2026-06-19 13:25:25.006052,2026-06-19 13:28:06.607936,0 days 00:02:41.601884,1.0,0.05,1.0,3.0,0.02,1.8,2.4000000000000004,-42.866721052689634,-42.866721052689634,255.40406384265498,166.76734790688081,274.6862499065998,-2.3146479038941097,0.0,186.04953397082582,72.0,COMPLETE
1971,-2.3146479038941097,2026-06-19 13:25:33.467185,2026-06-19 13:28:16.006347,0 days 00:02:42.539162,1.0,0.05,1.0,3.0,0.02,1.8,2.4000000000000004,-42.866721052689634,-42.866721052689634,255.40406384265498,166.76734790688081,274.6862499065998,-2.3146479038941097,0.0,186.04953397082582,72.0,COMPLETE
1972,-2.3146479038941097,2026-06-19 13:25:47.056209,2026-06-19 13:28:30.926156,0 days 00:02:43.869947,1.0,0.01,1.0,3.0,0.02,1.8,2.4000000000000004,-42.866721052689634,-42.866721052689634,255.40406384265498,166.76734790688081,274.6862499065998,-2.3146479038941097,0.0,186.04953397082582,72.0,COMPLETE
1973,-2.3146479038941097,2026-06-19 13:25:47.824685,2026-06-19 13:28:31.225299,0 days 00:02:43.400614,1.0,0.01,1.0,3.0,0.02,1.8,2.4000000000000004,-42.866721052689634,-42.866721052689634,255.40406384265498,166.76734790688081,274.6862499065998,-2.3146479038941097,0.0,186.04953397082582,72.0,COMPLETE
1974,-2.3146479038941097,2026-06-19 13:25:58.256542,2026-06-19 13:28:43.499183,0 days 00:02:45.242641,1.0,0.01,1.0,3.0,0.02,1.8,2.4000000000000004,-42.866721052689634,-42.866721052689634,255.40406384265498,166.76734790688081,274.6862499065998,-2.3146479038941097,0.0,186.04953397082582,72.0,COMPLETE
1975,-5.78468463225307,2026-06-19 13:27:09.245843,2026-06-19 13:29:51.147466,0 days 00:02:41.901623,1.5,0.01,1.0,2.9000000000000004,0.02,1.8,2.4000000000000004,-41.95360943424255,-41.95360943424255,357.4890541665054,224.48086359302442,411.87894062651594,-5.78468463225307,0.0,278.8707500530348,73.0,COMPLETE
1976,-9.498367911971032,2026-06-19 13:27:15.552884,2026-06-19 13:29:59.941104,0 days 00:02:44.388220,1.0,0.04,1.0,2.9000000000000004,0.02,1.8,2.5,-42.866721052689634,-42.866721052689634,240.7465147329338,106.26428918648125,273.99331605664605,-9.498367911971032,0.0,139.51109051019347,59.0,COMPLETE
1977,-9.498367911971032,2026-06-19 13:28:06.489150,2026-06-19 13:30:50.965106,0 days 00:02:44.475956,1.0,0.01,1.0,2.9000000000000004,0.02,1.8,2.5,-42.866721052689634,-42.866721052689634,240.7465147329338,106.26428918648125,273.99331605664605,-9.498367911971032,0.0,139.51109051019347,59.0,COMPLETE
1978,-31.376035341184505,2026-06-19 13:28:06.666061,2026-06-19 13:30:47.329869,0 days 00:02:40.663808,1.0,0.01,0.5,2.9000000000000004,0.02,1.8,2.5,-42.866721052689634,-42.866721052689634,-241.43571534583012,-8.717094007756858,-93.20753082787974,-31.376035341184505,0.0,139.51109051019347,61.0,COMPLETE
1979,-6.214514170118511,2026-06-19 13:28:16.041818,2026-06-19 13:30:59.200825,0 days 00:02:43.159007,1.5,0.01,1.0,2.9000000000000004,0.02,1.8,2.5,-41.95360943424255,-41.95360943424255,357.4890541665054,201.47333617360653,410.7314635861168,-6.214514170118511,0.0,254.71574559321772,70.0,COMPLETE
1980,-9.498367911971032,2026-06-19 13:28:30.961174,2026-06-19 13:31:15.095942,0 days 00:02:44.134768,1.0,0.01,1.0,2.9000000000000004,0.02,1.8,2.5,-42.866721052689634,-42.866721052689634,240.7465147329338,106.26428918648125,273.99331605664605,-9.498367911971032,0.0,139.51109051019347,59.0,COMPLETE
1981,-6.214514170118511,2026-06-19 13:28:31.266065,2026-06-19 13:31:14.715294,0 days 00:02:43.449229,1.5,0.05,1.0,2.9000000000000004,0.02,1.8,2.5,-41.95360943424255,-41.95360943424255,357.4890541665054,201.47333617360653,410.7314635861168,-6.214514170118511,0.0,254.71574559321772,70.0,COMPLETE
1982,-9.498367911971032,2026-06-19 13:28:43.537426,2026-06-19 13:31:27.247870,0 days 00:02:43.710444,1.0,0.05,1.0,2.9000000000000004,0.02,1.8,2.5,-42.866721052689634,-42.866721052689634,240.7465147329338,106.26428918648125,273.99331605664605,-9.498367911971032,0.0,139.51109051019347,59.0,COMPLETE
1983,-9.498367911971032,2026-06-19 13:29:51.186752,2026-06-19 13:32:31.706548,0 days 00:02:40.519796,1.0,0.05,1.0,2.9000000000000004,0.02,1.8,2.5,-42.866721052689634,-42.866721052689634,240.7465147329338,106.26428918648125,273.99331605664605,-9.498367911971032,0.0,139.51109051019347,59.0,COMPLETE
1984,-9.498367911971032,2026-06-19 13:29:59.974627,2026-06-19 13:32:42.528321,0 days 00:02:42.553694,1.0,0.05,1.0,2.9000000000000004,0.02,1.8,2.5,-42.866721052689634,-42.866721052689634,240.7465147329338,106.26428918648125,273.99331605664605,-9.498367911971032,0.0,139.51109051019347,59.0,COMPLETE
1985,-6.214514170118511,2026-06-19 13:30:47.370795,2026-06-19 13:33:28.575600,0 days 00:02:41.204805,1.5,0.05,1.0,2.9000000000000004,0.02,1.8,2.5,-41.95360943424255,-41.95360943424255,357.4890541665054,201.47333617360653,410.7314635861168,-6.214514170118511,0.0,254.71574559321772,70.0,COMPLETE
1986,-6.214514170118511,2026-06-19 13:30:50.999783,2026-06-19 13:33:34.073884,0 days 00:02:43.074101,1.5,0.05,1.0,2.9000000000000004,0.02,1.8,2.5,-41.95360943424255,-41.95360943424255,357.4890541665054,201.47333617360653,410.7314635861168,-6.214514170118511,0.0,254.71574559321772,70.0,COMPLETE
1987,-9.498367911971032,2026-06-19 13:30:59.231681,2026-06-19 13:33:41.217126,0 days 00:02:41.985445,1.0,0.05,1.0,2.9000000000000004,0.06,1.8,2.5,-42.866721052689634,-42.866721052689634,240.7465147329338,106.26428918648125,273.99331605664605,-9.498367911971032,0.0,139.51109051019347,59.0,COMPLETE
1988,-9.384034235865261,2026-06-19 13:31:14.746525,2026-06-19 13:33:58.383573,0 days 00:02:43.637048,1.0,0.05,1.0,3.0,0.06,1.8,2.5,-42.866721052689634,-42.866721052689634,255.40406384265498,121.79047818432022,273.1246761685282,-9.384034235865261,0.0,139.51109051019347,58.0,COMPLETE
1989,-1230.0,2026-06-19 13:31:15.140258,2026-06-19 13:33:58.809001,0 days 00:02:43.668743,0.5,0.05,1.0,3.0,0.06,1.8,2.4000000000000004,-21.433360526344817,-21.433360526344817,127.70203192132749,34.87086745635371,133.07342482141868,-1230.0,0.0,40.242260356444916,27.0,COMPLETE
1990,-1340.0,2026-06-19 13:31:27.279492,2026-06-19 13:34:10.372605,0 days 00:02:43.093113,0.5,0.05,1.0,3.0,0.06,1.7000000000000002,2.4000000000000004,-21.433360526344817,-21.433360526344817,127.70203192132749,-1.3034646888483863,130.49442514814464,-1340.0,0.0,1.48892853796881,16.0,COMPLETE
1991,-1340.0,2026-06-19 13:32:31.748387,2026-06-19 13:35:12.530476,0 days 00:02:40.782089,0.5,0.05,1.0,3.0,0.06,1.7000000000000002,2.4000000000000004,-21.433360526344817,-21.433360526344817,127.70203192132749,-1.3034646888483863,130.49442514814464,-1340.0,0.0,1.48892853796881,16.0,COMPLETE
1992,-1340.0,2026-06-19 13:32:42.565681,2026-06-19 13:35:25.839219,0 days 00:02:43.273538,0.5,0.05,1.0,3.0,0.06,1.7000000000000002,2.4000000000000004,-21.433360526344817,-21.433360526344817,127.70203192132749,-1.3034646888483863,130.49442514814464,-1340.0,0.0,1.48892853796881,16.0,COMPLETE
1993,-1340.0,2026-06-19 13:33:28.610968,2026-06-19 13:36:10.919933,0 days 00:02:42.308965,0.5,0.05,1.0,3.0,0.06,1.7000000000000002,2.4000000000000004,-21.433360526344817,-21.433360526344817,127.70203192132749,-1.3034646888483863,130.49442514814464,-1340.0,0.0,1.48892853796881,16.0,COMPLETE
1994,-1230.0,2026-06-19 13:33:34.124744,2026-06-19 13:36:18.303022,0 days 00:02:44.178278,0.5,0.05,1.0,3.0,0.06,1.8,2.4000000000000004,-21.433360526344817,-21.433360526344817,127.70203192132749,34.87086745635371,133.07342482141868,-1230.0,0.0,40.242260356444916,27.0,COMPLETE
1995,-1340.0,2026-06-19 13:33:41.251285,2026-06-19 13:36:24.306366,0 days 00:02:43.055081,1.0,0.05,1.0,3.0,0.06,1.7000000000000002,2.4000000000000004,-42.866721052689634,-42.866721052689634,255.40406384265498,-2.6069293776967726,260.9888502962893,-1340.0,0.0,2.97785707593762,16.0,COMPLETE
1996,-1340.0,2026-06-19 13:33:58.422137,2026-06-19 13:36:43.152661,0 days 00:02:44.730524,0.5,0.05,1.0,3.0,0.02,1.7000000000000002,2.4000000000000004,-21.433360526344817,-21.433360526344817,127.70203192132749,-1.3034646888483863,130.49442514814464,-1340.0,0.0,1.48892853796881,16.0,COMPLETE
1997,-1340.0,2026-06-19 13:33:58.850421,2026-06-19 13:36:43.586905,0 days 00:02:44.736484,1.0,0.04,1.0,3.0,0.02,1.7000000000000002,2.3,-42.866721052689634,-42.866721052689634,255.40406384265498,-2.6069293776967726,260.9888502962893,-1340.0,0.0,2.97785707593762,16.0,COMPLETE
1998,-1330.0,2026-06-19 13:34:10.406733,2026-06-19 13:36:53.175175,0 days 00:02:42.768442,1.0,0.04,1.0,1.8,0.02,1.7000000000000002,2.3,-42.866721052689634,-42.866721052689634,-150.43613478392027,-44.354670611990755,-103.10360709599189,-1330.0,0.0,2.97785707593762,17.0,COMPLETE
1999,-1340.0,2026-06-19 13:35:12.566785,2026-06-19 13:37:52.969181,0 days 00:02:40.402396,1.0,0.04,1.0,3.0,0.02,1.8,2.3,-42.866721052689634,-42.866721052689634,255.40406384265498,-2.6069293776967726,260.9888502962893,-1340.0,0.0,2.97785707593762,16.0,COMPLETE
2000,-1340.0,2026-06-19 13:35:25.874015,2026-06-19 13:38:09.051610,0 days 00:02:43.177595,1.0,0.05,1.0,3.0,0.02,1.8,2.3,-42.866721052689634,-42.866721052689634,255.40406384265498,-2.6069293776967726,260.9888502962893,-1340.0,0.0,2.97785707593762,16.0,COMPLETE
2001,-1340.0,2026-06-19 13:36:10.949607,2026-06-19 13:38:51.310754,0 days 00:02:40.361147,1.0,0.03,1.0,3.0,0.02,1.8,2.3,-42.866721052689634,-42.866721052689634,255.40406384265498,-2.6069293776967726,260.9888502962893,-1340.0,0.0,2.97785707593762,16.0,COMPLETE
2002,-1340.0,2026-06-19 13:36:18.336769,2026-06-19 13:39:02.057178,0 days 00:02:43.720409,1.0,0.03,1.0,3.0,0.02,1.8,2.3,-42.866721052689634,-42.866721052689634,255.40406384265498,-2.6069293776967726,260.9888502962893,-1340.0,0.0,2.97785707593762,16.0,COMPLETE
2003,-1340.0,2026-06-19 13:36:24.343814,2026-06-19 13:39:06.761195,0 days 00:02:42.417381,1.0,0.05,1.0,3.0,0.02,1.8,2.3,-42.866721052689634,-42.866721052689634,255.40406384265498,-2.6069293776967726,260.9888502962893,-1340.0,0.0,2.97785707593762,16.0,COMPLETE
2004,-1340.0,2026-06-19 13:36:43.185904,2026-06-19 13:39:27.262562,0 days 00:02:44.076658,1.0,0.03,1.0,3.0,0.02,1.8,2.3,-42.866721052689634,-42.866721052689634,255.40406384265498,-2.6069293776967726,260.9888502962893,-1340.0,0.0,2.97785707593762,16.0,COMPLETE
2005,-1340.0,2026-06-19 13:36:43.629113,2026-06-19 13:39:27.458232,0 days 00:02:43.829119,1.0,0.03,1.0,3.0,0.03,1.8,2.3,-42.866721052689634,-42.866721052689634,255.40406384265498,-2.6069293776967726,260.9888502962893,-1340.0,0.0,2.97785707593762,16.0,COMPLETE
2006,-1330.0,2026-06-19 13:36:53.210031,2026-06-19 13:39:38.116223,0 days 00:02:44.906192,1.0,0.05,1.0,2.8,0.02,1.8,2.3,-42.866721052689634,-42.866721052689634,124.80316200709275,-44.74027903241823,172.5212981154486,-1330.0,0.0,2.97785707593762,17.0,COMPLETE
2007,-1340.0,2026-06-19 13:37:53.000777,2026-06-19 13:40:34.367782,0 days 00:02:41.367005,1.0,0.03,1.0,3.0,0.02,1.8,2.3,-42.866721052689634,-42.866721052689634,255.40406384265498,-2.6069293776967726,260.9888502962893,-1340.0,0.0,2.97785707593762,16.0,COMPLETE
2008,-2.3146479038941097,2026-06-19 13:38:09.085804,2026-06-19 13:40:51.949735,0 days 00:02:42.863931,1.0,0.03,1.0,3.0,0.02,1.8,2.4000000000000004,-42.866721052689634,-42.866721052689634,255.40406384265498,166.76734790688081,274.6862499065998,-2.3146479038941097,0.0,186.04953397082582,72.0,COMPLETE
2009,-2.3146479038941097,2026-06-19 13:38:51.406527,2026-06-19 13:41:32.552865,0 days 00:02:41.146338,1.0,0.05,1.0,3.0,0.02,1.8,2.4000000000000004,-42.866721052689634,-42.866721052689634,255.40406384265498,166.76734790688081,274.6862499065998,-2.3146479038941097,0.0,186.04953397082582,72.0,COMPLETE
2010,-2.3146479038941097,2026-06-19 13:39:02.097927,2026-06-19 13:41:45.259011,0 days 00:02:43.161084,1.0,0.05,1.0,3.0,0.03,1.8,2.4000000000000004,-42.866721052689634,-42.866721052689634,255.40406384265498,166.76734790688081,274.6862499065998,-2.3146479038941097,0.0,186.04953397082582,72.0,COMPLETE
2011,-2.3146479038941097,2026-06-19 13:39:06.793565,2026-06-19 13:41:48.741227,0 days 00:02:41.947662,1.0,0.05,1.0,3.0,0.03,1.8,2.4000000000000004,-42.866721052689634,-42.866721052689634,255.40406384265498,166.76734790688081,274.6862499065998,-2.3146479038941097,0.0,186.04953397082582,72.0,COMPLETE
2012,-4.31241598525185,2026-06-19 13:39:27.294389,2026-06-19 13:42:10.235552,0 days 00:02:42.941163,1.0,0.05,1.0,2.8,0.03,1.8,2.4000000000000004,-42.866721052689634,-42.866721052689634,124.80316200709275,124.63399825215936,186.2186977257592,-4.31241598525185,0.0,186.04953397082582,73.0,COMPLETE
2013,-4.31241598525185,2026-06-19 13:39:27.543784,2026-06-19 13:42:10.693080,0 days 00:02:43.149296,1.0,0.05,1.0,2.8,0.02,1.8,2.4000000000000004,-42.866721052689634,-42.866721052689634,124.80316200709275,124.63399825215936,186.2186977257592,-4.31241598525185,0.0,186.04953397082582,73.0,COMPLETE
2014,-4.31241598525185,2026-06-19 13:39:38.148623,2026-06-19 13:42:21.162192,0 days 00:02:43.013569,1.0,0.05,1.0,2.8,0.02,1.8,2.4000000000000004,-42.866721052689634,-42.866721052689634,124.80316200709275,124.63399825215936,186.2186977257592,-4.31241598525185,0.0,186.04953397082582,73.0,COMPLETE
2015,-2.3146479038941097,2026-06-19 13:40:34.403316,2026-06-19 13:43:15.276356,0 days 00:02:40.873040,1.0,0.05,1.0,3.0,0.02,1.8,2.4000000000000004,-42.866721052689634,-42.866721052689634,255.40406384265498,166.76734790688081,274.6862499065998,-2.3146479038941097,0.0,186.04953397082582,72.0,COMPLETE
2016,-1340.0,2026-06-19 13:40:51.981197,2026-06-19 13:43:34.188870,0 days 00:02:42.207673,1.0,0.05,1.0,3.0,0.03,1.8,1.8,-42.866721052689634,-42.866721052689634,255.40406384265498,-36.00729388986314,260.9888502962893,-1340.0,0.0,-30.42250743622875,16.0,COMPLETE
2017,-9.870570702771591,2026-06-19 13:41:32.582438,2026-06-19 13:44:13.982240,0 days 00:02:41.399802,1.0,0.05,1.0,2.3,0.03,1.8,2.4000000000000004,-42.866721052689634,-42.866721052689634,-135.933401386579,159.7623797116336,-109.64624712738677,-9.870570702771591,0.0,186.04953397082582,73.0,COMPLETE
2018,-10.844964408054118,2026-06-19 13:41:45.297024,2026-06-19 13:44:29.124423,0 days 00:02:43.827399,2.0,0.05,1.0,2.9000000000000004,0.02,1.8,2.4000000000000004,-41.95360943424255,-41.95360943424255,385.8625485957135,288.0817046339772,459.6435712690314,-10.844964408054118,0.0,361.8627273072951,73.0,COMPLETE
2019,-9.870570702771591,2026-06-19 13:41:48.777609,2026-06-19 13:44:31.914600,0 days 00:02:43.136991,1.0,0.05,1.0,2.3,0.02,1.8,2.4000000000000004,-42.866721052689634,-42.866721052689634,-135.933401386579,159.7623797116336,-109.64624712738677,-9.870570702771591,0.0,186.04953397082582,73.0,COMPLETE
2020,-14.016913578989497,2026-06-19 13:42:10.272661,2026-06-19 13:44:54.600707,0 days 00:02:44.328046,1.0,0.05,1.0,1.6,0.02,1.8,2.4000000000000004,-42.866721052689634,-42.866721052689634,-170.6849118348236,153.00632774853602,-137.64170561253388,-14.016913578989497,0.0,186.04953397082582,76.0,COMPLETE
