number,value,datetime_start,datetime_complete,duration,params_MAX_POSITION_PCT,params_MAX_RISK_PCT,params_MR_MIN_RR,params_MR_STOP_MULT,params_RISK_TIER_EQUITY_PCT,params_TP_MIN_RR,params_TP_STOP_MULT,user_attrs_BTC_PnL,user_attrs_MB_PnL,user_attrs_MR_PnL,user_attrs_QQQ_PnL,user_attrs_SPY_PnL,user_attrs_Score,user_attrs_TF_PnL,user_attrs_TP_PnL,user_attrs_Total_Trades,state
1137,-2.4266312302903628,2026-06-19 08:41:58.981452,2026-06-19 08:44:40.232540,0 days 00:02:41.251088,1.0,0.05,1.0,2.9000000000000004,0.02,1.8,2.4000000000000004,-42.866721052689634,-42.866721052689634,240.7465147329338,151.24115890904184,275.5548897947177,-2.4266312302903628,0.0,186.04953397082582,73.0,COMPLETE
1138,-2.4266312302903628,2026-06-19 08:42:19.292988,2026-06-19 08:45:02.123471,0 days 00:02:42.830483,1.0,0.05,1.0,2.9000000000000004,0.02,1.8,2.4000000000000004,-42.866721052689634,-42.866721052689634,240.7465147329338,151.24115890904184,275.5548897947177,-2.4266312302903628,0.0,186.04953397082582,73.0,COMPLETE
1139,-2.4266312302903628,2026-06-19 08:43:03.095853,2026-06-19 08:45:46.196399,0 days 00:02:43.100546,1.0,0.05,1.0,2.9000000000000004,0.02,1.8,2.4000000000000004,-42.866721052689634,-42.866721052689634,240.7465147329338,151.24115890904184,275.5548897947177,-2.4266312302903628,0.0,186.04953397082582,73.0,COMPLETE
1140,-2.3146479038941097,2026-06-19 08:43:23.283983,2026-06-19 08:46:07.124161,0 days 00:02:43.840178,1.0,0.05,1.0,3.0,0.02,1.8,2.4000000000000004,-42.866721052689634,-42.866721052689634,255.40406384265498,166.76734790688081,274.6862499065998,-2.3146479038941097,0.0,186.04953397082582,72.0,COMPLETE
1141,-2.3146479038941097,2026-06-19 08:43:43.707790,2026-06-19 08:46:28.070195,0 days 00:02:44.362405,1.0,0.05,1.0,3.0,0.02,1.8,2.4000000000000004,-42.866721052689634,-42.866721052689634,255.40406384265498,166.76734790688081,274.6862499065998,-2.3146479038941097,0.0,186.04953397082582,72.0,COMPLETE
1142,-2.3146479038941097,2026-06-19 08:43:55.352559,2026-06-19 08:46:36.348118,0 days 00:02:40.995559,1.0,0.05,1.0,3.0,0.02,1.8,2.4000000000000004,-42.866721052689634,-42.866721052689634,255.40406384265498,166.76734790688081,274.6862499065998,-2.3146479038941097,0.0,186.04953397082582,72.0,COMPLETE
1143,-2.3146479038941097,2026-06-19 08:44:04.290023,2026-06-19 08:46:48.310126,0 days 00:02:44.020103,1.0,0.05,1.0,3.0,0.02,1.8,2.4000000000000004,-42.866721052689634,-42.866721052689634,255.40406384265498,166.76734790688081,274.6862499065998,-2.3146479038941097,0.0,186.04953397082582,72.0,COMPLETE
1144,-2.3146479038941097,2026-06-19 08:44:04.545807,2026-06-19 08:46:46.449811,0 days 00:02:41.904004,1.0,0.05,1.0,3.0,0.02,1.8,2.4000000000000004,-42.866721052689634,-42.866721052689634,255.40406384265498,166.76734790688081,274.6862499065998,-2.3146479038941097,0.0,186.04953397082582,72.0,COMPLETE
1145,-2.3146479038941097,2026-06-19 08:44:40.260903,2026-06-19 08:47:21.516037,0 days 00:02:41.255134,1.0,0.05,1.0,3.0,0.01,1.8,2.4000000000000004,-42.866721052689634,-42.866721052689634,255.40406384265498,166.76734790688081,274.6862499065998,-2.3146479038941097,0.0,186.04953397082582,72.0,COMPLETE
1146,-16.786432750626226,2026-06-19 08:45:02.154664,2026-06-19 08:47:44.975502,0 days 00:02:42.820838,4.5,0.05,1.0,3.0,0.02,1.8,2.4000000000000004,-41.95360943424255,-41.95360943424255,370.56590608019616,497.66330888753527,430.5558161832672,-16.786432750626226,0.0,557.6532189906061,72.0,COMPLETE
1147,-2.3146479038941097,2026-06-19 08:45:46.226932,2026-06-19 08:48:30.015644,0 days 00:02:43.788712,1.0,0.05,1.0,3.0,0.02,1.8,2.4000000000000004,-42.866721052689634,-42.866721052689634,255.40406384265498,166.76734790688081,274.6862499065998,-2.3146479038941097,0.0,186.04953397082582,72.0,COMPLETE
1148,-13.079389530394987,2026-06-19 08:46:07.169358,2026-06-19 08:48:51.221901,0 days 00:02:44.052543,1.0,0.05,1.0,1.8,0.02,1.8,2.5,-42.866721052689634,-42.866721052689634,-150.43613478392027,80.04273695002628,-90.96778122375304,-13.079389530394987,0.0,139.51109051019347,59.0,COMPLETE
1149,-9.384034235865261,2026-06-19 08:46:28.102303,2026-06-19 08:49:11.133776,0 days 00:02:43.031473,1.0,0.05,1.0,3.0,0.02,1.8,2.5,-42.866721052689634,-42.866721052689634,255.40406384265498,121.79047818432022,273.1246761685282,-9.384034235865261,0.0,139.51109051019347,58.0,COMPLETE
1150,-9.384034235865261,2026-06-19 08:46:36.380535,2026-06-19 08:49:16.341856,0 days 00:02:39.961321,1.0,0.05,1.0,3.0,0.02,1.8,2.5,-42.866721052689634,-42.866721052689634,255.40406384265498,121.79047818432022,273.1246761685282,-9.384034235865261,0.0,139.51109051019347,58.0,COMPLETE
1151,-9.384034235865261,2026-06-19 08:46:46.481035,2026-06-19 08:49:29.135663,0 days 00:02:42.654628,1.0,0.05,1.0,3.0,0.02,1.8,2.5,-42.866721052689634,-42.866721052689634,255.40406384265498,121.79047818432022,273.1246761685282,-9.384034235865261,0.0,139.51109051019347,58.0,COMPLETE
1152,-9.384034235865261,2026-06-19 08:46:48.340803,2026-06-19 08:49:32.769488,0 days 00:02:44.428685,1.0,0.05,1.0,3.0,0.02,1.8,2.5,-42.866721052689634,-42.866721052689634,255.40406384265498,121.79047818432022,273.1246761685282,-9.384034235865261,0.0,139.51109051019347,58.0,COMPLETE
1153,-17.220140618732543,2026-06-19 08:47:21.550359,2026-06-19 08:50:03.360755,0 days 00:02:41.810396,4.5,0.05,1.0,3.0,0.01,1.8,2.5,-41.95360943424255,-41.95360943424255,370.56590608019616,427.6571818188371,428.5732505383438,-17.220140618732543,0.0,485.66452627698436,69.0,COMPLETE
1154,-9.384034235865261,2026-06-19 08:47:45.015235,2026-06-19 08:50:28.522172,0 days 00:02:43.506937,1.0,0.05,1.0,3.0,0.01,1.8,2.5,-42.866721052689634,-42.866721052689634,255.40406384265498,121.79047818432022,273.1246761685282,-9.384034235865261,0.0,139.51109051019347,58.0,COMPLETE
1155,-9.384034235865261,2026-06-19 08:48:30.048342,2026-06-19 08:51:13.819863,0 days 00:02:43.771521,1.0,0.05,1.0,3.0,0.01,1.8,2.5,-42.866721052689634,-42.866721052689634,255.40406384265498,121.79047818432022,273.1246761685282,-9.384034235865261,0.0,139.51109051019347,58.0,COMPLETE
1156,-9.384034235865261,2026-06-19 08:48:51.251465,2026-06-19 08:51:34.776791,0 days 00:02:43.525326,1.0,0.05,1.0,3.0,0.01,1.8,2.5,-42.866721052689634,-42.866721052689634,255.40406384265498,121.79047818432022,273.1246761685282,-9.384034235865261,0.0,139.51109051019347,58.0,COMPLETE
1157,-9.384034235865261,2026-06-19 08:49:11.164063,2026-06-19 08:51:54.106501,0 days 00:02:42.942438,1.0,0.05,1.0,3.0,0.01,1.8,2.5,-42.866721052689634,-42.866721052689634,255.40406384265498,121.79047818432022,273.1246761685282,-9.384034235865261,0.0,139.51109051019347,58.0,COMPLETE
1158,-9.384034235865261,2026-06-19 08:49:16.376387,2026-06-19 08:51:58.042548,0 days 00:02:41.666161,1.0,0.05,1.0,3.0,0.01,1.8,2.5,-42.866721052689634,-42.866721052689634,255.40406384265498,121.79047818432022,273.1246761685282,-9.384034235865261,0.0,139.51109051019347,58.0,COMPLETE
1159,-9.384034235865261,2026-06-19 08:49:29.169648,2026-06-19 08:52:11.633708,0 days 00:02:42.464060,1.0,0.05,1.0,3.0,0.01,1.8,2.5,-42.866721052689634,-42.866721052689634,255.40406384265498,121.79047818432022,273.1246761685282,-9.384034235865261,0.0,139.51109051019347,58.0,COMPLETE
1160,-9.384034235865261,2026-06-19 08:49:32.806767,2026-06-19 08:52:18.040588,0 days 00:02:45.233821,1.0,0.05,1.0,3.0,0.01,1.8,2.5,-42.866721052689634,-42.866721052689634,255.40406384265498,121.79047818432022,273.1246761685282,-9.384034235865261,0.0,139.51109051019347,58.0,COMPLETE
1161,-4.625493135811444,2026-06-19 08:50:03.389490,2026-06-19 08:52:44.277439,0 days 00:02:40.887949,1.0,0.05,1.0,2.8,0.01,1.8,2.6,-42.866721052689634,-42.866721052689634,124.80316200709275,94.78898112764338,198.72311900158135,-4.625493135811444,0.0,168.70893812213208,67.0,COMPLETE
1162,-9.384034235865261,2026-06-19 08:50:28.552787,2026-06-19 08:53:11.968545,0 days 00:02:43.415758,1.0,0.05,1.0,3.0,0.02,1.8,2.5,-42.866721052689634,-42.866721052689634,255.40406384265498,121.79047818432022,273.1246761685282,-9.384034235865261,0.0,139.51109051019347,58.0,COMPLETE
1163,-9.384034235865261,2026-06-19 08:51:13.850038,2026-06-19 08:53:59.174584,0 days 00:02:45.324546,1.0,0.05,1.0,3.0,0.01,1.8,2.5,-42.866721052689634,-42.866721052689634,255.40406384265498,121.79047818432022,273.1246761685282,-9.384034235865261,0.0,139.51109051019347,58.0,COMPLETE
1164,-1260.0,2026-06-19 08:51:34.807351,2026-06-19 08:54:19.303927,0 days 00:02:44.496576,0.5,0.05,1.0,3.0,0.01,1.8,2.6,-21.433360526344817,-21.433360526344817,127.70203192132749,27.47704089994762,133.07342482141868,-1260.0,0.0,32.84843380003885,24.0,COMPLETE
1165,-1340.0,2026-06-19 08:51:54.142389,2026-06-19 08:54:37.983469,0 days 00:02:43.841080,0.5,0.05,1.0,3.0,0.01,1.8,1.4,-21.433360526344817,-21.433360526344817,127.70203192132749,-12.657577058284232,131.48758207030306,-1340.0,0.0,-8.872026909308625,16.0,COMPLETE
1166,-1250.0,2026-06-19 08:51:58.073945,2026-06-19 08:54:38.619439,0 days 00:02:40.545494,0.5,0.05,1.0,2.8,0.01,1.8,2.5,-21.433360526344817,-21.433360526344817,62.401581003546376,6.4103660725869,88.8396487309983,-1250.0,0.0,32.84843380003885,25.0,COMPLETE
1167,-1260.0,2026-06-19 08:52:11.670829,2026-06-19 08:54:53.254542,0 days 00:02:41.583713,0.5,0.05,1.0,3.0,0.02,1.8,2.6,-21.433360526344817,-21.433360526344817,127.70203192132749,27.47704089994762,133.07342482141868,-1260.0,0.0,32.84843380003885,24.0,COMPLETE
1168,-1250.0,2026-06-19 08:52:18.074438,2026-06-19 08:55:01.035075,0 days 00:02:42.960637,0.5,0.05,1.0,2.9000000000000004,0.02,1.8,2.6,-21.433360526344817,-21.433360526344817,120.3732573664669,19.713946401028135,133.50774476547764,-1250.0,0.0,32.84843380003885,25.0,COMPLETE
1169,-2.4266312302903628,2026-06-19 08:52:44.310589,2026-06-19 08:55:26.621686,0 days 00:02:42.311097,1.0,0.05,1.0,2.9000000000000004,0.02,1.8,2.4000000000000004,-42.866721052689634,-42.866721052689634,240.7465147329338,151.24115890904184,275.5548897947177,-2.4266312302903628,0.0,186.04953397082582,73.0,COMPLETE
1170,-2.3146479038941097,2026-06-19 08:53:12.005904,2026-06-19 08:55:55.600927,0 days 00:02:43.595023,1.0,0.05,1.0,3.0,0.02,1.8,2.4000000000000004,-42.866721052689634,-42.866721052689634,255.40406384265498,166.76734790688081,274.6862499065998,-2.3146479038941097,0.0,186.04953397082582,72.0,COMPLETE
1171,-2.4266312302903628,2026-06-19 08:53:59.202781,2026-06-19 08:56:43.179601,0 days 00:02:43.976820,1.0,0.05,1.0,2.9000000000000004,0.02,1.8,2.4000000000000004,-42.866721052689634,-42.866721052689634,240.7465147329338,151.24115890904184,275.5548897947177,-2.4266312302903628,0.0,186.04953397082582,73.0,COMPLETE
1172,-1220.0,2026-06-19 08:54:19.343411,2026-06-19 08:57:02.813462,0 days 00:02:43.470051,0.5,0.05,1.0,2.9000000000000004,0.02,1.8,2.4000000000000004,-21.433360526344817,-21.433360526344817,120.3732573664669,27.107772957434218,133.50774476547764,-1220.0,0.0,40.242260356444916,28.0,COMPLETE
1173,-2.4266312302903628,2026-06-19 08:54:38.020162,2026-06-19 08:57:22.273113,0 days 00:02:44.252951,1.0,0.05,1.0,2.9000000000000004,0.02,1.8,2.4000000000000004,-42.866721052689634,-42.866721052689634,240.7465147329338,151.24115890904184,275.5548897947177,-2.4266312302903628,0.0,186.04953397082582,73.0,COMPLETE
1174,-2.4266312302903628,2026-06-19 08:54:38.655819,2026-06-19 08:57:19.189759,0 days 00:02:40.533940,1.0,0.05,1.0,2.9000000000000004,0.02,1.8,2.4000000000000004,-42.866721052689634,-42.866721052689634,240.7465147329338,151.24115890904184,275.5548897947177,-2.4266312302903628,0.0,186.04953397082582,73.0,COMPLETE
1175,-2.4266312302903628,2026-06-19 08:54:53.286059,2026-06-19 08:57:35.468478,0 days 00:02:42.182419,1.0,0.05,1.0,2.9000000000000004,0.02,1.8,2.4000000000000004,-42.866721052689634,-42.866721052689634,240.7465147329338,151.24115890904184,275.5548897947177,-2.4266312302903628,0.0,186.04953397082582,73.0,COMPLETE
1176,-2.4266312302903628,2026-06-19 08:55:01.074686,2026-06-19 08:57:44.359467,0 days 00:02:43.284781,1.0,0.05,1.0,2.9000000000000004,0.02,1.8,2.4000000000000004,-42.866721052689634,-42.866721052689634,240.7465147329338,151.24115890904184,275.5548897947177,-2.4266312302903628,0.0,186.04953397082582,73.0,COMPLETE
1177,-2.4266312302903628,2026-06-19 08:55:26.653394,2026-06-19 08:58:07.689713,0 days 00:02:41.036319,1.0,0.05,1.0,2.9000000000000004,0.02,1.8,2.4000000000000004,-42.866721052689634,-42.866721052689634,240.7465147329338,151.24115890904184,275.5548897947177,-2.4266312302903628,0.0,186.04953397082582,73.0,COMPLETE
1178,-2.4266312302903628,2026-06-19 08:55:55.633295,2026-06-19 08:58:38.485737,0 days 00:02:42.852442,1.0,0.05,1.0,2.9000000000000004,0.02,1.8,2.4000000000000004,-42.866721052689634,-42.866721052689634,240.7465147329338,151.24115890904184,275.5548897947177,-2.4266312302903628,0.0,186.04953397082582,73.0,COMPLETE
1179,-2.3146479038941097,2026-06-19 08:56:43.216722,2026-06-19 08:59:27.419574,0 days 00:02:44.202852,1.0,0.05,1.0,3.0,0.02,1.8,2.4000000000000004,-42.866721052689634,-42.866721052689634,255.40406384265498,166.76734790688081,274.6862499065998,-2.3146479038941097,0.0,186.04953397082582,72.0,COMPLETE
1180,-2.3146479038941097,2026-06-19 08:57:02.846840,2026-06-19 08:59:46.602256,0 days 00:02:43.755416,1.0,0.05,1.0,3.0,0.02,1.8,2.4000000000000004,-42.866721052689634,-42.866721052689634,255.40406384265498,166.76734790688081,274.6862499065998,-2.3146479038941097,0.0,186.04953397082582,72.0,COMPLETE
1181,-2.3146479038941097,2026-06-19 08:57:19.219009,2026-06-19 09:00:00.849133,0 days 00:02:41.630124,1.0,0.05,1.0,3.0,0.02,1.8,2.4000000000000004,-42.866721052689634,-42.866721052689634,255.40406384265498,166.76734790688081,274.6862499065998,-2.3146479038941097,0.0,186.04953397082582,72.0,COMPLETE
1182,-2.3146479038941097,2026-06-19 08:57:22.308295,2026-06-19 09:00:05.948936,0 days 00:02:43.640641,1.0,0.05,1.0,3.0,0.02,1.8,2.4000000000000004,-42.866721052689634,-42.866721052689634,255.40406384265498,166.76734790688081,274.6862499065998,-2.3146479038941097,0.0,186.04953397082582,72.0,COMPLETE
1183,-1290.0,2026-06-19 08:57:35.501184,2026-06-19 09:00:17.771851,0 days 00:02:42.270667,1.0,0.05,0.7,3.0,0.02,1.7000000000000002,2.4000000000000004,-42.866721052689634,-42.866721052689634,-138.1646973534783,-180.48562419330256,45.2987839157619,-1290.0,0.0,2.97785707593762,21.0,COMPLETE
1184,-1290.0,2026-06-19 08:57:44.394647,2026-06-19 09:00:27.641090,0 days 00:02:43.246443,1.0,0.05,0.7,3.0,0.02,1.7000000000000002,2.5,-42.866721052689634,-42.866721052689634,-138.1646973534783,-180.48562419330256,45.2987839157619,-1290.0,0.0,2.97785707593762,21.0,COMPLETE
1185,-1340.0,2026-06-19 08:58:07.718522,2026-06-19 09:00:49.435624,0 days 00:02:41.717102,1.0,0.05,1.0,3.0,0.02,1.7000000000000002,2.5,-42.866721052689634,-42.866721052689634,255.40406384265498,-2.6069293776967726,260.9888502962893,-1340.0,0.0,2.97785707593762,16.0,COMPLETE
1186,-1340.0,2026-06-19 08:58:38.517941,2026-06-19 09:01:21.835698,0 days 00:02:43.317757,1.5,0.05,1.0,3.0,0.02,1.7000000000000002,2.5,-41.95360943424255,-41.95360943424255,372.03756108544536,-13.445068195537786,389.9494148948896,-1340.0,0.0,4.466785613906433,16.0,COMPLETE
1187,-1290.0,2026-06-19 08:59:27.451420,2026-06-19 09:02:10.828963,0 days 00:02:43.377543,1.0,0.05,0.7,3.0,0.02,1.7000000000000002,2.5,-42.866721052689634,-42.866721052689634,-138.1646973534783,-180.48562419330256,45.2987839157619,-1290.0,0.0,2.97785707593762,21.0,COMPLETE
1188,-1340.0,2026-06-19 08:59:46.632652,2026-06-19 09:02:30.744408,0 days 00:02:44.111756,1.5,0.05,1.0,3.0,0.02,1.7000000000000002,2.5,-41.95360943424255,-41.95360943424255,372.03756108544536,-13.445068195537786,389.9494148948896,-1340.0,0.0,4.466785613906433,16.0,COMPLETE
1189,-1290.0,2026-06-19 09:00:00.883620,2026-06-19 09:02:41.851877,0 days 00:02:40.968257,1.0,0.05,0.7,3.0,0.02,1.7000000000000002,2.5,-42.866721052689634,-42.866721052689634,-138.1646973534783,-180.48562419330256,45.2987839157619,-1290.0,0.0,2.97785707593762,21.0,COMPLETE
1190,-1340.0,2026-06-19 09:00:05.980671,2026-06-19 09:02:49.459172,0 days 00:02:43.478501,1.0,0.05,1.0,3.0,0.02,1.7000000000000002,2.5,-42.866721052689634,-42.866721052689634,255.40406384265498,-2.6069293776967726,260.9888502962893,-1340.0,0.0,2.97785707593762,16.0,COMPLETE
1191,-9.384034235865261,2026-06-19 09:00:17.810263,2026-06-19 09:03:00.748765,0 days 00:02:42.938502,1.0,0.05,1.0,3.0,0.02,1.8,2.5,-42.866721052689634,-42.866721052689634,255.40406384265498,121.79047818432022,273.1246761685282,-9.384034235865261,0.0,139.51109051019347,58.0,COMPLETE
1192,-9.384034235865261,2026-06-19 09:00:27.674952,2026-06-19 09:03:11.720123,0 days 00:02:44.045171,1.0,0.05,1.0,3.0,0.02,1.8,2.5,-42.866721052689634,-42.866721052689634,255.40406384265498,121.79047818432022,273.1246761685282,-9.384034235865261,0.0,139.51109051019347,58.0,COMPLETE
1193,-9.384034235865261,2026-06-19 09:00:49.468077,2026-06-19 09:03:30.272289,0 days 00:02:40.804212,1.0,0.05,1.0,3.0,0.02,1.8,2.5,-42.866721052689634,-42.866721052689634,255.40406384265498,121.79047818432022,273.1246761685282,-9.384034235865261,0.0,139.51109051019347,58.0,COMPLETE
1194,-9.384034235865261,2026-06-19 09:01:21.867122,2026-06-19 09:04:03.930243,0 days 00:02:42.063121,1.0,0.05,1.0,3.0,0.02,1.8,2.5,-42.866721052689634,-42.866721052689634,255.40406384265498,121.79047818432022,273.1246761685282,-9.384034235865261,0.0,139.51109051019347,58.0,COMPLETE
1195,-9.384034235865261,2026-06-19 09:02:10.859421,2026-06-19 09:04:55.753022,0 days 00:02:44.893601,1.0,0.05,1.0,3.0,0.02,1.8,2.5,-42.866721052689634,-42.866721052689634,255.40406384265498,121.79047818432022,273.1246761685282,-9.384034235865261,0.0,139.51109051019347,58.0,COMPLETE
1196,-9.384034235865261,2026-06-19 09:02:30.783237,2026-06-19 09:05:15.859134,0 days 00:02:45.075897,1.0,0.05,1.0,3.0,0.02,1.8,2.5,-42.866721052689634,-42.866721052689634,255.40406384265498,121.79047818432022,273.1246761685282,-9.384034235865261,0.0,139.51109051019347,58.0,COMPLETE
1197,-9.384034235865261,2026-06-19 09:02:41.887195,2026-06-19 09:05:22.924741,0 days 00:02:41.037546,1.0,0.05,1.0,3.0,0.02,1.8,2.5,-42.866721052689634,-42.866721052689634,255.40406384265498,121.79047818432022,273.1246761685282,-9.384034235865261,0.0,139.51109051019347,58.0,COMPLETE
1198,-9.384034235865261,2026-06-19 09:02:49.487388,2026-06-19 09:05:33.308737,0 days 00:02:43.821349,1.0,0.05,1.0,3.0,0.02,1.8,2.5,-42.866721052689634,-42.866721052689634,255.40406384265498,121.79047818432022,273.1246761685282,-9.384034235865261,0.0,139.51109051019347,58.0,COMPLETE
1199,-2.3146479038941097,2026-06-19 09:03:00.780312,2026-06-19 09:05:43.920587,0 days 00:02:43.140275,1.0,0.05,1.0,3.0,0.02,1.8,2.4000000000000004,-42.866721052689634,-42.866721052689634,255.40406384265498,166.76734790688081,274.6862499065998,-2.3146479038941097,0.0,186.04953397082582,72.0,COMPLETE
1200,-2.3146479038941097,2026-06-19 09:03:11.754261,2026-06-19 09:05:55.831256,0 days 00:02:44.076995,1.0,0.05,1.0,3.0,0.02,1.8,2.4000000000000004,-42.866721052689634,-42.866721052689634,255.40406384265498,166.76734790688081,274.6862499065998,-2.3146479038941097,0.0,186.04953397082582,72.0,COMPLETE
1201,-2.3146479038941097,2026-06-19 09:03:30.302815,2026-06-19 09:06:12.321039,0 days 00:02:42.018224,1.0,0.05,1.0,3.0,0.02,1.8,2.4000000000000004,-42.866721052689634,-42.866721052689634,255.40406384265498,166.76734790688081,274.6862499065998,-2.3146479038941097,0.0,186.04953397082582,72.0,COMPLETE
1202,-2.3146479038941097,2026-06-19 09:04:03.968796,2026-06-19 09:06:47.862968,0 days 00:02:43.894172,1.0,0.05,1.0,3.0,0.02,1.8,2.4000000000000004,-42.866721052689634,-42.866721052689634,255.40406384265498,166.76734790688081,274.6862499065998,-2.3146479038941097,0.0,186.04953397082582,72.0,COMPLETE
1203,-2.4266312302903628,2026-06-19 09:04:55.784673,2026-06-19 09:07:39.535308,0 days 00:02:43.750635,1.0,0.05,1.0,2.9000000000000004,0.02,1.8,2.4000000000000004,-42.866721052689634,-42.866721052689634,240.7465147329338,151.24115890904184,275.5548897947177,-2.4266312302903628,0.0,186.04953397082582,73.0,COMPLETE
1204,-38.13538858740022,2026-06-19 09:05:15.890094,2026-06-19 09:07:59.534907,0 days 00:02:43.644813,3.5,0.05,1.0,1.1,0.02,1.8,2.4000000000000004,-41.95360943424255,-41.95360943424255,-366.9628546569937,344.37371319863144,-212.111807233677,-38.13538858740022,0.0,499.22476062194795,74.0,COMPLETE
1205,-2.4266312302903628,2026-06-19 09:05:22.961200,2026-06-19 09:08:03.362628,0 days 00:02:40.401428,1.0,0.05,1.0,2.9000000000000004,0.02,1.8,2.4000000000000004,-42.866721052689634,-42.866721052689634,240.7465147329338,151.24115890904184,275.5548897947177,-2.4266312302903628,0.0,186.04953397082582,73.0,COMPLETE
1206,-4.31241598525185,2026-06-19 09:05:33.340446,2026-06-19 09:08:16.580013,0 days 00:02:43.239567,1.0,0.05,1.0,2.8,0.02,1.8,2.4000000000000004,-42.866721052689634,-42.866721052689634,124.80316200709275,124.63399825215936,186.2186977257592,-4.31241598525185,0.0,186.04953397082582,73.0,COMPLETE
1207,-2.4266312302903628,2026-06-19 09:05:43.954573,2026-06-19 09:08:26.076421,0 days 00:02:42.121848,1.0,0.05,1.0,2.9000000000000004,0.02,1.8,2.4000000000000004,-42.866721052689634,-42.866721052689634,240.7465147329338,151.24115890904184,275.5548897947177,-2.4266312302903628,0.0,186.04953397082582,73.0,COMPLETE
1208,-2.4266312302903628,2026-06-19 09:05:55.865708,2026-06-19 09:08:39.839444,0 days 00:02:43.973736,1.0,0.05,1.0,2.9000000000000004,0.02,1.8,2.4000000000000004,-42.866721052689634,-42.866721052689634,240.7465147329338,151.24115890904184,275.5548897947177,-2.4266312302903628,0.0,186.04953397082582,73.0,COMPLETE
1209,-2.4266312302903628,2026-06-19 09:06:12.361941,2026-06-19 09:08:53.379008,0 days 00:02:41.017067,1.0,0.05,1.0,2.9000000000000004,0.02,1.8,2.4000000000000004,-42.866721052689634,-42.866721052689634,240.7465147329338,151.24115890904184,275.5548897947177,-2.4266312302903628,0.0,186.04953397082582,73.0,COMPLETE
