number,value,datetime_start,datetime_complete,duration,params_MR_BB_PERIOD,params_MR_BB_STD,params_MR_RSI_OVERBOUGHT,params_MR_RSI_OVERSOLD,params_MR_RSI_PERIOD,params_MR_VOL_SPIKE_MULT,params_MR_VWAP_DEV_PCT,params_TP_BB_PERIOD,params_TP_BB_STD,params_TP_RSI_PERIOD,user_attrs_MB_PnL,user_attrs_MR_PnL,user_attrs_QQQ_PnL,user_attrs_SPY_PnL,user_attrs_Score,user_attrs_TF_PnL,user_attrs_TP_PnL,user_attrs_Total_Trades,state
1147,26.410115566180785,2026-07-22 11:04:18.608794,2026-07-22 11:08:05.763256,0 days 00:03:47.154462,10,1.5,61.0,32.0,5,0.1,0.002,11,2.8,6,0.0,-101.02328131499826,-56.79854275700212,-39.29387933805612,26.410115566180785,0.0,4.9308592199399826,388.0,COMPLETE
1148,23.912764681980004,2026-07-22 11:04:22.629385,2026-07-22 11:08:04.094260,0 days 00:03:41.464875,10,1.5,61.0,32.0,5,0.1,0.002,32,2.8,7,0.0,-104.15874338397433,-71.16876418970236,-40.56769940849016,23.912764681980004,0.0,-7.577720214218207,365.0,COMPLETE
1149,16.602512563304295,2026-07-22 11:05:27.980900,2026-07-22 11:09:05.779299,0 days 00:03:37.798399,11,2.1,61.0,32.0,5,0.1,0.001,12,2.7,7,0.0,-76.73275966125098,-34.16347012264441,-57.213159597965486,16.602512563304295,0.0,-14.643870059358923,262.0,COMPLETE
1150,11.489207122216099,2026-07-22 11:05:38.484215,2026-07-22 11:09:18.382421,0 days 00:03:39.898206,11,2.1,61.0,31.0,6,0.1,0.001,12,2.7,18,0.0,-74.55438258315459,-29.70256349154498,-51.77293678460455,11.489207122216099,0.0,-6.9211176929949225,194.0,COMPLETE
1151,28.763014066547875,2026-07-22 11:05:40.640570,2026-07-22 11:09:32.938107,0 days 00:03:52.297537,11,1.5,61.0,31.0,6,0.1,0.001,12,2.7,7,0.0,-84.34461311580374,-61.67826532889101,-30.90417312724641,28.763014066547875,0.0,-8.237825340333705,416.0,COMPLETE
1152,27.36011174449757,2026-07-22 11:06:07.745514,2026-07-22 11:09:58.384605,0 days 00:03:50.639091,11,1.6,61.0,31.0,6,0.1,0.001,12,2.7,6,0.0,-82.78307089867322,-63.72448778757917,-25.523251590322275,27.36011174449757,0.0,-6.464668479228173,396.0,COMPLETE
1153,26.81082452729278,2026-07-22 11:06:20.541927,2026-07-22 11:10:10.296486,0 days 00:03:49.754559,11,1.6,61.0,31.0,6,0.1,0.001,12,2.7,7,0.0,-85.45982311082959,-68.53140781378447,-24.168952203592035,26.81082452729278,0.0,-7.240536906546903,391.0,COMPLETE
1154,25.11365061311706,2026-07-22 11:06:43.845625,2026-07-22 11:10:38.180933,0 days 00:03:54.335308,39,1.6,61.0,31.0,6,0.1,0.001,12,2.7,7,0.0,-136.77511209133158,-107.46094556506203,-55.63690053183533,25.11365061311706,0.0,-26.32273400556577,405.0,COMPLETE
1155,26.81082452729278,2026-07-22 11:06:46.449706,2026-07-22 11:10:33.998235,0 days 00:03:47.548529,11,1.6,61.0,31.0,6,0.1,0.001,12,2.7,7,0.0,-85.45982311082959,-68.53140781378447,-24.168952203592035,26.81082452729278,0.0,-7.240536906546903,391.0,COMPLETE
1156,26.81082452729278,2026-07-22 11:08:03.309371,2026-07-22 11:11:50.058963,0 days 00:03:46.749592,11,1.6,61.0,31.0,6,0.1,0.001,12,2.7,7,0.0,-85.45982311082959,-68.53140781378447,-24.168952203592035,26.81082452729278,0.0,-7.240536906546903,391.0,COMPLETE
1157,26.81082452729278,2026-07-22 11:08:04.158559,2026-07-22 11:11:46.893924,0 days 00:03:42.735365,11,1.6,61.0,31.0,6,0.1,0.001,12,2.7,7,0.0,-85.45982311082959,-68.53140781378447,-24.168952203592035,26.81082452729278,0.0,-7.240536906546903,391.0,COMPLETE
1158,26.81082452729278,2026-07-22 11:08:05.824464,2026-07-22 11:11:53.704367,0 days 00:03:47.879903,11,1.6,61.0,31.0,6,0.1,0.001,12,2.7,7,0.0,-85.45982311082959,-68.53140781378447,-24.168952203592035,26.81082452729278,0.0,-7.240536906546903,391.0,COMPLETE
1159,12.114976712164927,2026-07-22 11:09:05.838374,2026-07-22 11:12:39.502660,0 days 00:03:33.664286,11,1.6,62.0,31.0,6,0.1,0.008,10,2.7,7,0.0,-11.983749118549568,-13.248073461867243,-23.1956662264894,12.114976712164927,0.0,-24.459990569807065,177.0,COMPLETE
1160,26.870273659146587,2026-07-22 11:09:18.448526,2026-07-22 11:13:06.697834,0 days 00:03:48.249308,11,1.6,62.0,31.0,6,0.1,0.001,10,2.7,7,0.0,-85.45982311082959,-68.53140781378447,-20.067601268723813,26.870273659146587,0.0,-3.1391859716786774,390.0,COMPLETE
1161,27.41862702365273,2026-07-22 11:09:32.994713,2026-07-22 11:13:21.307875,0 days 00:03:48.313162,11,1.6,62.0,31.0,6,0.1,0.001,10,2.7,6,0.0,-82.78307089867322,-63.72448778757917,-21.421900655454053,27.41862702365273,0.0,-2.363317544359952,395.0,COMPLETE
1162,26.870273659146587,2026-07-22 11:09:58.450071,2026-07-22 11:13:47.962836,0 days 00:03:49.512765,11,1.6,62.0,31.0,6,0.1,0.001,10,2.7,7,0.0,-85.45982311082959,-68.53140781378447,-20.067601268723813,26.870273659146587,0.0,-3.1391859716786774,390.0,COMPLETE
1163,21.755768201942004,2026-07-22 11:10:10.354426,2026-07-22 11:13:56.258148,0 days 00:03:45.903722,11,1.6,62.0,31.0,5,1.6,0.001,10,2.7,6,0.0,-43.586392981374466,-53.319987793697464,-6.462833671516532,21.755768201942004,0.0,-16.196428483839576,311.0,COMPLETE
1164,25.787684331685828,2026-07-22 11:10:34.049990,2026-07-22 11:14:23.660175,0 days 00:03:49.610185,11,1.5,62.0,31.0,5,0.0,0.001,10,2.7,6,0.0,-56.33674174234894,-57.005573472873905,-11.188962220550222,25.787684331685828,0.0,-11.85779395107522,366.0,COMPLETE
1165,25.78462071417044,2026-07-22 11:10:38.257103,2026-07-22 11:14:27.419878,0 days 00:03:49.162775,11,1.5,62.0,33.0,5,0.0,0.001,10,2.7,6,0.0,-56.97501346759687,-58.17169250597349,-9.526181740733696,25.78462071417044,0.0,-10.722860779110363,366.0,COMPLETE
1166,24.313934789682527,2026-07-22 11:11:46.952398,2026-07-22 11:15:32.134015,0 days 00:03:45.181617,18,1.5,62.0,33.0,5,0.0,0.001,10,2.7,6,0.0,-107.21455279379104,-74.04140346124291,-50.15845654963858,24.313934789682527,0.0,-16.985307217090508,375.0,COMPLETE
1167,25.699425744089286,2026-07-22 11:11:50.186401,2026-07-22 11:15:39.575195,0 days 00:03:49.388794,13,1.5,62.0,33.0,5,0.0,0.001,10,2.6,6,0.0,-83.35005407398259,-73.77831571260333,-25.020847065973953,25.699425744089286,0.0,-15.449108704594753,381.0,COMPLETE
1168,26.306347318934304,2026-07-22 11:11:53.772845,2026-07-22 11:15:42.171301,0 days 00:03:48.398456,10,1.5,62.0,33.0,5,0.0,0.001,10,2.8,6,0.0,-68.6828526539801,-73.28531204713386,-8.959430400606006,26.306347318934304,0.0,-13.561889793759871,379.0,COMPLETE
1169,26.306347318934304,2026-07-22 11:12:39.561000,2026-07-22 11:16:22.993766,0 days 00:03:43.432766,10,1.5,62.0,33.0,5,0.0,0.001,10,2.6,6,0.0,-68.6828526539801,-73.28531204713386,-8.959430400606006,26.306347318934304,0.0,-13.561889793759871,379.0,COMPLETE
1170,25.699425744089286,2026-07-22 11:13:06.756959,2026-07-22 11:16:56.921563,0 days 00:03:50.164604,13,1.5,62.0,33.0,5,0.0,0.001,10,2.6,6,0.0,-83.35005407398259,-73.77831571260333,-25.020847065973953,25.699425744089286,0.0,-15.449108704594753,381.0,COMPLETE
1171,25.699425744089286,2026-07-22 11:13:21.369312,2026-07-22 11:17:11.763062,0 days 00:03:50.393750,13,1.5,62.0,33.0,5,0.0,0.001,10,2.6,6,0.0,-83.35005407398259,-73.77831571260333,-25.020847065973953,25.699425744089286,0.0,-15.449108704594753,381.0,COMPLETE
1172,26.306347318934304,2026-07-22 11:13:48.025971,2026-07-22 11:17:37.462581,0 days 00:03:49.436610,10,1.5,62.0,33.0,5,0.0,0.001,10,2.8,6,0.0,-68.6828526539801,-73.28531204713386,-8.959430400606006,26.306347318934304,0.0,-13.561889793759871,379.0,COMPLETE
1173,22.678478856112083,2026-07-22 11:13:56.311719,2026-07-22 11:17:44.194148,0 days 00:03:47.882429,10,1.5,62.0,33.0,5,0.0,0.001,39,2.6,6,0.0,-70.2510412922259,-69.34404783969033,-13.007402561523106,22.678478856112083,0.0,-12.100409108987558,334.0,COMPLETE
1174,25.699425744089286,2026-07-22 11:14:23.720191,2026-07-22 11:18:14.392291,0 days 00:03:50.672100,13,1.5,62.0,33.0,5,0.0,0.001,10,2.6,6,0.0,-83.35005407398259,-73.77831571260333,-25.020847065973953,25.699425744089286,0.0,-15.449108704594753,381.0,COMPLETE
1175,26.416380801156965,2026-07-22 11:14:27.483037,2026-07-22 11:18:15.249811,0 days 00:03:47.766774,10,1.5,62.0,32.0,5,0.0,0.001,10,2.6,6,0.0,-66.86876727258024,-70.00334545763968,-8.959430400606006,26.416380801156965,0.0,-12.094008585665561,379.0,COMPLETE
1176,26.416380801156965,2026-07-22 11:15:32.182959,2026-07-22 11:19:15.991880,0 days 00:03:43.808921,10,1.5,61.0,32.0,5,0.0,0.001,10,2.6,6,0.0,-66.86876727258024,-70.00334545763968,-8.959430400606006,26.416380801156965,0.0,-12.094008585665561,379.0,COMPLETE
1177,30.18986698465951,2026-07-22 11:15:39.641415,2026-07-22 11:19:31.209874,0 days 00:03:51.568459,10,1.5,61.0,32.0,5,0.1,0.001,11,2.6,6,0.0,-93.59085073738905,-61.27478700801345,-23.111583709779,30.18986698465951,0.0,9.204480019596609,429.0,COMPLETE
1178,22.806912096062643,2026-07-22 11:15:42.235247,2026-07-22 11:19:27.621783,0 days 00:03:45.386536,10,1.7,61.0,32.0,5,0.1,0.001,11,2.6,14,0.0,-64.25415465730622,-49.61820100091008,-26.007474043008305,22.806912096062643,0.0,-11.371520386612149,332.0,COMPLETE
1179,30.18986698465951,2026-07-22 11:16:23.054153,2026-07-22 11:20:09.634700,0 days 00:03:46.580547,10,1.5,61.0,32.0,5,0.1,0.001,11,2.6,6,0.0,-93.59085073738905,-61.27478700801345,-23.111583709779,30.18986698465951,0.0,9.204480019596609,429.0,COMPLETE
1180,30.18986698465951,2026-07-22 11:16:56.982308,2026-07-22 11:20:48.596929,0 days 00:03:51.614621,10,1.5,61.0,32.0,5,0.1,0.001,11,2.8,6,0.0,-93.59085073738905,-61.27478700801345,-23.111583709779,30.18986698465951,0.0,9.204480019596609,429.0,COMPLETE
1181,30.18986698465951,2026-07-22 11:17:11.830424,2026-07-22 11:21:03.650366,0 days 00:03:51.819942,10,1.5,61.0,32.0,5,0.1,0.001,11,2.8,6,0.0,-93.59085073738905,-61.27478700801345,-23.111583709779,30.18986698465951,0.0,9.204480019596609,429.0,COMPLETE
1182,30.18986698465951,2026-07-22 11:17:37.529366,2026-07-22 11:21:28.069979,0 days 00:03:50.540613,10,1.5,61.0,32.0,5,0.1,0.001,11,2.8,6,0.0,-93.59085073738905,-61.27478700801345,-23.111583709779,30.18986698465951,0.0,9.204480019596609,429.0,COMPLETE
1183,30.18986698465951,2026-07-22 11:17:44.249594,2026-07-22 11:21:36.097422,0 days 00:03:51.847828,10,1.5,61.0,32.0,5,0.1,0.001,11,2.8,6,0.0,-93.59085073738905,-61.27478700801345,-23.111583709779,30.18986698465951,0.0,9.204480019596609,429.0,COMPLETE
1184,30.18986698465951,2026-07-22 11:18:14.444586,2026-07-22 11:22:03.888798,0 days 00:03:49.444212,10,1.5,61.0,32.0,5,0.1,0.001,11,2.8,6,0.0,-93.59085073738905,-61.27478700801345,-23.111583709779,30.18986698465951,0.0,9.204480019596609,429.0,COMPLETE
1185,30.18986698465951,2026-07-22 11:18:15.314608,2026-07-22 11:22:05.130892,0 days 00:03:49.816284,10,1.5,61.0,32.0,5,0.1,0.001,11,2.8,6,0.0,-93.59085073738905,-61.27478700801345,-23.111583709779,30.18986698465951,0.0,9.204480019596609,429.0,COMPLETE
1186,30.18986698465951,2026-07-22 11:19:16.043002,2026-07-22 11:23:02.054607,0 days 00:03:46.011605,10,1.5,61.0,32.0,5,0.1,0.001,11,2.8,6,0.0,-93.59085073738905,-61.27478700801345,-23.111583709779,30.18986698465951,0.0,9.204480019596609,429.0,COMPLETE
1187,30.18986698465951,2026-07-22 11:19:27.687320,2026-07-22 11:23:19.873684,0 days 00:03:52.186364,10,1.5,61.0,32.0,5,0.1,0.001,11,2.8,6,0.0,-93.59085073738905,-61.27478700801345,-23.111583709779,30.18986698465951,0.0,9.204480019596609,429.0,COMPLETE
1188,30.18986698465951,2026-07-22 11:19:31.283057,2026-07-22 11:23:20.840866,0 days 00:03:49.557809,10,1.5,61.0,32.0,5,0.1,0.001,11,2.8,6,0.0,-93.59085073738905,-61.27478700801345,-23.111583709779,30.18986698465951,0.0,9.204480019596609,429.0,COMPLETE
1189,30.18986698465951,2026-07-22 11:20:09.689243,2026-07-22 11:23:58.293267,0 days 00:03:48.604024,10,1.5,61.0,32.0,5,0.1,0.001,11,2.8,6,0.0,-93.59085073738905,-61.27478700801345,-23.111583709779,30.18986698465951,0.0,9.204480019596609,429.0,COMPLETE
1190,30.18986698465951,2026-07-22 11:20:48.659481,2026-07-22 11:24:40.361580,0 days 00:03:51.702099,10,1.5,60.0,32.0,5,0.1,0.001,11,2.8,6,0.0,-93.59085073738905,-61.27478700801345,-23.111583709779,30.18986698465951,0.0,9.204480019596609,429.0,COMPLETE
1191,30.03713842778518,2026-07-22 11:21:03.712451,2026-07-22 11:24:53.681475,0 days 00:03:49.969024,10,1.5,60.0,31.0,5,0.1,0.001,11,2.8,6,0.0,-94.04859131142172,-61.27478700801345,-25.48483846725252,30.03713842778518,0.0,7.288965836155748,428.0,COMPLETE
1192,28.218121165855507,2026-07-22 11:21:28.127145,2026-07-22 11:25:23.392848,0 days 00:03:55.265703,23,1.5,60.0,31.0,5,0.1,0.001,11,2.8,6,0.0,-139.399732714772,-90.25190279457338,-64.23249383732038,28.218121165855507,0.0,-15.084663917121679,439.0,COMPLETE
1193,20.17976636683685,2026-07-22 11:21:36.153904,2026-07-22 11:25:20.760129,0 days 00:03:44.606225,10,1.5,60.0,31.0,5,1.9000000000000001,0.001,11,2.8,6,0.0,-40.6123516835113,-63.28331226134013,-1.6236882159177985,20.17976636683685,0.0,-24.29464879374665,293.0,COMPLETE
1194,20.488657665760133,2026-07-22 11:22:03.940756,2026-07-22 11:25:49.475516,0 days 00:03:45.534760,12,1.5,60.0,31.0,5,1.9000000000000001,0.001,10,2.8,6,0.0,-38.578771208351846,-51.65812270994223,-8.619589693475655,20.488657665760133,0.0,-21.698941195066073,294.0,COMPLETE
1195,29.284153830255786,2026-07-22 11:22:05.186710,2026-07-22 11:25:56.146797,0 days 00:03:50.960087,11,1.5,60.0,31.0,5,0.1,0.001,10,2.8,6,0.0,-83.59314456715414,-53.772310480452326,-28.596492364909636,29.284153830255786,0.0,1.2243417217922077,417.0,COMPLETE
1196,29.284153830255786,2026-07-22 11:23:02.113770,2026-07-22 11:26:46.995729,0 days 00:03:44.881959,11,1.5,60.0,31.0,5,0.1,0.001,10,2.5,6,0.0,-83.59314456715414,-53.772310480452326,-28.596492364909636,29.284153830255786,0.0,1.2243417217922077,417.0,COMPLETE
1197,29.284153830255786,2026-07-22 11:23:19.940463,2026-07-22 11:27:11.959653,0 days 00:03:52.019190,11,1.5,60.0,31.0,5,0.1,0.001,10,2.8,6,0.0,-83.59314456715414,-53.772310480452326,-28.596492364909636,29.284153830255786,0.0,1.2243417217922077,417.0,COMPLETE
1198,29.284153830255786,2026-07-22 11:23:20.905229,2026-07-22 11:27:12.660048,0 days 00:03:51.754819,11,1.5,60.0,31.0,5,0.1,0.001,10,2.5,6,0.0,-83.59314456715414,-53.772310480452326,-28.596492364909636,29.284153830255786,0.0,1.2243417217922077,417.0,COMPLETE
1199,29.284153830255786,2026-07-22 11:23:58.352810,2026-07-22 11:27:46.640397,0 days 00:03:48.287587,11,1.5,60.0,31.0,5,0.1,0.001,10,2.5,6,0.0,-83.59314456715414,-53.772310480452326,-28.596492364909636,29.284153830255786,0.0,1.2243417217922077,417.0,COMPLETE
1200,29.284153830255786,2026-07-22 11:24:40.415777,2026-07-22 11:28:32.951742,0 days 00:03:52.535965,11,1.5,60.0,31.0,5,0.1,0.001,10,2.5,6,0.0,-83.59314456715414,-53.772310480452326,-28.596492364909636,29.284153830255786,0.0,1.2243417217922077,417.0,COMPLETE
1201,29.5041630145466,2026-07-22 11:24:53.744566,2026-07-22 11:28:46.058755,0 days 00:03:52.314189,11,1.5,60.0,31.0,6,0.1,0.001,10,2.7,6,0.0,-77.75525381100901,-51.26291530272706,-27.4762344850041,29.5041630145466,0.0,-0.9838959767221118,418.0,COMPLETE
1202,29.5041630145466,2026-07-22 11:25:20.820513,2026-07-22 11:29:14.453530,0 days 00:03:53.633017,11,1.5,60.0,31.0,6,0.1,0.001,10,2.7,6,0.0,-77.75525381100901,-51.26291530272706,-27.4762344850041,29.5041630145466,0.0,-0.9838959767221118,418.0,COMPLETE
1203,29.284153830255786,2026-07-22 11:25:23.453942,2026-07-22 11:29:15.584142,0 days 00:03:52.130200,11,1.5,60.0,31.0,5,0.1,0.001,10,2.5,6,0.0,-83.59314456715414,-53.772310480452326,-28.596492364909636,29.284153830255786,0.0,1.2243417217922077,417.0,COMPLETE
1204,29.41171815613121,2026-07-22 11:25:49.524652,2026-07-22 11:29:40.614678,0 days 00:03:51.090026,11,1.5,61.0,31.0,6,0.1,0.001,10,2.5,6,0.0,-81.776968407432,-55.28462989915003,-27.4762344850041,29.41171815613121,0.0,-0.9838959767221118,419.0,COMPLETE
1205,27.41862702365273,2026-07-22 11:25:56.203027,2026-07-22 11:29:44.564189,0 days 00:03:48.361162,11,1.6,61.0,31.0,6,0.1,0.001,10,2.7,6,0.0,-82.78307089867322,-63.72448778757917,-21.421900655454053,27.41862702365273,0.0,-2.363317544359952,395.0,COMPLETE
1206,27.394811793790133,2026-07-22 11:26:47.045737,2026-07-22 11:30:30.205556,0 days 00:03:43.159819,12,1.6,61.0,31.0,6,0.1,0.001,13,2.7,6,0.0,-86.77222080406699,-66.13164800543576,-29.78258062291893,27.394811793790133,0.0,-9.142007824287711,400.0,COMPLETE
1207,23.164585958173348,2026-07-22 11:27:12.015226,2026-07-22 11:30:58.473883,0 days 00:03:46.458657,11,1.6,61.0,31.0,6,0.1,0.001,12,2.7,16,0.0,-87.86895477213076,-70.83120200991482,-22.903649292967287,23.164585958173348,0.0,-5.865896530751258,347.0,COMPLETE
1208,27.36011174449757,2026-07-22 11:27:12.727219,2026-07-22 11:31:01.028173,0 days 00:03:48.300954,11,1.6,61.0,31.0,6,0.1,0.001,13,2.7,6,0.0,-82.78307089867322,-63.72448778757917,-25.523251590322275,27.36011174449757,0.0,-6.464668479228173,396.0,COMPLETE
1209,19.2368818979621,2026-07-22 11:27:46.704996,2026-07-22 11:31:29.186540,0 days 00:03:42.481544,12,1.6,61.0,32.0,6,0.0,0.001,12,2.7,15,0.0,-78.05077020941255,-76.58604542457765,-14.560400028661682,19.2368818979621,0.0,-13.095675243826783,296.0,COMPLETE
1210,22.98816020231155,2026-07-22 11:28:33.012445,2026-07-22 11:32:20.530152,0 days 00:03:47.517707,12,1.6,61.0,32.0,6,0.0,0.001,13,2.7,7,0.0,-73.99234004749074,-78.72472954598462,-16.247643184183985,22.98816020231155,0.0,-20.98003268267794,344.0,COMPLETE
1211,22.98816020231155,2026-07-22 11:28:46.124814,2026-07-22 11:32:33.516851,0 days 00:03:47.392037,12,1.6,61.0,32.0,6,0.0,0.001,13,2.7,7,0.0,-73.99234004749074,-78.72472954598462,-16.247643184183985,22.98816020231155,0.0,-20.98003268267794,344.0,COMPLETE
1212,22.98816020231155,2026-07-22 11:29:14.519486,2026-07-22 11:33:02.446486,0 days 00:03:47.927000,12,1.6,61.0,32.0,6,0.0,0.001,13,2.7,7,0.0,-73.99234004749074,-78.72472954598462,-16.247643184183985,22.98816020231155,0.0,-20.98003268267794,344.0,COMPLETE
1213,24.6650224300914,2026-07-22 11:29:15.642431,2026-07-22 11:33:05.923005,0 days 00:03:50.280574,12,1.5,61.0,32.0,6,0.0,0.001,13,2.7,7,0.0,-73.82124465416774,-76.1244091503235,-16.36890125916118,24.6650224300914,0.0,-18.67206575531702,365.0,COMPLETE
1214,22.98816020231155,2026-07-22 11:29:40.680051,2026-07-22 11:33:27.102223,0 days 00:03:46.422172,12,1.6,61.0,32.0,6,0.0,0.001,13,2.7,7,0.0,-73.99234004749074,-78.72472954598462,-16.247643184183985,22.98816020231155,0.0,-20.98003268267794,344.0,COMPLETE
1215,23.13097308428782,2026-07-22 11:29:44.620012,2026-07-22 11:33:32.671985,0 days 00:03:48.051973,12,1.6,61.0,32.0,5,0.0,0.001,12,2.7,7,0.0,-74.9424952632043,-79.02508956567038,-16.310982848866963,23.13097308428782,0.0,-20.3935771513331,346.0,COMPLETE
1216,19.402669288480325,2026-07-22 11:30:30.263222,2026-07-22 11:34:11.004579,0 days 00:03:40.741357,12,1.6,62.0,32.0,5,0.0,0.001,12,2.7,16,0.0,-79.00092542512613,-74.73589935371514,-13.964301710377192,19.402669288480325,0.0,-9.699275638966197,297.0,COMPLETE
1217,24.09053600414544,2026-07-22 11:30:58.525572,2026-07-22 11:34:46.523225,0 days 00:03:47.997653,10,1.6,62.0,32.0,5,0.0,0.001,12,2.7,7,0.0,-68.7185784253383,-68.1199004457323,-16.91639409494139,24.09053600414544,0.0,-16.317716115335415,353.0,COMPLETE
1218,21.332704825000032,2026-07-22 11:31:01.095728,2026-07-22 11:34:49.627623,0 days 00:03:48.531895,34,1.5,62.0,32.0,5,1.5,0.001,12,2.8,6,0.0,-73.03258629007449,-76.17243642896887,-31.51615662151638,21.332704825000032,0.0,-34.65600676041077,328.0,COMPLETE
1219,25.765355310152366,2026-07-22 11:31:29.239471,2026-07-22 11:35:13.707479,0 days 00:03:44.468008,10,1.5,62.0,32.0,5,0.0,0.001,12,2.8,7,0.0,-69.82311418402217,-73.60936909152099,-11.55785293041092,25.765355310152366,0.0,-15.344107837909812,374.0,COMPLETE
1220,20.25750204470279,2026-07-22 11:32:20.582303,2026-07-22 11:36:04.099444,0 days 00:03:43.517141,10,1.5,62.0,32.0,5,0.0,0.003,12,2.8,7,0.0,-58.470847165447225,-51.45899217175575,-27.997286133798575,20.25750204470279,0.0,-20.985431140107156,302.0,COMPLETE
1221,11.97578277130986,2026-07-22 11:32:33.574330,2026-07-22 11:36:10.502393,0 days 00:03:36.928063,10,1.5,62.0,32.0,5,1.0,0.009000000000000001,12,2.8,6,0.0,-12.332206467606483,-20.012371650319427,-23.759129419858724,11.97578277130986,0.0,-31.43929460257161,179.0,COMPLETE
1222,26.3583583788641,2026-07-22 11:33:02.516584,2026-07-22 11:36:52.387024,0 days 00:03:49.870440,10,1.5,62.0,32.0,5,0.0,0.001,12,2.8,6,0.0,-66.86876727258024,-70.00334545763968,-13.060781335474227,26.3583583788641,0.0,-16.195359520533778,380.0,COMPLETE
1223,30.18986698465951,2026-07-22 11:33:05.986892,2026-07-22 11:36:58.151247,0 days 00:03:52.164355,10,1.5,62.0,32.0,5,0.1,0.001,12,2.8,6,0.0,-93.59085073738905,-61.27478700801345,-23.111583709779,30.18986698465951,0.0,9.204480019596609,429.0,COMPLETE
1224,29.832791363234367,2026-07-22 11:33:27.161334,2026-07-22 11:37:18.588518,0 days 00:03:51.427184,10,1.5,62.0,33.0,5,0.1,0.001,12,2.8,6,0.0,-92.47931625303545,-63.93679216899151,-23.320494707085114,29.832791363234367,0.0,5.222029376958863,426.0,COMPLETE
1225,25.23725530390221,2026-07-22 11:33:32.729438,2026-07-22 11:37:22.457438,0 days 00:03:49.728000,10,1.5,62.0,33.0,5,0.1,0.001,12,2.8,20,0.0,-101.9966309133888,-78.09401968236504,-26.440620291735804,25.23725530390221,0.0,-2.538009060712026,378.0,COMPLETE
1226,27.593775568684602,2026-07-22 11:34:11.073523,2026-07-22 11:37:55.765350,0 days 00:03:44.691827,10,1.5,62.0,33.0,5,0.1,0.001,30,2.8,6,0.0,-96.9836519751,-76.83034452953557,-27.308882133235567,27.593775568684602,0.0,-7.155574687671084,407.0,COMPLETE
1227,29.832791363234367,2026-07-22 11:34:46.585458,2026-07-22 11:38:37.890114,0 days 00:03:51.304656,10,1.5,62.0,33.0,5,0.1,0.001,11,2.8,6,0.0,-92.47931625303545,-63.93679216899151,-23.320494707085114,29.832791363234367,0.0,5.222029376958863,426.0,COMPLETE
1228,26.975376518707535,2026-07-22 11:34:49.687737,2026-07-22 11:38:45.700675,0 days 00:03:56.012938,28,1.5,62.0,33.0,5,0.1,0.001,11,2.8,6,0.0,-147.8148223099326,-113.30200384409292,-45.59307857776869,26.975376518707535,0.0,-11.080260111929011,426.0,COMPLETE
1229,29.832791363234367,2026-07-22 11:35:13.768722,2026-07-22 11:39:01.470385,0 days 00:03:47.701663,10,1.5,62.0,33.0,5,0.1,0.001,11,2.8,6,0.0,-92.47931625303545,-63.93679216899151,-23.320494707085114,29.832791363234367,0.0,5.222029376958863,426.0,COMPLETE
1230,29.832791363234367,2026-07-22 11:36:04.147953,2026-07-22 11:39:56.076650,0 days 00:03:51.928697,10,1.5,62.0,33.0,5,0.1,0.001,11,2.8,6,0.0,-92.47931625303545,-63.93679216899151,-23.320494707085114,29.832791363234367,0.0,5.222029376958863,426.0,COMPLETE
