number,value,datetime_start,datetime_complete,duration,params_MAX_POSITION_PCT,params_MAX_RISK_PCT,params_MR_MIN_RR,params_MR_STOP_MULT,params_RISK_TIER_EQUITY_PCT,params_TP_MIN_RR,params_TP_STOP_MULT,user_attrs_BTC_PnL,user_attrs_MB_PnL,user_attrs_MR_PnL,user_attrs_QQQ_PnL,user_attrs_SPY_PnL,user_attrs_Score,user_attrs_TF_PnL,user_attrs_TP_PnL,user_attrs_Total_Trades,state
1798,-1340.0,2026-06-19 12:26:29.266338,2026-06-19 12:29:09.729728,0 days 00:02:40.463390,1.0,0.05,1.0,3.0,0.02,1.8,2.3,-42.866721052689634,-42.866721052689634,255.40406384265498,-2.6069293776967726,260.9888502962893,-1340.0,0.0,2.97785707593762,16.0,COMPLETE
1799,-1340.0,2026-06-19 12:27:26.298026,2026-06-19 12:30:09.130063,0 days 00:02:42.832037,1.0,0.05,1.0,3.0,0.02,1.8,2.3,-42.866721052689634,-42.866721052689634,255.40406384265498,-2.6069293776967726,260.9888502962893,-1340.0,0.0,2.97785707593762,16.0,COMPLETE
1800,-1340.0,2026-06-19 12:28:03.762153,2026-06-19 12:30:47.854649,0 days 00:02:44.092496,1.0,0.05,1.0,3.0,0.02,1.8,2.3,-42.866721052689634,-42.866721052689634,255.40406384265498,-2.6069293776967726,260.9888502962893,-1340.0,0.0,2.97785707593762,16.0,COMPLETE
1801,-2.3146479038941097,2026-06-19 12:28:09.939153,2026-06-19 12:30:51.974255,0 days 00:02:42.035102,1.0,0.05,1.0,3.0,0.02,1.8,2.4000000000000004,-42.866721052689634,-42.866721052689634,255.40406384265498,166.76734790688081,274.6862499065998,-2.3146479038941097,0.0,186.04953397082582,72.0,COMPLETE
1802,-2.3146479038941097,2026-06-19 12:28:15.071716,2026-06-19 12:31:00.391127,0 days 00:02:45.319411,1.0,0.01,1.0,3.0,0.04,1.8,2.4000000000000004,-42.866721052689634,-42.866721052689634,255.40406384265498,166.76734790688081,274.6862499065998,-2.3146479038941097,0.0,186.04953397082582,72.0,COMPLETE
1803,-10.00953091291371,2026-06-19 12:28:28.824963,2026-06-19 12:31:12.820280,0 days 00:02:43.995317,1.0,0.01,1.0,3.0,0.04,1.8,2.7,-42.866721052689634,-42.866721052689634,255.40406384265498,85.3180816838946,278.44477650476557,-10.00953091291371,0.0,108.35879434600523,52.0,COMPLETE
1804,-2.4266312302903628,2026-06-19 12:28:39.967872,2026-06-19 12:31:23.363880,0 days 00:02:43.396008,1.0,0.01,1.0,2.9000000000000004,0.04,1.8,2.4000000000000004,-42.866721052689634,-42.866721052689634,240.7465147329338,151.24115890904184,275.5548897947177,-2.4266312302903628,0.0,186.04953397082582,73.0,COMPLETE
1805,-2.4266312302903628,2026-06-19 12:28:46.258844,2026-06-19 12:31:27.271701,0 days 00:02:41.012857,1.0,0.01,1.0,2.9000000000000004,0.02,1.8,2.4000000000000004,-42.866721052689634,-42.866721052689634,240.7465147329338,151.24115890904184,275.5548897947177,-2.4266312302903628,0.0,186.04953397082582,73.0,COMPLETE
1806,-2.4266312302903628,2026-06-19 12:29:09.759189,2026-06-19 12:31:50.222035,0 days 00:02:40.462846,1.0,0.01,1.0,2.9000000000000004,0.02,1.8,2.4000000000000004,-42.866721052689634,-42.866721052689634,240.7465147329338,151.24115890904184,275.5548897947177,-2.4266312302903628,0.0,186.04953397082582,73.0,COMPLETE
1807,-2.4266312302903628,2026-06-19 12:30:09.163645,2026-06-19 12:32:52.176572,0 days 00:02:43.012927,1.0,0.05,1.0,2.9000000000000004,0.02,1.8,2.4000000000000004,-42.866721052689634,-42.866721052689634,240.7465147329338,151.24115890904184,275.5548897947177,-2.4266312302903628,0.0,186.04953397082582,73.0,COMPLETE
1808,-2.4266312302903628,2026-06-19 12:30:47.946848,2026-06-19 12:33:31.581059,0 days 00:02:43.634211,1.0,0.01,1.0,2.9000000000000004,0.02,1.8,2.4000000000000004,-42.866721052689634,-42.866721052689634,240.7465147329338,151.24115890904184,275.5548897947177,-2.4266312302903628,0.0,186.04953397082582,73.0,COMPLETE
1809,-1330.0,2026-06-19 12:30:52.006138,2026-06-19 12:33:32.907925,0 days 00:02:40.901787,1.0,0.01,1.0,2.9000000000000004,0.02,1.5,2.4000000000000004,-42.866721052689634,-42.866721052689634,240.7465147329338,-14.276948056768845,261.8574901844072,-1330.0,0.0,6.834027394704542,17.0,COMPLETE
1810,-2.4266312302903628,2026-06-19 12:31:00.428445,2026-06-19 12:33:44.866732,0 days 00:02:44.438287,1.0,0.01,1.0,2.9000000000000004,0.02,1.8,2.4000000000000004,-42.866721052689634,-42.866721052689634,240.7465147329338,151.24115890904184,275.5548897947177,-2.4266312302903628,0.0,186.04953397082582,73.0,COMPLETE
1811,-17.52284375827811,2026-06-19 12:31:12.860620,2026-06-19 12:33:56.613338,0 days 00:02:43.752718,4.0,0.05,1.0,2.9000000000000004,0.02,1.8,2.4000000000000004,-41.95360943424255,-41.95360943424255,368.22676017438926,457.9833750996731,442.584782245778,-17.52284375827811,0.0,532.3413971710617,73.0,COMPLETE
1812,-2.4266312302903628,2026-06-19 12:31:23.400428,2026-06-19 12:34:06.468466,0 days 00:02:43.068038,1.0,0.05,1.0,2.9000000000000004,0.02,1.8,2.4000000000000004,-42.866721052689634,-42.866721052689634,240.7465147329338,151.24115890904184,275.5548897947177,-2.4266312302903628,0.0,186.04953397082582,73.0,COMPLETE
1813,-17.52284375827811,2026-06-19 12:31:27.304999,2026-06-19 12:34:09.492871,0 days 00:02:42.187872,4.0,0.05,1.0,2.9000000000000004,0.02,1.8,2.4000000000000004,-41.95360943424255,-41.95360943424255,368.22676017438926,457.9833750996731,442.584782245778,-17.52284375827811,0.0,532.3413971710617,73.0,COMPLETE
1814,-2.4266312302903628,2026-06-19 12:31:50.251792,2026-06-19 12:34:31.393686,0 days 00:02:41.141894,1.0,0.05,1.0,2.9000000000000004,0.02,1.8,2.4000000000000004,-42.866721052689634,-42.866721052689634,240.7465147329338,151.24115890904184,275.5548897947177,-2.4266312302903628,0.0,186.04953397082582,73.0,COMPLETE
1815,-2.4266312302903628,2026-06-19 12:32:52.214337,2026-06-19 12:35:36.003925,0 days 00:02:43.789588,1.0,0.05,1.0,2.9000000000000004,0.02,1.8,2.4000000000000004,-42.866721052689634,-42.866721052689634,240.7465147329338,151.24115890904184,275.5548897947177,-2.4266312302903628,0.0,186.04953397082582,73.0,COMPLETE
1816,-2.3146479038941097,2026-06-19 12:33:31.617122,2026-06-19 12:36:14.886524,0 days 00:02:43.269402,1.0,0.05,1.0,3.0,0.02,1.8,2.4000000000000004,-42.866721052689634,-42.866721052689634,255.40406384265498,166.76734790688081,274.6862499065998,-2.3146479038941097,0.0,186.04953397082582,72.0,COMPLETE
1817,-2.3146479038941097,2026-06-19 12:33:32.941123,2026-06-19 12:36:13.831561,0 days 00:02:40.890438,1.0,0.05,1.0,3.0,0.02,1.8,2.4000000000000004,-42.866721052689634,-42.866721052689634,255.40406384265498,166.76734790688081,274.6862499065998,-2.3146479038941097,0.0,186.04953397082582,72.0,COMPLETE
1818,-3.985978348027869,2026-06-19 12:33:44.898645,2026-06-19 12:36:29.321294,0 days 00:02:44.422649,1.0,0.05,0.9000000000000001,3.0,0.02,1.8,2.4000000000000004,-42.866721052689634,-42.866721052689634,152.85303788438142,140.16018724999836,198.74238460520885,-3.985978348027869,0.0,186.04953397082582,74.0,COMPLETE
1819,-3.985978348027869,2026-06-19 12:33:56.654348,2026-06-19 12:36:40.332247,0 days 00:02:43.677899,1.0,0.05,0.9000000000000001,3.0,0.02,1.8,2.4000000000000004,-42.866721052689634,-42.866721052689634,152.85303788438142,140.16018724999836,198.74238460520885,-3.985978348027869,0.0,186.04953397082582,74.0,COMPLETE
1820,-3.985978348027869,2026-06-19 12:34:06.509862,2026-06-19 12:36:50.615406,0 days 00:02:44.105544,1.0,0.05,0.9000000000000001,3.0,0.02,1.8,2.4000000000000004,-42.866721052689634,-42.866721052689634,152.85303788438142,140.16018724999836,198.74238460520885,-3.985978348027869,0.0,186.04953397082582,74.0,COMPLETE
1821,-1340.0,2026-06-19 12:34:09.526093,2026-06-19 12:36:51.496304,0 days 00:02:41.970211,1.0,0.05,1.0,3.0,0.02,1.7000000000000002,2.4000000000000004,-42.866721052689634,-42.866721052689634,255.40406384265498,-2.6069293776967726,260.9888502962893,-1340.0,0.0,2.97785707593762,16.0,COMPLETE
1822,-1320.0,2026-06-19 12:34:31.436806,2026-06-19 12:37:11.737626,0 days 00:02:40.300820,1.0,0.05,0.9000000000000001,3.0,0.02,1.7000000000000002,2.4000000000000004,-42.866721052689634,-42.866721052689634,152.85303788438142,-29.214090034579236,185.04498499489824,-1320.0,0.0,2.97785707593762,18.0,COMPLETE
1823,-1320.0,2026-06-19 12:35:36.039721,2026-06-19 12:38:19.725031,0 days 00:02:43.685310,1.0,0.05,0.9000000000000001,3.0,0.02,1.7000000000000002,2.3,-42.866721052689634,-42.866721052689634,152.85303788438142,-29.214090034579236,185.04498499489824,-1320.0,0.0,2.97785707593762,18.0,COMPLETE
1824,-1340.0,2026-06-19 12:36:13.866324,2026-06-19 12:38:54.751010,0 days 00:02:40.884686,1.0,0.05,1.0,3.0,0.02,1.7000000000000002,2.4000000000000004,-42.866721052689634,-42.866721052689634,255.40406384265498,-2.6069293776967726,260.9888502962893,-1340.0,0.0,2.97785707593762,16.0,COMPLETE
1825,-1320.0,2026-06-19 12:36:14.980447,2026-06-19 12:38:58.396511,0 days 00:02:43.416064,1.0,0.05,0.9000000000000001,3.0,0.02,1.7000000000000002,1.2,-42.866721052689634,-42.866721052689634,152.85303788438142,-29.907710835259422,189.2576833930301,-1320.0,0.0,6.4969346733892825,18.0,COMPLETE
1826,-1340.0,2026-06-19 12:36:29.353463,2026-06-19 12:39:12.977285,0 days 00:02:43.623822,1.0,0.04,1.0,3.0,0.02,1.7000000000000002,2.3,-42.866721052689634,-42.866721052689634,255.40406384265498,-2.6069293776967726,260.9888502962893,-1340.0,0.0,2.97785707593762,16.0,COMPLETE
1827,-1340.0,2026-06-19 12:36:40.365982,2026-06-19 12:39:23.144142,0 days 00:02:42.778160,1.0,0.05,1.0,3.0,0.02,1.2,2.3,-42.866721052689634,-42.866721052689634,255.40406384265498,-46.89282285183566,264.9269113109146,-1340.0,0.0,-37.36997538357597,16.0,COMPLETE
1828,-1340.0,2026-06-19 12:36:50.653613,2026-06-19 12:39:33.863085,0 days 00:02:43.209472,3.5,0.05,1.0,3.0,0.03,1.7000000000000002,2.3,-41.95360943424255,-41.95360943424255,370.56590608019616,-28.298105086103796,409.2865109320817,-1340.0,0.0,10.422499765781682,16.0,COMPLETE
1829,-1340.0,2026-06-19 12:36:51.531583,2026-06-19 12:39:33.266070,0 days 00:02:41.734487,1.5,0.04,1.0,3.0,0.03,1.7000000000000002,2.3,-41.95360943424255,-41.95360943424255,372.03756108544536,-13.445068195537786,389.9494148948896,-1340.0,0.0,4.466785613906433,16.0,COMPLETE
1830,-1340.0,2026-06-19 12:37:11.772974,2026-06-19 12:39:51.891059,0 days 00:02:40.118085,1.0,0.04,1.0,3.0,0.03,1.8,1.2,-42.866721052689634,-42.866721052689634,255.40406384265498,-3.6870874607664383,262.9751641406061,-1340.0,0.0,3.8840128371847773,16.0,COMPLETE
1831,-9.384034235865261,2026-06-19 12:38:19.760502,2026-06-19 12:41:03.879961,0 days 00:02:44.119459,1.0,0.05,1.0,3.0,0.03,1.8,2.5,-42.866721052689634,-42.866721052689634,255.40406384265498,121.79047818432022,273.1246761685282,-9.384034235865261,0.0,139.51109051019347,58.0,COMPLETE
1832,-6.163195467662209,2026-06-19 12:38:54.781417,2026-06-19 12:41:35.804628,0 days 00:02:41.023211,1.5,0.04,1.0,3.0,0.03,1.8,2.5,-41.95360943424255,-41.95360943424255,372.03756108544536,217.60882031191068,409.14448636675263,-6.163195467662209,0.0,254.71574559321772,69.0,COMPLETE
1833,-1340.0,2026-06-19 12:38:58.427866,2026-06-19 12:41:42.212697,0 days 00:02:43.784831,1.5,0.04,1.0,3.0,0.02,1.8,2.3,-41.95360943424255,-41.95360943424255,372.03756108544536,-13.445068195537786,389.9494148948896,-1340.0,0.0,4.466785613906433,16.0,COMPLETE
1834,-8.699612007345232,2026-06-19 12:39:13.008553,2026-06-19 12:41:58.526522,0 days 00:02:45.517969,1.5,0.05,1.0,2.8,0.02,1.8,2.5,-41.95360943424255,-41.95360943424255,196.9927935356289,169.43624648492585,282.2722926439209,-8.699612007345232,0.0,254.71574559321772,70.0,COMPLETE
1835,-6.163195467662209,2026-06-19 12:39:23.178499,2026-06-19 12:42:07.610324,0 days 00:02:44.431825,1.5,0.04,1.0,3.0,0.03,1.8,2.5,-41.95360943424255,-41.95360943424255,372.03756108544536,217.60882031191068,409.14448636675263,-6.163195467662209,0.0,254.71574559321772,69.0,COMPLETE
1836,-2.6634251797410573,2026-06-19 12:39:33.358362,2026-06-19 12:42:15.365360,0 days 00:02:42.006998,1.0,0.05,1.0,3.0,0.03,1.8,2.6,-42.866721052689634,-42.866721052689634,255.40406384265498,136.92233078236487,287.1906711824221,-2.6634251797410573,0.0,168.70893812213208,66.0,COMPLETE
1837,-11.342171497211954,2026-06-19 12:39:33.894238,2026-06-19 12:42:19.397187,0 days 00:02:45.502949,1.0,0.05,1.0,2.8,0.02,1.8,2.5,-42.866721052689634,-42.866721052689634,124.80316200709275,79.6571285295988,184.65712398768744,-11.342171497211954,0.0,139.51109051019347,59.0,COMPLETE
1838,-11.342171497211954,2026-06-19 12:39:51.930009,2026-06-19 12:42:32.572879,0 days 00:02:40.642870,1.0,0.05,1.0,2.8,0.02,1.8,2.5,-42.866721052689634,-42.866721052689634,124.80316200709275,79.6571285295988,184.65712398768744,-11.342171497211954,0.0,139.51109051019347,59.0,COMPLETE
1839,-11.342171497211954,2026-06-19 12:41:03.917426,2026-06-19 12:43:47.013144,0 days 00:02:43.095718,1.0,0.05,1.0,2.8,0.02,1.8,2.5,-42.866721052689634,-42.866721052689634,124.80316200709275,79.6571285295988,184.65712398768744,-11.342171497211954,0.0,139.51109051019347,59.0,COMPLETE
1840,-11.342171497211954,2026-06-19 12:41:35.839275,2026-06-19 12:44:17.278161,0 days 00:02:41.438886,1.0,0.05,1.0,2.8,0.02,1.8,2.5,-42.866721052689634,-42.866721052689634,124.80316200709275,79.6571285295988,184.65712398768744,-11.342171497211954,0.0,139.51109051019347,59.0,COMPLETE
1841,-11.342171497211954,2026-06-19 12:41:42.244953,2026-06-19 12:44:25.323179,0 days 00:02:43.078226,1.0,0.05,1.0,2.8,0.02,1.8,2.5,-42.866721052689634,-42.866721052689634,124.80316200709275,79.6571285295988,184.65712398768744,-11.342171497211954,0.0,139.51109051019347,59.0,COMPLETE
1842,-9.498367911971032,2026-06-19 12:41:58.554601,2026-06-19 12:44:42.733227,0 days 00:02:44.178626,1.0,0.05,1.0,2.9000000000000004,0.02,1.8,2.5,-42.866721052689634,-42.866721052689634,240.7465147329338,106.26428918648125,273.99331605664605,-9.498367911971032,0.0,139.51109051019347,59.0,COMPLETE
1843,-2.4266312302903628,2026-06-19 12:42:07.643208,2026-06-19 12:44:51.503726,0 days 00:02:43.860518,1.0,0.05,1.0,2.9000000000000004,0.02,1.8,2.4000000000000004,-42.866721052689634,-42.866721052689634,240.7465147329338,151.24115890904184,275.5548897947177,-2.4266312302903628,0.0,186.04953397082582,73.0,COMPLETE
1844,-2.4266312302903628,2026-06-19 12:42:15.403389,2026-06-19 12:44:57.848145,0 days 00:02:42.444756,1.0,0.05,1.0,2.9000000000000004,0.02,1.8,2.4000000000000004,-42.866721052689634,-42.866721052689634,240.7465147329338,151.24115890904184,275.5548897947177,-2.4266312302903628,0.0,186.04953397082582,73.0,COMPLETE
1845,-2.4266312302903628,2026-06-19 12:42:19.438976,2026-06-19 12:45:04.435248,0 days 00:02:44.996272,1.0,0.05,1.0,2.9000000000000004,0.02,1.8,2.4000000000000004,-42.866721052689634,-42.866721052689634,240.7465147329338,151.24115890904184,275.5548897947177,-2.4266312302903628,0.0,186.04953397082582,73.0,COMPLETE
1846,-2.4266312302903628,2026-06-19 12:42:32.604103,2026-06-19 12:45:14.649240,0 days 00:02:42.045137,1.0,0.05,1.0,2.9000000000000004,0.02,1.8,2.4000000000000004,-42.866721052689634,-42.866721052689634,240.7465147329338,151.24115890904184,275.5548897947177,-2.4266312302903628,0.0,186.04953397082582,73.0,COMPLETE
1847,-2.4266312302903628,2026-06-19 12:43:47.047557,2026-06-19 12:46:29.887115,0 days 00:02:42.839558,1.0,0.05,1.0,2.9000000000000004,0.02,1.8,2.4000000000000004,-42.866721052689634,-42.866721052689634,240.7465147329338,151.24115890904184,275.5548897947177,-2.4266312302903628,0.0,186.04953397082582,73.0,COMPLETE
1848,-2.4266312302903628,2026-06-19 12:44:17.308844,2026-06-19 12:46:58.701906,0 days 00:02:41.393062,1.0,0.05,1.0,2.9000000000000004,0.02,1.8,2.4000000000000004,-42.866721052689634,-42.866721052689634,240.7465147329338,151.24115890904184,275.5548897947177,-2.4266312302903628,0.0,186.04953397082582,73.0,COMPLETE
1849,-2.4266312302903628,2026-06-19 12:44:25.353369,2026-06-19 12:47:09.119792,0 days 00:02:43.766423,1.0,0.05,1.0,2.9000000000000004,0.02,1.8,2.4000000000000004,-42.866721052689634,-42.866721052689634,240.7465147329338,151.24115890904184,275.5548897947177,-2.4266312302903628,0.0,186.04953397082582,73.0,COMPLETE
1850,-2.4266312302903628,2026-06-19 12:44:42.772300,2026-06-19 12:47:27.125502,0 days 00:02:44.353202,1.0,0.05,1.0,2.9000000000000004,0.02,1.8,2.4000000000000004,-42.866721052689634,-42.866721052689634,240.7465147329338,151.24115890904184,275.5548897947177,-2.4266312302903628,0.0,186.04953397082582,73.0,COMPLETE
1851,-2.3146479038941097,2026-06-19 12:44:51.538544,2026-06-19 12:47:35.590547,0 days 00:02:44.052003,1.0,0.05,1.0,3.0,0.02,1.8,2.4000000000000004,-42.866721052689634,-42.866721052689634,255.40406384265498,166.76734790688081,274.6862499065998,-2.3146479038941097,0.0,186.04953397082582,72.0,COMPLETE
1852,-2.3146479038941097,2026-06-19 12:44:57.879529,2026-06-19 12:47:39.671126,0 days 00:02:41.791597,1.0,0.05,1.0,3.0,0.02,1.8,2.4000000000000004,-42.866721052689634,-42.866721052689634,255.40406384265498,166.76734790688081,274.6862499065998,-2.3146479038941097,0.0,186.04953397082582,72.0,COMPLETE
1853,-2.3146479038941097,2026-06-19 12:45:04.474113,2026-06-19 12:47:47.160376,0 days 00:02:42.686263,1.0,0.05,1.0,3.0,0.02,1.8,2.4000000000000004,-42.866721052689634,-42.866721052689634,255.40406384265498,166.76734790688081,274.6862499065998,-2.3146479038941097,0.0,186.04953397082582,72.0,COMPLETE
1854,-1340.0,2026-06-19 12:45:14.681196,2026-06-19 12:47:54.818298,0 days 00:02:40.137102,1.0,0.01,1.0,3.0,0.02,1.8,2.3,-42.866721052689634,-42.866721052689634,255.40406384265498,-2.6069293776967726,260.9888502962893,-1340.0,0.0,2.97785707593762,16.0,COMPLETE
1855,-1340.0,2026-06-19 12:46:29.928106,2026-06-19 12:49:13.559920,0 days 00:02:43.631814,1.0,0.01,1.0,3.0,0.02,1.8,2.3,-42.866721052689634,-42.866721052689634,255.40406384265498,-2.6069293776967726,260.9888502962893,-1340.0,0.0,2.97785707593762,16.0,COMPLETE
1856,-2.3146479038941097,2026-06-19 12:46:58.732087,2026-06-19 12:49:39.786722,0 days 00:02:41.054635,1.0,0.01,1.0,3.0,0.01,1.8,2.4000000000000004,-42.866721052689634,-42.866721052689634,255.40406384265498,166.76734790688081,274.6862499065998,-2.3146479038941097,0.0,186.04953397082582,72.0,COMPLETE
1857,-1310.0,2026-06-19 12:47:09.152994,2026-06-19 12:49:52.885554,0 days 00:02:43.732560,0.5,0.01,0.6000000000000001,3.0,0.02,1.4,2.3,-21.433360526344817,-21.433360526344817,-125.83684741985655,-81.85986478418084,-59.188236353790096,-1310.0,0.0,-15.211253718114374,19.0,COMPLETE
1858,-1340.0,2026-06-19 12:47:27.159440,2026-06-19 12:50:11.556781,0 days 00:02:44.397341,1.0,0.01,1.0,3.0,0.01,1.8,2.3,-42.866721052689634,-42.866721052689634,255.40406384265498,-2.6069293776967726,260.9888502962893,-1340.0,0.0,2.97785707593762,16.0,COMPLETE
1859,-1340.0,2026-06-19 12:47:35.625025,2026-06-19 12:50:19.447165,0 days 00:02:43.822140,0.5,0.01,1.0,3.0,0.02,1.8,2.3,-21.433360526344817,-21.433360526344817,127.70203192132749,-1.3034646888483863,130.49442514814464,-1340.0,0.0,1.48892853796881,16.0,COMPLETE
1860,-1340.0,2026-06-19 12:47:39.704970,2026-06-19 12:50:22.177782,0 days 00:02:42.472812,0.5,0.01,1.0,3.0,0.01,1.8,2.3,-21.433360526344817,-21.433360526344817,127.70203192132749,-1.3034646888483863,130.49442514814464,-1340.0,0.0,1.48892853796881,16.0,COMPLETE
1861,-1340.0,2026-06-19 12:47:47.209464,2026-06-19 12:50:32.010059,0 days 00:02:44.800595,0.5,0.01,1.0,3.0,0.01,1.8,2.3,-21.433360526344817,-21.433360526344817,127.70203192132749,-1.3034646888483863,130.49442514814464,-1340.0,0.0,1.48892853796881,16.0,COMPLETE
1862,-1310.0,2026-06-19 12:47:54.853775,2026-06-19 12:50:35.414298,0 days 00:02:40.560523,0.5,0.01,0.6000000000000001,3.0,0.02,1.8,2.3,-21.433360526344817,-21.433360526344817,-125.83684741985655,-65.15968252809766,-59.188236353790096,-1310.0,0.0,1.48892853796881,19.0,COMPLETE
1863,-1340.0,2026-06-19 12:49:13.594294,2026-06-19 12:51:57.176219,0 days 00:02:43.581925,0.5,0.01,1.0,3.0,0.01,1.8,1.1,-21.433360526344817,-21.433360526344817,127.70203192132749,1.9635610117924358,132.60077434721057,-1340.0,0.0,6.862303437675557,16.0,COMPLETE
1864,-1260.0,2026-06-19 12:49:39.818727,2026-06-19 12:52:21.431532,0 days 00:02:41.612805,0.5,0.05,1.0,3.0,0.02,1.8,2.6,-21.433360526344817,-21.433360526344817,127.70203192132749,27.47704089994762,133.07342482141868,-1260.0,0.0,32.84843380003885,24.0,COMPLETE
1865,-1340.0,2026-06-19 12:49:52.923234,2026-06-19 12:52:36.188976,0 days 00:02:43.265742,1.0,0.05,1.0,3.0,0.02,1.8,2.3,-42.866721052689634,-42.866721052689634,255.40406384265498,-2.6069293776967726,260.9888502962893,-1340.0,0.0,2.97785707593762,16.0,COMPLETE
1866,-2.3146479038941097,2026-06-19 12:50:11.592714,2026-06-19 12:52:56.824954,0 days 00:02:45.232240,1.0,0.05,1.0,3.0,0.02,1.8,2.4000000000000004,-42.866721052689634,-42.866721052689634,255.40406384265498,166.76734790688081,274.6862499065998,-2.3146479038941097,0.0,186.04953397082582,72.0,COMPLETE
1867,-2.3146479038941097,2026-06-19 12:50:19.481176,2026-06-19 12:53:03.022335,0 days 00:02:43.541159,1.0,0.05,1.0,3.0,0.02,1.8,2.4000000000000004,-42.866721052689634,-42.866721052689634,255.40406384265498,166.76734790688081,274.6862499065998,-2.3146479038941097,0.0,186.04953397082582,72.0,COMPLETE
1868,-2.3146479038941097,2026-06-19 12:50:22.209958,2026-06-19 12:53:05.046896,0 days 00:02:42.836938,1.0,0.05,1.0,3.0,0.02,1.8,2.4000000000000004,-42.866721052689634,-42.866721052689634,255.40406384265498,166.76734790688081,274.6862499065998,-2.3146479038941097,0.0,186.04953397082582,72.0,COMPLETE
1869,-2.6634251797410573,2026-06-19 12:50:32.044419,2026-06-19 12:53:15.439920,0 days 00:02:43.395501,1.0,0.05,1.0,3.0,0.04,1.8,2.6,-42.866721052689634,-42.866721052689634,255.40406384265498,136.92233078236487,287.1906711824221,-2.6634251797410573,0.0,168.70893812213208,66.0,COMPLETE
1870,-2.3146479038941097,2026-06-19 12:50:35.443210,2026-06-19 12:53:16.200623,0 days 00:02:40.757413,1.0,0.05,1.0,3.0,0.04,1.8,2.4000000000000004,-42.866721052689634,-42.866721052689634,255.40406384265498,166.76734790688081,274.6862499065998,-2.3146479038941097,0.0,186.04953397082582,72.0,COMPLETE
1871,-2.3146479038941097,2026-06-19 12:51:57.212495,2026-06-19 12:54:40.497338,0 days 00:02:43.284843,1.0,0.05,1.0,3.0,0.02,1.8,2.4000000000000004,-42.866721052689634,-42.866721052689634,255.40406384265498,166.76734790688081,274.6862499065998,-2.3146479038941097,0.0,186.04953397082582,72.0,COMPLETE
