number,value,datetime_start,datetime_complete,duration,params_MR_BB_PERIOD,params_MR_BB_STD,params_MR_RSI_OVERBOUGHT,params_MR_RSI_OVERSOLD,params_MR_RSI_PERIOD,params_MR_VOL_SPIKE_MULT,params_MR_VWAP_DEV_PCT,params_TP_BB_PERIOD,params_TP_BB_STD,params_TP_RSI_PERIOD,user_attrs_MB_PnL,user_attrs_MR_PnL,user_attrs_QQQ_PnL,user_attrs_SPY_PnL,user_attrs_Score,user_attrs_TF_PnL,user_attrs_TP_PnL,user_attrs_Total_Trades,state
573,27.809615204035662,2026-07-22 07:25:28.682093,2026-07-22 07:29:17.975788,0 days 00:03:49.293695,10,1.6,61.0,28.0,5,0.1,0.001,14,1.8,6,0.0,-79.41049357522051,-44.15364970171658,-28.204655533895814,27.809615204035662,0.0,7.05218833960814,392.0,COMPLETE
574,28.326755123563057,2026-07-22 07:26:50.005828,2026-07-22 07:30:36.533058,0 days 00:03:46.527230,10,1.6,62.0,29.0,5,0.1,0.001,11,3.0,6,0.0,-72.38968112999915,-44.15364970171658,-21.48494077872881,28.326755123563057,0.0,6.751090649553795,396.0,COMPLETE
575,29.924673130764905,2026-07-22 07:26:51.662803,2026-07-22 07:30:45.726115,0 days 00:03:54.063312,10,1.5,61.0,29.0,5,0.1,0.001,11,3.0,6,0.0,-95.78294037732385,-60.196158617186484,-29.328724373157083,29.924673130764905,0.0,6.25805738698036,428.0,COMPLETE
576,27.966058183098422,2026-07-22 07:27:12.985631,2026-07-22 07:31:02.625869,0 days 00:03:49.640238,10,1.5,74.0,29.0,5,0.1,0.001,11,3.0,6,0.0,-87.69991318744488,-68.70306969571622,-30.8815209620856,27.966058183098422,0.0,-11.884677470356943,408.0,COMPLETE
577,25.760479596569155,2026-07-22 07:27:32.239609,2026-07-22 07:31:21.774298,0 days 00:03:49.534689,10,1.5,61.0,29.0,5,1.3,0.001,11,3.0,6,0.0,-64.01047374850701,-65.93160717020257,-16.716115584666916,25.760479596569155,0.0,-18.637249006362552,372.0,COMPLETE
578,29.740889554946616,2026-07-22 07:27:44.734372,2026-07-22 07:31:36.973419,0 days 00:03:52.239047,10,1.5,61.0,29.0,5,0.2,0.001,10,3.0,6,0.0,-102.34676818666563,-67.24848135556233,-24.738878509254707,29.740889554946616,0.0,10.359408321848575,427.0,COMPLETE
579,29.642401895237533,2026-07-22 07:27:44.846564,2026-07-22 07:31:38.098024,0 days 00:03:53.251460,10,1.5,61.0,29.0,5,0.2,0.001,11,3.0,6,0.0,-102.34676818666563,-67.24848135556233,-28.840229444122922,29.642401895237533,0.0,6.25805738698036,428.0,COMPLETE
580,18.31103417981491,2026-07-22 07:27:53.155314,2026-07-22 07:31:37.954307,0 days 00:03:44.798993,10,1.5,62.0,29.0,17,0.2,0.001,11,3.0,6,0.0,-75.64750056022655,-59.0929377370935,-28.118646785947636,18.31103417981491,0.0,-11.564083962814605,281.0,COMPLETE
581,29.740889554946616,2026-07-22 07:27:56.640374,2026-07-22 07:31:49.463925,0 days 00:03:52.823551,10,1.5,62.0,29.0,5,0.2,0.001,10,3.0,6,0.0,-102.34676818666563,-67.24848135556233,-24.738878509254707,29.740889554946616,0.0,10.359408321848575,427.0,COMPLETE
582,30.084314809995863,2026-07-22 07:28:41.760778,2026-07-22 07:32:27.778147,0 days 00:03:46.017369,10,1.5,61.0,29.0,5,0.2,0.001,10,3.0,5,0.0,-110.57143138370157,-65.96925911744216,-31.012888418253915,30.084314809995863,0.0,13.589283848005461,434.0,COMPLETE
583,30.084314809995863,2026-07-22 07:29:18.025308,2026-07-22 07:33:09.664794,0 days 00:03:51.639486,10,1.5,61.0,29.0,5,0.2,0.001,10,3.0,5,0.0,-110.57143138370157,-65.96925911744216,-31.012888418253915,30.084314809995863,0.0,13.589283848005461,434.0,COMPLETE
584,30.084314809995863,2026-07-22 07:30:36.610850,2026-07-22 07:34:24.785834,0 days 00:03:48.174984,10,1.5,61.0,29.0,5,0.2,0.001,10,3.0,5,0.0,-110.57143138370157,-65.96925911744216,-31.012888418253915,30.084314809995863,0.0,13.589283848005461,434.0,COMPLETE
585,23.584413196485944,2026-07-22 07:30:45.786274,2026-07-22 07:34:31.654600,0 days 00:03:45.868326,10,1.8,61.0,29.0,5,0.2,0.001,10,3.0,7,0.0,-67.78442350124084,-48.87837478108966,-26.88732969127335,23.584413196485944,0.0,-7.9812809711221835,341.0,COMPLETE
586,29.740889554946616,2026-07-22 07:31:02.680073,2026-07-22 07:34:54.085133,0 days 00:03:51.405060,10,1.5,61.0,29.0,5,0.2,0.001,10,3.0,6,0.0,-102.34676818666563,-67.24848135556233,-24.738878509254707,29.740889554946616,0.0,10.359408321848575,427.0,COMPLETE
587,29.27399592773554,2026-07-22 07:31:21.830269,2026-07-22 07:35:12.981422,0 days 00:03:51.151153,10,1.5,61.0,29.0,5,0.2,0.001,10,3.0,7,0.0,-105.84047822749088,-73.22864398969516,-25.681503452977683,29.27399592773554,0.0,6.930330784818047,425.0,COMPLETE
588,19.05451942187284,2026-07-22 07:31:37.025828,2026-07-22 07:35:21.293144,0 days 00:03:44.267316,10,1.5,61.0,29.0,16,0.2,0.001,10,3.0,7,0.0,-56.845744419625284,-42.01442225333085,-24.62065362468231,19.05451942187284,0.0,-9.789331458387842,281.0,COMPLETE
589,27.487719307844706,2026-07-22 07:31:38.071385,2026-07-22 07:35:29.226587,0 days 00:03:51.155202,10,1.5,61.0,29.0,6,0.2,0.001,10,2.9000000000000004,7,0.0,-118.322324132605,-69.2267036718728,-42.656800735570265,27.487719307844706,0.0,6.438819725161869,409.0,COMPLETE
590,28.62473146925633,2026-07-22 07:31:38.177641,2026-07-22 07:35:31.218120,0 days 00:03:53.040479,10,1.5,61.0,29.0,6,0.2,0.001,10,2.9000000000000004,5,0.0,-112.8261302672435,-61.967318799619804,-38.10953994572195,28.62473146925633,0.0,12.749271521901678,417.0,COMPLETE
591,27.68585931182255,2026-07-22 07:31:49.523366,2026-07-22 07:35:39.950717,0 days 00:03:50.427351,10,1.5,61.0,27.0,6,0.2,0.001,10,2.9000000000000004,5,0.0,-104.55795227485974,-65.01284511354447,-30.153487722133736,27.68585931182255,0.0,9.391619439181525,403.0,COMPLETE
592,27.487719307844706,2026-07-22 07:32:27.850426,2026-07-22 07:36:11.943636,0 days 00:03:44.093210,10,1.5,61.0,29.0,6,0.2,0.001,10,2.9000000000000004,7,0.0,-118.322324132605,-69.2267036718728,-42.656800735570265,27.487719307844706,0.0,6.438819725161869,409.0,COMPLETE
593,27.409774328492464,2026-07-22 07:33:09.728440,2026-07-22 07:36:59.079832,0 days 00:03:49.351392,11,1.5,61.0,29.0,6,0.2,0.001,10,3.0,7,0.0,-106.70487220801262,-63.72599478965868,-45.08960479113579,27.409774328492464,0.0,-2.1107273727818656,407.0,COMPLETE
594,27.769671910326505,2026-07-22 07:34:24.844729,2026-07-22 07:38:10.409193,0 days 00:03:45.564464,10,1.5,61.0,29.0,6,0.1,0.001,10,3.0,7,0.0,-111.75849632326329,-62.17438093349695,-43.145295664604426,27.769671910326505,0.0,6.438819725161869,409.0,COMPLETE
595,11.609314727517917,2026-07-22 07:34:31.712814,2026-07-22 07:38:08.999620,0 days 00:03:37.286806,11,2.6,61.0,29.0,6,0.1,0.001,10,3.0,7,0.0,-3.584481202989109,-6.792888667400759,-19.216981152684404,11.609314727517917,0.0,-22.425388617096058,168.0,COMPLETE
596,27.535000459870794,2026-07-22 07:34:54.136608,2026-07-22 07:38:44.836663,0 days 00:03:50.700055,11,1.5,61.0,29.0,6,0.1,0.001,10,3.0,7,0.0,-101.91947513377427,-58.45210278638622,-45.57809972016995,27.535000459870794,0.0,-2.1107273727818656,406.0,COMPLETE
597,27.535000459870794,2026-07-22 07:35:13.038467,2026-07-22 07:39:02.543247,0 days 00:03:49.504780,11,1.5,61.0,29.0,6,0.1,0.001,10,3.0,7,0.0,-101.91947513377427,-58.45210278638622,-45.57809972016995,27.535000459870794,0.0,-2.1107273727818656,406.0,COMPLETE
598,27.535000459870794,2026-07-22 07:35:21.353907,2026-07-22 07:39:12.268048,0 days 00:03:50.914141,11,1.5,61.0,29.0,6,0.1,0.001,10,2.9000000000000004,7,0.0,-101.91947513377427,-58.45210278638622,-45.57809972016995,27.535000459870794,0.0,-2.1107273727818656,406.0,COMPLETE
599,28.907757492670417,2026-07-22 07:35:29.287165,2026-07-22 07:39:22.041271,0 days 00:03:52.754106,11,1.5,61.0,29.0,6,0.1,0.001,10,3.0,5,0.0,-96.97983672418364,-50.92933347801911,-41.36460586403311,28.907757492670417,0.0,4.685897382131379,417.0,COMPLETE
600,28.907757492670417,2026-07-22 07:35:31.268485,2026-07-22 07:39:25.523963,0 days 00:03:54.255478,11,1.5,61.0,29.0,6,0.1,0.001,10,3.0,5,0.0,-96.97983672418364,-50.92933347801911,-41.36460586403311,28.907757492670417,0.0,4.685897382131379,417.0,COMPLETE
601,29.776748926264226,2026-07-22 07:35:40.011980,2026-07-22 07:39:33.882797,0 days 00:03:53.870817,11,1.5,60.0,29.0,5,0.1,0.001,11,3.0,5,0.0,-92.20028003349582,-52.544338914423655,-41.42639446999253,29.776748926264226,0.0,-1.77045335092043,429.0,COMPLETE
602,29.776748926264226,2026-07-22 07:36:12.077101,2026-07-22 07:39:58.328716,0 days 00:03:46.251615,11,1.5,60.0,29.0,5,0.1,0.001,11,3.0,5,0.0,-92.20028003349582,-52.544338914423655,-41.42639446999253,29.776748926264226,0.0,-1.77045335092043,429.0,COMPLETE
603,29.776748926264226,2026-07-22 07:36:59.138782,2026-07-22 07:40:50.493213,0 days 00:03:51.354431,11,1.5,60.0,29.0,5,0.1,0.001,11,3.0,5,0.0,-92.20028003349582,-52.544338914423655,-41.42639446999253,29.776748926264226,0.0,-1.77045335092043,429.0,COMPLETE
604,29.284549355064186,2026-07-22 07:38:09.062777,2026-07-22 07:42:01.231632,0 days 00:03:52.168855,11,1.5,60.0,28.0,5,0.1,0.001,11,3.0,5,0.0,-94.46397195044126,-50.13378142410095,-45.7995461872063,29.284549355064186,0.0,-1.4693556608660854,424.0,COMPLETE
605,29.284549355064186,2026-07-22 07:38:10.463124,2026-07-22 07:41:57.695302,0 days 00:03:47.232178,11,1.5,60.0,28.0,5,0.1,0.001,11,3.0,5,0.0,-94.46397195044126,-50.13378142410095,-45.7995461872063,29.284549355064186,0.0,-1.4693556608660854,424.0,COMPLETE
606,14.663182706954924,2026-07-22 07:38:44.891597,2026-07-22 07:42:24.070231,0 days 00:03:39.178634,11,2.4,60.0,28.0,5,0.1,0.001,11,3.0,5,0.0,-32.70018462705135,-21.31881032004302,-25.518001642779428,14.663182706954924,0.0,-14.136627335771093,214.0,COMPLETE
607,29.284549355064186,2026-07-22 07:39:02.605917,2026-07-22 07:42:55.610334,0 days 00:03:53.004417,11,1.5,60.0,28.0,5,0.1,0.001,11,3.0,5,0.0,-94.46397195044126,-50.13378142410095,-45.7995461872063,29.284549355064186,0.0,-1.4693556608660854,424.0,COMPLETE
608,29.284549355064186,2026-07-22 07:39:12.315115,2026-07-22 07:43:05.313155,0 days 00:03:52.998040,11,1.5,60.0,28.0,5,0.1,0.001,11,3.0,5,0.0,-94.46397195044126,-50.13378142410095,-45.7995461872063,29.284549355064186,0.0,-1.4693556608660854,424.0,COMPLETE
609,29.284549355064186,2026-07-22 07:39:22.104884,2026-07-22 07:43:15.990841,0 days 00:03:53.885957,11,1.5,60.0,28.0,5,0.1,0.001,11,3.0,5,0.0,-94.46397195044126,-50.13378142410095,-45.7995461872063,29.284549355064186,0.0,-1.4693556608660854,424.0,COMPLETE
610,29.276085678335843,2026-07-22 07:39:25.582759,2026-07-22 07:43:19.531171,0 days 00:03:53.948412,10,1.5,60.0,28.0,5,0.2,0.001,11,3.0,5,0.0,-116.59825306256482,-64.5395056168915,-42.26971684248173,29.276085678335843,0.0,9.789030603191586,429.0,COMPLETE
611,29.987066940443732,2026-07-22 07:39:33.936849,2026-07-22 07:43:27.630717,0 days 00:03:53.693868,10,1.5,60.0,29.0,5,0.2,0.001,11,3.0,5,0.0,-110.57143138370157,-65.96925911744216,-35.114239353122116,29.987066940443732,0.0,9.487932913137241,435.0,COMPLETE
612,13.680430283930129,2026-07-22 07:39:58.379850,2026-07-22 07:43:31.716574,0 days 00:03:33.336724,10,2.4,62.0,28.0,5,0.2,0.001,11,3.0,5,0.0,-9.173264918083753,-13.032138818958462,-19.36619499998398,13.680430283930129,0.0,-23.22506890085867,197.0,COMPLETE
613,29.276085678335843,2026-07-22 07:40:50.552660,2026-07-22 07:44:39.891901,0 days 00:03:49.339241,10,1.5,62.0,28.0,5,0.2,0.001,11,3.0,5,0.0,-116.59825306256482,-64.5395056168915,-42.26971684248173,29.276085678335843,0.0,9.789030603191586,429.0,COMPLETE
614,28.932904507536268,2026-07-22 07:41:57.756938,2026-07-22 07:45:46.155065,0 days 00:03:48.398127,10,1.5,62.0,28.0,5,0.2,0.001,13,3.0,6,0.0,-108.37358986552888,-65.81872785501167,-35.995706933482516,28.932904507536268,0.0,6.5591550770347045,422.0,COMPLETE
615,27.627191642301238,2026-07-22 07:42:01.291306,2026-07-22 07:45:50.564301,0 days 00:03:49.272995,10,1.6,62.0,28.0,5,0.2,0.001,13,3.0,6,0.0,-83.55554875219279,-48.78719980772302,-27.71616060486166,27.627191642301238,0.0,7.05218833960814,392.0,COMPLETE
616,23.404722976964713,2026-07-22 07:42:24.135068,2026-07-22 07:46:11.385986,0 days 00:03:47.250918,10,1.6,62.0,28.0,5,0.2,0.001,13,3.0,15,0.0,-90.70555476847265,-63.3872640624929,-30.552204773863718,23.404722976964713,0.0,-3.233914067883955,350.0,COMPLETE
617,27.627191642301238,2026-07-22 07:42:55.668829,2026-07-22 07:46:42.835339,0 days 00:03:47.166510,10,1.6,62.0,28.0,5,0.2,0.001,12,2.9000000000000004,6,0.0,-83.55554875219279,-48.78719980772302,-27.71616060486166,27.627191642301238,0.0,7.05218833960814,392.0,COMPLETE
618,24.07721201676053,2026-07-22 07:43:05.377309,2026-07-22 07:46:51.850021,0 days 00:03:46.472712,10,1.6,62.0,30.0,5,0.2,0.001,13,2.9000000000000004,15,0.0,-86.4751888648051,-64.62482618819708,-24.506559511174228,24.07721201676053,0.0,-2.656196834566166,356.0,COMPLETE
619,23.643723797821863,2026-07-22 07:43:16.052463,2026-07-22 07:47:00.742863,0 days 00:03:44.690400,10,1.6,62.0,30.0,5,1.4000000000000001,0.001,13,2.9000000000000004,6,0.0,-59.584812749787204,-61.300733266100735,-17.403811542567976,23.643723797821863,0.0,-19.119732058881553,344.0,COMPLETE
620,20.57527751401889,2026-07-22 07:43:19.584182,2026-07-22 07:47:03.937027,0 days 00:03:44.352845,10,1.6,62.0,30.0,13,0.2,0.001,13,2.9000000000000004,6,0.0,-53.07574914865346,-42.91570461263831,-22.370012477106247,20.57527751401889,0.0,-12.209967941091094,298.0,COMPLETE
621,27.562606185103277,2026-07-22 07:43:27.688775,2026-07-22 07:47:16.222523,0 days 00:03:48.533748,10,1.6,62.0,27.0,5,0.30000000000000004,0.001,13,2.9000000000000004,6,0.0,-79.15200766562185,-44.92110325636315,-27.540095831834122,27.562606185103277,0.0,6.690808577424594,389.0,COMPLETE
622,28.08759810611316,2026-07-22 07:43:31.772544,2026-07-22 07:47:13.814220,0 days 00:03:42.041676,10,1.6,62.0,29.0,5,0.30000000000000004,0.001,12,2.9000000000000004,6,0.0,-75.99355890372546,-48.24602240447707,-20.996445849694656,28.08759810611316,0.0,6.751090649553795,395.0,COMPLETE
623,25.739394795238958,2026-07-22 07:44:39.940844,2026-07-22 07:48:25.594763,0 days 00:03:45.653919,10,1.6,78.0,29.0,5,0.2,0.001,13,2.9000000000000004,6,0.0,-60.50679493952573,-51.55488419146981,-22.33114533541784,25.739394795238958,0.0,-13.379234587361896,368.0,COMPLETE
624,28.08759810611316,2026-07-22 07:45:46.221476,2026-07-22 07:49:30.326052,0 days 00:03:44.104576,10,1.6,62.0,29.0,5,0.30000000000000004,0.001,12,2.9000000000000004,6,0.0,-75.99355890372546,-48.24602240447707,-20.996445849694656,28.08759810611316,0.0,6.751090649553795,395.0,COMPLETE
625,28.08759810611316,2026-07-22 07:45:50.706628,2026-07-22 07:49:38.893570,0 days 00:03:48.186942,10,1.6,62.0,29.0,5,0.30000000000000004,0.001,12,2.9000000000000004,6,0.0,-75.99355890372546,-48.24602240447707,-20.996445849694656,28.08759810611316,0.0,6.751090649553795,395.0,COMPLETE
626,28.08759810611316,2026-07-22 07:46:11.454122,2026-07-22 07:49:59.195298,0 days 00:03:47.741176,10,1.6,62.0,29.0,5,0.30000000000000004,0.001,12,2.9000000000000004,6,0.0,-75.99355890372546,-48.24602240447707,-20.996445849694656,28.08759810611316,0.0,6.751090649553795,395.0,COMPLETE
627,24.615525200880885,2026-07-22 07:46:42.895406,2026-07-22 07:50:29.446178,0 days 00:03:46.550772,10,1.6,62.0,29.0,5,0.30000000000000004,0.001,12,2.9000000000000004,11,0.0,-78.85898050097292,-63.221905296090156,-22.862166055586997,24.615525200880885,0.0,-7.225090850704202,361.0,COMPLETE
628,29.58528029023437,2026-07-22 07:46:51.905617,2026-07-22 07:50:42.292172,0 days 00:03:50.386555,10,1.5,62.0,29.0,5,0.30000000000000004,0.001,12,2.9000000000000004,6,0.0,-101.80559078341966,-66.70730395231637,-28.840229444122922,29.58528029023437,0.0,6.25805738698036,427.0,COMPLETE
629,20.03409682571394,2026-07-22 07:47:00.808872,2026-07-22 07:50:45.887437,0 days 00:03:45.078565,10,1.5,62.0,29.0,5,1.9000000000000001,0.001,12,2.9000000000000004,6,0.0,-39.750888408242695,-63.28331226134013,-0.7622249406491981,20.03409682571394,0.0,-24.29464879374665,291.0,COMPLETE
630,29.58528029023437,2026-07-22 07:47:03.993642,2026-07-22 07:50:55.281439,0 days 00:03:51.287797,10,1.5,62.0,29.0,5,0.30000000000000004,0.001,12,3.0,6,0.0,-101.80559078341966,-66.70730395231637,-28.840229444122922,29.58528029023437,0.0,6.25805738698036,427.0,COMPLETE
631,29.92999589409212,2026-07-22 07:47:13.871407,2026-07-22 07:50:57.285211,0 days 00:03:43.413804,10,1.5,62.0,29.0,5,0.30000000000000004,0.001,12,3.0,5,0.0,-110.03025398045563,-65.42808171419621,-35.114239353122116,29.92999589409212,0.0,9.487932913137241,434.0,COMPLETE
632,27.743444446808862,2026-07-22 07:47:16.282668,2026-07-22 07:51:04.457791,0 days 00:03:48.175123,10,1.5,78.0,29.0,5,0.30000000000000004,0.001,12,3.0,5,0.0,-79.70356011167553,-67.05638058968468,-19.203736252612202,27.743444446808862,0.0,-6.5565567306214,399.0,COMPLETE
633,28.692982655820277,2026-07-22 07:48:25.646427,2026-07-22 07:52:12.520762,0 days 00:03:46.874335,11,1.5,75.0,29.0,5,0.30000000000000004,0.001,12,3.0,5,0.0,-79.53880884945184,-49.660230616599456,-38.22998648561041,28.692982655820277,0.0,-8.351408252758082,412.0,COMPLETE
634,29.596560391260894,2026-07-22 07:49:30.379844,2026-07-22 07:53:17.234922,0 days 00:03:46.855078,11,1.5,61.0,29.0,5,0.30000000000000004,0.001,12,3.0,5,0.0,-96.38088364560095,-57.21343745556296,-40.937899540958384,29.596560391260894,0.0,-1.77045335092043,429.0,COMPLETE
635,29.596560391260894,2026-07-22 07:49:38.948262,2026-07-22 07:53:30.166253,0 days 00:03:51.217991,11,1.5,61.0,29.0,5,0.30000000000000004,0.001,11,3.0,5,0.0,-96.38088364560095,-57.21343745556296,-40.937899540958384,29.596560391260894,0.0,-1.77045335092043,429.0,COMPLETE
636,29.65096500434962,2026-07-22 07:49:59.260242,2026-07-22 07:53:48.958146,0 days 00:03:49.697904,11,1.5,61.0,29.0,5,0.2,0.001,11,3.0,5,0.0,-96.98567710773416,-57.81823091769616,-40.937899540958384,29.65096500434962,0.0,-1.77045335092043,430.0,COMPLETE
637,29.65096500434962,2026-07-22 07:50:29.503280,2026-07-22 07:54:20.181695,0 days 00:03:50.678415,11,1.5,61.0,29.0,5,0.2,0.001,11,3.0,5,0.0,-96.98567710773416,-57.81823091769616,-40.937899540958384,29.65096500434962,0.0,-1.77045335092043,430.0,COMPLETE
638,29.65096500434962,2026-07-22 07:50:42.354483,2026-07-22 07:54:34.299289,0 days 00:03:51.944806,11,1.5,61.0,29.0,5,0.2,0.001,11,3.0,5,0.0,-96.98567710773416,-57.81823091769616,-40.937899540958384,29.65096500434962,0.0,-1.77045335092043,430.0,COMPLETE
639,29.65096500434962,2026-07-22 07:50:45.939705,2026-07-22 07:54:36.472022,0 days 00:03:50.532317,11,1.5,61.0,29.0,5,0.2,0.001,11,3.0,5,0.0,-96.98567710773416,-57.81823091769616,-40.937899540958384,29.65096500434962,0.0,-1.77045335092043,430.0,COMPLETE
640,28.67869235704178,2026-07-22 07:50:55.342076,2026-07-22 07:54:48.765418,0 days 00:03:53.423342,11,1.5,61.0,29.0,6,0.2,0.001,11,3.0,5,0.0,-101.76523379842196,-56.203225481291604,-44.97746186986717,28.67869235704178,0.0,0.584546447263167,419.0,COMPLETE
641,28.073725409576745,2026-07-22 07:50:57.337742,2026-07-22 07:54:39.828473,0 days 00:03:42.490731,11,1.5,61.0,29.0,6,0.9,0.001,11,3.0,5,0.0,-94.41954003809856,-57.193051852997996,-41.38874447357132,28.073725409576745,0.0,-4.162256288470779,410.0,COMPLETE
642,16.312046888931228,2026-07-22 07:51:04.519153,2026-07-22 07:54:46.264303,0 days 00:03:41.745150,11,1.5,61.0,29.0,20,1.5,0.001,11,3.0,5,0.0,-45.631963377690276,-45.419024185415914,-17.496679858542812,16.312046888931228,0.0,-17.28374066626846,244.0,COMPLETE
643,25.18311321420273,2026-07-22 07:52:12.585671,2026-07-22 07:55:58.298231,0 days 00:03:45.712560,11,1.5,61.0,29.0,6,0.0,0.001,11,3.0,5,0.0,-70.00163696357968,-52.416148601087905,-27.690247213808135,25.18311321420273,0.0,-10.104758851316456,364.0,COMPLETE
644,25.18311321420273,2026-07-22 07:53:17.300912,2026-07-22 07:57:01.612077,0 days 00:03:44.311165,11,1.5,61.0,29.0,6,0.0,0.001,11,3.0,5,0.0,-70.00163696357968,-52.416148601087905,-27.690247213808135,25.18311321420273,0.0,-10.104758851316456,364.0,COMPLETE
645,18.317812716534466,2026-07-22 07:53:30.231361,2026-07-22 07:57:14.255029,0 days 00:03:44.023668,12,1.5,61.0,29.0,6,0.0,0.002,40,3.0,5,0.0,-66.71044667022377,-61.6350770347863,-12.113222010991162,18.317812716534466,0.0,-7.037852375553714,275.0,COMPLETE
646,12.795509502288734,2026-07-22 07:53:49.011264,2026-07-22 07:57:25.520029,0 days 00:03:36.508765,11,1.5,61.0,29.0,6,0.0,0.01,10,3.0,5,0.0,-9.88971950283338,-20.344844307661432,-8.97188305304768,12.795509502288734,0.0,-19.42700785787571,184.0,COMPLETE
647,12.965972208799347,2026-07-22 07:54:20.239094,2026-07-22 07:57:57.563713,0 days 00:03:37.324619,12,1.5,61.0,29.0,6,0.0,0.01,10,3.0,5,0.0,-9.031857571747874,-20.070229400160223,-8.388636029463386,12.965972208799347,0.0,-19.42700785787571,186.0,COMPLETE
648,23.634310887724766,2026-07-22 07:54:34.359838,2026-07-22 07:58:22.838195,0 days 00:03:48.478357,12,1.5,61.0,28.0,6,0.0,0.002,10,3.0,5,0.0,-61.02822043589445,-64.79070060084325,-1.1515679020689857,23.634310887724766,0.0,-4.914048067017865,339.0,COMPLETE
649,20.69543916132349,2026-07-22 07:54:36.532707,2026-07-22 07:58:23.024494,0 days 00:03:46.491787,12,1.5,61.0,28.0,6,0.9,0.002,40,3.0,5,0.0,-71.57288676845323,-64.71100467066256,-10.879024165400551,20.69543916132349,0.0,-4.01714206760991,307.0,COMPLETE
650,15.372391185911887,2026-07-22 07:54:39.890712,2026-07-22 07:58:17.045321,0 days 00:03:37.154609,12,1.5,63.0,28.0,6,0.0,0.003,10,3.0,13,0.0,-60.00676986472272,-64.2629404896322,-23.279119836594678,15.372391185911887,0.0,-27.535290461504204,244.0,COMPLETE
651,23.634310887724766,2026-07-22 07:54:46.319620,2026-07-22 07:58:33.868729,0 days 00:03:47.549109,12,1.5,63.0,28.0,6,0.0,0.002,10,3.0,5,0.0,-61.02822043589445,-64.79070060084325,-1.1515679020689857,23.634310887724766,0.0,-4.914048067017865,339.0,COMPLETE
652,12.520425705333693,2026-07-22 07:54:48.819533,2026-07-22 07:58:26.873536,0 days 00:03:38.054003,12,2.8,63.0,27.0,6,0.0,0.002,10,3.0,5,0.0,-4.422876108554437,-13.44362667693217,-9.610243874878618,12.520425705333693,0.0,-18.630994443256345,178.0,COMPLETE
653,23.634310887724766,2026-07-22 07:55:58.353067,2026-07-22 07:59:41.956091,0 days 00:03:43.603024,12,1.5,63.0,28.0,6,0.0,0.002,10,3.0,5,0.0,-61.02822043589445,-64.79070060084325,-1.1515679020689857,23.634310887724766,0.0,-4.914048067017865,339.0,COMPLETE
654,13.670900933804264,2026-07-22 07:57:01.669354,2026-07-22 08:00:35.919943,0 days 00:03:34.250589,12,1.5,63.0,28.0,5,0.1,0.009000000000000001,10,3.0,5,0.0,-9.210287263885043,-18.79148503788653,-12.395942160411753,13.670900933804264,0.0,-21.977139934413206,195.0,COMPLETE
