number,value,datetime_start,datetime_complete,duration,params_MAX_POSITION_PCT,params_MAX_RISK_PCT,params_MR_MIN_RR,params_MR_STOP_MULT,params_RISK_TIER_EQUITY_PCT,params_TP_MIN_RR,params_TP_STOP_MULT,user_attrs_BTC_PnL,user_attrs_MB_PnL,user_attrs_MR_PnL,user_attrs_QQQ_PnL,user_attrs_SPY_PnL,user_attrs_Score,user_attrs_TF_PnL,user_attrs_TP_PnL,user_attrs_Total_Trades,state
1210,-2.4266312302903628,2026-06-19 09:06:47.896386,2026-06-19 09:09:30.881483,0 days 00:02:42.985097,1.0,0.05,1.0,2.9000000000000004,0.02,1.8,2.4000000000000004,-42.866721052689634,-42.866721052689634,240.7465147329338,151.24115890904184,275.5548897947177,-2.4266312302903628,0.0,186.04953397082582,73.0,COMPLETE
1211,-2.4266312302903628,2026-06-19 09:07:39.564429,2026-06-19 09:10:23.915477,0 days 00:02:44.351048,1.0,0.05,1.0,2.9000000000000004,0.02,1.8,2.4000000000000004,-42.866721052689634,-42.866721052689634,240.7465147329338,151.24115890904184,275.5548897947177,-2.4266312302903628,0.0,186.04953397082582,73.0,COMPLETE
1212,-5.78468463225307,2026-06-19 09:07:59.570169,2026-06-19 09:10:43.320988,0 days 00:02:43.750819,1.5,0.05,1.0,2.9000000000000004,0.02,1.8,2.4000000000000004,-41.95360943424255,-41.95360943424255,357.4890541665054,224.48086359302442,411.87894062651594,-5.78468463225307,0.0,278.8707500530348,73.0,COMPLETE
1213,-2.4266312302903628,2026-06-19 09:08:03.391308,2026-06-19 09:10:43.987093,0 days 00:02:40.595785,1.0,0.05,1.0,2.9000000000000004,0.02,1.8,2.4000000000000004,-42.866721052689634,-42.866721052689634,240.7465147329338,151.24115890904184,275.5548897947177,-2.4266312302903628,0.0,186.04953397082582,73.0,COMPLETE
1214,-2.4266312302903628,2026-06-19 09:08:16.612612,2026-06-19 09:11:00.196526,0 days 00:02:43.583914,1.0,0.05,1.0,2.9000000000000004,0.02,1.8,2.4000000000000004,-42.866721052689634,-42.866721052689634,240.7465147329338,151.24115890904184,275.5548897947177,-2.4266312302903628,0.0,186.04953397082582,73.0,COMPLETE
1215,-5.733707491292984,2026-06-19 09:08:26.106204,2026-06-19 09:11:07.709708,0 days 00:02:41.603504,1.5,0.05,1.0,3.0,0.02,1.8,2.4000000000000004,-41.95360943424255,-41.95360943424255,372.03756108544536,240.61634773132857,410.2919634071518,-5.733707491292984,0.0,278.8707500530348,72.0,COMPLETE
1216,-5.733707491292984,2026-06-19 09:08:39.894383,2026-06-19 09:11:23.041636,0 days 00:02:43.147253,1.5,0.05,1.0,3.0,0.02,1.8,2.4000000000000004,-41.95360943424255,-41.95360943424255,372.03756108544536,240.61634773132857,410.2919634071518,-5.733707491292984,0.0,278.8707500530348,72.0,COMPLETE
1217,-5.733707491292984,2026-06-19 09:08:53.414228,2026-06-19 09:11:34.854448,0 days 00:02:41.440220,1.5,0.05,1.0,3.0,0.02,1.8,2.4000000000000004,-41.95360943424255,-41.95360943424255,372.03756108544536,240.61634773132857,410.2919634071518,-5.733707491292984,0.0,278.8707500530348,72.0,COMPLETE
1218,-5.733707491292984,2026-06-19 09:09:30.921575,2026-06-19 09:12:13.060696,0 days 00:02:42.139121,1.5,0.05,1.0,3.0,0.02,1.8,2.4000000000000004,-41.95360943424255,-41.95360943424255,372.03756108544536,240.61634773132857,410.2919634071518,-5.733707491292984,0.0,278.8707500530348,72.0,COMPLETE
1219,-5.733707491292984,2026-06-19 09:10:23.945622,2026-06-19 09:13:08.211588,0 days 00:02:44.265966,1.5,0.05,1.0,3.0,0.02,1.8,2.4000000000000004,-41.95360943424255,-41.95360943424255,372.03756108544536,240.61634773132857,410.2919634071518,-5.733707491292984,0.0,278.8707500530348,72.0,COMPLETE
1220,-6.163195467662209,2026-06-19 09:10:43.351538,2026-06-19 09:13:27.209790,0 days 00:02:43.858252,1.5,0.05,1.0,3.0,0.02,1.8,2.5,-41.95360943424255,-41.95360943424255,372.03756108544536,217.60882031191068,409.14448636675263,-6.163195467662209,0.0,254.71574559321772,69.0,COMPLETE
1221,-18.645723482859403,2026-06-19 09:10:44.017136,2026-06-19 09:13:23.976416,0 days 00:02:39.959280,3.0,0.05,1.0,3.0,0.02,1.8,2.4000000000000004,-41.95360943424255,-41.95360943424255,370.56590608019616,402.90972695405657,425.74770457520964,-18.645723482859403,0.0,458.09152544906976,72.0,COMPLETE
1222,-5.733707491292984,2026-06-19 09:11:00.232068,2026-06-19 09:13:44.216625,0 days 00:02:43.984557,1.5,0.05,1.0,3.0,0.02,1.8,2.4000000000000004,-41.95360943424255,-41.95360943424255,372.03756108544536,240.61634773132857,410.2919634071518,-5.733707491292984,0.0,278.8707500530348,72.0,COMPLETE
1223,-9.384034235865261,2026-06-19 09:11:07.741689,2026-06-19 09:13:50.427049,0 days 00:02:42.685360,1.0,0.05,1.0,3.0,0.02,1.8,2.5,-42.866721052689634,-42.866721052689634,255.40406384265498,121.79047818432022,273.1246761685282,-9.384034235865261,0.0,139.51109051019347,58.0,COMPLETE
1224,-9.384034235865261,2026-06-19 09:11:23.074573,2026-06-19 09:14:06.676909,0 days 00:02:43.602336,1.0,0.05,1.0,3.0,0.02,1.8,2.5,-42.866721052689634,-42.866721052689634,255.40406384265498,121.79047818432022,273.1246761685282,-9.384034235865261,0.0,139.51109051019347,58.0,COMPLETE
1225,-9.384034235865261,2026-06-19 09:11:34.888545,2026-06-19 09:14:16.241547,0 days 00:02:41.353002,1.0,0.05,1.0,3.0,0.02,1.8,2.5,-42.866721052689634,-42.866721052689634,255.40406384265498,121.79047818432022,273.1246761685282,-9.384034235865261,0.0,139.51109051019347,58.0,COMPLETE
1226,-9.384034235865261,2026-06-19 09:12:13.098878,2026-06-19 09:14:57.163336,0 days 00:02:44.064458,1.0,0.05,1.0,3.0,0.02,1.8,2.5,-42.866721052689634,-42.866721052689634,255.40406384265498,121.79047818432022,273.1246761685282,-9.384034235865261,0.0,139.51109051019347,58.0,COMPLETE
1227,-9.384034235865261,2026-06-19 09:13:08.246924,2026-06-19 09:15:53.046967,0 days 00:02:44.800043,1.0,0.05,1.0,3.0,0.02,1.8,2.5,-42.866721052689634,-42.866721052689634,255.40406384265498,121.79047818432022,273.1246761685282,-9.384034235865261,0.0,139.51109051019347,58.0,COMPLETE
1228,-9.384034235865261,2026-06-19 09:13:24.010601,2026-06-19 09:16:04.153127,0 days 00:02:40.142526,1.0,0.05,1.0,3.0,0.02,1.8,2.5,-42.866721052689634,-42.866721052689634,255.40406384265498,121.79047818432022,273.1246761685282,-9.384034235865261,0.0,139.51109051019347,58.0,COMPLETE
1229,-9.384034235865261,2026-06-19 09:13:27.245647,2026-06-19 09:16:11.068664,0 days 00:02:43.823017,1.0,0.05,1.0,3.0,0.02,1.8,2.5,-42.866721052689634,-42.866721052689634,255.40406384265498,121.79047818432022,273.1246761685282,-9.384034235865261,0.0,139.51109051019347,58.0,COMPLETE
1230,-9.384034235865261,2026-06-19 09:13:44.245956,2026-06-19 09:16:28.349098,0 days 00:02:44.103142,1.0,0.05,1.0,3.0,0.02,1.8,2.5,-42.866721052689634,-42.866721052689634,255.40406384265498,121.79047818432022,273.1246761685282,-9.384034235865261,0.0,139.51109051019347,58.0,COMPLETE
1231,-11.022516668477932,2026-06-19 09:13:50.462938,2026-06-19 09:16:32.681214,0 days 00:02:42.218276,1.0,0.05,0.9000000000000001,3.0,0.02,1.8,2.5,-42.866721052689634,-42.866721052689634,152.85303788438142,95.18331752743777,197.1808108671371,-11.022516668477932,0.0,139.51109051019347,60.0,COMPLETE
1232,-9.384034235865261,2026-06-19 09:14:06.705930,2026-06-19 09:16:50.775561,0 days 00:02:44.069631,1.0,0.05,1.0,3.0,0.02,1.8,2.5,-42.866721052689634,-42.866721052689634,255.40406384265498,121.79047818432022,273.1246761685282,-9.384034235865261,0.0,139.51109051019347,58.0,COMPLETE
1233,-2.3146479038941097,2026-06-19 09:14:16.275309,2026-06-19 09:16:57.428962,0 days 00:02:41.153653,1.0,0.05,1.0,3.0,0.02,1.8,2.4000000000000004,-42.866721052689634,-42.866721052689634,255.40406384265498,166.76734790688081,274.6862499065998,-2.3146479038941097,0.0,186.04953397082582,72.0,COMPLETE
1234,-3.985978348027869,2026-06-19 09:14:57.197650,2026-06-19 09:17:39.666323,0 days 00:02:42.468673,1.0,0.05,0.9000000000000001,3.0,0.02,1.8,2.4000000000000004,-42.866721052689634,-42.866721052689634,152.85303788438142,140.16018724999836,198.74238460520885,-3.985978348027869,0.0,186.04953397082582,74.0,COMPLETE
1235,-2.3146479038941097,2026-06-19 09:15:53.077047,2026-06-19 09:18:36.517814,0 days 00:02:43.440767,1.0,0.05,1.0,3.0,0.02,1.8,2.4000000000000004,-42.866721052689634,-42.866721052689634,255.40406384265498,166.76734790688081,274.6862499065998,-2.3146479038941097,0.0,186.04953397082582,72.0,COMPLETE
1236,-1220.0,2026-06-19 09:16:04.193254,2026-06-19 09:18:44.387869,0 days 00:02:40.194615,0.5,0.05,1.0,2.9000000000000004,0.02,1.8,2.4000000000000004,-21.433360526344817,-21.433360526344817,120.3732573664669,27.107772957434218,133.50774476547764,-1220.0,0.0,40.242260356444916,28.0,COMPLETE
1237,-3.8139559882393823,2026-06-19 09:16:11.101774,2026-06-19 09:18:55.372914,0 days 00:02:44.271140,1.0,0.05,0.9000000000000001,2.9000000000000004,0.02,1.8,2.4000000000000004,-42.866721052689634,-42.866721052689634,156.0444341221424,140.16018724999836,201.93378084296987,-3.8139559882393823,0.0,186.04953397082582,74.0,COMPLETE
1238,-1220.0,2026-06-19 09:16:28.381818,2026-06-19 09:19:12.355537,0 days 00:02:43.973719,0.5,0.05,1.0,2.9000000000000004,0.02,1.8,2.4000000000000004,-21.433360526344817,-21.433360526344817,120.3732573664669,27.107772957434218,133.50774476547764,-1220.0,0.0,40.242260356444916,28.0,COMPLETE
1239,-1220.0,2026-06-19 09:16:32.716421,2026-06-19 09:19:14.958910,0 days 00:02:42.242489,0.5,0.05,1.0,2.9000000000000004,0.02,1.8,2.4000000000000004,-21.433360526344817,-21.433360526344817,120.3732573664669,27.107772957434218,133.50774476547764,-1220.0,0.0,40.242260356444916,28.0,COMPLETE
1240,-1220.0,2026-06-19 09:16:50.810484,2026-06-19 09:19:35.202158,0 days 00:02:44.391674,0.5,0.05,1.0,2.9000000000000004,0.02,1.8,2.4000000000000004,-21.433360526344817,-21.433360526344817,120.3732573664669,27.107772957434218,133.50774476547764,-1220.0,0.0,40.242260356444916,28.0,COMPLETE
1241,-1220.0,2026-06-19 09:16:57.461982,2026-06-19 09:19:39.811137,0 days 00:02:42.349155,0.5,0.05,1.0,2.9000000000000004,0.02,1.8,2.4000000000000004,-21.433360526344817,-21.433360526344817,120.3732573664669,27.107772957434218,133.50774476547764,-1220.0,0.0,40.242260356444916,28.0,COMPLETE
1242,-1220.0,2026-06-19 09:17:39.701404,2026-06-19 09:20:23.596635,0 days 00:02:43.895231,0.5,0.05,1.0,2.9000000000000004,0.02,1.8,2.4000000000000004,-21.433360526344817,-21.433360526344817,120.3732573664669,27.107772957434218,133.50774476547764,-1220.0,0.0,40.242260356444916,28.0,COMPLETE
1243,-1190.0,2026-06-19 09:18:36.554846,2026-06-19 09:21:20.786458,0 days 00:02:44.231612,0.5,0.05,1.0,1.5,0.02,1.8,2.4000000000000004,-21.433360526344817,-21.433360526344817,-62.404576912490754,30.264210494657377,-52.42652705070322,-1190.0,0.0,40.242260356444916,31.0,COMPLETE
1244,-2.4266312302903628,2026-06-19 09:18:44.421941,2026-06-19 09:21:25.927060,0 days 00:02:41.505119,1.0,0.05,1.0,2.9000000000000004,0.02,1.8,2.4000000000000004,-42.866721052689634,-42.866721052689634,240.7465147329338,151.24115890904184,275.5548897947177,-2.4266312302903628,0.0,186.04953397082582,73.0,COMPLETE
1245,-2.4266312302903628,2026-06-19 09:18:55.407409,2026-06-19 09:21:39.327366,0 days 00:02:43.919957,1.0,0.05,1.0,2.9000000000000004,0.02,1.8,2.4000000000000004,-42.866721052689634,-42.866721052689634,240.7465147329338,151.24115890904184,275.5548897947177,-2.4266312302903628,0.0,186.04953397082582,73.0,COMPLETE
1246,-2.3146479038941097,2026-06-19 09:19:12.384054,2026-06-19 09:21:56.137256,0 days 00:02:43.753202,1.0,0.05,1.0,3.0,0.02,1.8,2.4000000000000004,-42.866721052689634,-42.866721052689634,255.40406384265498,166.76734790688081,274.6862499065998,-2.3146479038941097,0.0,186.04953397082582,72.0,COMPLETE
1247,-2.3146479038941097,2026-06-19 09:19:14.991131,2026-06-19 09:21:57.025118,0 days 00:02:42.033987,1.0,0.05,1.0,3.0,0.02,1.8,2.4000000000000004,-42.866721052689634,-42.866721052689634,255.40406384265498,166.76734790688081,274.6862499065998,-2.3146479038941097,0.0,186.04953397082582,72.0,COMPLETE
1248,-2.3146479038941097,2026-06-19 09:19:35.232975,2026-06-19 09:22:20.497126,0 days 00:02:45.264151,1.0,0.05,1.0,3.0,0.02,1.8,2.4000000000000004,-42.866721052689634,-42.866721052689634,255.40406384265498,166.76734790688081,274.6862499065998,-2.3146479038941097,0.0,186.04953397082582,72.0,COMPLETE
1249,-2.3146479038941097,2026-06-19 09:19:39.841623,2026-06-19 09:22:21.595338,0 days 00:02:41.753715,1.0,0.05,1.0,3.0,0.02,1.8,2.4000000000000004,-42.866721052689634,-42.866721052689634,255.40406384265498,166.76734790688081,274.6862499065998,-2.3146479038941097,0.0,186.04953397082582,72.0,COMPLETE
1250,-2.3146479038941097,2026-06-19 09:20:23.694465,2026-06-19 09:23:11.113610,0 days 00:02:47.419145,1.0,0.05,1.0,3.0,0.02,1.8,2.4000000000000004,-42.866721052689634,-42.866721052689634,255.40406384265498,166.76734790688081,274.6862499065998,-2.3146479038941097,0.0,186.04953397082582,72.0,COMPLETE
1251,-4.31241598525185,2026-06-19 09:21:20.815955,2026-06-19 09:24:07.828986,0 days 00:02:47.013031,1.0,0.05,1.0,2.8,0.02,1.8,2.4000000000000004,-42.866721052689634,-42.866721052689634,124.80316200709275,124.63399825215936,186.2186977257592,-4.31241598525185,0.0,186.04953397082582,73.0,COMPLETE
1252,-2.3146479038941097,2026-06-19 09:21:25.955226,2026-06-19 09:24:09.651263,0 days 00:02:43.696037,1.0,0.05,1.0,3.0,0.02,1.8,2.4000000000000004,-42.866721052689634,-42.866721052689634,255.40406384265498,166.76734790688081,274.6862499065998,-2.3146479038941097,0.0,186.04953397082582,72.0,COMPLETE
1253,-2.3146479038941097,2026-06-19 09:21:39.357026,2026-06-19 09:24:25.783963,0 days 00:02:46.426937,1.0,0.05,1.0,3.0,0.02,1.8,2.4000000000000004,-42.866721052689634,-42.866721052689634,255.40406384265498,166.76734790688081,274.6862499065998,-2.3146479038941097,0.0,186.04953397082582,72.0,COMPLETE
1254,-26.288150552516907,2026-06-19 09:21:56.180428,2026-06-19 09:24:41.733818,0 days 00:02:45.553390,1.0,0.05,0.6000000000000001,3.0,0.02,1.8,2.4000000000000004,-42.866721052689634,-42.866721052689634,-241.51331870734734,34.73657032365156,-90.20035506017318,-26.288150552516907,0.0,186.04953397082582,75.0,COMPLETE
1255,-8.364840338358832,2026-06-19 09:21:57.054833,2026-06-19 09:24:42.631978,0 days 00:02:45.577145,1.0,0.05,1.0,1.3,0.02,1.8,2.4000000000000004,-42.866721052689634,-42.866721052689634,-119.39520685084459,173.83760403118487,-107.18327691120373,-8.364840338358832,0.0,186.04953397082582,74.0,COMPLETE
1256,-9.384034235865261,2026-06-19 09:22:20.674984,2026-06-19 09:25:07.651844,0 days 00:02:46.976860,1.0,0.05,1.0,3.0,0.02,1.8,2.5,-42.866721052689634,-42.866721052689634,255.40406384265498,121.79047818432022,273.1246761685282,-9.384034235865261,0.0,139.51109051019347,58.0,COMPLETE
1257,-9.384034235865261,2026-06-19 09:22:21.661628,2026-06-19 09:25:05.418193,0 days 00:02:43.756565,1.0,0.05,1.0,3.0,0.02,1.8,2.5,-42.866721052689634,-42.866721052689634,255.40406384265498,121.79047818432022,273.1246761685282,-9.384034235865261,0.0,139.51109051019347,58.0,COMPLETE
1258,-9.384034235865261,2026-06-19 09:23:11.151185,2026-06-19 09:25:54.985585,0 days 00:02:43.834400,1.0,0.05,1.0,3.0,0.02,1.8,2.5,-42.866721052689634,-42.866721052689634,255.40406384265498,121.79047818432022,273.1246761685282,-9.384034235865261,0.0,139.51109051019347,58.0,COMPLETE
1259,-31.460323247580266,2026-06-19 09:24:07.865803,2026-06-19 09:26:52.035565,0 days 00:02:44.169762,1.0,0.05,0.3,3.0,0.02,1.7000000000000002,2.6,-42.866721052689634,-42.866721052689634,-241.51331870734734,-10.790997899041106,-91.76192879824488,-31.460323247580266,0.0,138.96039201006133,61.0,COMPLETE
1260,-1310.0,2026-06-19 09:24:09.686160,2026-06-19 09:26:51.326143,0 days 00:02:41.639983,1.0,0.05,0.3,3.0,0.02,1.7000000000000002,2.5,-42.866721052689634,-42.866721052689634,-241.51331870734734,-134.63770696092598,-103.89775467048376,-1310.0,0.0,2.97785707593762,19.0,COMPLETE
1261,-9.384034235865261,2026-06-19 09:24:25.820637,2026-06-19 09:27:09.732704,0 days 00:02:43.912067,1.0,0.05,1.0,3.0,0.02,1.8,2.5,-42.866721052689634,-42.866721052689634,255.40406384265498,121.79047818432022,273.1246761685282,-9.384034235865261,0.0,139.51109051019347,58.0,COMPLETE
1262,-9.384034235865261,2026-06-19 09:24:41.768641,2026-06-19 09:27:25.833219,0 days 00:02:44.064578,1.0,0.05,1.0,3.0,0.02,1.8,2.5,-42.866721052689634,-42.866721052689634,255.40406384265498,121.79047818432022,273.1246761685282,-9.384034235865261,0.0,139.51109051019347,58.0,COMPLETE
1263,-9.384034235865261,2026-06-19 09:24:42.673570,2026-06-19 09:27:25.198896,0 days 00:02:42.525326,1.0,0.05,1.0,3.0,0.02,1.8,2.5,-42.866721052689634,-42.866721052689634,255.40406384265498,121.79047818432022,273.1246761685282,-9.384034235865261,0.0,139.51109051019347,58.0,COMPLETE
1264,-9.384034235865261,2026-06-19 09:25:05.452653,2026-06-19 09:27:46.933983,0 days 00:02:41.481330,1.0,0.05,1.0,3.0,0.02,1.8,2.5,-42.866721052689634,-42.866721052689634,255.40406384265498,121.79047818432022,273.1246761685282,-9.384034235865261,0.0,139.51109051019347,58.0,COMPLETE
1265,-1340.0,2026-06-19 09:25:07.692634,2026-06-19 09:27:51.763869,0 days 00:02:44.071235,1.0,0.05,1.0,3.0,0.02,1.7000000000000002,2.5,-42.866721052689634,-42.866721052689634,255.40406384265498,-2.6069293776967726,260.9888502962893,-1340.0,0.0,2.97785707593762,16.0,COMPLETE
1266,-9.39490697627085,2026-06-19 09:25:55.016707,2026-06-19 09:28:38.880522,0 days 00:02:43.863815,1.0,0.05,1.0,3.0,0.02,1.7000000000000002,2.6,-42.866721052689634,-42.866721052689634,255.40406384265498,121.23977968418808,273.1246761685282,-9.39490697627085,0.0,138.96039201006133,58.0,COMPLETE
1267,-1340.0,2026-06-19 09:26:51.361799,2026-06-19 09:29:32.426155,0 days 00:02:41.064356,1.0,0.05,1.0,3.0,0.02,1.7000000000000002,2.5,-42.866721052689634,-42.866721052689634,255.40406384265498,-2.6069293776967726,260.9888502962893,-1340.0,0.0,2.97785707593762,16.0,COMPLETE
1268,-2.4266312302903628,2026-06-19 09:26:52.075024,2026-06-19 09:29:37.570432,0 days 00:02:45.495408,1.0,0.05,1.0,2.9000000000000004,0.02,1.8,2.4000000000000004,-42.866721052689634,-42.866721052689634,240.7465147329338,151.24115890904184,275.5548897947177,-2.4266312302903628,0.0,186.04953397082582,73.0,COMPLETE
1269,-2.4266312302903628,2026-06-19 09:27:09.767991,2026-06-19 09:29:53.859159,0 days 00:02:44.091168,1.0,0.05,1.0,2.9000000000000004,0.02,1.8,2.4000000000000004,-42.866721052689634,-42.866721052689634,240.7465147329338,151.24115890904184,275.5548897947177,-2.4266312302903628,0.0,186.04953397082582,73.0,COMPLETE
1270,-2.4266312302903628,2026-06-19 09:27:25.234865,2026-06-19 09:30:08.516435,0 days 00:02:43.281570,1.0,0.05,1.0,2.9000000000000004,0.02,1.8,2.4000000000000004,-42.866721052689634,-42.866721052689634,240.7465147329338,151.24115890904184,275.5548897947177,-2.4266312302903628,0.0,186.04953397082582,73.0,COMPLETE
1271,-2.4266312302903628,2026-06-19 09:27:25.943626,2026-06-19 09:30:09.243293,0 days 00:02:43.299667,1.0,0.05,1.0,2.9000000000000004,0.02,1.8,2.4000000000000004,-42.866721052689634,-42.866721052689634,240.7465147329338,151.24115890904184,275.5548897947177,-2.4266312302903628,0.0,186.04953397082582,73.0,COMPLETE
1272,-11.1637375475742,2026-06-19 09:27:46.973823,2026-06-19 09:30:28.325553,0 days 00:02:41.351730,1.0,0.05,1.0,2.2,0.02,1.8,2.4000000000000004,-42.866721052689634,-42.866721052689634,-175.0692774688289,96.44693516846002,-85.4666786664632,-11.1637375475742,0.0,186.04953397082582,73.0,COMPLETE
1273,-2.4266312302903628,2026-06-19 09:27:51.802915,2026-06-19 09:30:35.607894,0 days 00:02:43.804979,1.0,0.05,1.0,2.9000000000000004,0.02,1.8,2.4000000000000004,-42.866721052689634,-42.866721052689634,240.7465147329338,151.24115890904184,275.5548897947177,-2.4266312302903628,0.0,186.04953397082582,73.0,COMPLETE
1274,-2.4266312302903628,2026-06-19 09:28:38.927335,2026-06-19 09:31:21.384397,0 days 00:02:42.457062,1.0,0.05,1.0,2.9000000000000004,0.02,1.8,2.4000000000000004,-42.866721052689634,-42.866721052689634,240.7465147329338,151.24115890904184,275.5548897947177,-2.4266312302903628,0.0,186.04953397082582,73.0,COMPLETE
1275,-2.4266312302903628,2026-06-19 09:29:32.461935,2026-06-19 09:32:12.944480,0 days 00:02:40.482545,1.0,0.05,1.0,2.9000000000000004,0.02,1.8,2.4000000000000004,-42.866721052689634,-42.866721052689634,240.7465147329338,151.24115890904184,275.5548897947177,-2.4266312302903628,0.0,186.04953397082582,73.0,COMPLETE
1276,-2.4266312302903628,2026-06-19 09:29:37.605106,2026-06-19 09:32:21.803087,0 days 00:02:44.197981,1.0,0.05,1.0,2.9000000000000004,0.02,1.8,2.4000000000000004,-42.866721052689634,-42.866721052689634,240.7465147329338,151.24115890904184,275.5548897947177,-2.4266312302903628,0.0,186.04953397082582,73.0,COMPLETE
1277,-33.654231782689756,2026-06-19 09:29:53.903226,2026-06-19 09:32:37.296011,0 days 00:02:43.392785,1.0,0.05,0.5,2.8,0.02,1.8,2.4000000000000004,-42.866721052689634,-42.866721052689634,-292.16534666216944,37.78216742786147,-143.89798011920516,-33.654231782689756,0.0,186.04953397082582,75.0,COMPLETE
1278,-4.31241598525185,2026-06-19 09:30:08.550978,2026-06-19 09:32:51.096412,0 days 00:02:42.545434,1.0,0.05,1.0,2.8,0.02,1.8,2.4000000000000004,-42.866721052689634,-42.866721052689634,124.80316200709275,124.63399825215936,186.2186977257592,-4.31241598525185,0.0,186.04953397082582,73.0,COMPLETE
1279,-4.31241598525185,2026-06-19 09:30:09.283084,2026-06-19 09:32:53.158102,0 days 00:02:43.875018,1.0,0.05,1.0,2.8,0.02,1.8,2.4000000000000004,-42.866721052689634,-42.866721052689634,124.80316200709275,124.63399825215936,186.2186977257592,-4.31241598525185,0.0,186.04953397082582,73.0,COMPLETE
1280,-2.3146479038941097,2026-06-19 09:30:28.362081,2026-06-19 09:33:10.375118,0 days 00:02:42.013037,1.0,0.05,1.0,3.0,0.02,1.8,2.4000000000000004,-42.866721052689634,-42.866721052689634,255.40406384265498,166.76734790688081,274.6862499065998,-2.3146479038941097,0.0,186.04953397082582,72.0,COMPLETE
1281,-2.3146479038941097,2026-06-19 09:30:35.644378,2026-06-19 09:33:21.108415,0 days 00:02:45.464037,1.0,0.05,1.0,3.0,0.02,1.8,2.4000000000000004,-42.866721052689634,-42.866721052689634,255.40406384265498,166.76734790688081,274.6862499065998,-2.3146479038941097,0.0,186.04953397082582,72.0,COMPLETE
