number,value,datetime_start,datetime_complete,duration,params_MAX_POSITION_PCT,params_MAX_RISK_PCT,params_MR_MIN_RR,params_MR_STOP_MULT,params_RISK_TIER_EQUITY_PCT,params_TP_MIN_RR,params_TP_STOP_MULT,user_attrs_BTC_PnL,user_attrs_MB_PnL,user_attrs_MR_PnL,user_attrs_QQQ_PnL,user_attrs_SPY_PnL,user_attrs_Score,user_attrs_TF_PnL,user_attrs_TP_PnL,user_attrs_Total_Trades,state
606,-14.155417658904756,2026-06-19 05:42:09.264071,2026-06-19 05:44:49.964574,0 days 00:02:40.700503,1.0,0.01,1.0,2.5,0.04,2.0,2.4000000000000004,-42.866721052689634,-42.866721052689634,-157.77892744794207,1.1030721813176356,-38.251982065641364,-14.155417658904756,0.0,120.63001756361837,53.0,COMPLETE
607,-12.81638533446162,2026-06-19 05:42:46.229570,2026-06-19 05:45:29.668713,0 days 00:02:43.439143,1.0,0.01,1.0,2.5,0.02,1.9,2.4000000000000004,-42.866721052689634,-42.866721052689634,-157.77892744794207,25.854943964263242,-43.57208240187871,-12.81638533446162,0.0,140.06178901032658,58.0,COMPLETE
608,-12.81638533446162,2026-06-19 05:42:56.381703,2026-06-19 05:45:40.273905,0 days 00:02:43.892202,1.0,0.01,1.0,2.5,0.02,1.9,2.4000000000000004,-42.866721052689634,-42.866721052689634,-157.77892744794207,25.854943964263242,-43.57208240187871,-12.81638533446162,0.0,140.06178901032658,58.0,COMPLETE
609,-12.81638533446162,2026-06-19 05:43:07.587345,2026-06-19 05:45:51.511077,0 days 00:02:43.923732,1.0,0.01,1.0,2.5,0.02,1.9,2.4000000000000004,-42.866721052689634,-42.866721052689634,-157.77892744794207,25.854943964263242,-43.57208240187871,-12.81638533446162,0.0,140.06178901032658,58.0,COMPLETE
610,-12.81638533446162,2026-06-19 05:43:16.290108,2026-06-19 05:45:57.931916,0 days 00:02:41.641808,1.0,0.01,1.0,2.5,0.02,1.9,2.4000000000000004,-42.866721052689634,-42.866721052689634,-157.77892744794207,25.854943964263242,-43.57208240187871,-12.81638533446162,0.0,140.06178901032658,58.0,COMPLETE
611,-11.416789039813262,2026-06-19 05:44:21.227628,2026-06-19 05:47:03.788196,0 days 00:02:42.560568,1.0,0.01,1.0,2.7,0.02,1.9,2.4000000000000004,-42.866721052689634,-42.866721052689634,113.72741004106172,95.73401602757087,158.05518302381742,-11.416789039813262,0.0,140.06178901032658,60.0,COMPLETE
612,-11.416789039813262,2026-06-19 05:44:34.863892,2026-06-19 05:47:15.788441,0 days 00:02:40.924549,1.0,0.01,1.0,2.7,0.02,1.9,2.4000000000000004,-42.866721052689634,-42.866721052689634,113.72741004106172,95.73401602757087,158.05518302381742,-11.416789039813262,0.0,140.06178901032658,60.0,COMPLETE
613,-11.416789039813262,2026-06-19 05:44:49.992596,2026-06-19 05:47:30.854629,0 days 00:02:40.862033,1.0,0.01,1.0,2.7,0.02,1.9,2.4000000000000004,-42.866721052689634,-42.866721052689634,113.72741004106172,95.73401602757087,158.05518302381742,-11.416789039813262,0.0,140.06178901032658,60.0,COMPLETE
614,-11.416789039813262,2026-06-19 05:44:50.234423,2026-06-19 05:47:33.158283,0 days 00:02:42.923860,1.0,0.01,1.0,2.7,0.02,1.9,2.4000000000000004,-42.866721052689634,-42.866721052689634,113.72741004106172,95.73401602757087,158.05518302381742,-11.416789039813262,0.0,140.06178901032658,60.0,COMPLETE
615,-11.416789039813262,2026-06-19 05:45:29.702974,2026-06-19 05:48:12.798212,0 days 00:02:43.095238,1.0,0.01,1.0,2.7,0.02,1.9,2.4000000000000004,-42.866721052689634,-42.866721052689634,113.72741004106172,95.73401602757087,158.05518302381742,-11.416789039813262,0.0,140.06178901032658,60.0,COMPLETE
616,-11.416789039813262,2026-06-19 05:45:40.308715,2026-06-19 05:48:24.432574,0 days 00:02:44.123859,1.0,0.01,1.0,2.7,0.03,1.9,2.4000000000000004,-42.866721052689634,-42.866721052689634,113.72741004106172,95.73401602757087,158.05518302381742,-11.416789039813262,0.0,140.06178901032658,60.0,COMPLETE
617,-1320.0,2026-06-19 05:45:51.540451,2026-06-19 05:48:34.992042,0 days 00:02:43.451591,1.0,0.01,1.0,2.7,0.03,1.8,2.3,-42.866721052689634,-42.866721052689634,113.72741004106172,-29.214090034579236,145.91935715157857,-1320.0,0.0,2.97785707593762,18.0,COMPLETE
618,-1320.0,2026-06-19 05:45:57.964029,2026-06-19 05:48:40.386246,0 days 00:02:42.422217,1.0,0.01,1.0,2.7,0.03,1.8,2.3,-42.866721052689634,-42.866721052689634,113.72741004106172,-29.214090034579236,145.91935715157857,-1320.0,0.0,2.97785707593762,18.0,COMPLETE
619,-1320.0,2026-06-19 05:47:03.817652,2026-06-19 05:49:46.932351,0 days 00:02:43.114699,1.0,0.01,1.0,2.7,0.03,1.8,2.3,-42.866721052689634,-42.866721052689634,113.72741004106172,-29.214090034579236,145.91935715157857,-1320.0,0.0,2.97785707593762,18.0,COMPLETE
620,-1320.0,2026-06-19 05:47:15.819280,2026-06-19 05:49:57.026117,0 days 00:02:41.206837,1.0,0.01,1.0,2.6,0.03,1.8,2.3,-42.866721052689634,-42.866721052689634,118.45451740108685,-29.214090034579236,150.6464645116037,-1320.0,0.0,2.97785707593762,18.0,COMPLETE
621,-1320.0,2026-06-19 05:47:30.883936,2026-06-19 05:50:11.282752,0 days 00:02:40.398816,1.0,0.01,1.0,2.6,0.03,1.8,2.3,-42.866721052689634,-42.866721052689634,118.45451740108685,-29.214090034579236,150.6464645116037,-1320.0,0.0,2.97785707593762,18.0,COMPLETE
622,-1320.0,2026-06-19 05:47:33.187107,2026-06-19 05:50:15.912538,0 days 00:02:42.725431,1.0,0.01,1.0,2.6,0.03,1.8,2.3,-42.866721052689634,-42.866721052689634,118.45451740108685,-29.214090034579236,150.6464645116037,-1320.0,0.0,2.97785707593762,18.0,COMPLETE
623,-1320.0,2026-06-19 05:48:12.826605,2026-06-19 05:50:56.184265,0 days 00:02:43.357660,1.0,0.01,1.0,2.6,0.03,1.8,2.3,-42.866721052689634,-42.866721052689634,118.45451740108685,-29.214090034579236,150.6464645116037,-1320.0,0.0,2.97785707593762,18.0,COMPLETE
624,-1320.0,2026-06-19 05:48:24.466699,2026-06-19 05:51:08.414562,0 days 00:02:43.947863,1.0,0.01,1.0,2.6,0.03,1.8,2.3,-42.866721052689634,-42.866721052689634,118.45451740108685,-29.214090034579236,150.6464645116037,-1320.0,0.0,2.97785707593762,18.0,COMPLETE
625,-1320.0,2026-06-19 05:48:35.022309,2026-06-19 05:51:18.600981,0 days 00:02:43.578672,3.0,0.01,1.0,2.6,0.03,1.8,2.3,-41.95360943424255,-41.95360943424255,209.76438142623533,-70.79399737525388,289.4919500293021,-1320.0,0.0,8.933571227812866,18.0,COMPLETE
626,-1320.0,2026-06-19 05:48:40.418197,2026-06-19 05:51:22.063834,0 days 00:02:41.645637,3.5,0.01,1.0,2.6,0.03,1.8,2.3,-41.95360943424255,-41.95360943424255,209.76438142623533,-69.30506883728506,289.4919500293021,-1320.0,0.0,10.422499765781682,18.0,COMPLETE
627,-1320.0,2026-06-19 05:49:46.961649,2026-06-19 05:52:29.170007,0 days 00:02:42.208358,1.0,0.01,1.0,2.6,0.03,1.8,2.3,-42.866721052689634,-42.866721052689634,118.45451740108685,-29.214090034579236,150.6464645116037,-1320.0,0.0,2.97785707593762,18.0,COMPLETE
628,-1320.0,2026-06-19 05:49:57.058487,2026-06-19 05:52:37.625028,0 days 00:02:40.566541,1.0,0.01,1.0,2.6,0.03,1.8,2.3,-42.866721052689634,-42.866721052689634,118.45451740108685,-29.214090034579236,150.6464645116037,-1320.0,0.0,2.97785707593762,18.0,COMPLETE
629,-1320.0,2026-06-19 05:50:11.322644,2026-06-19 05:52:51.862122,0 days 00:02:40.539478,1.0,0.01,1.0,2.6,0.03,1.8,2.3,-42.866721052689634,-42.866721052689634,118.45451740108685,-29.214090034579236,150.6464645116037,-1320.0,0.0,2.97785707593762,18.0,COMPLETE
630,-1320.0,2026-06-19 05:50:15.948057,2026-06-19 05:52:58.533958,0 days 00:02:42.585901,1.0,0.01,1.0,2.6,0.03,1.8,1.2,-42.866721052689634,-42.866721052689634,118.45451740108685,-30.294248117648902,152.6327783559205,-1320.0,0.0,3.8840128371847773,18.0,COMPLETE
631,-4.178833321382567,2026-06-19 05:50:56.214325,2026-06-19 05:53:38.529561,0 days 00:02:42.315236,1.0,0.01,1.0,2.6,0.03,1.8,2.4000000000000004,-42.866721052689634,-42.866721052689634,118.45451740108685,140.16018724999836,164.34386412191432,-4.178833321382567,0.0,186.04953397082582,74.0,COMPLETE
632,-4.178833321382567,2026-06-19 05:51:08.446512,2026-06-19 05:53:51.864613,0 days 00:02:43.418101,1.0,0.01,1.0,2.6,0.03,1.8,2.4000000000000004,-42.866721052689634,-42.866721052689634,118.45451740108685,140.16018724999836,164.34386412191432,-4.178833321382567,0.0,186.04953397082582,74.0,COMPLETE
633,-4.178833321382567,2026-06-19 05:51:18.637154,2026-06-19 05:54:02.235411,0 days 00:02:43.598257,1.0,0.01,1.0,2.6,0.03,1.8,2.4000000000000004,-42.866721052689634,-42.866721052689634,118.45451740108685,140.16018724999836,164.34386412191432,-4.178833321382567,0.0,186.04953397082582,74.0,COMPLETE
634,-4.178833321382567,2026-06-19 05:51:22.105459,2026-06-19 05:54:03.519830,0 days 00:02:41.414371,1.0,0.01,1.0,2.6,0.02,1.8,2.4000000000000004,-42.866721052689634,-42.866721052689634,118.45451740108685,140.16018724999836,164.34386412191432,-4.178833321382567,0.0,186.04953397082582,74.0,COMPLETE
635,-4.178833321382567,2026-06-19 05:52:29.198743,2026-06-19 05:55:12.005666,0 days 00:02:42.806923,1.0,0.01,1.0,2.6,0.02,1.8,2.4000000000000004,-42.866721052689634,-42.866721052689634,118.45451740108685,140.16018724999836,164.34386412191432,-4.178833321382567,0.0,186.04953397082582,74.0,COMPLETE
636,-4.178833321382567,2026-06-19 05:52:37.660732,2026-06-19 05:55:18.448805,0 days 00:02:40.788073,1.0,0.02,1.0,2.6,0.02,1.8,2.4000000000000004,-42.866721052689634,-42.866721052689634,118.45451740108685,140.16018724999836,164.34386412191432,-4.178833321382567,0.0,186.04953397082582,74.0,COMPLETE
637,-4.178833321382567,2026-06-19 05:52:51.889959,2026-06-19 05:55:32.288195,0 days 00:02:40.398236,1.0,0.02,1.0,2.6,0.02,1.8,2.4000000000000004,-42.866721052689634,-42.866721052689634,118.45451740108685,140.16018724999836,164.34386412191432,-4.178833321382567,0.0,186.04953397082582,74.0,COMPLETE
638,-4.178833321382567,2026-06-19 05:52:58.565098,2026-06-19 05:55:41.582585,0 days 00:02:43.017487,1.0,0.02,1.0,2.6,0.02,1.8,2.4000000000000004,-42.866721052689634,-42.866721052689634,118.45451740108685,140.16018724999836,164.34386412191432,-4.178833321382567,0.0,186.04953397082582,74.0,COMPLETE
639,-1320.0,2026-06-19 05:53:38.561208,2026-06-19 05:56:21.780722,0 days 00:02:43.219514,1.0,0.02,1.0,2.6,0.02,1.7000000000000002,2.4000000000000004,-42.866721052689634,-42.866721052689634,118.45451740108685,-29.214090034579236,150.6464645116037,-1320.0,0.0,2.97785707593762,18.0,COMPLETE
640,-12.81638533446162,2026-06-19 05:53:51.900013,2026-06-19 05:56:35.199354,0 days 00:02:43.299341,1.0,0.02,1.0,2.5,0.02,1.9,2.4000000000000004,-42.866721052689634,-42.866721052689634,-157.77892744794207,25.854943964263242,-43.57208240187871,-12.81638533446162,0.0,140.06178901032658,58.0,COMPLETE
641,-8.526145595442879,2026-06-19 05:54:02.265945,2026-06-19 05:56:45.944880,0 days 00:02:43.678935,1.0,0.02,1.0,2.5,0.02,1.8,2.4000000000000004,-42.866721052689634,-42.866721052689634,-157.77892744794207,70.28111518669067,-42.010508663807016,-8.526145595442879,0.0,186.04953397082582,72.0,COMPLETE
642,-1340.0,2026-06-19 05:54:03.558128,2026-06-19 05:56:44.041732,0 days 00:02:40.483604,1.0,0.02,1.0,2.5,0.02,1.7000000000000002,2.4000000000000004,-42.866721052689634,-42.866721052689634,-157.77892744794207,-99.09316209788688,-55.70790827411756,-1340.0,0.0,2.97785707593762,16.0,COMPLETE
643,-1340.0,2026-06-19 05:55:12.036447,2026-06-19 05:57:53.766303,0 days 00:02:41.729856,1.0,0.02,1.0,2.5,0.02,1.7000000000000002,2.5,-42.866721052689634,-42.866721052689634,-157.77892744794207,-99.09316209788688,-55.70790827411756,-1340.0,0.0,2.97785707593762,16.0,COMPLETE
644,-12.131937032978959,2026-06-19 05:55:18.478321,2026-06-19 05:57:59.364338,0 days 00:02:40.886017,1.0,0.02,1.0,1.1,0.02,1.9,2.5,-42.866721052689634,-42.866721052689634,-106.59586029608288,63.71503200942582,-50.23157324202346,-12.131937032978959,0.0,120.07931906348526,55.0,COMPLETE
645,-14.786682593504722,2026-06-19 05:55:32.317791,2026-06-19 05:58:13.958054,0 days 00:02:41.640263,1.0,0.01,1.0,2.5,0.02,1.7000000000000002,3.0,-42.866721052689634,-42.866721052689634,-157.77892744794207,-12.82107590190466,-38.251982065641364,-14.786682593504722,0.0,106.70586948039605,52.0,COMPLETE
646,-1340.0,2026-06-19 05:55:41.624364,2026-06-19 05:58:25.203367,0 days 00:02:43.579003,1.0,0.01,1.0,2.5,0.02,1.7000000000000002,2.5,-42.866721052689634,-42.866721052689634,-157.77892744794207,-99.09316209788688,-55.70790827411756,-1340.0,0.0,2.97785707593762,16.0,COMPLETE
647,-14.237262047805267,2026-06-19 05:56:21.814214,2026-06-19 05:59:05.657251,0 days 00:02:43.843037,1.0,0.01,1.0,2.5,0.03,1.9,2.5,-42.866721052689634,-42.866721052689634,-157.77892744794207,0.5523736811845339,-38.251982065641364,-14.237262047805267,0.0,120.07931906348526,53.0,COMPLETE
648,-14.237262047805267,2026-06-19 05:56:35.232725,2026-06-19 05:59:18.656157,0 days 00:02:43.423432,1.0,0.01,1.0,2.5,0.03,1.9,2.5,-42.866721052689634,-42.866721052689634,-157.77892744794207,0.5523736811845339,-38.251982065641364,-14.237262047805267,0.0,120.07931906348526,53.0,COMPLETE
649,-11.805675603050009,2026-06-19 05:56:44.071689,2026-06-19 05:59:25.813668,0 days 00:02:41.741979,1.0,0.01,1.0,2.7,0.03,1.9,2.5,-42.866721052689634,-42.866721052689634,113.72741004106172,70.43144574449218,163.37528336005477,-11.805675603050009,0.0,120.07931906348526,55.0,COMPLETE
650,-1240.0,2026-06-19 05:56:45.981432,2026-06-19 05:59:29.833505,0 days 00:02:43.852073,0.5,0.01,1.0,2.7,0.03,1.9,2.5,-21.433360526344817,-21.433360526344817,56.86370502053086,14.173460571506393,75.53867824906331,-1240.0,0.0,32.84843380003885,26.0,COMPLETE
651,-13.47397753310032,2026-06-19 05:57:53.855185,2026-06-19 06:00:35.391977,0 days 00:02:41.536792,1.0,0.01,1.0,2.4000000000000004,0.03,1.9,2.5,-42.866721052689634,-42.866721052689634,-156.35234756687814,74.74010150357827,-111.01313000697118,-13.47397753310032,0.0,120.07931906348526,54.0,COMPLETE
652,-1240.0,2026-06-19 05:57:59.396223,2026-06-19 06:00:39.654380,0 days 00:02:40.258157,0.5,0.01,1.0,2.7,0.03,1.9,2.5,-21.433360526344817,-21.433360526344817,56.86370502053086,14.173460571506393,75.53867824906331,-1240.0,0.0,32.84843380003885,26.0,COMPLETE
653,-1240.0,2026-06-19 05:58:13.994184,2026-06-19 06:00:54.625316,0 days 00:02:40.631132,0.5,0.01,1.0,2.7,0.03,1.9,2.5,-21.433360526344817,-21.433360526344817,56.86370502053086,14.173460571506393,75.53867824906331,-1240.0,0.0,32.84843380003885,26.0,COMPLETE
654,-13.47397753310032,2026-06-19 05:58:25.235844,2026-06-19 06:01:08.074194,0 days 00:02:42.838350,1.0,0.01,1.0,2.4000000000000004,0.03,1.9,2.5,-42.866721052689634,-42.866721052689634,-156.35234756687814,74.74010150357827,-111.01313000697118,-13.47397753310032,0.0,120.07931906348526,54.0,COMPLETE
655,-1330.0,2026-06-19 05:59:05.687293,2026-06-19 06:01:48.327175,0 days 00:02:42.639882,1.0,0.01,1.0,2.4000000000000004,0.03,1.8,2.3,-42.866721052689634,-42.866721052689634,-156.35234756687814,-24.905434275493132,-128.46905621544738,-1330.0,0.0,2.97785707593762,17.0,COMPLETE
656,-1320.0,2026-06-19 05:59:18.682901,2026-06-19 06:02:01.571128,0 days 00:02:42.888227,0.5,0.01,1.0,2.7,0.03,1.8,2.2,-21.433360526344817,-21.433360526344817,56.86370502053086,-14.607045017289618,72.95967857578928,-1320.0,0.0,1.48892853796881,18.0,COMPLETE
657,-1320.0,2026-06-19 05:59:25.842420,2026-06-19 06:02:07.443785,0 days 00:02:41.601365,0.5,0.01,1.0,2.7,0.03,1.8,2.2,-21.433360526344817,-21.433360526344817,56.86370502053086,-14.607045017289618,72.95967857578928,-1320.0,0.0,1.48892853796881,18.0,COMPLETE
658,-1320.0,2026-06-19 05:59:29.870607,2026-06-19 06:02:13.824321,0 days 00:02:43.953714,1.0,0.01,1.0,2.7,0.03,1.8,2.2,-42.866721052689634,-42.866721052689634,113.72741004106172,-29.214090034579236,145.91935715157857,-1320.0,0.0,2.97785707593762,18.0,COMPLETE
659,-1320.0,2026-06-19 06:00:35.423825,2026-06-19 06:03:18.057388,0 days 00:02:42.633563,1.0,0.01,1.0,1.9,0.03,1.8,2.2,-42.866721052689634,-42.866721052689634,-133.26224000167633,-14.812290586258687,-115.47209233948,-1320.0,0.0,2.97785707593762,18.0,COMPLETE
660,-1320.0,2026-06-19 06:00:39.685665,2026-06-19 06:03:20.032126,0 days 00:02:40.346461,1.0,0.01,1.0,1.9,0.03,1.8,2.3,-42.866721052689634,-42.866721052689634,-133.26224000167633,-14.812290586258687,-115.47209233948,-1320.0,0.0,2.97785707593762,18.0,COMPLETE
661,-1320.0,2026-06-19 06:00:54.660683,2026-06-19 06:03:35.690670,0 days 00:02:41.029987,1.0,0.01,1.0,2.6,0.03,1.8,2.2,-42.866721052689634,-42.866721052689634,118.45451740108685,-29.214090034579236,150.6464645116037,-1320.0,0.0,2.97785707593762,18.0,COMPLETE
662,-1320.0,2026-06-19 06:01:08.111151,2026-06-19 06:03:50.191468,0 days 00:02:42.080317,1.0,0.01,1.0,2.6,0.02,1.8,2.2,-42.866721052689634,-42.866721052689634,118.45451740108685,-29.214090034579236,150.6464645116037,-1320.0,0.0,2.97785707593762,18.0,COMPLETE
663,-1320.0,2026-06-19 06:01:48.357234,2026-06-19 06:04:31.366946,0 days 00:02:43.009712,1.0,0.01,1.0,2.6,0.02,1.8,2.2,-42.866721052689634,-42.866721052689634,118.45451740108685,-29.214090034579236,150.6464645116037,-1320.0,0.0,2.97785707593762,18.0,COMPLETE
664,-4.178833321382567,2026-06-19 06:02:01.607901,2026-06-19 06:04:46.104373,0 days 00:02:44.496472,1.0,0.01,1.0,2.6,0.02,1.8,2.4000000000000004,-42.866721052689634,-42.866721052689634,118.45451740108685,140.16018724999836,164.34386412191432,-4.178833321382567,0.0,186.04953397082582,74.0,COMPLETE
665,-1320.0,2026-06-19 06:02:07.477380,2026-06-19 06:04:49.649299,0 days 00:02:42.171919,1.0,0.06,1.0,2.6,0.02,1.2,2.3,-42.866721052689634,-42.866721052689634,118.45451740108685,-73.49998350871812,154.58452552622902,-1320.0,0.0,-37.36997538357597,18.0,COMPLETE
666,-4.178833321382567,2026-06-19 06:02:13.861524,2026-06-19 06:04:58.245156,0 days 00:02:44.383632,1.0,0.01,1.0,2.6,0.02,1.8,2.4000000000000004,-42.866721052689634,-42.866721052689634,118.45451740108685,140.16018724999836,164.34386412191432,-4.178833321382567,0.0,186.04953397082582,74.0,COMPLETE
667,-1320.0,2026-06-19 06:03:18.091097,2026-06-19 06:06:00.769257,0 days 00:02:42.678160,1.0,0.01,1.0,2.6,0.02,1.8,2.3,-42.866721052689634,-42.866721052689634,118.45451740108685,-29.214090034579236,150.6464645116037,-1320.0,0.0,2.97785707593762,18.0,COMPLETE
668,-30.795849443467574,2026-06-19 06:03:20.061489,2026-06-19 06:06:00.965198,0 days 00:02:40.903709,1.0,0.01,1.0,2.1,0.02,1.8,2.4000000000000004,-42.866721052689634,-42.866721052689634,-288.37621568858367,12.231620545878775,-114.55830226363673,-30.795849443467574,0.0,186.04953397082582,77.0,COMPLETE
669,-2.3146479038941097,2026-06-19 06:03:35.723257,2026-06-19 06:06:16.266521,0 days 00:02:40.543264,1.0,0.01,1.0,3.0,0.02,1.8,2.4000000000000004,-42.866721052689634,-42.866721052689634,255.40406384265498,166.76734790688081,274.6862499065998,-2.3146479038941097,0.0,186.04953397082582,72.0,COMPLETE
670,-1320.0,2026-06-19 06:03:50.220136,2026-06-19 06:06:33.106031,0 days 00:02:42.885895,1.0,0.01,1.0,2.6,0.02,1.8,2.3,-42.866721052689634,-42.866721052689634,118.45451740108685,-29.214090034579236,150.6464645116037,-1320.0,0.0,2.97785707593762,18.0,COMPLETE
671,-9.870570702771591,2026-06-19 06:04:31.397194,2026-06-19 06:07:14.035246,0 days 00:02:42.638052,1.0,0.01,1.0,2.3,0.02,1.8,2.4000000000000004,-42.866721052689634,-42.866721052689634,-135.933401386579,159.7623797116336,-109.64624712738677,-9.870570702771591,0.0,186.04953397082582,73.0,COMPLETE
672,-2.3146479038941097,2026-06-19 06:04:46.137234,2026-06-19 06:07:29.160487,0 days 00:02:43.023253,1.0,0.06,1.0,3.0,0.02,1.8,2.4000000000000004,-42.866721052689634,-42.866721052689634,255.40406384265498,166.76734790688081,274.6862499065998,-2.3146479038941097,0.0,186.04953397082582,72.0,COMPLETE
673,-2.3146479038941097,2026-06-19 06:04:49.681192,2026-06-19 06:07:30.919230,0 days 00:02:41.238038,1.0,0.01,1.0,3.0,0.02,1.8,2.4000000000000004,-42.866721052689634,-42.866721052689634,255.40406384265498,166.76734790688081,274.6862499065998,-2.3146479038941097,0.0,186.04953397082582,72.0,COMPLETE
674,-2.3146479038941097,2026-06-19 06:04:58.274314,2026-06-19 06:07:41.193097,0 days 00:02:42.918783,1.0,0.01,1.0,3.0,0.03,1.8,2.4000000000000004,-42.866721052689634,-42.866721052689634,255.40406384265498,166.76734790688081,274.6862499065998,-2.3146479038941097,0.0,186.04953397082582,72.0,COMPLETE
675,-2.3146479038941097,2026-06-19 06:06:00.804528,2026-06-19 06:08:44.243530,0 days 00:02:43.439002,1.0,0.01,1.0,3.0,0.03,1.8,2.4000000000000004,-42.866721052689634,-42.866721052689634,255.40406384265498,166.76734790688081,274.6862499065998,-2.3146479038941097,0.0,186.04953397082582,72.0,COMPLETE
676,-2.3146479038941097,2026-06-19 06:06:01.027854,2026-06-19 06:08:41.844395,0 days 00:02:40.816541,1.0,0.04,1.0,3.0,0.06,1.8,2.4000000000000004,-42.866721052689634,-42.866721052689634,255.40406384265498,166.76734790688081,274.6862499065998,-2.3146479038941097,0.0,186.04953397082582,72.0,COMPLETE
677,-1340.0,2026-06-19 06:06:16.300880,2026-06-19 06:08:57.362332,0 days 00:02:41.061452,1.0,0.04,1.0,3.0,0.01,1.5,2.3,-42.866721052689634,-42.866721052689634,255.40406384265498,-36.00729388986314,260.9888502962893,-1340.0,0.0,-30.42250743622875,16.0,COMPLETE
678,-9.373173941432805,2026-06-19 06:06:33.137341,2026-06-19 06:09:16.990403,0 days 00:02:43.853062,1.0,0.01,1.0,3.0,0.03,1.9,2.4000000000000004,-42.866721052689634,-42.866721052689634,255.40406384265498,122.34117668445333,273.1246761685282,-9.373173941432805,0.0,140.06178901032658,58.0,COMPLETE
679,-2.4128463063772854,2026-06-19 06:07:14.068313,2026-06-19 06:09:57.040013,0 days 00:02:42.971700,1.0,0.04,1.0,3.0,0.03,1.9,2.3,-42.866721052689634,-42.866721052689634,255.40406384265498,160.87122774710687,275.3275512964336,-2.4128463063772854,0.0,180.79471520088566,71.0,COMPLETE
680,-1340.0,2026-06-19 06:07:29.192588,2026-06-19 06:10:13.329489,0 days 00:02:44.136901,1.0,0.06,1.0,3.0,0.02,1.5,2.3,-42.866721052689634,-42.866721052689634,255.40406384265498,-36.00729388986314,260.9888502962893,-1340.0,0.0,-30.42250743622875,16.0,COMPLETE
681,-2.4128463063772854,2026-06-19 06:07:30.952899,2026-06-19 06:10:12.968079,0 days 00:02:42.015180,1.0,0.06,1.0,3.0,0.02,1.9,2.3,-42.866721052689634,-42.866721052689634,255.40406384265498,160.87122774710687,275.3275512964336,-2.4128463063772854,0.0,180.79471520088566,71.0,COMPLETE
