number,value,datetime_start,datetime_complete,duration,params_MR_BB_PERIOD,params_MR_BB_STD,params_MR_RSI_OVERBOUGHT,params_MR_RSI_OVERSOLD,params_MR_RSI_PERIOD,params_MR_VOL_SPIKE_MULT,params_MR_VWAP_DEV_PCT,params_TP_BB_PERIOD,params_TP_BB_STD,params_TP_RSI_PERIOD,user_attrs_MB_PnL,user_attrs_MR_PnL,user_attrs_QQQ_PnL,user_attrs_SPY_PnL,user_attrs_Score,user_attrs_TF_PnL,user_attrs_TP_PnL,user_attrs_Total_Trades,state
1562,29.467228870108855,2026-07-22 13:42:36.734112,2026-07-22 13:46:28.280429,0 days 00:03:51.546317,11,1.5,64.0,31.0,5,0.1,0.001,14,2.3,5,0.0,-92.34932935120376,-52.609413889903685,-40.25693233701536,29.467228870108855,0.0,-0.5170168757153066,425.0,COMPLETE
1563,29.467228870108855,2026-07-22 13:43:14.535281,2026-07-22 13:47:06.955387,0 days 00:03:52.420106,11,1.5,64.0,31.0,5,0.1,0.001,14,2.3,5,0.0,-92.34932935120376,-52.609413889903685,-40.25693233701536,29.467228870108855,0.0,-0.5170168757153066,425.0,COMPLETE
1564,29.467228870108855,2026-07-22 13:43:27.340135,2026-07-22 13:47:15.923451,0 days 00:03:48.583316,11,1.5,64.0,31.0,5,0.1,0.001,14,2.3,5,0.0,-92.34932935120376,-52.609413889903685,-40.25693233701536,29.467228870108855,0.0,-0.5170168757153066,425.0,COMPLETE
1565,29.622413352647367,2026-07-22 13:43:29.570804,2026-07-22 13:47:21.909395,0 days 00:03:52.338591,11,1.5,64.0,31.0,6,0.1,0.001,13,2.3,5,0.0,-88.3593725925656,-51.947952709685374,-38.41397660465657,29.622413352647367,0.0,-2.0025567217764184,426.0,COMPLETE
1566,25.554348269804677,2026-07-22 13:43:35.700869,2026-07-22 13:47:23.515927,0 days 00:03:47.815058,12,1.6,64.0,31.0,6,0.1,0.002,13,2.3,5,0.0,-68.64484594958664,-61.74156040297654,-11.198181957385124,25.554348269804677,0.0,-4.29489641077503,371.0,COMPLETE
1567,18.630471509172274,2026-07-22 13:43:36.107469,2026-07-22 13:47:17.673354,0 days 00:03:41.565885,10,1.6,63.0,31.0,6,0.1,0.005,13,2.4,5,0.0,-30.389901047703958,-28.23729923964992,-27.372836833182017,18.630471509172274,0.0,-25.22023502512793,270.0,COMPLETE
1568,25.296324067502667,2026-07-22 13:43:57.897135,2026-07-22 13:47:39.077342,0 days 00:03:41.180207,10,1.6,64.0,31.0,6,0.1,0.002,13,2.3,5,0.0,-76.46478511849095,-41.23507239054822,-28.636127581823803,25.296324067502667,0.0,6.593585146118873,363.0,COMPLETE
1569,27.908073654445204,2026-07-22 13:44:07.125122,2026-07-22 13:47:57.605307,0 days 00:03:50.480185,12,1.6,64.0,31.0,6,0.1,0.001,13,2.3,5,0.0,-82.08194912918293,-63.320094102411225,-25.733316466914218,27.908073654445204,0.0,-6.971461440142512,404.0,COMPLETE
1570,24.974028676118895,2026-07-22 13:44:56.715772,2026-07-22 13:48:46.389520,0 days 00:03:49.673748,39,1.6,63.0,31.0,6,0.1,0.002,14,2.3,5,0.0,-104.85814153671386,-78.84349391547251,-42.68038147636974,24.974028676118895,0.0,-16.6657338551284,382.0,COMPLETE
1571,28.58071174712432,2026-07-22 13:45:52.810529,2026-07-22 13:49:41.028253,0 days 00:03:48.217724,10,1.6,64.0,31.0,6,0.1,0.001,14,2.4,5,0.0,-73.21408781182028,-45.37744878053282,-20.700520530299407,28.58071174712432,0.0,7.136118500988072,399.0,COMPLETE
1572,25.465053064238997,2026-07-22 13:46:28.334354,2026-07-22 13:50:15.240597,0 days 00:03:46.906243,12,1.6,64.0,31.0,6,0.1,0.002,14,2.4,5,0.0,-68.64484594958664,-61.74156040297654,-11.920879809838334,25.465053064238997,0.0,-5.017594263228238,370.0,COMPLETE
1573,28.60071956951208,2026-07-22 13:47:07.017909,2026-07-22 13:50:56.921865,0 days 00:03:49.903956,10,1.6,63.0,31.0,6,0.1,0.001,14,2.4,5,0.0,-74.4829050839228,-46.736588607259996,-20.700520530299407,28.60071956951208,0.0,7.045795946363462,400.0,COMPLETE
1574,22.052881584355227,2026-07-22 13:47:15.986927,2026-07-22 13:50:57.526309,0 days 00:03:41.539382,10,1.6,63.0,31.0,6,0.0,0.002,14,2.4,5,0.0,-64.95488422884934,-50.78979513518318,-26.730383882833863,22.052881584355227,0.0,-12.565294789167796,326.0,COMPLETE
1575,24.056659814630596,2026-07-22 13:47:17.738461,2026-07-22 13:51:06.146031,0 days 00:03:48.407570,12,1.6,63.0,31.0,6,0.0,0.001,14,2.4,5,0.0,-69.66406497272241,-72.6898384682163,-15.223772628408994,24.056659814630596,0.0,-18.24954612390295,354.0,COMPLETE
1576,21.26403658033055,2026-07-22 13:47:21.960789,2026-07-22 13:51:07.732796,0 days 00:03:45.772007,10,1.6,73.0,31.0,6,0.0,0.002,14,2.4,5,0.0,-56.56581360214224,-49.08378929843434,-28.08604605039054,21.26403658033055,0.0,-20.6040217466827,314.0,COMPLETE
1577,24.728279338070422,2026-07-22 13:47:23.578530,2026-07-22 13:51:09.977693,0 days 00:03:46.399163,10,1.6,63.0,31.0,6,0.0,0.001,14,2.4,5,0.0,-65.12975424488431,-63.14780671284875,-15.66033775637584,24.728279338070422,0.0,-13.678390224340344,358.0,COMPLETE
1578,26.433576757216972,2026-07-22 13:47:39.132670,2026-07-22 13:51:21.921364,0 days 00:03:42.788694,10,1.5,63.0,31.0,5,0.0,0.001,14,2.4,5,0.0,-74.79777408550932,-65.91714106959996,-22.13389260344406,26.433576757216972,0.0,-13.253259587534753,384.0,COMPLETE
1579,15.247690190003981,2026-07-22 13:47:57.669975,2026-07-22 13:51:37.156672,0 days 00:03:39.486697,10,1.5,63.0,31.0,5,0.0,0.006,14,2.4,5,0.0,-17.751489606061686,-31.018987996662673,-12.666882831200892,15.247690190003981,0.0,-25.934381221801825,221.0,COMPLETE
1580,26.528159966533693,2026-07-22 13:48:46.463019,2026-07-22 13:52:34.591875,0 days 00:03:48.128856,10,1.5,63.0,31.0,5,0.0,0.001,13,2.4,5,0.0,-74.79777408550932,-65.91714106959996,-21.411194750990852,26.528159966533693,0.0,-12.530561735081536,385.0,COMPLETE
1581,26.528159966533693,2026-07-22 13:49:41.091593,2026-07-22 13:53:28.944990,0 days 00:03:47.853397,10,1.5,63.0,31.0,5,0.0,0.001,13,2.4,5,0.0,-74.79777408550932,-65.91714106959996,-21.411194750990852,26.528159966533693,0.0,-12.530561735081536,385.0,COMPLETE
1582,26.433576757216972,2026-07-22 13:50:15.296462,2026-07-22 13:54:03.501611,0 days 00:03:48.205149,10,1.5,63.0,31.0,5,0.0,0.001,14,2.4,5,0.0,-74.79777408550932,-65.91714106959996,-22.13389260344406,26.433576757216972,0.0,-13.253259587534753,384.0,COMPLETE
1583,26.528159966533693,2026-07-22 13:50:56.974922,2026-07-22 13:54:45.774303,0 days 00:03:48.799381,10,1.5,63.0,31.0,5,0.0,0.001,13,2.4,5,0.0,-74.79777408550932,-65.91714106959996,-21.411194750990852,26.528159966533693,0.0,-12.530561735081536,385.0,COMPLETE
1584,26.528159966533693,2026-07-22 13:50:57.582200,2026-07-22 13:54:42.967247,0 days 00:03:45.385047,10,1.5,63.0,31.0,5,0.0,0.001,13,2.4,5,0.0,-74.79777408550932,-65.91714106959996,-21.411194750990852,26.528159966533693,0.0,-12.530561735081536,385.0,COMPLETE
1585,26.433576757216972,2026-07-22 13:51:06.202326,2026-07-22 13:54:54.213812,0 days 00:03:48.011486,10,1.5,63.0,31.0,5,0.0,0.001,14,2.4,5,0.0,-74.79777408550932,-65.91714106959996,-22.13389260344406,26.433576757216972,0.0,-13.253259587534753,384.0,COMPLETE
1586,12.074250009374945,2026-07-22 13:51:07.805156,2026-07-22 13:54:47.039697,0 days 00:03:39.234541,10,2.8,63.0,31.0,5,0.0,0.001,13,2.4,5,0.0,0.0,-10.864013038251596,-10.928114104548696,12.074250009374945,0.0,-21.79212714280028,173.0,COMPLETE
1587,26.528159966533693,2026-07-22 13:51:10.044862,2026-07-22 13:54:59.928198,0 days 00:03:49.883336,10,1.5,63.0,31.0,5,0.0,0.001,13,2.4,5,0.0,-74.79777408550932,-65.91714106959996,-21.411194750990852,26.528159966533693,0.0,-12.530561735081536,385.0,COMPLETE
1588,30.382589501971108,2026-07-22 13:51:21.977158,2026-07-22 13:55:07.218948,0 days 00:03:45.241790,10,1.5,63.0,31.0,5,0.1,0.001,13,2.4,5,0.0,-102.27325450845763,-59.99556476989329,-31.758848376251734,30.382589501971108,0.0,10.51884136231263,435.0,COMPLETE
1589,15.229620351788096,2026-07-22 13:51:37.219522,2026-07-22 13:55:15.513479,0 days 00:03:38.293957,10,1.5,63.0,30.0,5,0.1,0.007,13,2.4,5,0.0,-12.945536017457755,-21.384406959634745,-14.608592499722599,15.229620351788096,0.0,-23.047463441899556,219.0,COMPLETE
1590,15.229620351788096,2026-07-22 13:52:34.648504,2026-07-22 13:56:12.452225,0 days 00:03:37.803721,10,1.5,63.0,30.0,5,0.1,0.007,13,2.4,5,0.0,-12.945536017457755,-21.384406959634745,-14.608592499722599,15.229620351788096,0.0,-23.047463441899556,219.0,COMPLETE
1591,30.119334694995633,2026-07-22 13:53:28.998935,2026-07-22 13:57:17.852723,0 days 00:03:48.853788,10,1.5,63.0,30.0,5,0.1,0.001,13,2.4,5,0.0,-100.92674701045317,-58.91693637906629,-33.31220358055485,30.119334694995633,0.0,8.69760705083204,432.0,COMPLETE
1592,22.32515022221034,2026-07-22 13:54:03.566165,2026-07-22 13:57:49.045975,0 days 00:03:45.479810,10,1.5,63.0,30.0,13,0.1,0.001,13,2.4,5,0.0,-57.537096925359364,-46.31219431886741,-21.334040449474276,22.32515022221034,0.0,-10.109137842982328,321.0,COMPLETE
1593,30.119334694995633,2026-07-22 13:54:43.103842,2026-07-22 13:58:31.020743,0 days 00:03:47.916901,10,1.5,63.0,30.0,5,0.1,0.001,13,2.4,5,0.0,-100.92674701045317,-58.91693637906629,-33.31220358055485,30.119334694995633,0.0,8.69760705083204,432.0,COMPLETE
1594,29.63216261823816,2026-07-22 13:54:45.831583,2026-07-22 13:58:38.201212,0 days 00:03:52.369629,11,1.5,63.0,30.0,5,0.1,0.001,13,2.4,5,0.0,-92.41512530784438,-52.51057620250112,-40.24708663160277,29.63216261823816,0.0,-0.34253752625955824,427.0,COMPLETE
1595,29.63216261823816,2026-07-22 13:54:47.110047,2026-07-22 13:58:41.513349,0 days 00:03:54.403302,11,1.5,63.0,30.0,5,0.1,0.001,13,2.4,5,0.0,-92.41512530784438,-52.51057620250112,-40.24708663160277,29.63216261823816,0.0,-0.34253752625955824,427.0,COMPLETE
1596,29.63216261823816,2026-07-22 13:54:54.276935,2026-07-22 13:58:46.359173,0 days 00:03:52.082238,11,1.5,63.0,30.0,5,0.1,0.001,13,2.3,5,0.0,-92.41512530784438,-52.51057620250112,-40.24708663160277,29.63216261823816,0.0,-0.34253752625955824,427.0,COMPLETE
1597,29.63216261823816,2026-07-22 13:54:59.984540,2026-07-22 13:58:52.876981,0 days 00:03:52.892441,11,1.5,63.0,30.0,5,0.1,0.001,13,2.3,5,0.0,-92.41512530784438,-52.51057620250112,-40.24708663160277,29.63216261823816,0.0,-0.34253752625955824,427.0,COMPLETE
1598,15.382658262093459,2026-07-22 13:55:07.278680,2026-07-22 13:58:40.541053,0 days 00:03:33.262373,11,1.5,63.0,31.0,5,0.1,0.007,14,2.4,5,0.0,-10.923993569158085,-21.34364014960844,-16.075350315181694,15.382658262093459,0.0,-26.494996895632017,222.0,COMPLETE
1599,29.561224043760376,2026-07-22 13:55:15.576713,2026-07-22 13:59:06.824748,0 days 00:03:51.248035,11,1.5,63.0,31.0,5,0.1,0.001,13,2.4,5,0.0,-92.34932935120376,-52.609413889903685,-39.534234484562134,29.561224043760376,0.0,0.20568097673790176,426.0,COMPLETE
1600,29.473930202173204,2026-07-22 13:56:12.506609,2026-07-22 14:00:03.699893,0 days 00:03:51.193284,11,1.5,64.0,31.0,5,0.1,0.001,15,2.4,5,0.0,-92.34932935120376,-52.22998685334077,-40.25693233701536,29.473930202173204,0.0,-0.13758983915238998,425.0,COMPLETE
1601,29.561224043760376,2026-07-22 13:57:17.912215,2026-07-22 14:01:10.313327,0 days 00:03:52.401112,11,1.5,64.0,31.0,5,0.1,0.001,13,2.4,5,0.0,-92.34932935120376,-52.609413889903685,-39.534234484562134,29.561224043760376,0.0,0.20568097673790176,426.0,COMPLETE
1602,29.561224043760376,2026-07-22 13:57:49.104950,2026-07-22 14:01:41.028047,0 days 00:03:51.923097,11,1.5,64.0,31.0,5,0.1,0.001,13,2.3,5,0.0,-92.34932935120376,-52.609413889903685,-39.534234484562134,29.561224043760376,0.0,0.20568097673790176,426.0,COMPLETE
1603,29.473930202173204,2026-07-22 13:58:31.076476,2026-07-22 14:02:20.250541,0 days 00:03:49.174065,11,1.5,64.0,31.0,5,0.1,0.001,15,2.3,5,0.0,-92.34932935120376,-52.22998685334077,-40.25693233701536,29.473930202173204,0.0,-0.13758983915238998,425.0,COMPLETE
1604,29.467228870108855,2026-07-22 13:58:38.260556,2026-07-22 14:02:31.373394,0 days 00:03:53.112838,11,1.5,64.0,31.0,5,0.1,0.001,14,2.3,5,0.0,-92.34932935120376,-52.609413889903685,-40.25693233701536,29.467228870108855,0.0,-0.5170168757153066,425.0,COMPLETE
1605,29.473930202173204,2026-07-22 13:58:40.594500,2026-07-22 14:02:27.841732,0 days 00:03:47.247232,11,1.5,64.0,31.0,5,0.1,0.001,15,2.3,5,0.0,-92.34932935120376,-52.22998685334077,-40.25693233701536,29.473930202173204,0.0,-0.13758983915238998,425.0,COMPLETE
1606,29.561224043760376,2026-07-22 13:58:41.570919,2026-07-22 14:02:35.945984,0 days 00:03:54.375065,11,1.5,64.0,31.0,5,0.1,0.001,13,2.3,5,0.0,-92.34932935120376,-52.609413889903685,-39.534234484562134,29.561224043760376,0.0,0.20568097673790176,426.0,COMPLETE
1607,29.67021615714247,2026-07-22 13:58:46.415421,2026-07-22 14:02:38.964751,0 days 00:03:52.549330,12,1.5,64.0,31.0,5,0.1,0.001,14,2.3,5,0.0,-111.53588983216315,-73.74294113110373,-41.13883924521939,29.67021615714247,0.0,-3.345890544160012,439.0,COMPLETE
1608,29.67021615714247,2026-07-22 13:58:52.934638,2026-07-22 14:02:46.300126,0 days 00:03:53.365488,12,1.5,64.0,31.0,5,0.1,0.001,13,2.3,5,0.0,-111.53588983216315,-73.74294113110373,-41.13883924521939,29.67021615714247,0.0,-3.345890544160012,439.0,COMPLETE
1609,29.67021615714247,2026-07-22 13:59:06.888651,2026-07-22 14:03:00.466808,0 days 00:03:53.578157,12,1.5,64.0,31.0,5,0.1,0.001,14,2.3,5,0.0,-111.53588983216315,-73.74294113110373,-41.13883924521939,29.67021615714247,0.0,-3.345890544160012,439.0,COMPLETE
1610,29.67021615714247,2026-07-22 14:00:03.754743,2026-07-22 14:03:55.080413,0 days 00:03:51.325670,12,1.5,64.0,31.0,5,0.1,0.001,14,2.3,5,0.0,-111.53588983216315,-73.74294113110373,-41.13883924521939,29.67021615714247,0.0,-3.345890544160012,439.0,COMPLETE
1611,29.67021615714247,2026-07-22 14:01:10.374479,2026-07-22 14:05:03.282043,0 days 00:03:52.907564,12,1.5,63.0,31.0,5,0.1,0.001,13,2.3,5,0.0,-111.53588983216315,-73.74294113110373,-41.13883924521939,29.67021615714247,0.0,-3.345890544160012,439.0,COMPLETE
1612,29.67021615714247,2026-07-22 14:01:41.091268,2026-07-22 14:05:34.344300,0 days 00:03:53.253032,12,1.5,63.0,31.0,5,0.1,0.001,14,2.3,5,0.0,-111.53588983216315,-73.74294113110373,-41.13883924521939,29.67021615714247,0.0,-3.345890544160012,439.0,COMPLETE
1613,29.67021615714247,2026-07-22 14:02:20.312984,2026-07-22 14:06:09.975351,0 days 00:03:49.662367,12,1.5,63.0,31.0,5,0.1,0.001,14,2.4,5,0.0,-111.53588983216315,-73.74294113110373,-41.13883924521939,29.67021615714247,0.0,-3.345890544160012,439.0,COMPLETE
1614,29.67021615714247,2026-07-22 14:02:27.914785,2026-07-22 14:06:14.361891,0 days 00:03:46.447106,12,1.5,63.0,31.0,5,0.1,0.001,14,2.4,5,0.0,-111.53588983216315,-73.74294113110373,-41.13883924521939,29.67021615714247,0.0,-3.345890544160012,439.0,COMPLETE
1615,29.67021615714247,2026-07-22 14:02:31.434066,2026-07-22 14:06:24.247630,0 days 00:03:52.813564,12,1.5,63.0,31.0,5,0.1,0.001,13,2.4,5,0.0,-111.53588983216315,-73.74294113110373,-41.13883924521939,29.67021615714247,0.0,-3.345890544160012,439.0,COMPLETE
1616,25.793024097249585,2026-07-22 14:02:36.001173,2026-07-22 14:06:28.620095,0 days 00:03:52.618922,20,1.6,63.0,31.0,5,0.1,0.001,14,2.4,5,0.0,-138.04376745360148,-90.04351793411809,-69.68095584495978,25.793024097249585,0.0,-21.680706325476365,411.0,COMPLETE
1617,24.728279338070422,2026-07-22 14:02:39.035031,2026-07-22 14:06:25.520741,0 days 00:03:46.485710,10,1.6,63.0,31.0,6,0.0,0.001,14,2.4,5,0.0,-65.12975424488431,-63.14780671284875,-15.66033775637584,24.728279338070422,0.0,-13.678390224340344,358.0,COMPLETE
1618,24.728279338070422,2026-07-22 14:02:46.357063,2026-07-22 14:06:33.177396,0 days 00:03:46.820333,10,1.6,63.0,31.0,6,0.0,0.001,14,2.4,5,0.0,-65.12975424488431,-63.14780671284875,-15.66033775637584,24.728279338070422,0.0,-13.678390224340344,358.0,COMPLETE
1619,23.683123457481816,2026-07-22 14:03:00.521211,2026-07-22 14:06:49.178216,0 days 00:03:48.657005,19,1.6,63.0,31.0,6,0.0,0.001,14,2.4,5,0.0,-86.9824323923936,-65.21724578392606,-46.84789919940617,23.683123457481816,0.0,-25.08271259093869,360.0,COMPLETE
1620,24.728279338070422,2026-07-22 14:03:55.136520,2026-07-22 14:07:41.706837,0 days 00:03:46.570317,10,1.6,63.0,31.0,6,0.0,0.001,14,2.4,5,0.0,-65.12975424488431,-63.14780671284875,-15.66033775637584,24.728279338070422,0.0,-13.678390224340344,358.0,COMPLETE
1621,24.728279338070422,2026-07-22 14:05:03.337825,2026-07-22 14:08:49.186496,0 days 00:03:45.848671,10,1.6,63.0,31.0,6,0.0,0.001,14,2.4,5,0.0,-65.12975424488431,-63.14780671284875,-15.66033775637584,24.728279338070422,0.0,-13.678390224340344,358.0,COMPLETE
1622,12.074250009374945,2026-07-22 14:05:34.409764,2026-07-22 14:09:12.372891,0 days 00:03:37.963127,10,3.0,63.0,31.0,6,0.0,0.001,13,2.4,5,0.0,0.0,-10.864013038251596,-10.928114104548696,12.074250009374945,0.0,-21.79212714280028,173.0,COMPLETE
1623,,2026-07-22 14:06:10.038753,,,10,1.6,63.0,31.0,6,0.0,0.001,13,2.4,5,,,,,,,,,RUNNING
1624,,2026-07-22 14:06:14.418931,,,10,1.6,63.0,31.0,6,0.0,0.001,12,2.5,5,,,,,,,,,RUNNING
1625,,2026-07-22 14:06:24.307862,,,10,1.6,63.0,31.0,6,0.0,0.001,13,2.5,5,,,,,,,,,RUNNING
1626,,2026-07-22 14:06:25.585162,,,10,1.6,63.0,31.0,6,0.2,0.001,13,2.4,5,,,,,,,,,RUNNING
1627,,2026-07-22 14:06:28.689734,,,10,1.6,63.0,31.0,6,0.2,0.001,13,2.5,5,,,,,,,,,RUNNING
1628,,2026-07-22 14:06:33.234063,,,10,1.6,63.0,30.0,6,0.2,0.001,13,2.5,5,,,,,,,,,RUNNING
1629,,2026-07-22 14:06:49.237203,,,10,1.5,63.0,30.0,7,0.2,0.001,13,2.5,5,,,,,,,,,RUNNING
1630,,2026-07-22 14:07:41.770591,,,10,1.5,63.0,30.0,5,0.2,0.001,13,2.5,5,,,,,,,,,RUNNING
1631,,2026-07-22 14:08:49.239617,,,10,1.5,62.0,30.0,5,0.2,0.001,13,2.5,5,,,,,,,,,RUNNING
1632,,2026-07-22 14:09:12.468162,,,10,1.5,62.0,30.0,5,0.2,0.002,13,2.5,5,,,,,,,,,RUNNING
