number,value,datetime_start,datetime_complete,duration,params_MAX_POSITION_PCT,params_MAX_RISK_PCT,params_MR_MIN_RR,params_MR_STOP_MULT,params_RISK_TIER_EQUITY_PCT,params_TP_MIN_RR,params_TP_STOP_MULT,user_attrs_BTC_PnL,user_attrs_MB_PnL,user_attrs_MR_PnL,user_attrs_QQQ_PnL,user_attrs_SPY_PnL,user_attrs_Score,user_attrs_TF_PnL,user_attrs_TP_PnL,user_attrs_Total_Trades,state
987,-1330.0,2026-06-19 07:51:18.629156,2026-06-19 07:54:01.693435,0 days 00:02:43.064279,1.0,0.06,1.0,2.9000000000000004,0.02,1.9,2.1,-42.866721052689634,-42.866721052689634,240.7465147329338,-18.133118375535766,261.8574901844072,-1330.0,0.0,2.97785707593762,17.0,COMPLETE
988,-1250.0,2026-06-19 07:51:33.968115,2026-06-19 07:54:17.874733,0 days 00:02:43.906618,0.5,0.06,1.0,2.9000000000000004,0.02,1.9,2.4000000000000004,-21.433360526344817,-21.433360526344817,120.3732573664669,19.713946401028135,133.50774476547764,-1250.0,0.0,32.84843380003885,25.0,COMPLETE
989,-1250.0,2026-06-19 07:52:05.025777,2026-06-19 07:54:46.846638,0 days 00:02:41.820861,0.5,0.06,1.0,2.9000000000000004,0.04,1.9,2.4000000000000004,-21.433360526344817,-21.433360526344817,120.3732573664669,19.713946401028135,133.50774476547764,-1250.0,0.0,32.84843380003885,25.0,COMPLETE
990,-1250.0,2026-06-19 07:52:25.434039,2026-06-19 07:55:07.790854,0 days 00:02:42.356815,0.5,0.06,1.0,2.9000000000000004,0.06,1.9,2.4000000000000004,-21.433360526344817,-21.433360526344817,120.3732573664669,19.713946401028135,133.50774476547764,-1250.0,0.0,32.84843380003885,25.0,COMPLETE
991,-1250.0,2026-06-19 07:52:42.806622,2026-06-19 07:55:24.136165,0 days 00:02:41.329543,0.5,0.06,1.0,2.9000000000000004,0.06,1.9,2.4000000000000004,-21.433360526344817,-21.433360526344817,120.3732573664669,19.713946401028135,133.50774476547764,-1250.0,0.0,32.84843380003885,25.0,COMPLETE
992,-1250.0,2026-06-19 07:53:02.411381,2026-06-19 07:55:42.405662,0 days 00:02:39.994281,0.5,0.06,1.0,2.9000000000000004,0.06,1.9,2.4000000000000004,-21.433360526344817,-21.433360526344817,120.3732573664669,19.713946401028135,133.50774476547764,-1250.0,0.0,32.84843380003885,25.0,COMPLETE
993,-1260.0,2026-06-19 07:53:21.949695,2026-06-19 07:56:05.010735,0 days 00:02:43.061040,0.5,0.06,1.0,3.0,0.04,1.9,2.4000000000000004,-21.433360526344817,-21.433360526344817,127.70203192132749,27.47704089994762,133.07342482141868,-1260.0,0.0,32.84843380003885,24.0,COMPLETE
994,-1260.0,2026-06-19 07:53:37.804133,2026-06-19 07:56:17.555762,0 days 00:02:39.751629,0.5,0.06,1.0,3.0,0.04,1.9,2.4000000000000004,-21.433360526344817,-21.433360526344817,127.70203192132749,27.47704089994762,133.07342482141868,-1260.0,0.0,32.84843380003885,24.0,COMPLETE
995,-1260.0,2026-06-19 07:54:01.735796,2026-06-19 07:56:45.417447,0 days 00:02:43.681651,0.5,0.06,1.0,3.0,0.06,1.9,2.4000000000000004,-21.433360526344817,-21.433360526344817,127.70203192132749,27.47704089994762,133.07342482141868,-1260.0,0.0,32.84843380003885,24.0,COMPLETE
996,-9.373173941432805,2026-06-19 07:54:17.909430,2026-06-19 07:57:01.306041,0 days 00:02:43.396611,1.0,0.06,1.0,3.0,0.04,1.9,2.4000000000000004,-42.866721052689634,-42.866721052689634,255.40406384265498,122.34117668445333,273.1246761685282,-9.373173941432805,0.0,140.06178901032658,58.0,COMPLETE
997,-9.384034235865261,2026-06-19 07:54:46.875807,2026-06-19 07:57:28.753141,0 days 00:02:41.877334,1.0,0.02,1.0,3.0,0.06,1.8,2.5,-42.866721052689634,-42.866721052689634,255.40406384265498,121.79047818432022,273.1246761685282,-9.384034235865261,0.0,139.51109051019347,58.0,COMPLETE
998,-5.95356963635198,2026-06-19 07:55:07.827935,2026-06-19 07:57:50.481473,0 days 00:02:42.653538,1.0,0.02,1.0,1.0,0.06,1.8,2.4000000000000004,-42.866721052689634,-42.866721052689634,-92.37901492091228,140.3496139460105,-46.6790948960971,-5.95356963635198,0.0,186.04953397082582,74.0,COMPLETE
999,-9.384034235865261,2026-06-19 07:55:24.166495,2026-06-19 07:58:05.691193,0 days 00:02:41.524698,1.0,0.02,1.0,3.0,0.06,1.8,2.5,-42.866721052689634,-42.866721052689634,255.40406384265498,121.79047818432022,273.1246761685282,-9.384034235865261,0.0,139.51109051019347,58.0,COMPLETE
1000,-1340.0,2026-06-19 07:55:42.437587,2026-06-19 07:58:22.442899,0 days 00:02:40.005312,1.0,0.02,1.0,3.0,0.06,1.8,2.3,-42.866721052689634,-42.866721052689634,255.40406384265498,-2.6069293776967726,260.9888502962893,-1340.0,0.0,2.97785707593762,16.0,COMPLETE
1001,-9.384034235865261,2026-06-19 07:56:05.039513,2026-06-19 07:58:48.197037,0 days 00:02:43.157524,1.0,0.02,1.0,3.0,0.06,1.8,2.5,-42.866721052689634,-42.866721052689634,255.40406384265498,121.79047818432022,273.1246761685282,-9.384034235865261,0.0,139.51109051019347,58.0,COMPLETE
1002,-9.384034235865261,2026-06-19 07:56:17.585864,2026-06-19 07:58:59.170857,0 days 00:02:41.584993,1.0,0.02,1.0,3.0,0.06,1.8,2.5,-42.866721052689634,-42.866721052689634,255.40406384265498,121.79047818432022,273.1246761685282,-9.384034235865261,0.0,139.51109051019347,58.0,COMPLETE
1003,-1340.0,2026-06-19 07:56:45.447532,2026-06-19 07:59:28.360632,0 days 00:02:42.913100,1.0,0.02,1.0,3.0,0.06,1.8,2.3,-42.866721052689634,-42.866721052689634,255.40406384265498,-2.6069293776967726,260.9888502962893,-1340.0,0.0,2.97785707593762,16.0,COMPLETE
1004,-9.384034235865261,2026-06-19 07:57:01.335879,2026-06-19 07:59:45.342091,0 days 00:02:44.006212,1.0,0.04,1.0,3.0,0.06,1.8,2.5,-42.866721052689634,-42.866721052689634,255.40406384265498,121.79047818432022,273.1246761685282,-9.384034235865261,0.0,139.51109051019347,58.0,COMPLETE
1005,-1340.0,2026-06-19 07:57:28.781981,2026-06-19 08:00:11.489018,0 days 00:02:42.707037,1.0,0.04,1.0,3.0,0.06,1.8,2.3,-42.866721052689634,-42.866721052689634,255.40406384265498,-2.6069293776967726,260.9888502962893,-1340.0,0.0,2.97785707593762,16.0,COMPLETE
1006,-1340.0,2026-06-19 07:57:50.510841,2026-06-19 08:00:32.030937,0 days 00:02:41.520096,1.0,0.06,1.0,3.0,0.06,1.8,2.3,-42.866721052689634,-42.866721052689634,255.40406384265498,-2.6069293776967726,260.9888502962893,-1340.0,0.0,2.97785707593762,16.0,COMPLETE
1007,-1340.0,2026-06-19 07:58:05.720177,2026-06-19 08:00:47.603121,0 days 00:02:41.882944,1.0,0.04,1.0,3.0,0.06,1.8,2.3,-42.866721052689634,-42.866721052689634,255.40406384265498,-2.6069293776967726,260.9888502962893,-1340.0,0.0,2.97785707593762,16.0,COMPLETE
1008,-1340.0,2026-06-19 07:58:22.484648,2026-06-19 08:01:02.559308,0 days 00:02:40.074660,1.0,0.04,1.0,3.0,0.06,1.8,2.3,-42.866721052689634,-42.866721052689634,255.40406384265498,-2.6069293776967726,260.9888502962893,-1340.0,0.0,2.97785707593762,16.0,COMPLETE
1009,-2.4128463063772854,2026-06-19 07:58:48.233188,2026-06-19 08:01:30.809364,0 days 00:02:42.576176,1.0,0.04,1.0,3.0,0.06,1.9,2.3,-42.866721052689634,-42.866721052689634,255.40406384265498,160.87122774710687,275.3275512964336,-2.4128463063772854,0.0,180.79471520088566,71.0,COMPLETE
1010,-2.4128463063772854,2026-06-19 07:58:59.205056,2026-06-19 08:01:40.307464,0 days 00:02:41.102408,1.0,0.04,1.0,3.0,0.06,1.9,2.3,-42.866721052689634,-42.866721052689634,255.40406384265498,160.87122774710687,275.3275512964336,-2.4128463063772854,0.0,180.79471520088566,71.0,COMPLETE
1011,-2.4128463063772854,2026-06-19 07:59:28.392088,2026-06-19 08:02:10.788401,0 days 00:02:42.396313,1.0,0.04,1.0,3.0,0.06,1.9,2.3,-42.866721052689634,-42.866721052689634,255.40406384265498,160.87122774710687,275.3275512964336,-2.4128463063772854,0.0,180.79471520088566,71.0,COMPLETE
1012,-2.4128463063772854,2026-06-19 07:59:45.372075,2026-06-19 08:02:29.592711,0 days 00:02:44.220636,1.0,0.06,1.0,3.0,0.06,1.9,2.3,-42.866721052689634,-42.866721052689634,255.40406384265498,160.87122774710687,275.3275512964336,-2.4128463063772854,0.0,180.79471520088566,71.0,COMPLETE
1013,-2.4128463063772854,2026-06-19 08:00:11.522722,2026-06-19 08:02:54.427439,0 days 00:02:42.904717,1.0,0.06,1.0,3.0,0.06,1.9,2.3,-42.866721052689634,-42.866721052689634,255.40406384265498,160.87122774710687,275.3275512964336,-2.4128463063772854,0.0,180.79471520088566,71.0,COMPLETE
1014,-2.4128463063772854,2026-06-19 08:00:32.067702,2026-06-19 08:03:15.381722,0 days 00:02:43.314020,1.0,0.06,1.0,3.0,0.06,1.9,2.3,-42.866721052689634,-42.866721052689634,255.40406384265498,160.87122774710687,275.3275512964336,-2.4128463063772854,0.0,180.79471520088566,71.0,COMPLETE
1015,-2.4128463063772854,2026-06-19 08:00:47.650182,2026-06-19 08:03:29.941339,0 days 00:02:42.291157,1.0,0.05,1.0,3.0,0.02,1.9,2.3,-42.866721052689634,-42.866721052689634,255.40406384265498,160.87122774710687,275.3275512964336,-2.4128463063772854,0.0,180.79471520088566,71.0,COMPLETE
1016,-1340.0,2026-06-19 08:01:02.588869,2026-06-19 08:03:42.211975,0 days 00:02:39.623106,1.0,0.06,1.0,3.0,0.02,1.9,2.2,-42.866721052689634,-42.866721052689634,255.40406384265498,-2.6069293776967726,260.9888502962893,-1340.0,0.0,2.97785707593762,16.0,COMPLETE
1017,-1340.0,2026-06-19 08:01:30.841113,2026-06-19 08:04:14.240237,0 days 00:02:43.399124,1.0,0.06,1.0,3.0,0.02,1.9,2.2,-42.866721052689634,-42.866721052689634,255.40406384265498,-2.6069293776967726,260.9888502962893,-1340.0,0.0,2.97785707593762,16.0,COMPLETE
1018,-1340.0,2026-06-19 08:01:40.335032,2026-06-19 08:04:22.576259,0 days 00:02:42.241227,1.0,0.06,1.0,3.0,0.02,1.9,2.2,-42.866721052689634,-42.866721052689634,255.40406384265498,-2.6069293776967726,260.9888502962893,-1340.0,0.0,2.97785707593762,16.0,COMPLETE
1019,-1340.0,2026-06-19 08:02:10.817687,2026-06-19 08:04:54.631550,0 days 00:02:43.813863,1.0,0.06,1.0,3.0,0.02,1.9,2.2,-42.866721052689634,-42.866721052689634,255.40406384265498,-2.6069293776967726,260.9888502962893,-1340.0,0.0,2.97785707593762,16.0,COMPLETE
1020,-1330.0,2026-06-19 08:02:29.623368,2026-06-19 08:05:13.851720,0 days 00:02:44.228352,1.0,0.05,1.0,2.9000000000000004,0.02,1.9,2.2,-42.866721052689634,-42.866721052689634,240.7465147329338,-18.133118375535766,261.8574901844072,-1330.0,0.0,2.97785707593762,17.0,COMPLETE
1021,-1330.0,2026-06-19 08:02:54.459692,2026-06-19 08:05:37.720568,0 days 00:02:43.260876,1.0,0.05,1.0,2.9000000000000004,0.02,1.9,2.2,-42.866721052689634,-42.866721052689634,240.7465147329338,-18.133118375535766,261.8574901844072,-1330.0,0.0,2.97785707593762,17.0,COMPLETE
1022,-1330.0,2026-06-19 08:03:15.421773,2026-06-19 08:05:58.571909,0 days 00:02:43.150136,1.0,0.05,1.0,2.9000000000000004,0.02,1.9,2.2,-42.866721052689634,-42.866721052689634,240.7465147329338,-18.133118375535766,261.8574901844072,-1330.0,0.0,2.97785707593762,17.0,COMPLETE
1023,-1320.0,2026-06-19 08:03:29.977044,2026-06-19 08:06:11.602676,0 days 00:02:41.625632,1.0,0.06,1.0,1.2,0.02,1.9,2.2,-42.866721052689634,-42.866721052689634,-121.2965014153601,-66.4605242470641,-51.8581200923584,-1320.0,0.0,2.97785707593762,18.0,COMPLETE
1024,-1330.0,2026-06-19 08:03:42.239501,2026-06-19 08:06:22.782596,0 days 00:02:40.543095,1.0,0.06,1.0,2.9000000000000004,0.02,1.9,2.2,-42.866721052689634,-42.866721052689634,240.7465147329338,-18.133118375535766,261.8574901844072,-1330.0,0.0,2.97785707593762,17.0,COMPLETE
1025,-9.929212570354046,2026-06-19 08:04:14.277833,2026-06-19 08:06:56.435350,0 days 00:02:42.157517,1.0,0.06,1.0,2.9000000000000004,0.02,1.7000000000000002,2.8,-42.866721052689634,-42.866721052689634,240.7465147329338,79.85949253792649,279.3134163928834,-9.929212570354046,0.0,118.42639419787608,54.0,COMPLETE
1026,-1330.0,2026-06-19 08:04:22.612346,2026-06-19 08:07:03.435306,0 days 00:02:40.822960,1.0,0.06,1.0,2.9000000000000004,0.06,1.7000000000000002,2.4000000000000004,-42.866721052689634,-42.866721052689634,240.7465147329338,-18.133118375535766,261.8574901844072,-1330.0,0.0,2.97785707593762,17.0,COMPLETE
1027,-1330.0,2026-06-19 08:04:54.671541,2026-06-19 08:07:37.459591,0 days 00:02:42.788050,1.0,0.06,1.0,2.9000000000000004,0.06,1.7000000000000002,2.4000000000000004,-42.866721052689634,-42.866721052689634,240.7465147329338,-18.133118375535766,261.8574901844072,-1330.0,0.0,2.97785707593762,17.0,COMPLETE
1028,-9.48745126542851,2026-06-19 08:05:13.887301,2026-06-19 08:07:58.077720,0 days 00:02:44.190419,1.0,0.06,1.0,2.9000000000000004,0.01,1.9,2.4000000000000004,-42.866721052689634,-42.866721052689634,240.7465147329338,106.81498768661436,273.99331605664605,-9.48745126542851,0.0,140.06178901032658,59.0,COMPLETE
1029,-9.48745126542851,2026-06-19 08:05:37.749834,2026-06-19 08:08:21.042860,0 days 00:02:43.293026,1.0,0.06,1.0,2.9000000000000004,0.06,1.9,2.4000000000000004,-42.866721052689634,-42.866721052689634,240.7465147329338,106.81498768661436,273.99331605664605,-9.48745126542851,0.0,140.06178901032658,59.0,COMPLETE
1030,-1330.0,2026-06-19 08:05:58.603004,2026-06-19 08:08:41.775115,0 days 00:02:43.172111,1.0,0.06,1.0,2.9000000000000004,0.06,1.7000000000000002,2.4000000000000004,-42.866721052689634,-42.866721052689634,240.7465147329338,-18.133118375535766,261.8574901844072,-1330.0,0.0,2.97785707593762,17.0,COMPLETE
1031,-1330.0,2026-06-19 08:06:11.633750,2026-06-19 08:08:53.752903,0 days 00:02:42.119153,1.0,0.06,1.0,2.9000000000000004,0.06,1.7000000000000002,1.0,-42.866721052689634,-42.866721052689634,240.7465147329338,-11.599066974254121,266.07018858253906,-1330.0,0.0,13.724606875351114,17.0,COMPLETE
1032,-1330.0,2026-06-19 08:06:22.812787,2026-06-19 08:09:03.574630,0 days 00:02:40.761843,1.5,0.06,1.0,2.9000000000000004,0.06,1.7000000000000002,2.4000000000000004,-41.95360943424255,-41.95360943424255,357.4890541665054,-29.580552333841958,391.5363921142538,-1330.0,0.0,4.466785613906433,17.0,COMPLETE
1033,-21.242625002733625,2026-06-19 08:06:56.465715,2026-06-19 08:09:39.404008,0 days 00:02:42.938293,1.0,0.06,0.7,2.9000000000000004,0.06,1.8,2.4000000000000004,-42.866721052689634,-42.866721052689634,-140.0497971071098,-12.996446662356513,58.99618352607246,-21.242625002733625,0.0,186.04953397082582,77.0,COMPLETE
1034,-5.733707491292984,2026-06-19 08:07:03.468372,2026-06-19 08:09:44.397554,0 days 00:02:40.929182,1.5,0.06,1.0,3.0,0.06,1.8,2.4000000000000004,-41.95360943424255,-41.95360943424255,372.03756108544536,240.61634773132857,410.2919634071518,-5.733707491292984,0.0,278.8707500530348,72.0,COMPLETE
1035,-5.733707491292984,2026-06-19 08:07:37.489653,2026-06-19 08:10:21.303920,0 days 00:02:43.814267,1.5,0.03,1.0,3.0,0.06,1.8,2.4000000000000004,-41.95360943424255,-41.95360943424255,372.03756108544536,240.61634773132857,410.2919634071518,-5.733707491292984,0.0,278.8707500530348,72.0,COMPLETE
1036,-1340.0,2026-06-19 08:07:58.106502,2026-06-19 08:10:41.208846,0 days 00:02:43.102344,1.5,0.03,1.0,3.0,0.06,1.8,2.3,-41.95360943424255,-41.95360943424255,372.03756108544536,-13.445068195537786,389.9494148948896,-1340.0,0.0,4.466785613906433,16.0,COMPLETE
1037,-1340.0,2026-06-19 08:08:21.075561,2026-06-19 08:11:03.908505,0 days 00:02:42.832944,1.0,0.03,1.0,3.0,0.06,1.8,2.3,-42.866721052689634,-42.866721052689634,255.40406384265498,-2.6069293776967726,260.9888502962893,-1340.0,0.0,2.97785707593762,16.0,COMPLETE
1038,-1340.0,2026-06-19 08:08:41.808478,2026-06-19 08:11:24.385923,0 days 00:02:42.577445,1.5,0.03,1.0,3.0,0.06,1.8,2.3,-41.95360943424255,-41.95360943424255,372.03756108544536,-13.445068195537786,389.9494148948896,-1340.0,0.0,4.466785613906433,16.0,COMPLETE
1039,-1340.0,2026-06-19 08:08:53.787143,2026-06-19 08:11:34.927291,0 days 00:02:41.140148,1.5,0.03,1.0,3.0,0.06,1.8,2.3,-41.95360943424255,-41.95360943424255,372.03756108544536,-13.445068195537786,389.9494148948896,-1340.0,0.0,4.466785613906433,16.0,COMPLETE
1040,-1340.0,2026-06-19 08:09:03.608026,2026-06-19 08:11:43.475349,0 days 00:02:39.867323,1.0,0.03,1.0,3.0,0.06,1.8,2.3,-42.866721052689634,-42.866721052689634,255.40406384265498,-2.6069293776967726,260.9888502962893,-1340.0,0.0,2.97785707593762,16.0,COMPLETE
1041,-1290.0,2026-06-19 08:09:39.440291,2026-06-19 08:12:22.436425,0 days 00:02:42.996134,1.5,0.03,1.0,1.5,0.06,1.8,2.3,-41.95360943424255,-41.95360943424255,-225.46301671670142,-55.97965093086321,-165.01658017193176,-1290.0,0.0,4.466785613906433,21.0,COMPLETE
1042,-2.4128463063772854,2026-06-19 08:09:44.434654,2026-06-19 08:12:25.766633,0 days 00:02:41.331979,1.0,0.03,1.0,3.0,0.06,1.9,2.3,-42.866721052689634,-42.866721052689634,255.40406384265498,160.87122774710687,275.3275512964336,-2.4128463063772854,0.0,180.79471520088566,71.0,COMPLETE
1043,-2.4128463063772854,2026-06-19 08:10:21.336971,2026-06-19 08:13:05.197621,0 days 00:02:43.860650,1.0,0.03,1.0,3.0,0.06,1.9,2.3,-42.866721052689634,-42.866721052689634,255.40406384265498,160.87122774710687,275.3275512964336,-2.4128463063772854,0.0,180.79471520088566,71.0,COMPLETE
1044,-2.4128463063772854,2026-06-19 08:10:41.247853,2026-06-19 08:13:26.184524,0 days 00:02:44.936671,1.0,0.03,1.0,3.0,0.06,1.9,2.3,-42.866721052689634,-42.866721052689634,255.40406384265498,160.87122774710687,275.3275512964336,-2.4128463063772854,0.0,180.79471520088566,71.0,COMPLETE
1045,-2.4128463063772854,2026-06-19 08:11:03.946307,2026-06-19 08:13:47.315846,0 days 00:02:43.369539,1.0,0.02,1.0,3.0,0.06,1.9,2.3,-42.866721052689634,-42.866721052689634,255.40406384265498,160.87122774710687,275.3275512964336,-2.4128463063772854,0.0,180.79471520088566,71.0,COMPLETE
1046,-2.4128463063772854,2026-06-19 08:11:24.413563,2026-06-19 08:14:08.073726,0 days 00:02:43.660163,1.0,0.02,1.0,3.0,0.04,1.9,2.3,-42.866721052689634,-42.866721052689634,255.40406384265498,160.87122774710687,275.3275512964336,-2.4128463063772854,0.0,180.79471520088566,71.0,COMPLETE
1047,-2.4128463063772854,2026-06-19 08:11:34.964138,2026-06-19 08:14:16.590882,0 days 00:02:41.626744,1.0,0.06,1.0,3.0,0.04,1.9,2.3,-42.866721052689634,-42.866721052689634,255.40406384265498,160.87122774710687,275.3275512964336,-2.4128463063772854,0.0,180.79471520088566,71.0,COMPLETE
1048,-2.4128463063772854,2026-06-19 08:11:43.516518,2026-06-19 08:14:23.479485,0 days 00:02:39.962967,1.0,0.06,1.0,3.0,0.04,1.9,2.3,-42.866721052689634,-42.866721052689634,255.40406384265498,160.87122774710687,275.3275512964336,-2.4128463063772854,0.0,180.79471520088566,71.0,COMPLETE
1049,-2.4128463063772854,2026-06-19 08:12:22.467933,2026-06-19 08:15:05.752733,0 days 00:02:43.284800,1.0,0.02,1.0,3.0,0.02,1.9,2.3,-42.866721052689634,-42.866721052689634,255.40406384265498,160.87122774710687,275.3275512964336,-2.4128463063772854,0.0,180.79471520088566,71.0,COMPLETE
1050,-2.4128463063772854,2026-06-19 08:12:25.802858,2026-06-19 08:15:06.939590,0 days 00:02:41.136732,1.0,0.02,1.0,3.0,0.04,1.9,2.3,-42.866721052689634,-42.866721052689634,255.40406384265498,160.87122774710687,275.3275512964336,-2.4128463063772854,0.0,180.79471520088566,71.0,COMPLETE
1051,-2.4128463063772854,2026-06-19 08:13:05.228111,2026-06-19 08:15:48.870518,0 days 00:02:43.642407,1.0,0.02,1.0,3.0,0.04,1.9,2.3,-42.866721052689634,-42.866721052689634,255.40406384265498,160.87122774710687,275.3275512964336,-2.4128463063772854,0.0,180.79471520088566,71.0,COMPLETE
1052,-9.779617836594015,2026-06-19 08:13:26.213445,2026-06-19 08:16:09.047889,0 days 00:02:42.834444,1.0,0.06,1.0,3.0,0.04,1.9,2.5,-42.866721052689634,-42.866721052689634,255.40406384265498,97.03860640137466,278.44477650476557,-9.779617836594015,0.0,120.07931906348526,53.0,COMPLETE
1053,-2.4128463063772854,2026-06-19 08:13:47.350800,2026-06-19 08:16:29.251232,0 days 00:02:41.900432,1.0,0.06,1.0,3.0,0.02,1.9,2.3,-42.866721052689634,-42.866721052689634,255.40406384265498,160.87122774710687,275.3275512964336,-2.4128463063772854,0.0,180.79471520088566,71.0,COMPLETE
1054,-9.779617836594015,2026-06-19 08:14:08.104484,2026-06-19 08:16:51.221379,0 days 00:02:43.116895,1.0,0.06,1.0,3.0,0.01,1.9,2.5,-42.866721052689634,-42.866721052689634,255.40406384265498,97.03860640137466,278.44477650476557,-9.779617836594015,0.0,120.07931906348526,53.0,COMPLETE
1055,-9.779617836594015,2026-06-19 08:14:16.626764,2026-06-19 08:16:58.576921,0 days 00:02:41.950157,1.0,0.06,1.0,3.0,0.02,1.9,2.5,-42.866721052689634,-42.866721052689634,255.40406384265498,97.03860640137466,278.44477650476557,-9.779617836594015,0.0,120.07931906348526,53.0,COMPLETE
1056,-9.779617836594015,2026-06-19 08:14:23.515375,2026-06-19 08:17:03.998168,0 days 00:02:40.482793,1.0,0.05,1.0,3.0,0.02,1.9,2.5,-42.866721052689634,-42.866721052689634,255.40406384265498,97.03860640137466,278.44477650476557,-9.779617836594015,0.0,120.07931906348526,53.0,COMPLETE
1057,-9.987051038589168,2026-06-19 08:15:05.790044,2026-06-19 08:17:49.240461,0 days 00:02:43.450417,1.0,0.05,1.0,3.0,0.02,2.0,2.5,-42.866721052689634,-42.866721052689634,255.40406384265498,86.41947868415986,278.44477650476557,-9.987051038589168,0.0,109.46019134627048,52.0,COMPLETE
1058,-34.29936414455154,2026-06-19 08:15:06.969766,2026-06-19 08:17:47.991632,0 days 00:02:41.021866,1.0,0.06,0.3,3.0,0.02,2.0,2.5,-42.866721052689634,-42.866721052689634,-241.51331870734734,-45.611298899069304,-86.44182846200755,-34.29936414455154,0.0,109.46019134627048,55.0,COMPLETE
1059,-9.779617836594015,2026-06-19 08:15:48.909038,2026-06-19 08:18:31.970376,0 days 00:02:43.061338,1.0,0.06,1.0,3.0,0.01,1.9,2.5,-42.866721052689634,-42.866721052689634,255.40406384265498,97.03860640137466,278.44477650476557,-9.779617836594015,0.0,120.07931906348526,53.0,COMPLETE
1060,-1330.0,2026-06-19 08:16:09.085153,2026-06-19 08:18:53.245221,0 days 00:02:44.160068,1.0,0.06,1.0,2.9000000000000004,0.02,2.0,2.1,-42.866721052689634,-42.866721052689634,240.7465147329338,-18.133118375535766,261.8574901844072,-1330.0,0.0,2.97785707593762,17.0,COMPLETE
1061,-10.104381277631381,2026-06-19 08:16:29.285817,2026-06-19 08:19:13.074756,0 days 00:02:43.788939,1.0,0.05,1.0,2.9000000000000004,0.02,2.0,2.5,-42.866721052689634,-42.866721052689634,240.7465147329338,70.89328968632088,279.3134163928834,-10.104381277631381,0.0,109.46019134627048,53.0,COMPLETE
1062,-9.884405700169006,2026-06-19 08:16:51.258057,2026-06-19 08:19:34.853694,0 days 00:02:43.595637,1.0,0.05,1.0,2.9000000000000004,0.02,2.0,2.4000000000000004,-42.866721052689634,-42.866721052689634,240.7465147329338,82.06311590366874,279.3134163928834,-9.884405700169006,0.0,120.63001756361837,54.0,COMPLETE
