number,value,datetime_start,datetime_complete,duration,params_MR_BB_PERIOD,params_MR_BB_STD,params_MR_RSI_OVERBOUGHT,params_MR_RSI_OVERSOLD,params_MR_RSI_PERIOD,params_MR_VOL_SPIKE_MULT,params_MR_VWAP_DEV_PCT,params_TP_BB_PERIOD,params_TP_BB_STD,params_TP_RSI_PERIOD,user_attrs_MB_PnL,user_attrs_MR_PnL,user_attrs_QQQ_PnL,user_attrs_SPY_PnL,user_attrs_Score,user_attrs_TF_PnL,user_attrs_TP_PnL,user_attrs_Total_Trades,state
491,13.688819136380962,2026-07-22 06:53:20.729097,2026-07-22 06:57:01.852902,0 days 00:03:41.123805,11,2.5,63.0,28.0,6,0.1,0.001,13,2.9000000000000004,5,0.0,-7.321842231601413,-12.013214197373205,-18.958237468859693,13.688819136380962,0.0,-23.64960943463147,196.0,COMPLETE
492,28.18013544645192,2026-07-22 06:55:06.907728,2026-07-22 06:58:50.565120,0 days 00:03:43.657392,10,1.5,63.0,28.0,6,0.1,0.001,13,2.9000000000000004,5,0.0,-100.05103542601199,-56.51102886872058,-34.89208597025794,28.18013544645192,0.0,8.647920587033463,407.0,COMPLETE
493,13.109873666015217,2026-07-22 06:55:17.498419,2026-07-22 06:58:53.406168,0 days 00:03:35.907749,10,1.5,63.0,28.0,6,0.1,0.008,12,2.9000000000000004,6,0.0,-14.003105197407208,-14.742592605539546,-26.580183224759498,13.109873666015217,0.0,-27.31967063289179,192.0,COMPLETE
494,29.215544993736202,2026-07-22 06:56:04.375066,2026-07-22 06:59:56.321410,0 days 00:03:51.946344,10,1.5,62.0,28.0,5,0.1,0.001,12,2.9000000000000004,6,0.0,-101.80976205618717,-58.7664051166358,-36.48420186251668,29.215544993736202,0.0,6.5591550770347045,422.0,COMPLETE
495,29.215544993736202,2026-07-22 06:56:30.523497,2026-07-22 07:00:22.216142,0 days 00:03:51.692645,10,1.5,62.0,28.0,5,0.1,0.001,12,2.9000000000000004,6,0.0,-101.80976205618717,-58.7664051166358,-36.48420186251668,29.215544993736202,0.0,6.5591550770347045,422.0,COMPLETE
496,29.215544993736202,2026-07-22 06:56:44.937097,2026-07-22 07:00:38.661689,0 days 00:03:53.724592,10,1.5,62.0,28.0,5,0.1,0.001,12,2.9000000000000004,6,0.0,-101.80976205618717,-58.7664051166358,-36.48420186251668,29.215544993736202,0.0,6.5591550770347045,422.0,COMPLETE
497,29.215544993736202,2026-07-22 06:56:56.946037,2026-07-22 07:00:49.705692,0 days 00:03:52.759655,10,1.5,62.0,28.0,5,0.1,0.001,12,2.9000000000000004,6,0.0,-101.80976205618717,-58.7664051166358,-36.48420186251668,29.215544993736202,0.0,6.5591550770347045,422.0,COMPLETE
498,29.215544993736202,2026-07-22 06:57:01.427611,2026-07-22 07:00:47.893351,0 days 00:03:46.465740,10,1.5,62.0,28.0,5,0.1,0.001,12,2.9000000000000004,6,0.0,-101.80976205618717,-58.7664051166358,-36.48420186251668,29.215544993736202,0.0,6.5591550770347045,422.0,COMPLETE
499,29.215544993736202,2026-07-22 06:57:01.919619,2026-07-22 07:00:54.340255,0 days 00:03:52.420636,10,1.5,62.0,28.0,5,0.1,0.001,12,2.9000000000000004,6,0.0,-101.80976205618717,-58.7664051166358,-36.48420186251668,29.215544993736202,0.0,6.5591550770347045,422.0,COMPLETE
500,28.875799665813027,2026-07-22 06:57:02.957143,2026-07-22 07:00:54.734192,0 days 00:03:51.777049,10,1.5,62.0,28.0,5,0.30000000000000004,0.001,12,3.0,6,0.0,-107.83241246228295,-65.2775504517657,-35.995706933482516,28.875799665813027,0.0,6.5591550770347045,421.0,COMPLETE
501,27.4313738876509,2026-07-22 06:57:13.303005,2026-07-22 07:01:05.032254,0 days 00:03:51.729249,10,1.5,62.0,30.0,5,0.1,0.001,30,3.0,6,0.0,-95.47499829809348,-71.96573439794135,-30.445499078004126,27.4313738876509,0.0,-6.936235177851913,404.0,COMPLETE
502,29.77299138470097,2026-07-22 06:58:50.625918,2026-07-22 07:02:34.610867,0 days 00:03:43.984949,10,1.5,62.0,30.0,5,0.1,0.001,12,3.0,6,0.0,-92.70208381341723,-60.196158617186484,-27.038193671555657,29.77299138470097,0.0,5.467731524675159,425.0,COMPLETE
503,29.461480060737088,2026-07-22 06:58:53.472881,2026-07-22 07:02:44.511414,0 days 00:03:51.038533,10,1.5,62.0,30.0,5,0.30000000000000004,0.001,12,3.0,6,0.0,-99.96229634521723,-67.94486607802055,-26.549698742521503,29.461480060737088,0.0,5.467731524675159,425.0,COMPLETE
504,29.461480060737088,2026-07-22 06:59:56.384021,2026-07-22 07:03:48.791400,0 days 00:03:52.407379,10,1.5,62.0,30.0,5,0.30000000000000004,0.001,12,3.0,6,0.0,-99.96229634521723,-67.94486607802055,-26.549698742521503,29.461480060737088,0.0,5.467731524675159,425.0,COMPLETE
505,29.461480060737088,2026-07-22 07:00:22.279020,2026-07-22 07:04:13.649867,0 days 00:03:51.370847,10,1.5,62.0,30.0,5,0.30000000000000004,0.001,11,3.0,6,0.0,-99.96229634521723,-67.94486607802055,-26.549698742521503,29.461480060737088,0.0,5.467731524675159,425.0,COMPLETE
506,29.720717992190473,2026-07-22 07:00:38.709903,2026-07-22 07:04:30.901087,0 days 00:03:52.191184,10,1.5,64.0,30.0,5,0.30000000000000004,0.001,11,3.0,5,0.0,-108.34363454815986,-66.6656438399004,-32.980383657427396,29.720717992190473,0.0,8.69760705083204,431.0,COMPLETE
507,12.125194935542183,2026-07-22 07:00:47.952481,2026-07-22 07:04:22.318242,0 days 00:03:34.365761,10,3.0,64.0,30.0,5,0.30000000000000004,0.001,11,3.0,5,0.0,0.0,-11.975868344366528,-10.756477033758033,12.125194935542183,0.0,-22.732345378124553,174.0,COMPLETE
508,29.720717992190473,2026-07-22 07:00:49.765370,2026-07-22 07:04:39.881139,0 days 00:03:50.115769,10,1.5,64.0,30.0,5,0.30000000000000004,0.001,11,3.0,5,0.0,-108.34363454815986,-66.6656438399004,-32.980383657427396,29.720717992190473,0.0,8.69760705083204,431.0,COMPLETE
509,24.42385723998468,2026-07-22 07:00:54.392131,2026-07-22 07:04:42.386442,0 days 00:03:47.994311,10,1.6,64.0,30.0,5,0.30000000000000004,0.001,11,3.0,12,0.0,-84.59975925440732,-64.5008371421042,-24.202581320550287,24.42385723998468,0.0,-4.103659208247126,360.0,COMPLETE
510,28.777523146254605,2026-07-22 07:00:54.793322,2026-07-22 07:04:44.943057,0 days 00:03:50.149735,10,1.6,64.0,30.0,5,0.30000000000000004,0.001,11,3.0,5,0.0,-77.76217631174406,-49.53330358219575,-20.098999168548136,28.777523146254605,0.0,8.12987356100022,404.0,COMPLETE
511,28.777523146254605,2026-07-22 07:01:05.081692,2026-07-22 07:04:54.814359,0 days 00:03:49.732667,10,1.6,64.0,30.0,5,0.30000000000000004,0.001,11,3.0,5,0.0,-77.76217631174406,-49.53330358219575,-20.098999168548136,28.777523146254605,0.0,8.12987356100022,404.0,COMPLETE
512,25.154966530261785,2026-07-22 07:02:34.657115,2026-07-22 07:06:17.820608,0 days 00:03:43.163493,10,1.6,64.0,30.0,5,0.0,0.001,11,3.0,5,0.0,-62.648935717765426,-60.427672423811245,-15.553796235670616,25.154966530261785,0.0,-13.33253294171649,362.0,COMPLETE
513,25.154966530261785,2026-07-22 07:02:44.573628,2026-07-22 07:06:31.067834,0 days 00:03:46.494206,10,1.6,64.0,30.0,5,0.0,0.001,11,3.0,5,0.0,-62.648935717765426,-60.427672423811245,-15.553796235670616,25.154966530261785,0.0,-13.33253294171649,362.0,COMPLETE
514,21.414922900660734,2026-07-22 07:03:48.850193,2026-07-22 07:07:33.297427,0 days 00:03:44.447234,11,1.6,64.0,30.0,11,0.0,0.001,11,3.0,5,0.0,-49.25049238858327,-59.92279472518965,-6.000896316559806,21.414922900660734,0.0,-16.673198653166214,308.0,COMPLETE
515,19.168202600595894,2026-07-22 07:04:13.707522,2026-07-22 07:07:57.658847,0 days 00:03:43.951325,11,1.6,64.0,30.0,13,0.0,0.001,11,3.0,5,0.0,-56.91541575224337,-56.0231458995477,-22.522739723748092,19.168202600595894,0.0,-21.630469871052437,286.0,COMPLETE
516,23.858391885864997,2026-07-22 07:04:22.368804,2026-07-22 07:08:05.245414,0 days 00:03:42.876610,11,1.6,64.0,29.0,5,0.0,0.001,11,2.1,5,0.0,-77.10603531773502,-63.7545793241271,-26.440138101602273,23.858391885864997,0.0,-13.08868210799439,353.0,COMPLETE
517,23.85244687177923,2026-07-22 07:04:31.031558,2026-07-22 07:08:20.254536,0 days 00:03:49.222978,11,1.6,64.0,29.0,5,0.0,0.001,13,3.0,5,0.0,-77.10603531773502,-63.7545793241271,-26.61177517239293,23.85244687177923,0.0,-13.260319178785053,353.0,COMPLETE
518,23.85244687177923,2026-07-22 07:04:39.930636,2026-07-22 07:08:27.639801,0 days 00:03:47.709165,11,1.6,63.0,29.0,5,0.0,0.001,13,3.0,5,0.0,-77.10603531773502,-63.7545793241271,-26.61177517239293,23.85244687177923,0.0,-13.260319178785053,353.0,COMPLETE
519,23.85244687177923,2026-07-22 07:04:42.444106,2026-07-22 07:08:31.132563,0 days 00:03:48.688457,11,1.6,63.0,29.0,5,0.0,0.001,13,3.0,5,0.0,-77.10603531773502,-63.7545793241271,-26.61177517239293,23.85244687177923,0.0,-13.260319178785053,353.0,COMPLETE
520,23.85244687177923,2026-07-22 07:04:45.002700,2026-07-22 07:08:33.198337,0 days 00:03:48.195637,11,1.6,63.0,29.0,5,0.0,0.001,13,2.1,5,0.0,-77.10603531773502,-63.7545793241271,-26.61177517239293,23.85244687177923,0.0,-13.260319178785053,353.0,COMPLETE
521,23.85244687177923,2026-07-22 07:04:54.870334,2026-07-22 07:08:44.984271,0 days 00:03:50.113937,11,1.6,63.0,29.0,5,0.0,0.001,13,2.1,5,0.0,-77.10603531773502,-63.7545793241271,-26.61177517239293,23.85244687177923,0.0,-13.260319178785053,353.0,COMPLETE
522,25.887422965934864,2026-07-22 07:06:17.880316,2026-07-22 07:10:01.130280,0 days 00:03:43.249964,11,1.5,63.0,29.0,5,0.0,0.001,13,2.1,5,0.0,-64.9857014097969,-54.145356022534955,-21.999759315788275,25.887422965934864,0.0,-11.159413928526336,372.0,COMPLETE
523,29.65171831025377,2026-07-22 07:06:31.121494,2026-07-22 07:10:21.736336,0 days 00:03:50.614842,11,1.5,63.0,29.0,5,0.2,0.001,13,2.1,5,0.0,-96.95191439581161,-57.78446820577363,-40.937899540958384,29.65171831025377,0.0,-1.77045335092043,430.0,COMPLETE
524,29.65171831025377,2026-07-22 07:07:33.363182,2026-07-22 07:11:26.243156,0 days 00:03:52.879974,11,1.5,63.0,29.0,5,0.2,0.001,13,2.1,5,0.0,-96.95191439581161,-57.78446820577363,-40.937899540958384,29.65171831025377,0.0,-1.77045335092043,430.0,COMPLETE
525,29.65171831025377,2026-07-22 07:07:57.720595,2026-07-22 07:11:51.200482,0 days 00:03:53.479887,11,1.5,63.0,29.0,5,0.2,0.001,13,2.1,5,0.0,-96.95191439581161,-57.78446820577363,-40.937899540958384,29.65171831025377,0.0,-1.77045335092043,430.0,COMPLETE
526,29.65171831025377,2026-07-22 07:08:05.311484,2026-07-22 07:11:53.767391,0 days 00:03:48.455907,11,1.5,63.0,29.0,5,0.2,0.001,13,2.2,5,0.0,-96.95191439581161,-57.78446820577363,-40.937899540958384,29.65171831025377,0.0,-1.77045335092043,430.0,COMPLETE
527,29.65171831025377,2026-07-22 07:08:20.313615,2026-07-22 07:12:16.656564,0 days 00:03:56.342949,11,1.5,63.0,29.0,5,0.2,0.001,13,2.2,5,0.0,-96.95191439581161,-57.78446820577363,-40.937899540958384,29.65171831025377,0.0,-1.77045335092043,430.0,COMPLETE
528,29.65171831025377,2026-07-22 07:08:27.700784,2026-07-22 07:12:22.597630,0 days 00:03:54.896846,11,1.5,63.0,29.0,5,0.2,0.001,13,2.2,5,0.0,-96.95191439581161,-57.78446820577363,-40.937899540958384,29.65171831025377,0.0,-1.77045335092043,430.0,COMPLETE
529,29.5595909532104,2026-07-22 07:08:31.183913,2026-07-22 07:12:25.028728,0 days 00:03:53.844815,11,1.5,63.0,29.0,5,0.2,0.001,14,2.2,5,0.0,-96.95191439581161,-57.78446820577363,-41.66059739341159,29.5595909532104,0.0,-2.493151203373639,429.0,COMPLETE
530,12.078151900020316,2026-07-22 07:08:33.242871,2026-07-22 07:12:11.695769,0 days 00:03:38.452898,12,2.9000000000000004,61.0,29.0,5,0.2,0.001,12,2.2,5,0.0,0.0,-10.864013038251596,-10.756477033758033,12.078151900020316,0.0,-21.62049007200962,173.0,COMPLETE
531,29.987066940443732,2026-07-22 07:08:45.041492,2026-07-22 07:12:37.297918,0 days 00:03:52.256426,10,1.5,61.0,29.0,5,0.2,0.001,12,2.2,5,0.0,-110.57143138370157,-65.96925911744216,-35.114239353122116,29.987066940443732,0.0,9.487932913137241,435.0,COMPLETE
532,29.987066940443732,2026-07-22 07:10:01.180791,2026-07-22 07:13:45.599808,0 days 00:03:44.419017,10,1.5,63.0,29.0,5,0.2,0.001,12,3.0,5,0.0,-110.57143138370157,-65.96925911744216,-35.114239353122116,29.987066940443732,0.0,9.487932913137241,435.0,COMPLETE
533,15.73168104333629,2026-07-22 07:10:21.792821,2026-07-22 07:14:00.174048,0 days 00:03:38.381227,10,2.2,61.0,21.0,5,0.2,0.001,12,2.2,5,0.0,-42.9398712508572,-23.326857993048417,-29.420527622604066,15.73168104333629,0.0,-9.807514364795292,231.0,COMPLETE
534,29.864166329192702,2026-07-22 07:11:26.296991,2026-07-22 07:15:20.090208,0 days 00:03:53.793217,10,1.5,61.0,30.0,5,0.2,0.001,12,2.2,5,0.0,-108.7281369454991,-67.20682124314635,-32.82370865152069,29.864166329192702,0.0,8.69760705083204,433.0,COMPLETE
535,29.518634554845796,2026-07-22 07:11:51.247923,2026-07-22 07:15:43.221387,0 days 00:03:51.973464,10,1.5,61.0,30.0,5,0.2,0.001,12,2.2,6,0.0,-100.50347374846316,-68.48604348126652,-26.549698742521503,29.518634554845796,0.0,5.467731524675159,426.0,COMPLETE
536,28.91668515567885,2026-07-22 07:11:53.818308,2026-07-22 07:15:40.577278,0 days 00:03:46.758970,10,1.5,61.0,30.0,6,0.2,0.001,12,3.0,6,0.0,-99.6669401549802,-62.753242463446384,-31.56549770735699,28.91668515567885,0.0,5.348199984176794,418.0,COMPLETE
537,24.607034468094916,2026-07-22 07:12:11.767782,2026-07-22 07:16:02.578628,0 days 00:03:50.810846,10,1.5,62.0,30.0,6,0.1,0.001,12,3.0,18,0.0,-99.31433549663497,-70.85653833923574,-29.42503850445332,24.607034468094916,0.0,-0.9672413470540933,368.0,COMPLETE
538,25.96092331014327,2026-07-22 07:12:16.714187,2026-07-22 07:16:07.926263,0 days 00:03:51.212076,10,1.5,61.0,30.0,6,0.1,0.002,12,3.0,6,0.0,-90.57111740562063,-51.94678127606865,-38.34096379765297,25.96092331014327,0.0,0.2833723318989736,380.0,COMPLETE
539,18.507470831645897,2026-07-22 07:12:22.654115,2026-07-22 07:16:08.972008,0 days 00:03:46.317893,10,1.5,62.0,30.0,6,1.8,0.002,12,3.0,6,0.0,-49.685368880566116,-47.53060846256612,-20.525197607956912,18.507470831645897,0.0,-18.370437189956974,276.0,COMPLETE
540,25.987866408551664,2026-07-22 07:12:25.087923,2026-07-22 07:16:15.672356,0 days 00:03:50.584433,10,1.5,62.0,30.0,6,0.1,0.002,12,3.0,6,0.0,-87.88247189842745,-51.94678127606865,-35.652318290459796,25.987866408551664,0.0,0.2833723318989736,379.0,COMPLETE
541,26.477777739428696,2026-07-22 07:12:37.358461,2026-07-22 07:16:28.090352,0 days 00:03:50.731891,10,1.5,61.0,30.0,6,0.2,0.002,12,2.2,5,0.0,-88.67576714399426,-50.70911873511077,-33.683943388106826,26.477777739428696,0.0,4.282705020776602,384.0,COMPLETE
542,26.50496210607317,2026-07-22 07:13:45.653659,2026-07-22 07:17:28.665480,0 days 00:03:43.011821,10,1.5,62.0,30.0,6,0.2,0.002,12,2.2,5,0.0,-85.98712163680109,-50.70911873511077,-30.99529788091364,26.50496210607317,0.0,4.282705020776602,383.0,COMPLETE
543,26.564673451888527,2026-07-22 07:14:00.230557,2026-07-22 07:17:49.954792,0 days 00:03:49.724235,10,1.5,60.0,30.0,6,0.2,0.002,12,3.0,5,0.0,-88.52405251742108,-50.485923173658726,-33.755424322985675,26.564673451888527,0.0,4.282705020776602,385.0,COMPLETE
544,26.37934993290797,2026-07-22 07:15:20.148312,2026-07-22 07:19:08.350267,0 days 00:03:48.201955,10,1.5,61.0,30.0,6,0.2,0.002,14,3.0,5,0.0,-88.67576714399426,-50.70911873511077,-34.406641240560035,26.37934993290797,0.0,3.5600071683233967,383.0,COMPLETE
545,19.384685590627356,2026-07-22 07:15:40.623891,2026-07-22 07:19:21.270455,0 days 00:03:40.646564,10,1.5,61.0,30.0,6,1.8,0.002,12,2.9000000000000004,5,0.0,-48.08913819650098,-44.33461853475282,-15.068541257836609,19.384685590627356,0.0,-11.314021596088502,284.0,COMPLETE
546,23.418383452926033,2026-07-22 07:15:43.274573,2026-07-22 07:19:31.130671,0 days 00:03:47.856098,10,1.5,61.0,30.0,6,0.2,0.002,34,2.9000000000000004,5,0.0,-89.59393545021008,-60.75824691182406,-39.14544040855328,23.418383452926033,0.0,-10.309751870167268,352.0,COMPLETE
547,26.004179206724725,2026-07-22 07:16:02.639526,2026-07-22 07:19:49.522618,0 days 00:03:46.883092,10,1.5,62.0,29.0,6,0.2,0.002,14,3.0,5,0.0,-90.5667645109498,-51.236487279835615,-34.722749677398426,26.004179206724725,0.0,4.607527553715688,378.0,COMPLETE
548,25.9766756163983,2026-07-22 07:16:07.987548,2026-07-22 07:19:57.391677,0 days 00:03:49.404129,10,1.5,61.0,29.0,6,0.2,0.002,14,1.9,5,0.0,-93.255410018143,-51.236487279835615,-37.41139518459161,25.9766756163983,0.0,4.607527553715688,379.0,COMPLETE
549,27.249853937678957,2026-07-22 07:16:09.033712,2026-07-22 07:20:00.456413,0 days 00:03:51.422701,10,1.5,60.0,29.0,5,0.2,0.001,34,1.9,5,0.0,-101.7819240641048,-73.96485900889101,-32.970626552069646,27.249853937678957,0.0,-5.153561496855844,404.0,COMPLETE
550,29.94545815930773,2026-07-22 07:16:15.739180,2026-07-22 07:20:07.949960,0 days 00:03:52.210780,10,1.5,62.0,29.0,5,0.2,0.001,14,1.9,5,0.0,-111.08544488786794,-65.96925911744216,-36.35095070974171,29.94545815930773,0.0,8.765235060684033,435.0,COMPLETE
551,29.94545815930773,2026-07-22 07:16:28.139450,2026-07-22 07:20:21.377465,0 days 00:03:53.238015,10,1.5,61.0,29.0,5,0.2,0.001,14,2.9000000000000004,5,0.0,-111.08544488786794,-65.96925911744216,-36.35095070974171,29.94545815930773,0.0,8.765235060684033,435.0,COMPLETE
552,26.929641954241454,2026-07-22 07:17:28.715584,2026-07-22 07:21:14.421108,0 days 00:03:45.705524,12,1.5,60.0,29.0,5,0.2,0.001,36,2.9000000000000004,5,0.0,-111.89486404584032,-74.67305904670806,-40.77397985126548,26.929641954241454,0.0,-3.552174852133269,404.0,COMPLETE
553,26.63174816241302,2026-07-22 07:17:50.058379,2026-07-22 07:21:40.272010,0 days 00:03:50.213631,12,1.5,61.0,29.0,5,1.1,0.001,15,2.9000000000000004,5,0.0,-83.18628052578376,-67.68630190405031,-28.125869083059275,26.63174816241302,0.0,-12.625890461325893,392.0,COMPLETE
554,29.54083970544544,2026-07-22 07:19:08.407571,2026-07-22 07:23:02.370991,0 days 00:03:53.963420,12,1.5,63.0,29.0,5,0.30000000000000004,0.001,15,2.9000000000000004,5,0.0,-114.07523153631712,-77.66588002828138,-40.07328113075522,29.54083970544544,0.0,-3.6639296227195377,439.0,COMPLETE
555,29.54083970544544,2026-07-22 07:19:21.323705,2026-07-22 07:23:10.481683,0 days 00:03:49.157978,12,1.5,63.0,29.0,5,0.30000000000000004,0.001,15,1.9,5,0.0,-114.07523153631712,-77.66588002828138,-40.07328113075522,29.54083970544544,0.0,-3.6639296227195377,439.0,COMPLETE
556,29.62692778628984,2026-07-22 07:19:31.183366,2026-07-22 07:23:23.720860,0 days 00:03:52.537494,12,1.5,62.0,29.0,5,0.30000000000000004,0.001,15,1.9,5,0.0,-113.77796353704342,-77.66588002828138,-39.77601313148152,29.62692778628984,0.0,-3.6639296227195377,440.0,COMPLETE
557,29.5955124884683,2026-07-22 07:19:49.578030,2026-07-22 07:23:42.001826,0 days 00:03:52.423796,12,1.5,63.0,29.0,5,0.2,0.001,15,1.9,5,0.0,-114.6800249984503,-78.27067349041457,-40.07328113075522,29.5955124884683,0.0,-3.6639296227195377,440.0,COMPLETE
558,29.54083970544544,2026-07-22 07:19:57.440976,2026-07-22 07:23:52.823317,0 days 00:03:55.382341,12,1.5,63.0,29.0,5,0.30000000000000004,0.001,15,2.9000000000000004,5,0.0,-114.07523153631712,-77.66588002828138,-40.07328113075522,29.54083970544544,0.0,-3.6639296227195377,439.0,COMPLETE
559,29.54083970544544,2026-07-22 07:20:00.512828,2026-07-22 07:23:54.262489,0 days 00:03:53.749661,12,1.5,63.0,29.0,5,0.30000000000000004,0.001,15,2.9000000000000004,5,0.0,-114.07523153631712,-77.66588002828138,-40.07328113075522,29.54083970544544,0.0,-3.6639296227195377,439.0,COMPLETE
560,29.30028350162372,2026-07-22 07:20:08.005351,2026-07-22 07:24:01.893197,0 days 00:03:53.887846,12,1.5,62.0,28.0,5,0.30000000000000004,0.001,15,1.9,5,0.0,-118.13556174385293,-77.57407465803144,-43.924319018486656,29.30028350162372,0.0,-3.3628319326651903,438.0,COMPLETE
561,16.610028882612305,2026-07-22 07:20:21.445684,2026-07-22 07:24:03.398369,0 days 00:03:41.952685,12,1.5,60.0,28.0,5,0.30000000000000004,0.006,15,1.9,5,0.0,-10.605129327794213,-24.711732415856943,-19.816711947631607,16.610028882612305,0.0,-33.92331503569427,240.0,COMPLETE
562,29.62551365496116,2026-07-22 07:21:14.473896,2026-07-22 07:25:00.213583,0 days 00:03:45.739687,12,1.5,60.0,29.0,5,0.30000000000000004,0.001,15,1.9,5,0.0,-113.81172624896597,-77.69964274020393,-39.77601313148152,29.62551365496116,0.0,-3.6639296227195377,440.0,COMPLETE
563,27.165812881790444,2026-07-22 07:21:40.335382,2026-07-22 07:25:28.618772,0 days 00:03:48.283390,11,1.6,60.0,28.0,5,0.30000000000000004,0.001,14,1.9,5,0.0,-96.85082001644146,-64.39073109553857,-37.430639197556395,27.165812881790444,0.0,-4.970550276653515,400.0,COMPLETE
564,27.165812881790444,2026-07-22 07:23:02.434452,2026-07-22 07:26:51.596309,0 days 00:03:49.161857,11,1.6,60.0,28.0,5,0.30000000000000004,0.001,14,1.9,5,0.0,-96.85082001644146,-64.39073109553857,-37.430639197556395,27.165812881790444,0.0,-4.970550276653515,400.0,COMPLETE
565,21.361346358770128,2026-07-22 07:23:10.535894,2026-07-22 07:26:49.944664,0 days 00:03:39.408770,11,1.6,60.0,28.0,5,0.30000000000000004,0.004,14,1.8,5,0.0,-46.23281848880476,-37.88665757776281,-23.715861559355368,21.361346358770128,0.0,-15.369700648313472,307.0,COMPLETE
566,27.346235187781556,2026-07-22 07:23:23.792405,2026-07-22 07:27:12.925925,0 days 00:03:49.133520,11,1.6,62.0,28.0,5,0.1,0.001,14,1.9,5,0.0,-92.6702164043363,-59.72163255439929,-37.91913412659054,27.346235187781556,0.0,-4.970550276653515,400.0,COMPLETE
567,27.1009853219064,2026-07-22 07:23:42.058939,2026-07-22 07:27:32.173405,0 days 00:03:50.114466,11,1.6,62.0,28.0,5,0.1,0.001,14,1.8,6,0.0,-83.27259186990277,-59.66901047923369,-30.315629820462988,27.1009853219064,0.0,-6.7120484297938425,393.0,COMPLETE
568,27.1009853219064,2026-07-22 07:23:52.878171,2026-07-22 07:27:44.789239,0 days 00:03:51.911068,11,1.6,60.0,28.0,5,0.1,0.001,14,3.0,6,0.0,-83.27259186990277,-59.66901047923369,-30.315629820462988,27.1009853219064,0.0,-6.7120484297938425,393.0,COMPLETE
569,27.1009853219064,2026-07-22 07:23:54.351119,2026-07-22 07:27:44.605063,0 days 00:03:50.253944,11,1.6,60.0,28.0,5,0.1,0.001,14,1.8,6,0.0,-83.27259186990277,-59.66901047923369,-30.315629820462988,27.1009853219064,0.0,-6.7120484297938425,393.0,COMPLETE
570,24.796204707422643,2026-07-22 07:24:01.949253,2026-07-22 07:27:56.581696,0 days 00:03:54.632443,29,1.6,62.0,28.0,5,0.1,0.001,14,1.8,6,0.0,-147.44012204165952,-107.17012475305945,-51.406289754173216,24.796204707422643,0.0,-11.136292465573062,399.0,COMPLETE
571,27.1009853219064,2026-07-22 07:24:03.454281,2026-07-22 07:27:53.106027,0 days 00:03:49.651746,11,1.6,60.0,28.0,5,0.1,0.001,14,1.8,6,0.0,-83.27259186990277,-59.66901047923369,-30.315629820462988,27.1009853219064,0.0,-6.7120484297938425,393.0,COMPLETE
572,27.1009853219064,2026-07-22 07:25:00.265637,2026-07-22 07:28:41.704583,0 days 00:03:41.438946,11,1.6,61.0,28.0,5,0.1,0.001,14,3.0,6,0.0,-83.27259186990277,-59.66901047923369,-30.315629820462988,27.1009853219064,0.0,-6.7120484297938425,393.0,COMPLETE
