number,value,datetime_start,datetime_complete,duration,params_MAX_POSITION_PCT,params_MAX_RISK_PCT,params_MR_MIN_RR,params_MR_STOP_MULT,params_RISK_TIER_EQUITY_PCT,params_TP_MIN_RR,params_TP_STOP_MULT,user_attrs_BTC_PnL,user_attrs_MB_PnL,user_attrs_MR_PnL,user_attrs_QQQ_PnL,user_attrs_SPY_PnL,user_attrs_Score,user_attrs_TF_PnL,user_attrs_TP_PnL,user_attrs_Total_Trades,state
378,-4.401864271628214,2026-06-19 04:24:37.753672,2026-06-19 04:27:19.891172,0 days 00:02:42.137500,1.0,0.02,1.0,2.8,0.05,1.9,2.3,-42.866721052689634,-42.866721052689634,124.80316200709275,118.73787809238539,186.85999911559298,-4.401864271628214,0.0,180.79471520088566,72.0,COMPLETE
379,-11.332163138263358,2026-06-19 04:25:23.474180,2026-06-19 04:28:06.177520,0 days 00:02:42.703340,1.0,0.02,1.0,2.8,0.05,1.9,2.4000000000000004,-42.866721052689634,-42.866721052689634,124.80316200709275,80.20782702973187,184.65712398768744,-11.332163138263358,0.0,140.06178901032658,59.0,COMPLETE
380,-11.332163138263358,2026-06-19 04:25:44.690416,2026-06-19 04:28:27.134923,0 days 00:02:42.444507,1.0,0.02,1.0,2.8,0.05,1.9,2.4000000000000004,-42.866721052689634,-42.866721052689634,124.80316200709275,80.20782702973187,184.65712398768744,-11.332163138263358,0.0,140.06178901032658,59.0,COMPLETE
381,-11.332163138263358,2026-06-19 04:26:08.723661,2026-06-19 04:28:52.600490,0 days 00:02:43.876829,1.0,0.02,1.0,2.8,0.05,1.9,2.4000000000000004,-42.866721052689634,-42.866721052689634,124.80316200709275,80.20782702973187,184.65712398768744,-11.332163138263358,0.0,140.06178901032658,59.0,COMPLETE
382,-11.332163138263358,2026-06-19 04:26:11.305664,2026-06-19 04:28:55.127929,0 days 00:02:43.822265,1.0,0.03,1.0,2.8,0.05,1.9,2.4000000000000004,-42.866721052689634,-42.866721052689634,124.80316200709275,80.20782702973187,184.65712398768744,-11.332163138263358,0.0,140.06178901032658,59.0,COMPLETE
383,-11.332163138263358,2026-06-19 04:26:20.724196,2026-06-19 04:29:04.587815,0 days 00:02:43.863619,1.0,0.01,1.0,2.8,0.05,1.9,2.4000000000000004,-42.866721052689634,-42.866721052689634,124.80316200709275,80.20782702973187,184.65712398768744,-11.332163138263358,0.0,140.06178901032658,59.0,COMPLETE
384,-11.332163138263358,2026-06-19 04:26:36.419153,2026-06-19 04:29:18.782062,0 days 00:02:42.362909,1.0,0.01,1.0,2.8,0.05,1.9,2.4000000000000004,-42.866721052689634,-42.866721052689634,124.80316200709275,80.20782702973187,184.65712398768744,-11.332163138263358,0.0,140.06178901032658,59.0,COMPLETE
385,-11.332163138263358,2026-06-19 04:26:36.445878,2026-06-19 04:29:18.418047,0 days 00:02:41.972169,1.0,0.02,1.0,2.8,0.05,1.9,2.4000000000000004,-42.866721052689634,-42.866721052689634,124.80316200709275,80.20782702973187,184.65712398768744,-11.332163138263358,0.0,140.06178901032658,59.0,COMPLETE
386,-4.31241598525185,2026-06-19 04:27:19.930381,2026-06-19 04:30:02.163724,0 days 00:02:42.233343,1.0,0.01,1.0,2.8,0.05,1.8,2.4000000000000004,-42.866721052689634,-42.866721052689634,124.80316200709275,124.63399825215936,186.2186977257592,-4.31241598525185,0.0,186.04953397082582,73.0,COMPLETE
387,-4.31241598525185,2026-06-19 04:28:06.220343,2026-06-19 04:30:48.778777,0 days 00:02:42.558434,1.0,0.01,1.0,2.8,0.05,1.8,2.4000000000000004,-42.866721052689634,-42.866721052689634,124.80316200709275,124.63399825215936,186.2186977257592,-4.31241598525185,0.0,186.04953397082582,73.0,COMPLETE
388,-4.31241598525185,2026-06-19 04:28:27.177676,2026-06-19 04:31:08.999877,0 days 00:02:41.822201,1.0,0.01,1.0,2.8,0.03,1.8,2.4000000000000004,-42.866721052689634,-42.866721052689634,124.80316200709275,124.63399825215936,186.2186977257592,-4.31241598525185,0.0,186.04953397082582,73.0,COMPLETE
389,-4.31241598525185,2026-06-19 04:28:52.640658,2026-06-19 04:31:35.098349,0 days 00:02:42.457691,1.0,0.01,1.0,2.8,0.05,1.8,2.4000000000000004,-42.866721052689634,-42.866721052689634,124.80316200709275,124.63399825215936,186.2186977257592,-4.31241598525185,0.0,186.04953397082582,73.0,COMPLETE
390,-1310.0,2026-06-19 04:28:55.170146,2026-06-19 04:31:37.313051,0 days 00:02:42.142905,1.0,0.01,0.5,2.8,0.05,1.8,1.1,-42.866721052689634,-42.866721052689634,-292.16534666216944,-125.05805845543443,-153.3826813313839,-1310.0,0.0,13.724606875351114,19.0,COMPLETE
391,-4.31241598525185,2026-06-19 04:29:04.629313,2026-06-19 04:31:47.951671,0 days 00:02:43.322358,1.0,0.01,1.0,2.8,0.05,1.8,2.4000000000000004,-42.866721052689634,-42.866721052689634,124.80316200709275,124.63399825215936,186.2186977257592,-4.31241598525185,0.0,186.04953397082582,73.0,COMPLETE
392,-4.31241598525185,2026-06-19 04:29:18.449438,2026-06-19 04:31:58.543529,0 days 00:02:40.094091,1.0,0.01,1.0,2.8,0.05,1.8,2.4000000000000004,-42.866721052689634,-42.866721052689634,124.80316200709275,124.63399825215936,186.2186977257592,-4.31241598525185,0.0,186.04953397082582,73.0,COMPLETE
393,-1330.0,2026-06-19 04:29:18.815386,2026-06-19 04:31:58.737198,0 days 00:02:39.921812,1.0,0.02,1.0,2.8,0.05,1.8,2.3,-42.866721052689634,-42.866721052689634,124.80316200709275,-44.74027903241823,172.5212981154486,-1330.0,0.0,2.97785707593762,17.0,COMPLETE
394,-4.382948542688357,2026-06-19 04:30:02.194609,2026-06-19 04:32:43.875799,0 days 00:02:41.681190,1.0,0.01,1.0,2.7,0.01,1.8,2.4000000000000004,-42.866721052689634,-42.866721052689634,113.72741004106172,140.16018724999836,159.61675676188915,-4.382948542688357,0.0,186.04953397082582,74.0,COMPLETE
395,-4.382948542688357,2026-06-19 04:30:48.819484,2026-06-19 04:33:31.195178,0 days 00:02:42.375694,1.0,0.01,1.0,2.7,0.05,1.8,2.4000000000000004,-42.866721052689634,-42.866721052689634,113.72741004106172,140.16018724999836,159.61675676188915,-4.382948542688357,0.0,186.04953397082582,74.0,COMPLETE
396,-4.382948542688357,2026-06-19 04:31:09.040384,2026-06-19 04:33:51.444656,0 days 00:02:42.404272,1.0,0.01,1.0,2.7,0.03,1.8,2.4000000000000004,-42.866721052689634,-42.866721052689634,113.72741004106172,140.16018724999836,159.61675676188915,-4.382948542688357,0.0,186.04953397082582,74.0,COMPLETE
397,-4.382948542688357,2026-06-19 04:31:35.141971,2026-06-19 04:34:19.703385,0 days 00:02:44.561414,1.0,0.01,1.0,2.7,0.03,1.8,2.4000000000000004,-42.866721052689634,-42.866721052689634,113.72741004106172,140.16018724999836,159.61675676188915,-4.382948542688357,0.0,186.04953397082582,74.0,COMPLETE
398,-4.382948542688357,2026-06-19 04:31:37.350283,2026-06-19 04:34:22.499474,0 days 00:02:45.149191,1.0,0.01,1.0,2.7,0.03,1.8,2.4000000000000004,-42.866721052689634,-42.866721052689634,113.72741004106172,140.16018724999836,159.61675676188915,-4.382948542688357,0.0,186.04953397082582,74.0,COMPLETE
399,-11.42713394975664,2026-06-19 04:31:47.984598,2026-06-19 04:34:33.122704,0 days 00:02:45.138106,1.0,0.01,1.0,2.7,0.04,1.8,2.5,-42.866721052689634,-42.866721052689634,113.72741004106172,95.18331752743777,158.05518302381742,-11.42713394975664,0.0,139.51109051019347,60.0,COMPLETE
400,-11.42713394975664,2026-06-19 04:31:58.637017,2026-06-19 04:34:42.541444,0 days 00:02:43.904427,1.0,0.01,1.0,2.7,0.05,1.8,2.5,-42.866721052689634,-42.866721052689634,113.72741004106172,95.18331752743777,158.05518302381742,-11.42713394975664,0.0,139.51109051019347,60.0,COMPLETE
401,-11.42713394975664,2026-06-19 04:31:58.779680,2026-06-19 04:34:41.985079,0 days 00:02:43.205399,1.0,0.01,1.0,2.7,0.01,1.8,2.5,-42.866721052689634,-42.866721052689634,113.72741004106172,95.18331752743777,158.05518302381742,-11.42713394975664,0.0,139.51109051019347,60.0,COMPLETE
402,-11.42713394975664,2026-06-19 04:32:43.909583,2026-06-19 04:35:30.694987,0 days 00:02:46.785404,1.0,0.01,1.0,2.7,0.03,1.8,2.5,-42.866721052689634,-42.866721052689634,113.72741004106172,95.18331752743777,158.05518302381742,-11.42713394975664,0.0,139.51109051019347,60.0,COMPLETE
403,-11.42713394975664,2026-06-19 04:33:31.237074,2026-06-19 04:36:21.055483,0 days 00:02:49.818409,1.0,0.01,1.0,2.7,0.01,1.8,2.5,-42.866721052689634,-42.866721052689634,113.72741004106172,95.18331752743777,158.05518302381742,-11.42713394975664,0.0,139.51109051019347,60.0,COMPLETE
404,-11.42713394975664,2026-06-19 04:33:51.479049,2026-06-19 04:36:40.240856,0 days 00:02:48.761807,1.0,0.01,1.0,2.7,0.03,1.8,2.5,-42.866721052689634,-42.866721052689634,113.72741004106172,95.18331752743777,158.05518302381742,-11.42713394975664,0.0,139.51109051019347,60.0,COMPLETE
405,-11.218003484726484,2026-06-19 04:34:19.741059,2026-06-19 04:37:09.717225,0 days 00:02:49.976166,1.0,0.01,1.0,2.6,0.03,1.8,2.5,-42.866721052689634,-42.866721052689634,118.45451740108685,95.18331752743777,162.78229038384256,-11.218003484726484,0.0,139.51109051019347,60.0,COMPLETE
406,-11.218003484726484,2026-06-19 04:34:22.542939,2026-06-19 04:37:13.414049,0 days 00:02:50.871110,1.0,0.01,1.0,2.6,0.03,1.8,2.5,-42.866721052689634,-42.866721052689634,118.45451740108685,95.18331752743777,162.78229038384256,-11.218003484726484,0.0,139.51109051019347,60.0,COMPLETE
407,-11.218003484726484,2026-06-19 04:34:33.168488,2026-06-19 04:37:23.663131,0 days 00:02:50.494643,1.0,0.01,1.0,2.6,0.03,1.8,2.5,-42.866721052689634,-42.866721052689634,118.45451740108685,95.18331752743777,162.78229038384256,-11.218003484726484,0.0,139.51109051019347,60.0,COMPLETE
408,-11.42713394975664,2026-06-19 04:34:42.018712,2026-06-19 04:37:31.588978,0 days 00:02:49.570266,1.0,0.01,1.0,2.7,0.03,1.8,2.5,-42.866721052689634,-42.866721052689634,113.72741004106172,95.18331752743777,158.05518302381742,-11.42713394975664,0.0,139.51109051019347,60.0,COMPLETE
409,-4.178833321382567,2026-06-19 04:34:42.588697,2026-06-19 04:37:30.921114,0 days 00:02:48.332417,1.0,0.01,1.0,2.6,0.03,1.8,2.4000000000000004,-42.866721052689634,-42.866721052689634,118.45451740108685,140.16018724999836,164.34386412191432,-4.178833321382567,0.0,186.04953397082582,74.0,COMPLETE
410,-4.178833321382567,2026-06-19 04:35:30.731731,2026-06-19 04:38:23.602576,0 days 00:02:52.870845,1.0,0.01,1.0,2.6,0.02,1.8,2.4000000000000004,-42.866721052689634,-42.866721052689634,118.45451740108685,140.16018724999836,164.34386412191432,-4.178833321382567,0.0,186.04953397082582,74.0,COMPLETE
411,-4.178833321382567,2026-06-19 04:36:21.095347,2026-06-19 04:39:13.820864,0 days 00:02:52.725517,1.0,0.01,1.0,2.6,0.03,1.8,2.4000000000000004,-42.866721052689634,-42.866721052689634,118.45451740108685,140.16018724999836,164.34386412191432,-4.178833321382567,0.0,186.04953397082582,74.0,COMPLETE
412,-4.178833321382567,2026-06-19 04:36:40.278739,2026-06-19 04:39:33.846839,0 days 00:02:53.568100,1.0,0.01,1.0,2.6,0.03,1.8,2.4000000000000004,-42.866721052689634,-42.866721052689634,118.45451740108685,140.16018724999836,164.34386412191432,-4.178833321382567,0.0,186.04953397082582,74.0,COMPLETE
413,-4.178833321382567,2026-06-19 04:37:09.760930,2026-06-19 04:40:06.386758,0 days 00:02:56.625828,1.0,0.01,1.0,2.6,0.03,1.8,2.4000000000000004,-42.866721052689634,-42.866721052689634,118.45451740108685,140.16018724999836,164.34386412191432,-4.178833321382567,0.0,186.04953397082582,74.0,COMPLETE
414,-4.178833321382567,2026-06-19 04:37:13.457381,2026-06-19 04:40:09.926185,0 days 00:02:56.468804,1.0,0.01,1.0,2.6,0.03,1.8,2.4000000000000004,-42.866721052689634,-42.866721052689634,118.45451740108685,140.16018724999836,164.34386412191432,-4.178833321382567,0.0,186.04953397082582,74.0,COMPLETE
415,-4.178833321382567,2026-06-19 04:37:23.706318,2026-06-19 04:40:21.256675,0 days 00:02:57.550357,1.0,0.01,1.0,2.6,0.02,1.8,2.4000000000000004,-42.866721052689634,-42.866721052689634,118.45451740108685,140.16018724999836,164.34386412191432,-4.178833321382567,0.0,186.04953397082582,74.0,COMPLETE
416,-4.178833321382567,2026-06-19 04:37:30.962451,2026-06-19 04:40:26.613591,0 days 00:02:55.651140,1.0,0.01,1.0,2.6,0.03,1.8,2.4000000000000004,-42.866721052689634,-42.866721052689634,118.45451740108685,140.16018724999836,164.34386412191432,-4.178833321382567,0.0,186.04953397082582,74.0,COMPLETE
417,-4.178833321382567,2026-06-19 04:37:31.633253,2026-06-19 04:40:26.819311,0 days 00:02:55.186058,1.0,0.01,1.0,2.6,0.02,1.8,2.4000000000000004,-42.866721052689634,-42.866721052689634,118.45451740108685,140.16018724999836,164.34386412191432,-4.178833321382567,0.0,186.04953397082582,74.0,COMPLETE
418,-8.526145595442879,2026-06-19 04:38:23.649816,2026-06-19 04:41:17.574679,0 days 00:02:53.924863,1.0,0.01,1.0,2.5,0.03,1.8,2.4000000000000004,-42.866721052689634,-42.866721052689634,-157.77892744794207,70.28111518669067,-42.010508663807016,-8.526145595442879,0.0,186.04953397082582,72.0,COMPLETE
419,-4.178833321382567,2026-06-19 04:39:13.860400,2026-06-19 04:42:04.609410,0 days 00:02:50.749010,1.0,0.01,1.0,2.6,0.02,1.8,2.4000000000000004,-42.866721052689634,-42.866721052689634,118.45451740108685,140.16018724999836,164.34386412191432,-4.178833321382567,0.0,186.04953397082582,74.0,COMPLETE
420,-4.178833321382567,2026-06-19 04:39:33.884735,2026-06-19 04:42:23.042117,0 days 00:02:49.157382,1.0,0.01,1.0,2.6,0.02,1.8,2.4000000000000004,-42.866721052689634,-42.866721052689634,118.45451740108685,140.16018724999836,164.34386412191432,-4.178833321382567,0.0,186.04953397082582,74.0,COMPLETE
421,-8.526145595442879,2026-06-19 04:40:06.424190,2026-06-19 04:42:53.262589,0 days 00:02:46.838399,1.0,0.01,1.0,2.5,0.03,1.8,2.4000000000000004,-42.866721052689634,-42.866721052689634,-157.77892744794207,70.28111518669067,-42.010508663807016,-8.526145595442879,0.0,186.04953397082582,72.0,COMPLETE
422,-8.526145595442879,2026-06-19 04:40:09.957496,2026-06-19 04:42:56.035657,0 days 00:02:46.078161,1.0,0.01,1.0,2.5,0.03,1.8,2.4000000000000004,-42.866721052689634,-42.866721052689634,-157.77892744794207,70.28111518669067,-42.010508663807016,-8.526145595442879,0.0,186.04953397082582,72.0,COMPLETE
423,-8.526145595442879,2026-06-19 04:40:21.301574,2026-06-19 04:43:07.229369,0 days 00:02:45.927795,1.0,0.01,1.0,2.5,0.02,1.8,2.4000000000000004,-42.866721052689634,-42.866721052689634,-157.77892744794207,70.28111518669067,-42.010508663807016,-8.526145595442879,0.0,186.04953397082582,72.0,COMPLETE
424,-8.526145595442879,2026-06-19 04:40:26.644328,2026-06-19 04:43:09.122434,0 days 00:02:42.478106,1.0,0.01,1.0,2.5,0.02,1.8,2.4000000000000004,-42.866721052689634,-42.866721052689634,-157.77892744794207,70.28111518669067,-42.010508663807016,-8.526145595442879,0.0,186.04953397082582,72.0,COMPLETE
425,-4.178833321382567,2026-06-19 04:40:26.855713,2026-06-19 04:43:08.828176,0 days 00:02:41.972463,1.0,0.01,1.0,2.6,0.02,1.8,2.4000000000000004,-42.866721052689634,-42.866721052689634,118.45451740108685,140.16018724999836,164.34386412191432,-4.178833321382567,0.0,186.04953397082582,74.0,COMPLETE
426,-8.526145595442879,2026-06-19 04:41:17.610047,2026-06-19 04:43:59.838380,0 days 00:02:42.228333,1.0,0.01,1.0,2.5,0.02,1.8,2.4000000000000004,-42.866721052689634,-42.866721052689634,-157.77892744794207,70.28111518669067,-42.010508663807016,-8.526145595442879,0.0,186.04953397082582,72.0,COMPLETE
427,-8.526145595442879,2026-06-19 04:42:04.641052,2026-06-19 04:44:47.422611,0 days 00:02:42.781559,1.0,0.01,1.0,2.5,0.02,1.8,2.4000000000000004,-42.866721052689634,-42.866721052689634,-157.77892744794207,70.28111518669067,-42.010508663807016,-8.526145595442879,0.0,186.04953397082582,72.0,COMPLETE
428,-1340.0,2026-06-19 04:42:23.072863,2026-06-19 04:45:05.604059,0 days 00:02:42.531196,1.0,0.01,1.0,2.5,0.02,1.7000000000000002,2.4000000000000004,-42.866721052689634,-42.866721052689634,-157.77892744794207,-99.09316209788688,-55.70790827411756,-1340.0,0.0,2.97785707593762,16.0,COMPLETE
429,-1320.0,2026-06-19 04:42:53.292279,2026-06-19 04:45:36.430500,0 days 00:02:43.138221,1.0,0.01,1.0,2.6,0.02,1.7000000000000002,2.4000000000000004,-42.866721052689634,-42.866721052689634,118.45451740108685,-29.214090034579236,150.6464645116037,-1320.0,0.0,2.97785707593762,18.0,COMPLETE
430,-1320.0,2026-06-19 04:42:56.065305,2026-06-19 04:45:39.398115,0 days 00:02:43.332810,1.0,0.01,1.0,2.6,0.02,1.8,1.0,-42.866721052689634,-42.866721052689634,118.45451740108685,-22.680038633297592,154.85916290973552,-1320.0,0.0,13.724606875351114,18.0,COMPLETE
431,-1320.0,2026-06-19 04:43:07.268100,2026-06-19 04:45:51.438613,0 days 00:02:44.170513,1.0,0.01,1.0,2.6,0.02,1.7000000000000002,2.4000000000000004,-42.866721052689634,-42.866721052689634,118.45451740108685,-29.214090034579236,150.6464645116037,-1320.0,0.0,2.97785707593762,18.0,COMPLETE
432,-1320.0,2026-06-19 04:43:08.860753,2026-06-19 04:45:48.379554,0 days 00:02:39.518801,1.0,0.01,1.0,2.6,0.02,1.7000000000000002,2.4000000000000004,-42.866721052689634,-42.866721052689634,118.45451740108685,-29.214090034579236,150.6464645116037,-1320.0,0.0,2.97785707593762,18.0,COMPLETE
433,-1320.0,2026-06-19 04:43:09.153194,2026-06-19 04:45:49.984426,0 days 00:02:40.831232,1.0,0.01,1.0,2.6,0.02,1.7000000000000002,2.4000000000000004,-42.866721052689634,-42.866721052689634,118.45451740108685,-29.214090034579236,150.6464645116037,-1320.0,0.0,2.97785707593762,18.0,COMPLETE
434,-1320.0,2026-06-19 04:43:59.877336,2026-06-19 04:46:40.143834,0 days 00:02:40.266498,1.0,0.01,1.0,2.6,0.02,1.7000000000000002,2.5,-42.866721052689634,-42.866721052689634,118.45451740108685,-29.214090034579236,150.6464645116037,-1320.0,0.0,2.97785707593762,18.0,COMPLETE
435,-1320.0,2026-06-19 04:44:47.455727,2026-06-19 04:47:30.047641,0 days 00:02:42.591914,1.0,0.01,1.0,2.6,0.02,1.7000000000000002,2.5,-42.866721052689634,-42.866721052689634,118.45451740108685,-29.214090034579236,150.6464645116037,-1320.0,0.0,2.97785707593762,18.0,COMPLETE
436,-11.218003484726484,2026-06-19 04:45:05.636792,2026-06-19 04:47:47.864596,0 days 00:02:42.227804,1.0,0.01,1.0,2.6,0.02,1.8,2.5,-42.866721052689634,-42.866721052689634,118.45451740108685,95.18331752743777,162.78229038384256,-11.218003484726484,0.0,139.51109051019347,60.0,COMPLETE
437,-11.218003484726484,2026-06-19 04:45:36.463780,2026-06-19 04:48:19.676097,0 days 00:02:43.212317,1.0,0.01,1.0,2.6,0.02,1.8,2.5,-42.866721052689634,-42.866721052689634,118.45451740108685,95.18331752743777,162.78229038384256,-11.218003484726484,0.0,139.51109051019347,60.0,COMPLETE
438,-11.218003484726484,2026-06-19 04:45:39.448402,2026-06-19 04:48:22.679462,0 days 00:02:43.231060,1.0,0.01,1.0,2.6,0.02,1.8,2.5,-42.866721052689634,-42.866721052689634,118.45451740108685,95.18331752743777,162.78229038384256,-11.218003484726484,0.0,139.51109051019347,60.0,COMPLETE
439,-11.218003484726484,2026-06-19 04:45:48.412027,2026-06-19 04:48:28.791792,0 days 00:02:40.379765,1.0,0.01,1.0,2.6,0.02,1.8,2.5,-42.866721052689634,-42.866721052689634,118.45451740108685,95.18331752743777,162.78229038384256,-11.218003484726484,0.0,139.51109051019347,60.0,COMPLETE
440,-11.218003484726484,2026-06-19 04:45:50.023627,2026-06-19 04:48:30.743960,0 days 00:02:40.720333,1.0,0.01,1.0,2.6,0.02,1.8,2.5,-42.866721052689634,-42.866721052689634,118.45451740108685,95.18331752743777,162.78229038384256,-11.218003484726484,0.0,139.51109051019347,60.0,COMPLETE
441,-11.218003484726484,2026-06-19 04:45:51.469522,2026-06-19 04:48:34.706771,0 days 00:02:43.237249,1.0,0.01,1.0,2.6,0.02,1.8,2.5,-42.866721052689634,-42.866721052689634,118.45451740108685,95.18331752743777,162.78229038384256,-11.218003484726484,0.0,139.51109051019347,60.0,COMPLETE
442,-11.218003484726484,2026-06-19 04:46:40.172722,2026-06-19 04:49:20.620067,0 days 00:02:40.447345,1.0,0.01,1.0,2.6,0.02,1.8,2.5,-42.866721052689634,-42.866721052689634,118.45451740108685,95.18331752743777,162.78229038384256,-11.218003484726484,0.0,139.51109051019347,60.0,COMPLETE
443,-1240.0,2026-06-19 04:47:30.086271,2026-06-19 04:50:12.434791,0 days 00:02:42.348520,0.5,0.01,1.0,2.6,0.03,1.8,2.5,-21.433360526344817,-21.433360526344817,59.22725870054342,14.173460571506393,77.90223192907587,-1240.0,0.0,32.84843380003885,26.0,COMPLETE
444,-1210.0,2026-06-19 04:47:47.894301,2026-06-19 04:50:30.781095,0 days 00:02:42.886794,0.5,0.01,1.0,2.6,0.03,1.8,2.4000000000000004,-21.433360526344817,-21.433360526344817,59.22725870054342,21.567287127912476,77.90223192907587,-1210.0,0.0,40.242260356444916,29.0,COMPLETE
445,-1210.0,2026-06-19 04:48:19.705927,2026-06-19 04:51:03.636029,0 days 00:02:43.930102,0.5,0.01,1.0,2.6,0.03,1.8,2.4000000000000004,-21.433360526344817,-21.433360526344817,59.22725870054342,21.567287127912476,77.90223192907587,-1210.0,0.0,40.242260356444916,29.0,COMPLETE
446,-1210.0,2026-06-19 04:48:22.717061,2026-06-19 04:51:06.469905,0 days 00:02:43.752844,0.5,0.01,1.0,2.6,0.03,1.8,2.4000000000000004,-21.433360526344817,-21.433360526344817,59.22725870054342,21.567287127912476,77.90223192907587,-1210.0,0.0,40.242260356444916,29.0,COMPLETE
447,-4.178833321382567,2026-06-19 04:48:28.819677,2026-06-19 04:51:10.079600,0 days 00:02:41.259923,1.0,0.01,1.0,2.6,0.03,1.8,2.4000000000000004,-42.866721052689634,-42.866721052689634,118.45451740108685,140.16018724999836,164.34386412191432,-4.178833321382567,0.0,186.04953397082582,74.0,COMPLETE
448,-1220.0,2026-06-19 04:48:30.772844,2026-06-19 04:51:11.490413,0 days 00:02:40.717569,0.5,0.01,0.9000000000000001,2.4000000000000004,0.03,1.8,2.4000000000000004,-21.433360526344817,-21.433360526344817,-70.72207514065315,-1.9659414786605964,-28.51387330554762,-1220.0,0.0,40.242260356444916,28.0,COMPLETE
449,-1220.0,2026-06-19 04:48:34.736125,2026-06-19 04:51:18.196703,0 days 00:02:43.460578,0.5,0.01,0.9000000000000001,2.4000000000000004,0.03,1.8,2.4000000000000004,-21.433360526344817,-21.433360526344817,-70.72207514065315,-1.9659414786605964,-28.51387330554762,-1220.0,0.0,40.242260356444916,28.0,COMPLETE
450,-1220.0,2026-06-19 04:49:20.648615,2026-06-19 04:52:02.133673,0 days 00:02:41.485058,0.5,0.01,0.9000000000000001,2.5,0.03,1.8,2.4000000000000004,-21.433360526344817,-21.433360526344817,-73.09174598992264,31.368383358730096,-64.2178689922078,-1220.0,0.0,40.242260356444916,28.0,COMPLETE
451,-8.526145595442879,2026-06-19 04:50:12.465617,2026-06-19 04:52:54.796696,0 days 00:02:42.331079,1.0,0.01,1.0,2.5,0.03,1.8,2.4000000000000004,-42.866721052689634,-42.866721052689634,-157.77892744794207,70.28111518669067,-42.010508663807016,-8.526145595442879,0.0,186.04953397082582,72.0,COMPLETE
