number,value,datetime_start,datetime_complete,duration,params_MAX_POSITION_PCT,params_MAX_RISK_PCT,params_MR_MIN_RR,params_MR_STOP_MULT,params_RISK_TIER_EQUITY_PCT,params_TP_MIN_RR,params_TP_STOP_MULT,user_attrs_BTC_PnL,user_attrs_MB_PnL,user_attrs_MR_PnL,user_attrs_QQQ_PnL,user_attrs_SPY_PnL,user_attrs_Score,user_attrs_TF_PnL,user_attrs_TP_PnL,user_attrs_Total_Trades,state
1063,-9.884405700169006,2026-06-19 08:16:58.609535,2026-06-19 08:19:41.660206,0 days 00:02:43.050671,1.0,0.06,1.0,2.9000000000000004,0.06,2.0,2.4000000000000004,-42.866721052689634,-42.866721052689634,240.7465147329338,82.06311590366874,279.3134163928834,-9.884405700169006,0.0,120.63001756361837,54.0,COMPLETE
1064,-9.884405700169006,2026-06-19 08:17:04.026025,2026-06-19 08:19:44.560454,0 days 00:02:40.534429,1.0,0.06,1.0,2.9000000000000004,0.06,2.0,2.4000000000000004,-42.866721052689634,-42.866721052689634,240.7465147329338,82.06311590366874,279.3134163928834,-9.884405700169006,0.0,120.63001756361837,54.0,COMPLETE
1065,-9.884405700169006,2026-06-19 08:17:48.020226,2026-06-19 08:20:28.927561,0 days 00:02:40.907335,1.0,0.06,1.0,2.9000000000000004,0.06,2.0,2.4000000000000004,-42.866721052689634,-42.866721052689634,240.7465147329338,82.06311590366874,279.3134163928834,-9.884405700169006,0.0,120.63001756361837,54.0,COMPLETE
1066,-9.402869379279629,2026-06-19 08:17:49.274211,2026-06-19 08:20:33.636214,0 days 00:02:44.362003,1.0,0.06,1.0,1.4,0.06,1.8,2.4000000000000004,-42.866721052689634,-42.866721052689634,-119.0003738285785,160.79615416159584,-93.74699401934859,-9.402869379279629,0.0,186.04953397082582,80.0,COMPLETE
1067,-1330.0,2026-06-19 08:18:32.008861,2026-06-19 08:21:14.473136,0 days 00:02:42.464275,1.0,0.06,1.0,2.9000000000000004,0.06,1.5,2.4000000000000004,-42.866721052689634,-42.866721052689634,240.7465147329338,-14.276948056768845,261.8574901844072,-1330.0,0.0,6.834027394704542,17.0,COMPLETE
1068,-2.4266312302903628,2026-06-19 08:18:53.333458,2026-06-19 08:21:36.348381,0 days 00:02:43.014923,1.0,0.06,1.0,2.9000000000000004,0.06,1.8,2.4000000000000004,-42.866721052689634,-42.866721052689634,240.7465147329338,151.24115890904184,275.5548897947177,-2.4266312302903628,0.0,186.04953397082582,73.0,COMPLETE
1069,-2.4266312302903628,2026-06-19 08:19:13.105669,2026-06-19 08:21:56.829503,0 days 00:02:43.723834,1.0,0.06,1.0,2.9000000000000004,0.06,1.8,2.4000000000000004,-42.866721052689634,-42.866721052689634,240.7465147329338,151.24115890904184,275.5548897947177,-2.4266312302903628,0.0,186.04953397082582,73.0,COMPLETE
1070,-15.675927964967652,2026-06-19 08:19:34.889497,2026-06-19 08:22:18.233608,0 days 00:02:43.344111,2.5,0.06,1.0,2.9000000000000004,0.06,1.8,2.4000000000000004,-41.95360943424255,-41.95360943424255,368.22676017438926,344.7351179398014,452.07931342787913,-15.675927964967652,0.0,428.58767119329116,73.0,COMPLETE
1071,-1320.0,2026-06-19 08:19:41.695344,2026-06-19 08:22:23.852341,0 days 00:02:42.156997,1.0,0.06,0.9000000000000001,3.0,0.06,1.8,2.2,-42.866721052689634,-42.866721052689634,152.85303788438142,-29.214090034579236,185.04498499489824,-1320.0,0.0,2.97785707593762,18.0,COMPLETE
1072,-1320.0,2026-06-19 08:19:44.593016,2026-06-19 08:22:26.584121,0 days 00:02:41.991105,1.0,0.04,0.9000000000000001,3.0,0.06,1.8,2.2,-42.866721052689634,-42.866721052689634,152.85303788438142,-29.214090034579236,185.04498499489824,-1320.0,0.0,2.97785707593762,18.0,COMPLETE
1073,-1320.0,2026-06-19 08:20:28.963913,2026-06-19 08:23:10.214135,0 days 00:02:41.250222,1.0,0.06,0.9000000000000001,3.0,0.06,1.8,2.2,-42.866721052689634,-42.866721052689634,152.85303788438142,-29.214090034579236,185.04498499489824,-1320.0,0.0,2.97785707593762,18.0,COMPLETE
1074,-1320.0,2026-06-19 08:20:33.675177,2026-06-19 08:23:17.233395,0 days 00:02:43.558218,1.0,0.04,0.9000000000000001,3.0,0.06,1.9,2.2,-42.866721052689634,-42.866721052689634,152.85303788438142,-29.214090034579236,185.04498499489824,-1320.0,0.0,2.97785707593762,18.0,COMPLETE
1075,-1320.0,2026-06-19 08:21:14.510114,2026-06-19 08:23:57.477554,0 days 00:02:42.967440,1.0,0.04,0.9000000000000001,3.0,0.06,1.9,1.2,-42.866721052689634,-42.866721052689634,152.85303788438142,-30.294248117648902,187.03129883921508,-1320.0,0.0,3.8840128371847773,18.0,COMPLETE
1076,-1320.0,2026-06-19 08:21:36.380495,2026-06-19 08:24:19.721670,0 days 00:02:43.341175,1.0,0.04,0.9000000000000001,3.0,0.06,1.9,2.2,-42.866721052689634,-42.866721052689634,152.85303788438142,-29.214090034579236,185.04498499489824,-1320.0,0.0,2.97785707593762,18.0,COMPLETE
1077,-1320.0,2026-06-19 08:21:56.941490,2026-06-19 08:24:39.664562,0 days 00:02:42.723072,0.5,0.04,0.9000000000000001,3.0,0.06,1.9,2.2,-21.433360526344817,-21.433360526344817,76.42651894219071,-14.607045017289618,92.52249249744912,-1320.0,0.0,1.48892853796881,18.0,COMPLETE
1078,-1320.0,2026-06-19 08:22:18.270569,2026-06-19 08:25:01.913203,0 days 00:02:43.642634,1.0,0.04,0.9000000000000001,3.0,0.06,1.9,2.2,-42.866721052689634,-42.866721052689634,152.85303788438142,-29.214090034579236,185.04498499489824,-1320.0,0.0,2.97785707593762,18.0,COMPLETE
1079,-1340.0,2026-06-19 08:22:23.883232,2026-06-19 08:25:06.835958,0 days 00:02:42.952726,0.5,0.06,1.0,3.0,0.06,1.9,2.2,-21.433360526344817,-21.433360526344817,127.70203192132749,-1.3034646888483863,130.49442514814464,-1340.0,0.0,1.48892853796881,16.0,COMPLETE
1080,-1340.0,2026-06-19 08:22:26.612360,2026-06-19 08:25:07.135800,0 days 00:02:40.523440,0.5,0.06,1.0,3.0,0.06,1.9,2.2,-21.433360526344817,-21.433360526344817,127.70203192132749,-1.3034646888483863,130.49442514814464,-1340.0,0.0,1.48892853796881,16.0,COMPLETE
1081,-1240.0,2026-06-19 08:23:10.245289,2026-06-19 08:25:50.478834,0 days 00:02:40.233545,0.5,0.04,1.0,3.0,0.06,1.9,2.3,-21.433360526344817,-21.433360526344817,127.70203192132749,31.647043443794768,133.07342482141868,-1240.0,0.0,37.01843634388598,26.0,COMPLETE
1082,-1240.0,2026-06-19 08:23:17.264227,2026-06-19 08:26:00.195411,0 days 00:02:42.931184,0.5,0.04,1.0,3.0,0.06,1.9,2.3,-21.433360526344817,-21.433360526344817,127.70203192132749,31.647043443794768,133.07342482141868,-1240.0,0.0,37.01843634388598,26.0,COMPLETE
1083,-1240.0,2026-06-19 08:23:57.509049,2026-06-19 08:26:40.288701,0 days 00:02:42.779652,0.5,0.02,1.0,3.0,0.06,1.9,2.3,-21.433360526344817,-21.433360526344817,127.70203192132749,31.647043443794768,133.07342482141868,-1240.0,0.0,37.01843634388598,26.0,COMPLETE
1084,-1240.0,2026-06-19 08:24:19.750033,2026-06-19 08:27:02.718189,0 days 00:02:42.968156,0.5,0.02,1.0,3.0,0.02,1.9,2.3,-21.433360526344817,-21.433360526344817,127.70203192132749,31.647043443794768,133.07342482141868,-1240.0,0.0,37.01843634388598,26.0,COMPLETE
1085,-2.4128463063772854,2026-06-19 08:24:39.693466,2026-06-19 08:27:23.623239,0 days 00:02:43.929773,1.0,0.02,1.0,3.0,0.02,1.9,2.3,-42.866721052689634,-42.866721052689634,255.40406384265498,160.87122774710687,275.3275512964336,-2.4128463063772854,0.0,180.79471520088566,71.0,COMPLETE
1086,-1340.0,2026-06-19 08:25:01.951490,2026-06-19 08:27:43.595441,0 days 00:02:41.643951,1.0,0.02,1.0,3.0,0.02,1.9,1.7000000000000002,-42.866721052689634,-42.866721052689634,255.40406384265498,-36.00729388986314,260.9888502962893,-1340.0,0.0,-30.42250743622875,16.0,COMPLETE
1087,-2.4128463063772854,2026-06-19 08:25:06.868108,2026-06-19 08:27:49.253356,0 days 00:02:42.385248,1.0,0.02,1.0,3.0,0.02,1.9,2.3,-42.866721052689634,-42.866721052689634,255.40406384265498,160.87122774710687,275.3275512964336,-2.4128463063772854,0.0,180.79471520088566,71.0,COMPLETE
1088,-2.4128463063772854,2026-06-19 08:25:07.173121,2026-06-19 08:27:48.500748,0 days 00:02:41.327627,1.0,0.02,1.0,3.0,0.02,1.9,2.3,-42.866721052689634,-42.866721052689634,255.40406384265498,160.87122774710687,275.3275512964336,-2.4128463063772854,0.0,180.79471520088566,71.0,COMPLETE
1089,-2.4128463063772854,2026-06-19 08:25:50.512016,2026-06-19 08:28:32.200088,0 days 00:02:41.688072,1.0,0.02,1.0,3.0,0.02,1.9,2.3,-42.866721052689634,-42.866721052689634,255.40406384265498,160.87122774710687,275.3275512964336,-2.4128463063772854,0.0,180.79471520088566,71.0,COMPLETE
1090,-2.524793378661091,2026-06-19 08:26:00.228261,2026-06-19 08:28:43.315487,0 days 00:02:43.087226,1.0,0.02,1.0,2.9000000000000004,0.02,1.9,2.3,-42.866721052689634,-42.866721052689634,240.7465147329338,145.34503874926784,276.19619118455154,-2.524793378661091,0.0,180.79471520088566,72.0,COMPLETE
1091,-2.4128463063772854,2026-06-19 08:26:40.321410,2026-06-19 08:29:23.948579,0 days 00:02:43.627169,1.0,0.06,1.0,3.0,0.02,1.9,2.3,-42.866721052689634,-42.866721052689634,255.40406384265498,160.87122774710687,275.3275512964336,-2.4128463063772854,0.0,180.79471520088566,71.0,COMPLETE
1092,-2.524793378661091,2026-06-19 08:27:02.749947,2026-06-19 08:29:46.499428,0 days 00:02:43.749481,1.0,0.06,1.0,2.9000000000000004,0.05,1.9,2.3,-42.866721052689634,-42.866721052689634,240.7465147329338,145.34503874926784,276.19619118455154,-2.524793378661091,0.0,180.79471520088566,72.0,COMPLETE
1093,-9.48745126542851,2026-06-19 08:27:23.655925,2026-06-19 08:30:06.991063,0 days 00:02:43.335138,1.0,0.06,1.0,2.9000000000000004,0.05,1.9,2.4000000000000004,-42.866721052689634,-42.866721052689634,240.7465147329338,106.81498768661436,273.99331605664605,-9.48745126542851,0.0,140.06178901032658,59.0,COMPLETE
1094,-9.48745126542851,2026-06-19 08:27:43.626270,2026-06-19 08:30:26.720795,0 days 00:02:43.094525,1.0,0.06,1.0,2.9000000000000004,0.05,1.9,2.4000000000000004,-42.866721052689634,-42.866721052689634,240.7465147329338,106.81498768661436,273.99331605664605,-9.48745126542851,0.0,140.06178901032658,59.0,COMPLETE
1095,-2.4266312302903628,2026-06-19 08:27:48.530685,2026-06-19 08:30:30.017233,0 days 00:02:41.486548,1.0,0.06,1.0,2.9000000000000004,0.05,1.8,2.4000000000000004,-42.866721052689634,-42.866721052689634,240.7465147329338,151.24115890904184,275.5548897947177,-2.4266312302903628,0.0,186.04953397082582,73.0,COMPLETE
1096,-2.4266312302903628,2026-06-19 08:27:49.353401,2026-06-19 08:30:31.967709,0 days 00:02:42.614308,1.0,0.06,1.0,2.9000000000000004,0.05,1.8,2.4000000000000004,-42.866721052689634,-42.866721052689634,240.7465147329338,151.24115890904184,275.5548897947177,-2.4266312302903628,0.0,186.04953397082582,73.0,COMPLETE
1097,-2.4266312302903628,2026-06-19 08:28:32.229284,2026-06-19 08:31:13.499958,0 days 00:02:41.270674,1.0,0.06,1.0,2.9000000000000004,0.05,1.8,2.4000000000000004,-42.866721052689634,-42.866721052689634,240.7465147329338,151.24115890904184,275.5548897947177,-2.4266312302903628,0.0,186.04953397082582,73.0,COMPLETE
1098,-2.4266312302903628,2026-06-19 08:28:43.345530,2026-06-19 08:31:25.645633,0 days 00:02:42.300103,1.0,0.06,1.0,2.9000000000000004,0.05,1.8,2.4000000000000004,-42.866721052689634,-42.866721052689634,240.7465147329338,151.24115890904184,275.5548897947177,-2.4266312302903628,0.0,186.04953397082582,73.0,COMPLETE
1099,-2.4266312302903628,2026-06-19 08:29:23.980520,2026-06-19 08:32:07.397074,0 days 00:02:43.416554,1.0,0.06,1.0,2.9000000000000004,0.05,1.8,2.4000000000000004,-42.866721052689634,-42.866721052689634,240.7465147329338,151.24115890904184,275.5548897947177,-2.4266312302903628,0.0,186.04953397082582,73.0,COMPLETE
1100,-2.4266312302903628,2026-06-19 08:29:46.535829,2026-06-19 08:32:29.413176,0 days 00:02:42.877347,1.0,0.06,1.0,2.9000000000000004,0.05,1.8,2.4000000000000004,-42.866721052689634,-42.866721052689634,240.7465147329338,151.24115890904184,275.5548897947177,-2.4266312302903628,0.0,186.04953397082582,73.0,COMPLETE
1101,-2.4266312302903628,2026-06-19 08:30:07.029579,2026-06-19 08:32:49.868629,0 days 00:02:42.839050,1.0,0.06,1.0,2.9000000000000004,0.06,1.8,2.4000000000000004,-42.866721052689634,-42.866721052689634,240.7465147329338,151.24115890904184,275.5548897947177,-2.4266312302903628,0.0,186.04953397082582,73.0,COMPLETE
1102,-2.3146479038941097,2026-06-19 08:30:26.758328,2026-06-19 08:33:09.827389,0 days 00:02:43.069061,1.0,0.05,1.0,3.0,0.06,1.8,2.4000000000000004,-42.866721052689634,-42.866721052689634,255.40406384265498,166.76734790688081,274.6862499065998,-2.3146479038941097,0.0,186.04953397082582,72.0,COMPLETE
1103,-2.3146479038941097,2026-06-19 08:30:30.046357,2026-06-19 08:33:10.771173,0 days 00:02:40.724816,1.0,0.05,1.0,3.0,0.06,1.8,2.4000000000000004,-42.866721052689634,-42.866721052689634,255.40406384265498,166.76734790688081,274.6862499065998,-2.3146479038941097,0.0,186.04953397082582,72.0,COMPLETE
1104,-2.3146479038941097,2026-06-19 08:30:31.997292,2026-06-19 08:33:14.272996,0 days 00:02:42.275704,1.0,0.03,1.0,3.0,0.06,1.8,2.4000000000000004,-42.866721052689634,-42.866721052689634,255.40406384265498,166.76734790688081,274.6862499065998,-2.3146479038941097,0.0,186.04953397082582,72.0,COMPLETE
1105,-1320.0,2026-06-19 08:31:13.530506,2026-06-19 08:33:54.184218,0 days 00:02:40.653712,1.0,0.03,1.0,2.0,0.06,1.8,2.3,-42.866721052689634,-42.866721052689634,-246.0224922265997,-191.38643421953338,-51.65820093112866,-1320.0,0.0,2.97785707593762,18.0,COMPLETE
1106,-2.4128463063772854,2026-06-19 08:31:25.675814,2026-06-19 08:34:08.774050,0 days 00:02:43.098236,1.0,0.03,1.0,3.0,0.06,1.9,2.3,-42.866721052689634,-42.866721052689634,255.40406384265498,160.87122774710687,275.3275512964336,-2.4128463063772854,0.0,180.79471520088566,71.0,COMPLETE
1107,-22.508198306875663,2026-06-19 08:32:07.427916,2026-06-19 08:34:51.485967,0 days 00:02:44.058051,1.0,0.03,1.0,2.0,0.06,1.9,2.3,-42.866721052689634,-42.866721052689634,-246.0224922265997,-27.908277094729804,-37.31949993098433,-22.508198306875663,0.0,180.79471520088566,73.0,COMPLETE
1108,-2.4128463063772854,2026-06-19 08:32:29.459345,2026-06-19 08:35:13.509640,0 days 00:02:44.050295,1.0,0.03,1.0,3.0,0.06,1.9,2.3,-42.866721052689634,-42.866721052689634,255.40406384265498,160.87122774710687,275.3275512964336,-2.4128463063772854,0.0,180.79471520088566,71.0,COMPLETE
1109,-1340.0,2026-06-19 08:32:49.902282,2026-06-19 08:35:33.641493,0 days 00:02:43.739211,1.0,0.05,1.0,3.0,0.06,1.9,1.9,-42.866721052689634,-42.866721052689634,255.40406384265498,1.2492409410701484,260.9888502962893,-1340.0,0.0,6.834027394704542,16.0,COMPLETE
1110,-9.384034235865261,2026-06-19 08:33:09.859200,2026-06-19 08:35:52.863030,0 days 00:02:43.003830,1.0,0.03,1.0,3.0,0.06,1.8,2.5,-42.866721052689634,-42.866721052689634,255.40406384265498,121.79047818432022,273.1246761685282,-9.384034235865261,0.0,139.51109051019347,58.0,COMPLETE
1111,-9.384034235865261,2026-06-19 08:33:10.807015,2026-06-19 08:35:52.042215,0 days 00:02:41.235200,1.0,0.05,1.0,3.0,0.06,1.8,2.5,-42.866721052689634,-42.866721052689634,255.40406384265498,121.79047818432022,273.1246761685282,-9.384034235865261,0.0,139.51109051019347,58.0,COMPLETE
1112,-6.163195467662209,2026-06-19 08:33:14.305043,2026-06-19 08:35:56.640776,0 days 00:02:42.335733,1.5,0.05,1.0,3.0,0.06,1.8,2.5,-41.95360943424255,-41.95360943424255,372.03756108544536,217.60882031191068,409.14448636675263,-6.163195467662209,0.0,254.71574559321772,69.0,COMPLETE
1113,-6.163195467662209,2026-06-19 08:33:54.214202,2026-06-19 08:36:34.896672,0 days 00:02:40.682470,1.5,0.05,1.0,3.0,0.06,1.8,2.5,-41.95360943424255,-41.95360943424255,372.03756108544536,217.60882031191068,409.14448636675263,-6.163195467662209,0.0,254.71574559321772,69.0,COMPLETE
1114,-17.618125416279,2026-06-19 08:34:08.804823,2026-06-19 08:36:52.324063,0 days 00:02:43.519240,4.0,0.05,1.0,3.0,0.06,1.8,2.5,-41.95360943424255,-41.95360943424255,370.56590608019616,406.2153412377427,424.7059124435378,-17.618125416279,0.0,460.3553476010842,69.0,COMPLETE
1115,-6.163195467662209,2026-06-19 08:34:51.516785,2026-06-19 08:37:35.459016,0 days 00:02:43.942231,1.5,0.05,1.0,3.0,0.06,1.8,2.5,-41.95360943424255,-41.95360943424255,372.03756108544536,217.60882031191068,409.14448636675263,-6.163195467662209,0.0,254.71574559321772,69.0,COMPLETE
1116,-2.3146479038941097,2026-06-19 08:35:13.543691,2026-06-19 08:37:56.041961,0 days 00:02:42.498270,1.0,0.05,1.0,3.0,0.02,1.8,2.4000000000000004,-42.866721052689634,-42.866721052689634,255.40406384265498,166.76734790688081,274.6862499065998,-2.3146479038941097,0.0,186.04953397082582,72.0,COMPLETE
1117,-6.163195467662209,2026-06-19 08:35:33.672889,2026-06-19 08:38:16.677250,0 days 00:02:43.004361,1.5,0.05,1.0,3.0,0.02,1.8,2.5,-41.95360943424255,-41.95360943424255,372.03756108544536,217.60882031191068,409.14448636675263,-6.163195467662209,0.0,254.71574559321772,69.0,COMPLETE
1118,-24.615300581647464,2026-06-19 08:35:52.071470,2026-06-19 08:38:32.563781,0 days 00:02:40.492311,1.5,0.05,0.4,3.0,0.02,1.8,2.5,-41.95360943424255,-41.95360943424255,-261.44490159298783,66.523312300944,-73.25246830071396,-24.615300581647464,0.0,254.71574559321772,72.0,COMPLETE
1119,-6.163195467662209,2026-06-19 08:35:52.902341,2026-06-19 08:38:36.392234,0 days 00:02:43.489893,1.5,0.05,1.0,3.0,0.02,1.8,2.5,-41.95360943424255,-41.95360943424255,372.03756108544536,217.60882031191068,409.14448636675263,-6.163195467662209,0.0,254.71574559321772,69.0,COMPLETE
1120,-6.163195467662209,2026-06-19 08:35:56.676456,2026-06-19 08:38:39.802215,0 days 00:02:43.125759,1.5,0.05,1.0,3.0,0.02,1.8,2.5,-41.95360943424255,-41.95360943424255,372.03756108544536,217.60882031191068,409.14448636675263,-6.163195467662209,0.0,254.71574559321772,69.0,COMPLETE
1121,-31.3814611037731,2026-06-19 08:36:34.934864,2026-06-19 08:39:16.414262,0 days 00:02:41.479398,1.0,0.05,0.4,3.0,0.02,1.8,2.5,-42.866721052689634,-42.866721052689634,-241.51331870734734,-10.240299398908949,-91.76192879824488,-31.3814611037731,0.0,139.51109051019347,61.0,COMPLETE
1122,-9.384034235865261,2026-06-19 08:36:52.361518,2026-06-19 08:39:35.402888,0 days 00:02:43.041370,1.0,0.05,1.0,3.0,0.02,1.8,2.5,-42.866721052689634,-42.866721052689634,255.40406384265498,121.79047818432022,273.1246761685282,-9.384034235865261,0.0,139.51109051019347,58.0,COMPLETE
1123,-9.384034235865261,2026-06-19 08:37:35.489175,2026-06-19 08:40:20.148913,0 days 00:02:44.659738,1.0,0.05,1.0,3.0,0.02,1.8,2.5,-42.866721052689634,-42.866721052689634,255.40406384265498,121.79047818432022,273.1246761685282,-9.384034235865261,0.0,139.51109051019347,58.0,COMPLETE
1124,-9.384034235865261,2026-06-19 08:37:56.077853,2026-06-19 08:40:39.942711,0 days 00:02:43.864858,1.0,0.05,1.0,3.0,0.02,1.8,2.5,-42.866721052689634,-42.866721052689634,255.40406384265498,121.79047818432022,273.1246761685282,-9.384034235865261,0.0,139.51109051019347,58.0,COMPLETE
1125,-9.384034235865261,2026-06-19 08:38:16.706667,2026-06-19 08:41:00.539171,0 days 00:02:43.832504,1.0,0.05,1.0,3.0,0.02,1.8,2.5,-42.866721052689634,-42.866721052689634,255.40406384265498,121.79047818432022,273.1246761685282,-9.384034235865261,0.0,139.51109051019347,58.0,COMPLETE
1126,-1340.0,2026-06-19 08:38:32.598768,2026-06-19 08:41:14.183284,0 days 00:02:41.584516,1.0,0.05,1.0,3.0,0.02,1.7000000000000002,2.4000000000000004,-42.866721052689634,-42.866721052689634,255.40406384265498,-2.6069293776967726,260.9888502962893,-1340.0,0.0,2.97785707593762,16.0,COMPLETE
1127,-1340.0,2026-06-19 08:38:36.424351,2026-06-19 08:41:19.627228,0 days 00:02:43.202877,1.0,0.05,1.0,3.0,0.02,1.7000000000000002,2.4000000000000004,-42.866721052689634,-42.866721052689634,255.40406384265498,-2.6069293776967726,260.9888502962893,-1340.0,0.0,2.97785707593762,16.0,COMPLETE
1128,-1330.0,2026-06-19 08:38:39.843331,2026-06-19 08:41:22.522312,0 days 00:02:42.678981,1.0,0.05,1.0,2.9000000000000004,0.02,1.7000000000000002,2.4000000000000004,-42.866721052689634,-42.866721052689634,240.7465147329338,-18.133118375535766,261.8574901844072,-1330.0,0.0,2.97785707593762,17.0,COMPLETE
1129,-1330.0,2026-06-19 08:39:16.451528,2026-06-19 08:41:58.952025,0 days 00:02:42.500497,1.0,0.05,1.0,2.9000000000000004,0.02,1.7000000000000002,2.4000000000000004,-42.866721052689634,-42.866721052689634,240.7465147329338,-18.133118375535766,261.8574901844072,-1330.0,0.0,2.97785707593762,17.0,COMPLETE
1130,-2.4266312302903628,2026-06-19 08:39:35.436580,2026-06-19 08:42:19.262123,0 days 00:02:43.825543,1.0,0.05,1.0,2.9000000000000004,0.02,1.8,2.4000000000000004,-42.866721052689634,-42.866721052689634,240.7465147329338,151.24115890904184,275.5548897947177,-2.4266312302903628,0.0,186.04953397082582,73.0,COMPLETE
1131,-1330.0,2026-06-19 08:40:20.183318,2026-06-19 08:43:03.061324,0 days 00:02:42.878006,1.0,0.05,1.0,2.9000000000000004,0.02,1.7000000000000002,2.4000000000000004,-42.866721052689634,-42.866721052689634,240.7465147329338,-18.133118375535766,261.8574901844072,-1330.0,0.0,2.97785707593762,17.0,COMPLETE
1132,-1330.0,2026-06-19 08:40:39.971247,2026-06-19 08:43:23.251764,0 days 00:02:43.280517,1.0,0.05,1.0,2.9000000000000004,0.02,1.7000000000000002,2.4000000000000004,-42.866721052689634,-42.866721052689634,240.7465147329338,-18.133118375535766,261.8574901844072,-1330.0,0.0,2.97785707593762,17.0,COMPLETE
1133,-2.4266312302903628,2026-06-19 08:41:00.568238,2026-06-19 08:43:43.678176,0 days 00:02:43.109938,1.0,0.05,1.0,2.9000000000000004,0.02,1.8,2.4000000000000004,-42.866721052689634,-42.866721052689634,240.7465147329338,151.24115890904184,275.5548897947177,-2.4266312302903628,0.0,186.04953397082582,73.0,COMPLETE
1134,-1330.0,2026-06-19 08:41:14.222939,2026-06-19 08:43:55.318591,0 days 00:02:41.095652,1.0,0.05,1.0,2.9000000000000004,0.02,1.7000000000000002,2.4000000000000004,-42.866721052689634,-42.866721052689634,240.7465147329338,-18.133118375535766,261.8574901844072,-1330.0,0.0,2.97785707593762,17.0,COMPLETE
1135,-2.4266312302903628,2026-06-19 08:41:19.657583,2026-06-19 08:44:04.257911,0 days 00:02:44.600328,1.0,0.05,1.0,2.9000000000000004,0.02,1.8,2.4000000000000004,-42.866721052689634,-42.866721052689634,240.7465147329338,151.24115890904184,275.5548897947177,-2.4266312302903628,0.0,186.04953397082582,73.0,COMPLETE
1136,-2.4266312302903628,2026-06-19 08:41:22.560826,2026-06-19 08:44:04.517555,0 days 00:02:41.956729,1.0,0.05,1.0,2.9000000000000004,0.02,1.8,2.4000000000000004,-42.866721052689634,-42.866721052689634,240.7465147329338,151.24115890904184,275.5548897947177,-2.4266312302903628,0.0,186.04953397082582,73.0,COMPLETE
