number,value,datetime_start,datetime_complete,duration,params_MAX_POSITION_PCT,params_MAX_RISK_PCT,params_MR_MIN_RR,params_MR_STOP_MULT,params_RISK_TIER_EQUITY_PCT,params_TP_MIN_RR,params_TP_STOP_MULT,user_attrs_BTC_PnL,user_attrs_MB_PnL,user_attrs_MR_PnL,user_attrs_QQQ_PnL,user_attrs_SPY_PnL,user_attrs_Score,user_attrs_TF_PnL,user_attrs_TP_PnL,user_attrs_Total_Trades,state
1427,-1340.0,2026-06-19 10:20:22.796627,2026-06-19 10:23:06.448973,0 days 00:02:43.652346,1.0,0.05,1.0,3.0,0.02,1.7000000000000002,2.4000000000000004,-42.866721052689634,-42.866721052689634,255.40406384265498,-2.6069293776967726,260.9888502962893,-1340.0,0.0,2.97785707593762,16.0,COMPLETE
1428,-2.3146479038941097,2026-06-19 10:21:36.147766,2026-06-19 10:24:19.225331,0 days 00:02:43.077565,1.0,0.05,1.0,3.0,0.02,1.8,2.4000000000000004,-42.866721052689634,-42.866721052689634,255.40406384265498,166.76734790688081,274.6862499065998,-2.3146479038941097,0.0,186.04953397082582,72.0,COMPLETE
1429,-2.3146479038941097,2026-06-19 10:21:40.381427,2026-06-19 10:24:23.295808,0 days 00:02:42.914381,1.0,0.05,1.0,3.0,0.02,1.8,2.4000000000000004,-42.866721052689634,-42.866721052689634,255.40406384265498,166.76734790688081,274.6862499065998,-2.3146479038941097,0.0,186.04953397082582,72.0,COMPLETE
1430,-2.3146479038941097,2026-06-19 10:21:41.607398,2026-06-19 10:24:26.953697,0 days 00:02:45.346299,1.0,0.05,1.0,3.0,0.02,1.8,2.4000000000000004,-42.866721052689634,-42.866721052689634,255.40406384265498,166.76734790688081,274.6862499065998,-2.3146479038941097,0.0,186.04953397082582,72.0,COMPLETE
1431,-2.3146479038941097,2026-06-19 10:22:00.881951,2026-06-19 10:24:45.196635,0 days 00:02:44.314684,1.0,0.05,1.0,3.0,0.02,1.8,2.4000000000000004,-42.866721052689634,-42.866721052689634,255.40406384265498,166.76734790688081,274.6862499065998,-2.3146479038941097,0.0,186.04953397082582,72.0,COMPLETE
1432,-9.384034235865261,2026-06-19 10:22:07.782554,2026-06-19 10:24:51.810153,0 days 00:02:44.027599,1.0,0.05,1.0,3.0,0.02,1.8,2.5,-42.866721052689634,-42.866721052689634,255.40406384265498,121.79047818432022,273.1246761685282,-9.384034235865261,0.0,139.51109051019347,58.0,COMPLETE
1433,-9.498367911971032,2026-06-19 10:22:33.887208,2026-06-19 10:25:17.465252,0 days 00:02:43.578044,1.0,0.05,1.0,2.9000000000000004,0.02,1.8,2.5,-42.866721052689634,-42.866721052689634,240.7465147329338,106.26428918648125,273.99331605664605,-9.498367911971032,0.0,139.51109051019347,59.0,COMPLETE
1434,-9.498367911971032,2026-06-19 10:23:03.300389,2026-06-19 10:25:44.311158,0 days 00:02:41.010769,1.0,0.05,1.0,2.9000000000000004,0.02,1.8,2.5,-42.866721052689634,-42.866721052689634,240.7465147329338,106.26428918648125,273.99331605664605,-9.498367911971032,0.0,139.51109051019347,59.0,COMPLETE
1435,-9.498367911971032,2026-06-19 10:23:06.485798,2026-06-19 10:25:49.428951,0 days 00:02:42.943153,1.0,0.05,1.0,2.9000000000000004,0.04,1.8,2.5,-42.866721052689634,-42.866721052689634,240.7465147329338,106.26428918648125,273.99331605664605,-9.498367911971032,0.0,139.51109051019347,59.0,COMPLETE
1436,-1330.0,2026-06-19 10:24:19.258397,2026-06-19 10:27:01.865861,0 days 00:02:42.607464,1.0,0.05,1.0,2.9000000000000004,0.02,1.3,2.5,-42.866721052689634,-42.866721052689634,240.7465147329338,-51.533482887702135,261.8574901844072,-1330.0,0.0,-30.42250743622875,17.0,COMPLETE
1437,-9.498367911971032,2026-06-19 10:24:23.326838,2026-06-19 10:27:04.958973,0 days 00:02:41.632135,1.0,0.05,1.0,2.9000000000000004,0.04,1.8,2.5,-42.866721052689634,-42.866721052689634,240.7465147329338,106.26428918648125,273.99331605664605,-9.498367911971032,0.0,139.51109051019347,59.0,COMPLETE
1438,-1250.0,2026-06-19 10:24:26.985467,2026-06-19 10:27:11.342105,0 days 00:02:44.356638,0.5,0.05,1.0,2.9000000000000004,0.04,1.8,2.5,-21.433360526344817,-21.433360526344817,120.3732573664669,19.713946401028135,133.50774476547764,-1250.0,0.0,32.84843380003885,25.0,COMPLETE
1439,-9.498367911971032,2026-06-19 10:24:45.235936,2026-06-19 10:27:29.947159,0 days 00:02:44.711223,1.0,0.04,1.0,2.9000000000000004,0.04,1.8,2.5,-42.866721052689634,-42.866721052689634,240.7465147329338,106.26428918648125,273.99331605664605,-9.498367911971032,0.0,139.51109051019347,59.0,COMPLETE
1440,-1330.0,2026-06-19 10:24:51.844669,2026-06-19 10:27:36.151083,0 days 00:02:44.306414,1.0,0.05,1.0,2.9000000000000004,0.04,1.7000000000000002,2.5,-42.866721052689634,-42.866721052689634,240.7465147329338,-18.133118375535766,261.8574901844072,-1330.0,0.0,2.97785707593762,17.0,COMPLETE
1441,-1330.0,2026-06-19 10:25:17.495261,2026-06-19 10:28:02.999329,0 days 00:02:45.504068,1.0,0.04,1.0,2.9000000000000004,0.04,1.7000000000000002,2.5,-42.866721052689634,-42.866721052689634,240.7465147329338,-18.133118375535766,261.8574901844072,-1330.0,0.0,2.97785707593762,17.0,COMPLETE
1442,-1330.0,2026-06-19 10:25:44.342854,2026-06-19 10:28:25.768756,0 days 00:02:41.425902,1.0,0.04,1.0,2.9000000000000004,0.04,1.7000000000000002,2.4000000000000004,-42.866721052689634,-42.866721052689634,240.7465147329338,-18.133118375535766,261.8574901844072,-1330.0,0.0,2.97785707593762,17.0,COMPLETE
1443,-2.4266312302903628,2026-06-19 10:25:49.471589,2026-06-19 10:28:34.536383,0 days 00:02:45.064794,1.0,0.04,1.0,2.9000000000000004,0.04,1.8,2.4000000000000004,-42.866721052689634,-42.866721052689634,240.7465147329338,151.24115890904184,275.5548897947177,-2.4266312302903628,0.0,186.04953397082582,73.0,COMPLETE
1444,-1260.0,2026-06-19 10:27:01.909955,2026-06-19 10:29:45.147418,0 days 00:02:43.237463,0.5,0.04,1.0,3.0,0.02,1.7000000000000002,2.6,-21.433360526344817,-21.433360526344817,127.70203192132749,27.47704089994762,133.07342482141868,-1260.0,0.0,32.84843380003885,24.0,COMPLETE
1445,-1310.0,2026-06-19 10:27:05.000444,2026-06-19 10:29:46.993515,0 days 00:02:41.993071,1.0,0.04,0.6000000000000001,3.0,0.02,1.7000000000000002,2.4000000000000004,-42.866721052689634,-42.866721052689634,-241.51331870734734,-134.63770696092598,-103.89775467048376,-1310.0,0.0,2.97785707593762,19.0,COMPLETE
1446,-1340.0,2026-06-19 10:27:11.380907,2026-06-19 10:29:56.113464,0 days 00:02:44.732557,1.0,0.04,1.0,3.0,0.02,1.7000000000000002,2.4000000000000004,-42.866721052689634,-42.866721052689634,255.40406384265498,-2.6069293776967726,260.9888502962893,-1340.0,0.0,2.97785707593762,16.0,COMPLETE
1447,-1340.0,2026-06-19 10:27:29.982447,2026-06-19 10:30:16.104833,0 days 00:02:46.122386,1.0,0.05,1.0,3.0,0.02,1.7000000000000002,2.4000000000000004,-42.866721052689634,-42.866721052689634,255.40406384265498,-2.6069293776967726,260.9888502962893,-1340.0,0.0,2.97785707593762,16.0,COMPLETE
1448,-1340.0,2026-06-19 10:27:36.198989,2026-06-19 10:30:21.153462,0 days 00:02:44.954473,1.0,0.04,1.0,3.0,0.02,1.7000000000000002,2.4000000000000004,-42.866721052689634,-42.866721052689634,255.40406384265498,-2.6069293776967726,260.9888502962893,-1340.0,0.0,2.97785707593762,16.0,COMPLETE
1449,-2.3146479038941097,2026-06-19 10:28:03.032709,2026-06-19 10:30:47.765973,0 days 00:02:44.733264,1.0,0.05,1.0,3.0,0.02,1.8,2.4000000000000004,-42.866721052689634,-42.866721052689634,255.40406384265498,166.76734790688081,274.6862499065998,-2.3146479038941097,0.0,186.04953397082582,72.0,COMPLETE
1450,-2.3146479038941097,2026-06-19 10:28:25.800941,2026-06-19 10:31:07.223943,0 days 00:02:41.423002,1.0,0.05,1.0,3.0,0.02,1.8,2.4000000000000004,-42.866721052689634,-42.866721052689634,255.40406384265498,166.76734790688081,274.6862499065998,-2.3146479038941097,0.0,186.04953397082582,72.0,COMPLETE
1451,-2.3146479038941097,2026-06-19 10:28:34.567118,2026-06-19 10:31:18.836939,0 days 00:02:44.269821,1.0,0.05,1.0,3.0,0.02,1.8,2.4000000000000004,-42.866721052689634,-42.866721052689634,255.40406384265498,166.76734790688081,274.6862499065998,-2.3146479038941097,0.0,186.04953397082582,72.0,COMPLETE
1452,-2.3146479038941097,2026-06-19 10:29:45.179645,2026-06-19 10:32:27.348984,0 days 00:02:42.169339,1.0,0.05,1.0,3.0,0.02,1.8,2.4000000000000004,-42.866721052689634,-42.866721052689634,255.40406384265498,166.76734790688081,274.6862499065998,-2.3146479038941097,0.0,186.04953397082582,72.0,COMPLETE
1453,-2.3146479038941097,2026-06-19 10:29:47.025356,2026-06-19 10:32:28.040674,0 days 00:02:41.015318,1.0,0.05,1.0,3.0,0.02,1.8,2.4000000000000004,-42.866721052689634,-42.866721052689634,255.40406384265498,166.76734790688081,274.6862499065998,-2.3146479038941097,0.0,186.04953397082582,72.0,COMPLETE
1454,-2.3146479038941097,2026-06-19 10:29:56.142627,2026-06-19 10:32:39.743414,0 days 00:02:43.600787,1.0,0.05,1.0,3.0,0.02,1.8,2.4000000000000004,-42.866721052689634,-42.866721052689634,255.40406384265498,166.76734790688081,274.6862499065998,-2.3146479038941097,0.0,186.04953397082582,72.0,COMPLETE
1455,-2.3146479038941097,2026-06-19 10:30:16.140791,2026-06-19 10:33:01.181667,0 days 00:02:45.040876,1.0,0.05,1.0,3.0,0.02,1.8,2.4000000000000004,-42.866721052689634,-42.866721052689634,255.40406384265498,166.76734790688081,274.6862499065998,-2.3146479038941097,0.0,186.04953397082582,72.0,COMPLETE
1456,-7.248563593742764,2026-06-19 10:30:21.184059,2026-06-19 10:33:04.853463,0 days 00:02:43.669404,1.0,0.05,0.8,3.0,0.02,1.8,2.4000000000000004,-42.866721052689634,-42.866721052689634,-89.42837540568195,144.46884300908445,-47.84768444394065,-7.248563593742764,0.0,186.04953397082582,73.0,COMPLETE
1457,-2.3146479038941097,2026-06-19 10:30:47.796808,2026-06-19 10:33:31.116508,0 days 00:02:43.319700,1.0,0.05,1.0,3.0,0.02,1.8,2.4000000000000004,-42.866721052689634,-42.866721052689634,255.40406384265498,166.76734790688081,274.6862499065998,-2.3146479038941097,0.0,186.04953397082582,72.0,COMPLETE
1458,-2.3146479038941097,2026-06-19 10:31:07.253289,2026-06-19 10:33:48.631467,0 days 00:02:41.378178,1.0,0.05,1.0,3.0,0.02,1.8,2.4000000000000004,-42.866721052689634,-42.866721052689634,255.40406384265498,166.76734790688081,274.6862499065998,-2.3146479038941097,0.0,186.04953397082582,72.0,COMPLETE
1459,-1310.0,2026-06-19 10:31:18.872897,2026-06-19 10:34:02.347055,0 days 00:02:43.474158,0.5,0.05,1.0,3.0,0.02,1.8,3.0,-21.433360526344817,-21.433360526344817,127.70203192132749,20.345051297938998,130.49442514814464,-1310.0,0.0,23.13744452475619,19.0,COMPLETE
1460,-1230.0,2026-06-19 10:32:27.381835,2026-06-19 10:35:10.413481,0 days 00:02:43.031646,0.5,0.05,1.0,3.0,0.02,1.8,2.4000000000000004,-21.433360526344817,-21.433360526344817,127.70203192132749,34.87086745635371,133.07342482141868,-1230.0,0.0,40.242260356444916,27.0,COMPLETE
1461,-1260.0,2026-06-19 10:32:28.076635,2026-06-19 10:35:09.813963,0 days 00:02:41.737328,0.5,0.05,1.0,3.0,0.02,1.8,2.6,-21.433360526344817,-21.433360526344817,127.70203192132749,27.47704089994762,133.07342482141868,-1260.0,0.0,32.84843380003885,24.0,COMPLETE
1462,-1230.0,2026-06-19 10:32:39.775195,2026-06-19 10:35:24.772793,0 days 00:02:44.997598,0.5,0.05,1.0,3.0,0.02,1.8,2.4000000000000004,-21.433360526344817,-21.433360526344817,127.70203192132749,34.87086745635371,133.07342482141868,-1230.0,0.0,40.242260356444916,27.0,COMPLETE
1463,-1230.0,2026-06-19 10:33:01.213773,2026-06-19 10:35:46.246333,0 days 00:02:45.032560,0.5,0.05,1.0,3.0,0.02,1.8,2.4000000000000004,-21.433360526344817,-21.433360526344817,127.70203192132749,34.87086745635371,133.07342482141868,-1230.0,0.0,40.242260356444916,27.0,COMPLETE
1464,-1260.0,2026-06-19 10:33:04.892232,2026-06-19 10:35:49.017992,0 days 00:02:44.125760,0.5,0.05,1.0,3.0,0.02,1.8,2.6,-21.433360526344817,-21.433360526344817,127.70203192132749,27.47704089994762,133.07342482141868,-1260.0,0.0,32.84843380003885,24.0,COMPLETE
1465,-9.384034235865261,2026-06-19 10:33:31.153362,2026-06-19 10:36:15.947182,0 days 00:02:44.793820,1.0,0.05,1.0,3.0,0.02,1.8,2.5,-42.866721052689634,-42.866721052689634,255.40406384265498,121.79047818432022,273.1246761685282,-9.384034235865261,0.0,139.51109051019347,58.0,COMPLETE
1466,-1260.0,2026-06-19 10:33:48.668409,2026-06-19 10:36:30.086233,0 days 00:02:41.417824,0.5,0.05,1.0,3.0,0.02,1.8,2.5,-21.433360526344817,-21.433360526344817,127.70203192132749,27.47704089994762,133.07342482141868,-1260.0,0.0,32.84843380003885,24.0,COMPLETE
1467,-16.61486555480737,2026-06-19 10:34:02.384116,2026-06-19 10:36:46.260379,0 days 00:02:43.876263,1.5,0.05,1.0,1.7000000000000002,0.02,1.8,2.5,-41.95360943424255,-41.95360943424255,-215.62125759820344,194.03130860139763,-154.9368206063832,-16.61486555480737,0.0,254.71574559321772,72.0,COMPLETE
1468,-1330.0,2026-06-19 10:35:09.843136,2026-06-19 10:37:50.973051,0 days 00:02:41.129915,1.0,0.05,1.0,2.9000000000000004,0.02,1.1,2.5,-42.866721052689634,-42.866721052689634,240.7465147329338,-62.41901184967465,265.7955511990325,-1330.0,0.0,-37.36997538357597,17.0,COMPLETE
1469,-14.84788985821848,2026-06-19 10:35:10.447412,2026-06-19 10:37:52.554436,0 days 00:02:42.107024,1.0,0.05,1.0,1.7000000000000002,0.02,1.8,2.5,-42.866721052689634,-42.866721052689634,-143.8851309153,103.48338702388867,-107.85742742899521,-14.84788985821848,0.0,139.51109051019347,61.0,COMPLETE
1470,-9.498367911971032,2026-06-19 10:35:24.809007,2026-06-19 10:38:09.072356,0 days 00:02:44.263349,1.0,0.05,1.0,2.9000000000000004,0.02,1.8,2.5,-42.866721052689634,-42.866721052689634,240.7465147329338,106.26428918648125,273.99331605664605,-9.498367911971032,0.0,139.51109051019347,59.0,COMPLETE
1471,-16.561127719294706,2026-06-19 10:35:46.277678,2026-06-19 10:38:31.909011,0 days 00:02:45.631333,2.5,0.05,1.0,2.9000000000000004,0.01,1.8,2.5,-41.95360943424255,-41.95360943424255,368.22676017438926,300.0594261428177,449.2486686836189,-16.561127719294706,0.0,381.0813346520473,70.0,COMPLETE
1472,-9.498367911971032,2026-06-19 10:35:49.055110,2026-06-19 10:38:32.769255,0 days 00:02:43.714145,1.0,0.05,1.0,2.9000000000000004,0.01,1.8,2.5,-42.866721052689634,-42.866721052689634,240.7465147329338,106.26428918648125,273.99331605664605,-9.498367911971032,0.0,139.51109051019347,59.0,COMPLETE
1473,-14.84788985821848,2026-06-19 10:36:15.982161,2026-06-19 10:38:59.611533,0 days 00:02:43.629372,1.0,0.05,1.0,1.7000000000000002,0.01,1.8,2.5,-42.866721052689634,-42.866721052689634,-143.8851309153,103.48338702388867,-107.85742742899521,-14.84788985821848,0.0,139.51109051019347,61.0,COMPLETE
1474,-9.498367911971032,2026-06-19 10:36:30.121540,2026-06-19 10:39:11.494237,0 days 00:02:41.372697,1.0,0.05,1.0,2.9000000000000004,0.02,1.8,2.5,-42.866721052689634,-42.866721052689634,240.7465147329338,106.26428918648125,273.99331605664605,-9.498367911971032,0.0,139.51109051019347,59.0,COMPLETE
1475,-2.4266312302903628,2026-06-19 10:36:46.357303,2026-06-19 10:39:30.430401,0 days 00:02:44.073098,1.0,0.05,1.0,2.9000000000000004,0.01,1.8,2.4000000000000004,-42.866721052689634,-42.866721052689634,240.7465147329338,151.24115890904184,275.5548897947177,-2.4266312302903628,0.0,186.04953397082582,73.0,COMPLETE
1476,-2.4266312302903628,2026-06-19 10:37:51.005341,2026-06-19 10:40:33.419738,0 days 00:02:42.414397,1.0,0.05,1.0,2.9000000000000004,0.01,1.8,2.4000000000000004,-42.866721052689634,-42.866721052689634,240.7465147329338,151.24115890904184,275.5548897947177,-2.4266312302903628,0.0,186.04953397082582,73.0,COMPLETE
1477,-2.4266312302903628,2026-06-19 10:37:52.594202,2026-06-19 10:40:36.000698,0 days 00:02:43.406496,1.0,0.05,1.0,2.9000000000000004,0.02,1.8,2.4000000000000004,-42.866721052689634,-42.866721052689634,240.7465147329338,151.24115890904184,275.5548897947177,-2.4266312302903628,0.0,186.04953397082582,73.0,COMPLETE
1478,-2.4266312302903628,2026-06-19 10:38:09.108850,2026-06-19 10:40:53.660100,0 days 00:02:44.551250,1.0,0.05,1.0,2.9000000000000004,0.01,1.8,2.4000000000000004,-42.866721052689634,-42.866721052689634,240.7465147329338,151.24115890904184,275.5548897947177,-2.4266312302903628,0.0,186.04953397082582,73.0,COMPLETE
1479,-9.544800859332728,2026-06-19 10:38:31.945739,2026-06-19 10:41:16.084246,0 days 00:02:44.138507,1.0,0.05,1.0,1.9,0.02,1.8,2.4000000000000004,-42.866721052689634,-42.866721052689634,-133.26224000167633,154.5619866983189,-101.77469272916946,-9.544800859332728,0.0,186.04953397082582,74.0,COMPLETE
1480,-2.4266312302903628,2026-06-19 10:38:32.800282,2026-06-19 10:41:17.079335,0 days 00:02:44.279053,1.0,0.05,1.0,2.9000000000000004,0.02,1.8,2.4000000000000004,-42.866721052689634,-42.866721052689634,240.7465147329338,151.24115890904184,275.5548897947177,-2.4266312302903628,0.0,186.04953397082582,73.0,COMPLETE
1481,-2.3146479038941097,2026-06-19 10:38:59.647364,2026-06-19 10:41:45.050544,0 days 00:02:45.403180,1.0,0.05,1.0,3.0,0.02,1.8,2.4000000000000004,-42.866721052689634,-42.866721052689634,255.40406384265498,166.76734790688081,274.6862499065998,-2.3146479038941097,0.0,186.04953397082582,72.0,COMPLETE
1482,-2.3146479038941097,2026-06-19 10:39:11.528147,2026-06-19 10:41:53.856865,0 days 00:02:42.328718,1.0,0.05,1.0,3.0,0.02,1.8,2.4000000000000004,-42.866721052689634,-42.866721052689634,255.40406384265498,166.76734790688081,274.6862499065998,-2.3146479038941097,0.0,186.04953397082582,72.0,COMPLETE
1483,-9.544800859332728,2026-06-19 10:39:30.463802,2026-06-19 10:42:14.040524,0 days 00:02:43.576722,1.0,0.05,1.0,1.9,0.02,1.8,2.4000000000000004,-42.866721052689634,-42.866721052689634,-133.26224000167633,154.5619866983189,-101.77469272916946,-9.544800859332728,0.0,186.04953397082582,74.0,COMPLETE
1484,-2.3146479038941097,2026-06-19 10:40:33.456458,2026-06-19 10:43:15.205149,0 days 00:02:41.748691,1.0,0.05,1.0,3.0,0.02,1.8,2.4000000000000004,-42.866721052689634,-42.866721052689634,255.40406384265498,166.76734790688081,274.6862499065998,-2.3146479038941097,0.0,186.04953397082582,72.0,COMPLETE
1485,-2.3146479038941097,2026-06-19 10:40:36.032901,2026-06-19 10:43:18.713636,0 days 00:02:42.680735,1.0,0.05,1.0,3.0,0.02,1.8,2.4000000000000004,-42.866721052689634,-42.866721052689634,255.40406384265498,166.76734790688081,274.6862499065998,-2.3146479038941097,0.0,186.04953397082582,72.0,COMPLETE
1486,-2.3146479038941097,2026-06-19 10:40:53.696279,2026-06-19 10:43:38.717462,0 days 00:02:45.021183,1.0,0.05,1.0,3.0,0.02,1.8,2.4000000000000004,-42.866721052689634,-42.866721052689634,255.40406384265498,166.76734790688081,274.6862499065998,-2.3146479038941097,0.0,186.04953397082582,72.0,COMPLETE
1487,-5.733707491292984,2026-06-19 10:41:16.117533,2026-06-19 10:44:01.475256,0 days 00:02:45.357723,1.5,0.05,1.0,3.0,0.02,1.8,2.4000000000000004,-41.95360943424255,-41.95360943424255,372.03756108544536,240.61634773132857,410.2919634071518,-5.733707491292984,0.0,278.8707500530348,72.0,COMPLETE
1488,-2.3146479038941097,2026-06-19 10:41:17.108997,2026-06-19 10:44:01.357988,0 days 00:02:44.248991,1.0,0.05,1.0,3.0,0.02,1.8,2.4000000000000004,-42.866721052689634,-42.866721052689634,255.40406384265498,166.76734790688081,274.6862499065998,-2.3146479038941097,0.0,186.04953397082582,72.0,COMPLETE
1489,-2.3146479038941097,2026-06-19 10:41:45.079664,2026-06-19 10:44:29.556457,0 days 00:02:44.476793,1.0,0.05,1.0,3.0,0.02,1.8,2.4000000000000004,-42.866721052689634,-42.866721052689634,255.40406384265498,166.76734790688081,274.6862499065998,-2.3146479038941097,0.0,186.04953397082582,72.0,COMPLETE
1490,-2.3146479038941097,2026-06-19 10:41:53.889866,2026-06-19 10:44:34.272800,0 days 00:02:40.382934,1.0,0.05,1.0,3.0,0.02,1.8,2.4000000000000004,-42.866721052689634,-42.866721052689634,255.40406384265498,166.76734790688081,274.6862499065998,-2.3146479038941097,0.0,186.04953397082582,72.0,COMPLETE
1491,-5.733707491292984,2026-06-19 10:42:14.076042,2026-06-19 10:44:58.386231,0 days 00:02:44.310189,1.5,0.05,1.0,3.0,0.02,1.8,2.4000000000000004,-41.95360943424255,-41.95360943424255,372.03756108544536,240.61634773132857,410.2919634071518,-5.733707491292984,0.0,278.8707500530348,72.0,COMPLETE
1492,-5.733707491292984,2026-06-19 10:43:15.237173,2026-06-19 10:45:56.405285,0 days 00:02:41.168112,1.5,0.05,1.0,3.0,0.02,1.8,2.4000000000000004,-41.95360943424255,-41.95360943424255,372.03756108544536,240.61634773132857,410.2919634071518,-5.733707491292984,0.0,278.8707500530348,72.0,COMPLETE
1493,-5.733707491292984,2026-06-19 10:43:18.746749,2026-06-19 10:46:00.462231,0 days 00:02:41.715482,1.5,0.05,1.0,3.0,0.02,1.8,2.4000000000000004,-41.95360943424255,-41.95360943424255,372.03756108544536,240.61634773132857,410.2919634071518,-5.733707491292984,0.0,278.8707500530348,72.0,COMPLETE
1494,-5.733707491292984,2026-06-19 10:43:38.747866,2026-06-19 10:46:22.679244,0 days 00:02:43.931378,1.5,0.05,1.0,3.0,0.02,1.8,2.4000000000000004,-41.95360943424255,-41.95360943424255,372.03756108544536,240.61634773132857,410.2919634071518,-5.733707491292984,0.0,278.8707500530348,72.0,COMPLETE
1495,-5.733707491292984,2026-06-19 10:44:01.443622,2026-06-19 10:46:45.212696,0 days 00:02:43.769074,1.5,0.05,1.0,3.0,0.02,1.8,2.4000000000000004,-41.95360943424255,-41.95360943424255,372.03756108544536,240.61634773132857,410.2919634071518,-5.733707491292984,0.0,278.8707500530348,72.0,COMPLETE
1496,-1340.0,2026-06-19 10:44:01.517725,2026-06-19 10:46:44.711453,0 days 00:02:43.193728,1.5,0.05,1.0,3.0,0.02,1.8,2.0,-41.95360943424255,-41.95360943424255,372.03756108544536,-7.660812717387401,389.9494148948896,-1340.0,0.0,10.251041092056816,16.0,COMPLETE
1497,-17.175388708895223,2026-06-19 10:44:29.594036,2026-06-19 10:47:13.561648,0 days 00:02:43.967612,4.0,0.05,1.0,3.0,0.02,1.8,2.4000000000000004,-41.95360943424255,-41.95360943424255,370.56590608019616,476.5022743940163,426.40502885724146,-17.175388708895223,0.0,532.3413971710617,72.0,COMPLETE
1498,-6.163195467662209,2026-06-19 10:44:34.307101,2026-06-19 10:47:14.739697,0 days 00:02:40.432596,1.5,0.05,1.0,3.0,0.02,1.8,2.5,-41.95360943424255,-41.95360943424255,372.03756108544536,217.60882031191068,409.14448636675263,-6.163195467662209,0.0,254.71574559321772,69.0,COMPLETE
1499,-9.384034235865261,2026-06-19 10:44:58.418747,2026-06-19 10:47:40.995128,0 days 00:02:42.576381,1.0,0.05,1.0,3.0,0.02,1.8,2.5,-42.866721052689634,-42.866721052689634,255.40406384265498,121.79047818432022,273.1246761685282,-9.384034235865261,0.0,139.51109051019347,58.0,COMPLETE
