number,value,datetime_start,datetime_complete,duration,params_MR_BB_PERIOD,params_MR_BB_STD,params_MR_RSI_OVERBOUGHT,params_MR_RSI_OVERSOLD,params_MR_RSI_PERIOD,params_MR_VOL_SPIKE_MULT,params_MR_VWAP_DEV_PCT,params_TP_BB_PERIOD,params_TP_BB_STD,params_TP_RSI_PERIOD,user_attrs_MB_PnL,user_attrs_MR_PnL,user_attrs_QQQ_PnL,user_attrs_SPY_PnL,user_attrs_Score,user_attrs_TF_PnL,user_attrs_TP_PnL,user_attrs_Total_Trades,state
1231,25.29485036234521,2026-07-22 11:36:10.568158,2026-07-22 11:40:01.611814,0 days 00:03:51.043656,10,1.5,62.0,33.0,5,0.1,0.001,30,2.8,20,0.0,-101.9966309133888,-78.09401968236504,-27.08513403212747,25.29485036234521,0.0,-3.1825228011036915,379.0,COMPLETE
1232,29.832791363234367,2026-07-22 11:36:52.452083,2026-07-22 11:40:43.370777,0 days 00:03:50.918694,10,1.5,61.0,33.0,5,0.1,0.001,11,2.8,6,0.0,-92.47931625303545,-63.93679216899151,-23.320494707085114,29.832791363234367,0.0,5.222029376958863,426.0,COMPLETE
1233,29.832791363234367,2026-07-22 11:36:58.205285,2026-07-22 11:40:50.112436,0 days 00:03:51.907151,10,1.5,61.0,33.0,5,0.1,0.001,11,2.8,6,0.0,-92.47931625303545,-63.93679216899151,-23.320494707085114,29.832791363234367,0.0,5.222029376958863,426.0,COMPLETE
1234,26.3842319496083,2026-07-22 11:37:18.639404,2026-07-22 11:41:04.875256,0 days 00:03:46.235852,10,1.7,61.0,33.0,5,0.1,0.001,11,2.6,6,0.0,-55.636812954721385,-38.68058666559366,-24.962308677756287,26.3842319496083,0.0,-8.006082388628545,370.0,COMPLETE
1235,30.03713842778518,2026-07-22 11:37:22.508586,2026-07-22 11:41:12.881871,0 days 00:03:50.373285,10,1.5,61.0,31.0,5,0.1,0.001,11,2.6,6,0.0,-94.04859131142172,-61.27478700801345,-25.48483846725252,30.03713842778518,0.0,7.288965836155748,428.0,COMPLETE
1236,25.777326900289626,2026-07-22 11:37:55.820035,2026-07-22 11:41:40.791333,0 days 00:03:44.971298,11,1.5,61.0,31.0,5,0.1,0.001,11,2.6,12,0.0,-88.97757085446965,-67.34578244204415,-34.60050900083246,25.777326900289626,0.0,-12.968720588406917,383.0,COMPLETE
1237,29.284153830255786,2026-07-22 11:38:37.963934,2026-07-22 11:42:29.396836,0 days 00:03:51.432902,11,1.5,61.0,31.0,5,0.1,0.001,10,2.6,6,0.0,-83.59314456715414,-53.772310480452326,-28.596492364909636,29.284153830255786,0.0,1.2243417217922077,417.0,COMPLETE
1238,26.70303162163792,2026-07-22 11:38:45.768728,2026-07-22 11:42:33.046062,0 days 00:03:47.277334,11,1.5,61.0,31.0,5,0.1,0.002,10,2.6,6,0.0,-74.39301594450424,-50.991075200981165,-25.20023874148611,26.70303162163792,0.0,-1.7982979979630673,384.0,COMPLETE
1239,26.70303162163792,2026-07-22 11:39:01.533916,2026-07-22 11:42:46.167810,0 days 00:03:44.633894,11,1.5,61.0,31.0,5,0.1,0.002,10,2.6,6,0.0,-74.39301594450424,-50.991075200981165,-25.20023874148611,26.70303162163792,0.0,-1.7982979979630673,384.0,COMPLETE
1240,26.70303162163792,2026-07-22 11:39:56.135921,2026-07-22 11:43:44.743928,0 days 00:03:48.608007,11,1.5,61.0,31.0,5,0.1,0.002,10,2.6,6,0.0,-74.39301594450424,-50.991075200981165,-25.20023874148611,26.70303162163792,0.0,-1.7982979979630673,384.0,COMPLETE
1241,24.116323445837395,2026-07-22 11:40:01.670911,2026-07-22 11:43:49.893291,0 days 00:03:48.222380,11,1.5,61.0,31.0,5,0.1,0.002,35,2.6,6,0.0,-77.34297370983927,-57.35326376225023,-31.23293092853133,24.116323445837395,0.0,-11.243220980942233,355.0,COMPLETE
1242,26.70303162163792,2026-07-22 11:40:43.432330,2026-07-22 11:44:34.044437,0 days 00:03:50.612107,11,1.5,61.0,31.0,5,0.1,0.002,10,2.6,6,0.0,-74.39301594450424,-50.991075200981165,-25.20023874148611,26.70303162163792,0.0,-1.7982979979630673,384.0,COMPLETE
1243,26.70303162163792,2026-07-22 11:40:50.168935,2026-07-22 11:44:40.336635,0 days 00:03:50.167700,11,1.5,61.0,31.0,5,0.1,0.002,10,2.6,6,0.0,-74.39301594450424,-50.991075200981165,-25.20023874148611,26.70303162163792,0.0,-1.7982979979630673,384.0,COMPLETE
1244,26.70303162163792,2026-07-22 11:41:04.935252,2026-07-22 11:44:53.302747,0 days 00:03:48.367495,11,1.5,61.0,31.0,5,0.1,0.002,10,2.6,6,0.0,-74.39301594450424,-50.991075200981165,-25.20023874148611,26.70303162163792,0.0,-1.7982979979630673,384.0,COMPLETE
1245,26.70303162163792,2026-07-22 11:41:12.943051,2026-07-22 11:45:01.570027,0 days 00:03:48.626976,11,1.5,61.0,31.0,5,0.1,0.002,10,2.6,6,0.0,-74.39301594450424,-50.991075200981165,-25.20023874148611,26.70303162163792,0.0,-1.7982979979630673,384.0,COMPLETE
1246,26.70303162163792,2026-07-22 11:41:40.847688,2026-07-22 11:45:22.797748,0 days 00:03:41.950060,11,1.5,61.0,31.0,5,0.1,0.002,10,2.7,6,0.0,-74.39301594450424,-50.991075200981165,-25.20023874148611,26.70303162163792,0.0,-1.7982979979630673,384.0,COMPLETE
1247,26.70303162163792,2026-07-22 11:42:29.449471,2026-07-22 11:46:17.269278,0 days 00:03:47.819807,11,1.5,61.0,31.0,5,0.2,0.002,10,2.7,6,0.0,-74.39301594450424,-50.991075200981165,-25.20023874148611,26.70303162163792,0.0,-1.7982979979630673,384.0,COMPLETE
1248,29.30779465175919,2026-07-22 11:42:33.176249,2026-07-22 11:46:24.628543,0 days 00:03:51.452294,11,1.5,61.0,32.0,5,0.2,0.001,10,2.7,6,0.0,-86.32609591090268,-59.046202483724834,-24.920618533420836,29.30779465175919,0.0,2.359274893757065,419.0,COMPLETE
1249,29.074602464583236,2026-07-22 11:42:46.228898,2026-07-22 11:46:35.087176,0 days 00:03:48.858278,11,1.5,61.0,34.0,5,0.2,0.001,10,2.7,6,0.0,-86.96369820251425,-61.72658362632053,-24.953165548130144,29.074602464583236,0.0,0.28394902806363076,417.0,COMPLETE
1250,20.998338370129865,2026-07-22 11:43:44.813120,2026-07-22 11:47:30.946392,0 days 00:03:46.133272,11,1.5,60.0,32.0,18,0.2,0.001,10,2.7,6,0.0,-66.39696572016271,-45.77124002951987,-28.50867430839598,20.998338370129865,0.0,-7.882948617753132,307.0,COMPLETE
1251,30.03172236500013,2026-07-22 11:43:50.036630,2026-07-22 11:47:40.448789,0 days 00:03:50.412159,10,1.5,60.0,32.0,5,0.2,0.001,10,2.7,6,0.0,-101.39224067243495,-69.56467187209351,-18.52173784587663,30.03172236500013,0.0,13.305830954464824,429.0,COMPLETE
1252,28.756683314746546,2026-07-22 11:44:34.113740,2026-07-22 11:48:24.216972,0 days 00:03:50.103232,10,1.6,60.0,32.0,5,0.2,0.001,10,2.7,6,0.0,-78.5164399843584,-51.1044036106018,-14.14301357384604,28.756683314746546,0.0,13.269022799910609,402.0,COMPLETE
1253,28.408254479897806,2026-07-22 11:44:40.409615,2026-07-22 11:48:29.734045,0 days 00:03:49.324430,10,1.6,60.0,34.0,5,0.2,0.001,10,2.7,6,0.0,-77.52094201168784,-51.644041090998954,-14.341866543845764,28.408254479897806,0.0,11.535034376843182,398.0,COMPLETE
1254,28.408254479897806,2026-07-22 11:44:53.364864,2026-07-22 11:48:42.899872,0 days 00:03:49.535008,10,1.6,60.0,34.0,5,0.2,0.001,10,2.7,6,0.0,-77.52094201168784,-51.644041090998954,-14.341866543845764,28.408254479897806,0.0,11.535034376843182,398.0,COMPLETE
1255,26.49581834231106,2026-07-22 11:45:01.619674,2026-07-22 11:48:50.259522,0 days 00:03:48.639848,10,1.6,60.0,34.0,6,0.2,0.001,10,2.7,9,0.0,-88.19740212975371,-62.05109271562572,-19.865821547370736,26.49581834231106,0.0,6.280487866757314,382.0,COMPLETE
1256,28.26421480479231,2026-07-22 11:45:22.860348,2026-07-22 11:49:06.396657,0 days 00:03:43.536309,10,1.6,60.0,32.0,6,0.2,0.001,10,2.8,6,0.0,-76.73672136427929,-48.92686211295189,-16.408940026285414,28.26421480479231,0.0,11.400919225042026,395.0,COMPLETE
1257,28.454673167789597,2026-07-22 11:46:17.333960,2026-07-22 11:50:06.380918,0 days 00:03:49.046958,10,1.6,60.0,34.0,6,0.2,0.001,11,2.8,6,0.0,-82.91722534752155,-52.2640025195151,-22.629116369969577,28.454673167789597,0.0,8.02410645803693,402.0,COMPLETE
1258,24.463835641597704,2026-07-22 11:46:24.697809,2026-07-22 11:50:10.410667,0 days 00:03:45.712858,10,1.6,60.0,32.0,6,0.0,0.001,11,2.7,6,0.0,-61.37403636420916,-61.90732150029946,-17.222138193213876,24.463835641597704,0.0,-17.755423329304225,354.0,COMPLETE
1259,21.918325551458047,2026-07-22 11:46:35.146753,2026-07-22 11:50:18.317175,0 days 00:03:43.170422,21,1.6,79.0,32.0,6,0.0,0.001,11,2.8,7,0.0,-64.91432005853838,-60.42994832045515,-44.960413183918895,21.918325551458047,0.0,-40.476041445835634,334.0,COMPLETE
1260,23.86645620914696,2026-07-22 11:47:30.998065,2026-07-22 11:51:17.091324,0 days 00:03:46.093259,10,1.6,60.0,32.0,6,0.0,0.001,11,2.8,7,0.0,-64.3283832756511,-65.51334513418072,-15.71920978815058,23.86645620914696,0.0,-16.904171646680258,348.0,COMPLETE
1261,21.590357430928705,2026-07-22 11:47:40.509802,2026-07-22 11:51:26.401591,0 days 00:03:45.891789,10,1.6,60.0,32.0,6,0.0,0.001,11,2.8,10,0.0,-63.97391045657295,-68.47822435715607,-20.308815225714373,21.590357430928705,0.0,-24.81312912629754,323.0,COMPLETE
1262,19.260479823771718,2026-07-22 11:48:24.280434,2026-07-22 11:52:08.451110,0 days 00:03:44.170676,10,1.6,62.0,32.0,13,0.0,0.001,11,2.8,7,0.0,-50.951418293865395,-55.19706992369974,-12.566130354046448,19.260479823771718,0.0,-16.811781983880827,282.0,COMPLETE
1263,9.954459777572536,2026-07-22 11:48:29.796039,2026-07-22 11:52:08.092117,0 days 00:03:38.296078,10,2.8,62.0,32.0,15,0.0,0.001,11,2.8,7,0.0,0.0,-11.54228843556148,-15.042176485421198,9.954459777572536,0.0,-26.584464920982636,148.0,COMPLETE
1264,25.17380811902491,2026-07-22 11:48:42.955006,2026-07-22 11:52:29.109983,0 days 00:03:46.154977,10,1.5,62.0,32.0,6,0.0,0.001,11,2.8,7,0.0,-67.58240218665843,-73.67376294230698,-10.387680254226,25.17380811902491,0.0,-16.479041009874667,366.0,COMPLETE
1265,25.17380811902491,2026-07-22 11:48:50.318014,2026-07-22 11:52:38.393945,0 days 00:03:48.075931,10,1.5,62.0,32.0,6,0.0,0.001,11,2.8,7,0.0,-67.58240218665843,-73.67376294230698,-10.387680254226,25.17380811902491,0.0,-16.479041009874667,366.0,COMPLETE
1266,22.996648943692794,2026-07-22 11:49:06.458011,2026-07-22 11:52:48.461304,0 days 00:03:42.003293,10,1.5,62.0,32.0,6,0.0,0.001,11,2.8,10,0.0,-67.22792936758027,-76.22556884487317,-14.9772856917898,22.996648943692794,0.0,-23.974925169082766,342.0,COMPLETE
1267,25.765355310152366,2026-07-22 11:50:06.436889,2026-07-22 11:53:53.498269,0 days 00:03:47.061380,10,1.5,62.0,32.0,5,0.0,0.001,11,2.8,7,0.0,-69.82311418402217,-73.60936909152099,-11.55785293041092,25.765355310152366,0.0,-15.344107837909812,374.0,COMPLETE
1268,24.293404123309745,2026-07-22 11:50:10.465215,2026-07-22 11:53:58.588440,0 days 00:03:48.123225,10,1.5,62.0,32.0,5,0.0,0.001,28,2.8,7,0.0,-70.20420917799882,-71.86760841598228,-14.3107857827232,24.293404123309745,0.0,-15.974185020706722,356.0,COMPLETE
1269,25.765355310152366,2026-07-22 11:50:18.381037,2026-07-22 11:54:04.204390,0 days 00:03:45.823353,10,1.5,62.0,32.0,5,0.0,0.001,11,2.8,7,0.0,-69.82311418402217,-73.60936909152099,-11.55785293041092,25.765355310152366,0.0,-15.344107837909812,374.0,COMPLETE
1270,25.765355310152366,2026-07-22 11:51:17.144167,2026-07-22 11:55:06.498248,0 days 00:03:49.354081,10,1.5,62.0,32.0,5,0.0,0.001,11,2.8,7,0.0,-69.82311418402217,-73.60936909152099,-11.55785293041092,25.765355310152366,0.0,-15.344107837909812,374.0,COMPLETE
1271,30.03713842778518,2026-07-22 11:51:26.455648,2026-07-22 11:55:15.962011,0 days 00:03:49.506363,10,1.5,62.0,31.0,5,0.1,0.001,11,2.8,6,0.0,-94.04859131142172,-61.27478700801345,-25.48483846725252,30.03713842778518,0.0,7.288965836155748,428.0,COMPLETE
1272,30.03713842778518,2026-07-22 11:52:08.150443,2026-07-22 11:55:59.247304,0 days 00:03:51.096861,10,1.5,62.0,31.0,5,0.1,0.001,11,2.8,6,0.0,-94.04859131142172,-61.27478700801345,-25.48483846725252,30.03713842778518,0.0,7.288965836155748,428.0,COMPLETE
1273,21.502234690229603,2026-07-22 11:52:08.566863,2026-07-22 11:55:50.553335,0 days 00:03:41.986472,10,1.9,61.0,31.0,5,0.1,0.001,11,2.8,6,0.0,-63.433306449242664,-36.19609270780891,-38.344789041613325,21.502234690229603,0.0,-11.107575300179581,314.0,COMPLETE
1274,30.03713842778518,2026-07-22 11:52:29.166161,2026-07-22 11:56:19.852405,0 days 00:03:50.686244,10,1.5,61.0,31.0,5,0.1,0.001,11,2.8,6,0.0,-94.04859131142172,-61.27478700801345,-25.48483846725252,30.03713842778518,0.0,7.288965836155748,428.0,COMPLETE
1275,17.476835219500003,2026-07-22 11:52:38.450217,2026-07-22 11:56:17.374623,0 days 00:03:38.924406,11,1.5,78.0,31.0,17,0.1,0.001,10,2.8,6,0.0,-20.12954099543086,-20.617788994576983,-21.603243117947933,17.476835219500003,0.0,-22.09149111709407,247.0,COMPLETE
1276,29.284153830255786,2026-07-22 11:52:48.522121,2026-07-22 11:56:33.717141,0 days 00:03:45.195020,11,1.5,61.0,31.0,5,0.1,0.001,10,2.8,6,0.0,-83.59314456715414,-53.772310480452326,-28.596492364909636,29.284153830255786,0.0,1.2243417217922077,417.0,COMPLETE
1277,29.284153830255786,2026-07-22 11:53:53.556388,2026-07-22 11:57:45.885167,0 days 00:03:52.328779,11,1.5,61.0,31.0,5,0.1,0.001,10,2.8,6,0.0,-83.59314456715414,-53.772310480452326,-28.596492364909636,29.284153830255786,0.0,1.2243417217922077,417.0,COMPLETE
1278,29.284153830255786,2026-07-22 11:53:58.647617,2026-07-22 11:57:49.621752,0 days 00:03:50.974135,11,1.5,61.0,31.0,5,0.1,0.001,10,2.7,6,0.0,-83.59314456715414,-53.772310480452326,-28.596492364909636,29.284153830255786,0.0,1.2243417217922077,417.0,COMPLETE
1279,21.528106489105024,2026-07-22 11:54:04.259801,2026-07-22 11:57:44.731249,0 days 00:03:40.471448,11,1.5,61.0,31.0,5,0.1,0.004,10,2.7,6,0.0,-44.36330428829666,-36.30029030737045,-28.288324832805266,21.528106489105024,0.0,-20.225310851879076,311.0,COMPLETE
1280,11.104317553557472,2026-07-22 11:55:06.567579,2026-07-22 11:58:43.551529,0 days 00:03:36.983950,11,3.0,78.0,31.0,5,0.1,0.001,10,2.7,6,0.0,0.0,-12.412443792783199,-11.57935438376338,11.104317553557472,0.0,-23.991798176546578,161.0,COMPLETE
1281,27.142413941685277,2026-07-22 11:55:16.020318,2026-07-22 11:59:03.542458,0 days 00:03:47.522140,11,1.5,78.0,31.0,5,0.1,0.001,10,2.7,6,0.0,-71.6363251637996,-44.04844769974856,-35.75339212035154,27.142413941685277,0.0,-8.165514656300473,389.0,COMPLETE
1282,29.284153830255786,2026-07-22 11:55:50.613437,2026-07-22 11:59:44.594897,0 days 00:03:53.981460,11,1.5,61.0,31.0,5,0.1,0.001,10,2.7,6,0.0,-83.59314456715414,-53.772310480452326,-28.596492364909636,29.284153830255786,0.0,1.2243417217922077,417.0,COMPLETE
1283,29.66413302715326,2026-07-22 11:55:59.318227,2026-07-22 11:59:51.396554,0 days 00:03:52.078327,11,1.5,61.0,31.0,5,0.1,0.001,10,2.7,5,0.0,-92.38309206312631,-52.64317660182622,-35.432883549693926,29.66413302715326,0.0,4.307031911606114,425.0,COMPLETE
1284,29.66413302715326,2026-07-22 11:56:17.432989,2026-07-22 12:00:09.727436,0 days 00:03:52.294447,11,1.5,61.0,31.0,5,0.1,0.001,10,2.7,5,0.0,-92.38309206312631,-52.64317660182622,-35.432883549693926,29.66413302715326,0.0,4.307031911606114,425.0,COMPLETE
1285,25.777326900289626,2026-07-22 11:56:19.909256,2026-07-22 12:00:10.117167,0 days 00:03:50.207911,11,1.5,61.0,31.0,5,0.1,0.001,10,2.7,13,0.0,-88.97757085446965,-67.34578244204415,-34.60050900083246,25.777326900289626,0.0,-12.968720588406917,383.0,COMPLETE
1286,29.31163026243111,2026-07-22 11:56:33.771684,2026-07-22 12:00:19.288232,0 days 00:03:45.516548,12,1.5,73.0,31.0,5,0.1,0.001,10,2.7,5,0.0,-110.12341904406249,-67.30033994010833,-46.78516123665992,29.31163026243111,0.0,-3.9620821327058175,433.0,COMPLETE
1287,29.859028711652762,2026-07-22 11:57:44.782014,2026-07-22 12:01:33.872889,0 days 00:03:49.090875,12,1.5,61.0,31.0,5,0.2,0.001,10,2.7,5,0.0,-117.39877284030852,-81.01132287707527,-36.251725382043304,29.859028711652762,0.0,0.13572458118988395,443.0,COMPLETE
1288,29.932331134394268,2026-07-22 11:57:45.941719,2026-07-22 12:01:38.275230,0 days 00:03:52.333511,12,1.5,61.0,32.0,5,0.2,0.001,12,2.7,5,0.0,-112.41722916878207,-81.01132287707527,-33.80803637604704,29.932331134394268,0.0,-2.4021300843402944,443.0,COMPLETE
1289,29.932331134394268,2026-07-22 11:57:49.675034,2026-07-22 12:01:40.298674,0 days 00:03:50.623640,12,1.5,61.0,32.0,5,0.2,0.001,12,2.7,5,0.0,-112.41722916878207,-81.01132287707527,-33.80803637604704,29.932331134394268,0.0,-2.4021300843402944,443.0,COMPLETE
1290,25.26661979877569,2026-07-22 11:58:43.611716,2026-07-22 12:02:32.379984,0 days 00:03:48.768268,12,1.5,61.0,23.0,5,1.1,0.001,12,2.7,5,0.0,-79.55722866700616,-70.64458525507256,-19.798158624795587,25.26661979877569,0.0,-10.885515212862053,370.0,COMPLETE
1291,30.162725106204142,2026-07-22 11:59:03.593901,2026-07-22 12:02:54.672271,0 days 00:03:51.078370,10,1.5,61.0,32.0,5,0.2,0.001,12,2.7,5,0.0,-107.87878810356614,-68.28544963397337,-27.742739478302603,30.162725106204142,0.0,11.850598991290175,435.0,COMPLETE
1292,29.932331134394268,2026-07-22 11:59:44.654341,2026-07-22 12:03:37.630173,0 days 00:03:52.975832,12,1.5,61.0,32.0,5,0.2,0.001,12,2.7,5,0.0,-112.41722916878207,-81.01132287707527,-33.80803637604704,29.932331134394268,0.0,-2.4021300843402944,443.0,COMPLETE
1293,14.024728325552339,2026-07-22 11:59:51.466193,2026-07-22 12:03:31.019771,0 days 00:03:39.553578,12,2.5,61.0,32.0,5,0.2,0.001,12,2.7,5,0.0,-24.632058896432877,-10.783734820679879,-24.235145821356372,14.024728325552339,0.0,-10.386821745603376,202.0,COMPLETE
1294,29.932331134394268,2026-07-22 12:00:09.784101,2026-07-22 12:04:02.949087,0 days 00:03:53.164986,12,1.5,61.0,32.0,5,0.2,0.001,12,2.7,5,0.0,-112.41722916878207,-81.01132287707527,-33.80803637604704,29.932331134394268,0.0,-2.4021300843402944,443.0,COMPLETE
1295,29.932331134394268,2026-07-22 12:00:10.188803,2026-07-22 12:04:02.492788,0 days 00:03:52.303985,12,1.5,61.0,32.0,5,0.2,0.001,12,2.5,5,0.0,-112.41722916878207,-81.01132287707527,-33.80803637604704,29.932331134394268,0.0,-2.4021300843402944,443.0,COMPLETE
1296,30.162725106204142,2026-07-22 12:00:19.339550,2026-07-22 12:04:04.135660,0 days 00:03:44.796110,10,1.5,61.0,32.0,5,0.2,0.001,12,2.5,5,0.0,-107.87878810356614,-68.28544963397337,-27.742739478302603,30.162725106204142,0.0,11.850598991290175,435.0,COMPLETE
1297,13.625970523727005,2026-07-22 12:01:33.943506,2026-07-22 12:05:07.566963,0 days 00:03:33.623457,10,2.4,61.0,32.0,5,0.2,0.001,12,2.8,5,0.0,-9.173264918083753,-11.920283512843532,-19.36619499998398,13.625970523727005,0.0,-22.113213594743737,196.0,COMPLETE
1298,30.162725106204142,2026-07-22 12:01:38.333052,2026-07-22 12:05:28.597964,0 days 00:03:50.264912,10,1.5,61.0,32.0,5,0.2,0.001,12,2.8,5,0.0,-107.87878810356614,-68.28544963397337,-27.742739478302603,30.162725106204142,0.0,11.850598991290175,435.0,COMPLETE
1299,25.49811439570768,2026-07-22 12:01:40.354247,2026-07-22 12:05:30.028747,0 days 00:03:49.674500,10,1.5,61.0,33.0,6,0.2,0.001,12,2.8,14,0.0,-115.46050959022185,-90.55573627259132,-31.095743520508158,25.49811439570768,0.0,-6.190970202877598,390.0,COMPLETE
1300,29.65052777546759,2026-07-22 12:02:32.436932,2026-07-22 12:06:24.549453,0 days 00:03:52.112521,10,1.5,60.0,32.0,6,0.2,0.001,12,2.6,5,0.0,-106.21255665152827,-64.67916792212037,-32.8357816785759,29.65052777546759,0.0,8.69760705083204,429.0,COMPLETE
1301,26.614926477662763,2026-07-22 12:02:54.732736,2026-07-22 12:06:43.077732,0 days 00:03:48.344996,10,1.5,60.0,33.0,6,1.2000000000000002,0.001,11,2.8,5,0.0,-86.81545292782306,-72.46757668867374,-23.746173407511943,26.614926477662763,0.0,-9.398297168362733,391.0,COMPLETE
1302,29.76654076447822,2026-07-22 12:03:31.088210,2026-07-22 12:07:22.098366,0 days 00:03:51.010156,10,1.5,60.0,33.0,6,0.2,0.001,11,2.6,5,0.0,-113.09369964322315,-68.28544963397337,-36.11064295841777,29.76654076447822,0.0,8.69760705083204,434.0,COMPLETE
1303,28.936690476316844,2026-07-22 12:03:37.689572,2026-07-22 12:07:28.280718,0 days 00:03:50.591146,10,1.6,60.0,33.0,6,0.2,0.001,11,2.6,5,0.0,-81.42171970692773,-51.154122662616295,-21.58924584269123,28.936690476316844,0.0,8.678351201620234,407.0,COMPLETE
1304,28.715708155795795,2026-07-22 12:04:02.546132,2026-07-22 12:07:50.809179,0 days 00:03:48.263047,10,1.6,60.0,33.0,7,0.1,0.001,11,2.8,5,0.0,-70.5286800909626,-42.69204105967513,-19.9778226778462,28.715708155795795,0.0,7.858816353441278,399.0,COMPLETE
1305,26.357145521887965,2026-07-22 12:04:03.009169,2026-07-22 12:07:50.951526,0 days 00:03:47.942357,10,1.6,60.0,26.0,6,0.1,0.001,11,2.8,6,0.0,-79.42348600376971,-52.29803170030065,-23.395836335241714,26.357145521887965,0.0,3.7296179682273163,375.0,COMPLETE
1306,28.34022649001629,2026-07-22 12:04:04.194889,2026-07-22 12:07:46.462964,0 days 00:03:42.268075,10,1.6,62.0,33.0,6,0.1,0.001,11,2.6,6,0.0,-79.42918831096476,-48.864411052895385,-23.265208967895607,28.34022649001629,0.0,7.299568290173813,399.0,COMPLETE
1307,28.47444305602667,2026-07-22 12:05:07.636951,2026-07-22 12:08:54.266245,0 days 00:03:46.629294,10,1.6,60.0,33.0,6,0.1,0.001,11,2.6,6,0.0,-78.29849366349067,-46.47085350459535,-24.528071868721558,28.47444305602667,0.0,7.299568290173813,400.0,COMPLETE
1308,21.514260965413644,2026-07-22 12:05:28.651484,2026-07-22 12:09:12.647977,0 days 00:03:43.996493,10,1.6,62.0,33.0,6,1.6,0.001,11,2.6,6,0.0,-53.14226345293371,-61.11473574885544,-12.735248634723137,21.514260965413644,0.0,-20.70772093064493,314.0,COMPLETE
1309,28.34022649001629,2026-07-22 12:05:30.086760,2026-07-22 12:09:19.962270,0 days 00:03:49.875510,10,1.6,62.0,33.0,6,0.1,0.001,11,2.6,6,0.0,-79.42918831096476,-48.864411052895385,-23.265208967895607,28.34022649001629,0.0,7.299568290173813,399.0,COMPLETE
1310,28.34022649001629,2026-07-22 12:06:24.620329,2026-07-22 12:10:13.746073,0 days 00:03:49.125744,10,1.6,62.0,33.0,6,0.1,0.001,11,2.6,6,0.0,-79.42918831096476,-48.864411052895385,-23.265208967895607,28.34022649001629,0.0,7.299568290173813,399.0,COMPLETE
1311,28.34022649001629,2026-07-22 12:06:43.133079,2026-07-22 12:10:30.289398,0 days 00:03:47.156319,10,1.6,62.0,33.0,6,0.1,0.001,11,2.6,6,0.0,-79.42918831096476,-48.864411052895385,-23.265208967895607,28.34022649001629,0.0,7.299568290173813,399.0,COMPLETE
1312,27.555518943567435,2026-07-22 12:07:22.158138,2026-07-22 12:11:12.719658,0 days 00:03:50.561520,11,1.6,62.0,33.0,5,0.1,0.001,10,2.8,6,0.0,-82.34726668591429,-62.72841442730555,-22.713806129455605,27.555518943567435,0.0,-3.0949538708467843,397.0,COMPLETE
1313,15.2835571925756,2026-07-22 12:07:28.348699,2026-07-22 12:11:08.755825,0 days 00:03:40.407126,11,1.6,62.0,31.0,5,0.1,0.006,10,2.8,6,0.0,-16.922778650134624,-29.371347059739584,-18.94774725167038,15.2835571925756,0.0,-31.396315661275327,223.0,COMPLETE
