number,value,datetime_start,datetime_complete,duration,params_MAX_POSITION_PCT,params_MAX_RISK_PCT,params_MR_MIN_RR,params_MR_STOP_MULT,params_RISK_TIER_EQUITY_PCT,params_TP_MIN_RR,params_TP_STOP_MULT,user_attrs_BTC_PnL,user_attrs_MB_PnL,user_attrs_MR_PnL,user_attrs_QQQ_PnL,user_attrs_SPY_PnL,user_attrs_Score,user_attrs_TF_PnL,user_attrs_TP_PnL,user_attrs_Total_Trades,state
152,-6.163195467662209,2026-06-19 03:09:02.178904,2026-06-19 03:11:41.732080,0 days 00:02:39.553176,1.5,0.03,1.0,3.0,0.05,1.8,2.5,-41.95360943424255,-41.95360943424255,372.03756108544536,217.60882031191068,409.14448636675263,-6.163195467662209,0.0,254.71574559321772,69.0,COMPLETE
153,-6.163195467662209,2026-06-19 03:09:06.895365,2026-06-19 03:11:46.125437,0 days 00:02:39.230072,1.5,0.03,1.0,3.0,0.05,1.8,2.5,-41.95360943424255,-41.95360943424255,372.03756108544536,217.60882031191068,409.14448636675263,-6.163195467662209,0.0,254.71574559321772,69.0,COMPLETE
154,-9.384034235865261,2026-06-19 03:09:11.593221,2026-06-19 03:11:52.122226,0 days 00:02:40.529005,1.0,0.03,1.0,3.0,0.05,1.8,2.5,-42.866721052689634,-42.866721052689634,255.40406384265498,121.79047818432022,273.1246761685282,-9.384034235865261,0.0,139.51109051019347,58.0,COMPLETE
155,-9.384034235865261,2026-06-19 03:09:35.705222,2026-06-19 03:12:17.872761,0 days 00:02:42.167539,1.0,0.03,1.0,3.0,0.05,1.8,2.5,-42.866721052689634,-42.866721052689634,255.40406384265498,121.79047818432022,273.1246761685282,-9.384034235865261,0.0,139.51109051019347,58.0,COMPLETE
156,-6.163195467662209,2026-06-19 03:09:54.626269,2026-06-19 03:12:38.447505,0 days 00:02:43.821236,1.5,0.03,1.0,3.0,0.05,1.8,2.5,-41.95360943424255,-41.95360943424255,372.03756108544536,217.60882031191068,409.14448636675263,-6.163195467662209,0.0,254.71574559321772,69.0,COMPLETE
157,-9.384034235865261,2026-06-19 03:09:54.859933,2026-06-19 03:12:37.703751,0 days 00:02:42.843818,1.0,0.03,1.0,3.0,0.05,1.8,2.5,-42.866721052689634,-42.866721052689634,255.40406384265498,121.79047818432022,273.1246761685282,-9.384034235865261,0.0,139.51109051019347,58.0,COMPLETE
158,-9.384034235865261,2026-06-19 03:09:56.556217,2026-06-19 03:12:38.800228,0 days 00:02:42.244011,1.0,0.03,1.0,3.0,0.05,1.8,2.5,-42.866721052689634,-42.866721052689634,255.40406384265498,121.79047818432022,273.1246761685282,-9.384034235865261,0.0,139.51109051019347,58.0,COMPLETE
159,-9.384034235865261,2026-06-19 03:09:59.502882,2026-06-19 03:12:41.851839,0 days 00:02:42.348957,1.0,0.03,1.0,3.0,0.05,1.8,2.5,-42.866721052689634,-42.866721052689634,255.40406384265498,121.79047818432022,273.1246761685282,-9.384034235865261,0.0,139.51109051019347,58.0,COMPLETE
160,-9.384034235865261,2026-06-19 03:11:41.761399,2026-06-19 03:14:21.345814,0 days 00:02:39.584415,1.0,0.03,1.0,3.0,0.05,1.8,2.5,-42.866721052689634,-42.866721052689634,255.40406384265498,121.79047818432022,273.1246761685282,-9.384034235865261,0.0,139.51109051019347,58.0,COMPLETE
161,-1340.0,2026-06-19 03:11:46.153553,2026-06-19 03:14:25.766220,0 days 00:02:39.612667,1.0,0.03,1.0,3.0,0.05,1.8,2.3,-42.866721052689634,-42.866721052689634,255.40406384265498,-2.6069293776967726,260.9888502962893,-1340.0,0.0,2.97785707593762,16.0,COMPLETE
162,-9.384034235865261,2026-06-19 03:11:52.155784,2026-06-19 03:14:34.231936,0 days 00:02:42.076152,1.0,0.03,1.0,3.0,0.05,1.8,2.5,-42.866721052689634,-42.866721052689634,255.40406384265498,121.79047818432022,273.1246761685282,-9.384034235865261,0.0,139.51109051019347,58.0,COMPLETE
163,-9.384034235865261,2026-06-19 03:12:17.909278,2026-06-19 03:15:00.513546,0 days 00:02:42.604268,1.0,0.03,1.0,3.0,0.05,1.8,2.5,-42.866721052689634,-42.866721052689634,255.40406384265498,121.79047818432022,273.1246761685282,-9.384034235865261,0.0,139.51109051019347,58.0,COMPLETE
164,-9.384034235865261,2026-06-19 03:12:37.733698,2026-06-19 03:15:20.241930,0 days 00:02:42.508232,1.0,0.03,1.0,3.0,0.05,1.8,2.5,-42.866721052689634,-42.866721052689634,255.40406384265498,121.79047818432022,273.1246761685282,-9.384034235865261,0.0,139.51109051019347,58.0,COMPLETE
165,-9.384034235865261,2026-06-19 03:12:38.480341,2026-06-19 03:15:22.673540,0 days 00:02:44.193199,1.0,0.03,1.0,3.0,0.05,1.8,2.5,-42.866721052689634,-42.866721052689634,255.40406384265498,121.79047818432022,273.1246761685282,-9.384034235865261,0.0,139.51109051019347,58.0,COMPLETE
166,-9.384034235865261,2026-06-19 03:12:38.829695,2026-06-19 03:15:22.377583,0 days 00:02:43.547888,1.0,0.03,1.0,3.0,0.05,1.8,2.5,-42.866721052689634,-42.866721052689634,255.40406384265498,121.79047818432022,273.1246761685282,-9.384034235865261,0.0,139.51109051019347,58.0,COMPLETE
167,-9.384034235865261,2026-06-19 03:12:41.884604,2026-06-19 03:15:24.186264,0 days 00:02:42.301660,1.0,0.03,1.0,3.0,0.05,1.8,2.5,-42.866721052689634,-42.866721052689634,255.40406384265498,121.79047818432022,273.1246761685282,-9.384034235865261,0.0,139.51109051019347,58.0,COMPLETE
168,-9.384034235865261,2026-06-19 03:14:21.373586,2026-06-19 03:17:01.256285,0 days 00:02:39.882699,1.0,0.03,1.0,3.0,0.05,1.8,2.5,-42.866721052689634,-42.866721052689634,255.40406384265498,121.79047818432022,273.1246761685282,-9.384034235865261,0.0,139.51109051019347,58.0,COMPLETE
169,-9.384034235865261,2026-06-19 03:14:25.796725,2026-06-19 03:17:05.074303,0 days 00:02:39.277578,1.0,0.03,1.0,3.0,0.05,1.8,2.5,-42.866721052689634,-42.866721052689634,255.40406384265498,121.79047818432022,273.1246761685282,-9.384034235865261,0.0,139.51109051019347,58.0,COMPLETE
170,-9.384034235865261,2026-06-19 03:14:34.267554,2026-06-19 03:17:15.016361,0 days 00:02:40.748807,1.0,0.03,1.0,3.0,0.05,1.8,2.5,-42.866721052689634,-42.866721052689634,255.40406384265498,121.79047818432022,273.1246761685282,-9.384034235865261,0.0,139.51109051019347,58.0,COMPLETE
171,-6.163195467662209,2026-06-19 03:15:00.541788,2026-06-19 03:17:42.998367,0 days 00:02:42.456579,1.5,0.03,1.0,3.0,0.05,1.8,2.5,-41.95360943424255,-41.95360943424255,372.03756108544536,217.60882031191068,409.14448636675263,-6.163195467662209,0.0,254.71574559321772,69.0,COMPLETE
172,-9.384034235865261,2026-06-19 03:15:20.270199,2026-06-19 03:18:02.883413,0 days 00:02:42.613214,1.0,0.03,1.0,3.0,0.05,1.8,2.5,-42.866721052689634,-42.866721052689634,255.40406384265498,121.79047818432022,273.1246761685282,-9.384034235865261,0.0,139.51109051019347,58.0,COMPLETE
173,-6.214514170118511,2026-06-19 03:15:22.410137,2026-06-19 03:18:05.453974,0 days 00:02:43.043837,1.5,0.03,1.0,2.9000000000000004,0.05,1.8,2.5,-41.95360943424255,-41.95360943424255,357.4890541665054,201.47333617360653,410.7314635861168,-6.214514170118511,0.0,254.71574559321772,70.0,COMPLETE
174,-6.214514170118511,2026-06-19 03:15:22.706274,2026-06-19 03:18:06.071668,0 days 00:02:43.365394,1.5,0.03,1.0,2.9000000000000004,0.05,1.8,2.5,-41.95360943424255,-41.95360943424255,357.4890541665054,201.47333617360653,410.7314635861168,-6.214514170118511,0.0,254.71574559321772,70.0,COMPLETE
175,-6.214514170118511,2026-06-19 03:15:24.215094,2026-06-19 03:18:07.638258,0 days 00:02:43.423164,1.5,0.03,1.0,2.9000000000000004,0.05,1.8,2.5,-41.95360943424255,-41.95360943424255,357.4890541665054,201.47333617360653,410.7314635861168,-6.214514170118511,0.0,254.71574559321772,70.0,COMPLETE
176,-6.214514170118511,2026-06-19 03:17:01.286278,2026-06-19 03:19:41.842897,0 days 00:02:40.556619,1.5,0.03,1.0,2.9000000000000004,0.05,1.8,2.5,-41.95360943424255,-41.95360943424255,357.4890541665054,201.47333617360653,410.7314635861168,-6.214514170118511,0.0,254.71574559321772,70.0,COMPLETE
177,-6.314436405220177,2026-06-19 03:17:05.104339,2026-06-19 03:19:45.538714,0 days 00:02:40.434375,1.5,0.03,1.0,2.9000000000000004,0.05,1.8,2.6,-41.95360943424255,-41.95360943424255,357.4890541665054,179.39663247193283,430.2117027238662,-6.314436405220177,0.0,252.11928102929357,67.0,COMPLETE
178,-6.314436405220177,2026-06-19 03:17:15.048037,2026-06-19 03:19:57.926757,0 days 00:02:42.878720,1.5,0.03,1.0,2.9000000000000004,0.05,1.8,2.6,-41.95360943424255,-41.95360943424255,357.4890541665054,179.39663247193283,430.2117027238662,-6.314436405220177,0.0,252.11928102929357,67.0,COMPLETE
179,-6.314436405220177,2026-06-19 03:17:43.027548,2026-06-19 03:20:26.372506,0 days 00:02:43.344958,1.5,0.03,1.0,2.9000000000000004,0.05,1.8,2.6,-41.95360943424255,-41.95360943424255,357.4890541665054,179.39663247193283,430.2117027238662,-6.314436405220177,0.0,252.11928102929357,67.0,COMPLETE
180,-6.314436405220177,2026-06-19 03:18:02.918371,2026-06-19 03:20:45.118592,0 days 00:02:42.200221,1.5,0.03,1.0,2.9000000000000004,0.05,1.8,2.6,-41.95360943424255,-41.95360943424255,357.4890541665054,179.39663247193283,430.2117027238662,-6.314436405220177,0.0,252.11928102929357,67.0,COMPLETE
181,-6.314436405220177,2026-06-19 03:18:05.483394,2026-06-19 03:20:49.351383,0 days 00:02:43.867989,1.5,0.03,1.0,2.9000000000000004,0.05,1.8,2.6,-41.95360943424255,-41.95360943424255,357.4890541665054,179.39663247193283,430.2117027238662,-6.314436405220177,0.0,252.11928102929357,67.0,COMPLETE
182,-6.314436405220177,2026-06-19 03:18:06.107129,2026-06-19 03:20:49.866093,0 days 00:02:43.758964,1.5,0.03,1.0,2.9000000000000004,0.05,1.8,2.6,-41.95360943424255,-41.95360943424255,357.4890541665054,179.39663247193283,430.2117027238662,-6.314436405220177,0.0,252.11928102929357,67.0,COMPLETE
183,-6.314436405220177,2026-06-19 03:18:07.666201,2026-06-19 03:20:51.260648,0 days 00:02:43.594447,1.5,0.03,1.0,2.9000000000000004,0.05,1.8,2.6,-41.95360943424255,-41.95360943424255,357.4890541665054,179.39663247193283,430.2117027238662,-6.314436405220177,0.0,252.11928102929357,67.0,COMPLETE
184,-6.314436405220177,2026-06-19 03:19:41.873144,2026-06-19 03:22:20.797332,0 days 00:02:38.924188,1.5,0.03,1.0,2.9000000000000004,0.05,1.8,2.6,-41.95360943424255,-41.95360943424255,357.4890541665054,179.39663247193283,430.2117027238662,-6.314436405220177,0.0,252.11928102929357,67.0,COMPLETE
185,-7.114880287232588,2026-06-19 03:19:45.571372,2026-06-19 03:22:24.915240,0 days 00:02:39.343868,1.5,0.03,1.0,2.9000000000000004,0.05,1.9,2.6,-41.95360943424255,-41.95360943424255,357.4890541665054,147.27408373885004,417.51131714498763,-7.114880287232588,0.0,207.2963467173322,64.0,COMPLETE
186,-6.314436405220177,2026-06-19 03:19:57.965118,2026-06-19 03:22:38.956605,0 days 00:02:40.991487,1.5,0.03,1.0,2.9000000000000004,0.05,1.8,2.6,-41.95360943424255,-41.95360943424255,357.4890541665054,179.39663247193283,430.2117027238662,-6.314436405220177,0.0,252.11928102929357,67.0,COMPLETE
187,-8.793840049234236,2026-06-19 03:20:26.410939,2026-06-19 03:23:08.465354,0 days 00:02:42.054415,1.5,0.03,1.0,2.8,0.05,1.8,2.6,-41.95360943424255,-41.95360943424255,196.9927935356289,147.35954278325215,301.75253178167026,-8.793840049234236,0.0,252.11928102929357,67.0,COMPLETE
188,-6.314436405220177,2026-06-19 03:20:45.148301,2026-06-19 03:23:27.157756,0 days 00:02:42.009455,1.5,0.03,1.0,2.9000000000000004,0.05,1.8,2.6,-41.95360943424255,-41.95360943424255,357.4890541665054,179.39663247193283,430.2117027238662,-6.314436405220177,0.0,252.11928102929357,67.0,COMPLETE
189,-8.793840049234236,2026-06-19 03:20:49.377404,2026-06-19 03:23:32.238789,0 days 00:02:42.861385,1.5,0.03,1.0,2.8,0.05,1.8,2.6,-41.95360943424255,-41.95360943424255,196.9927935356289,147.35954278325215,301.75253178167026,-8.793840049234236,0.0,252.11928102929357,67.0,COMPLETE
190,-9.533472655003363,2026-06-19 03:20:49.901749,2026-06-19 03:23:34.062317,0 days 00:02:44.160568,1.5,0.03,1.0,2.8,0.05,1.9,2.6,-41.95360943424255,-41.95360943424255,196.9927935356289,115.23699405016946,289.0521462027916,-9.533472655003363,0.0,207.2963467173322,64.0,COMPLETE
191,-9.533472655003363,2026-06-19 03:20:51.297108,2026-06-19 03:23:34.707538,0 days 00:02:43.410430,1.5,0.03,1.0,2.8,0.05,1.9,2.6,-41.95360943424255,-41.95360943424255,196.9927935356289,115.23699405016946,289.0521462027916,-9.533472655003363,0.0,207.2963467173322,64.0,COMPLETE
192,-9.533472655003363,2026-06-19 03:22:20.829267,2026-06-19 03:25:01.927461,0 days 00:02:41.098194,1.5,0.03,1.0,2.8,0.05,1.9,2.6,-41.95360943424255,-41.95360943424255,196.9927935356289,115.23699405016946,289.0521462027916,-9.533472655003363,0.0,207.2963467173322,64.0,COMPLETE
193,-8.793840049234236,2026-06-19 03:22:24.944743,2026-06-19 03:25:05.551928,0 days 00:02:40.607185,1.5,0.03,1.0,2.8,0.05,1.8,2.6,-41.95360943424255,-41.95360943424255,196.9927935356289,147.35954278325215,301.75253178167026,-8.793840049234236,0.0,252.11928102929357,67.0,COMPLETE
194,-8.793840049234236,2026-06-19 03:22:38.988763,2026-06-19 03:25:20.237222,0 days 00:02:41.248459,1.5,0.03,1.0,2.8,0.05,1.8,2.6,-41.95360943424255,-41.95360943424255,196.9927935356289,147.35954278325215,301.75253178167026,-8.793840049234236,0.0,252.11928102929357,67.0,COMPLETE
195,-8.793840049234236,2026-06-19 03:23:08.491930,2026-06-19 03:25:51.451843,0 days 00:02:42.959913,1.5,0.03,1.0,2.8,0.05,1.8,2.6,-41.95360943424255,-41.95360943424255,196.9927935356289,147.35954278325215,301.75253178167026,-8.793840049234236,0.0,252.11928102929357,67.0,COMPLETE
196,-8.793840049234236,2026-06-19 03:23:27.189600,2026-06-19 03:26:09.714171,0 days 00:02:42.524571,1.5,0.03,1.0,2.8,0.05,1.8,2.6,-41.95360943424255,-41.95360943424255,196.9927935356289,147.35954278325215,301.75253178167026,-8.793840049234236,0.0,252.11928102929357,67.0,COMPLETE
197,-6.314436405220177,2026-06-19 03:23:32.273184,2026-06-19 03:26:14.756219,0 days 00:02:42.483035,1.5,0.03,1.0,2.9000000000000004,0.05,1.8,2.6,-41.95360943424255,-41.95360943424255,357.4890541665054,179.39663247193283,430.2117027238662,-6.314436405220177,0.0,252.11928102929357,67.0,COMPLETE
198,-6.314436405220177,2026-06-19 03:23:34.098009,2026-06-19 03:26:18.282835,0 days 00:02:44.184826,1.5,0.03,1.0,2.9000000000000004,0.05,1.8,2.6,-41.95360943424255,-41.95360943424255,357.4890541665054,179.39663247193283,430.2117027238662,-6.314436405220177,0.0,252.11928102929357,67.0,COMPLETE
199,-6.314436405220177,2026-06-19 03:23:34.747775,2026-06-19 03:26:18.478624,0 days 00:02:43.730849,1.5,0.03,1.0,2.9000000000000004,0.05,1.8,2.6,-41.95360943424255,-41.95360943424255,357.4890541665054,179.39663247193283,430.2117027238662,-6.314436405220177,0.0,252.11928102929357,67.0,COMPLETE
200,-7.22784793072374,2026-06-19 03:25:01.958124,2026-06-19 03:27:42.335795,0 days 00:02:40.377671,1.5,0.03,1.0,2.9000000000000004,0.05,1.8,2.7,-41.95360943424255,-41.95360943424255,357.4890541665054,145.70821423534454,416.30068727560683,-7.22784793072374,0.0,204.519847344446,64.0,COMPLETE
201,-7.22784793072374,2026-06-19 03:25:05.581041,2026-06-19 03:27:45.277670,0 days 00:02:39.696629,1.5,0.03,1.0,2.9000000000000004,0.05,1.8,2.7,-41.95360943424255,-41.95360943424255,357.4890541665054,145.70821423534454,416.30068727560683,-7.22784793072374,0.0,204.519847344446,64.0,COMPLETE
202,-7.22784793072374,2026-06-19 03:25:20.265013,2026-06-19 03:28:01.939591,0 days 00:02:41.674578,1.5,0.03,1.0,2.9000000000000004,0.05,1.8,2.7,-41.95360943424255,-41.95360943424255,357.4890541665054,145.70821423534454,416.30068727560683,-7.22784793072374,0.0,204.519847344446,64.0,COMPLETE
203,-7.22784793072374,2026-06-19 03:25:51.486925,2026-06-19 03:28:34.082254,0 days 00:02:42.595329,1.5,0.03,1.0,2.9000000000000004,0.05,1.8,2.7,-41.95360943424255,-41.95360943424255,357.4890541665054,145.70821423534454,416.30068727560683,-7.22784793072374,0.0,204.519847344446,64.0,COMPLETE
204,-7.22784793072374,2026-06-19 03:26:09.745408,2026-06-19 03:28:52.566474,0 days 00:02:42.821066,1.5,0.03,1.0,2.9000000000000004,0.05,1.8,2.7,-41.95360943424255,-41.95360943424255,357.4890541665054,145.70821423534454,416.30068727560683,-7.22784793072374,0.0,204.519847344446,64.0,COMPLETE
205,-7.22784793072374,2026-06-19 03:26:14.791195,2026-06-19 03:28:58.489014,0 days 00:02:43.697819,1.5,0.03,1.0,2.9000000000000004,0.05,1.8,2.7,-41.95360943424255,-41.95360943424255,357.4890541665054,145.70821423534454,416.30068727560683,-7.22784793072374,0.0,204.519847344446,64.0,COMPLETE
206,-7.22784793072374,2026-06-19 03:26:18.312312,2026-06-19 03:29:03.158805,0 days 00:02:44.846493,1.5,0.03,1.0,2.9000000000000004,0.05,1.8,2.7,-41.95360943424255,-41.95360943424255,357.4890541665054,145.70821423534454,416.30068727560683,-7.22784793072374,0.0,204.519847344446,64.0,COMPLETE
207,-6.314436405220177,2026-06-19 03:26:18.528145,2026-06-19 03:29:02.444573,0 days 00:02:43.916428,1.5,0.03,1.0,2.9000000000000004,0.05,1.8,2.6,-41.95360943424255,-41.95360943424255,357.4890541665054,179.39663247193283,430.2117027238662,-6.314436405220177,0.0,252.11928102929357,67.0,COMPLETE
208,-7.22784793072374,2026-06-19 03:27:42.366372,2026-06-19 03:30:22.644822,0 days 00:02:40.278450,1.5,0.03,1.0,2.9000000000000004,0.05,1.8,2.7,-41.95360943424255,-41.95360943424255,357.4890541665054,145.70821423534454,416.30068727560683,-7.22784793072374,0.0,204.519847344446,64.0,COMPLETE
209,-7.22784793072374,2026-06-19 03:27:45.310636,2026-06-19 03:30:25.364099,0 days 00:02:40.053463,1.5,0.03,1.0,2.9000000000000004,0.05,1.8,2.7,-41.95360943424255,-41.95360943424255,357.4890541665054,145.70821423534454,416.30068727560683,-7.22784793072374,0.0,204.519847344446,64.0,COMPLETE
210,-6.314436405220177,2026-06-19 03:28:01.978071,2026-06-19 03:30:44.331353,0 days 00:02:42.353282,1.5,0.03,1.0,2.9000000000000004,0.05,1.8,2.6,-41.95360943424255,-41.95360943424255,357.4890541665054,179.39663247193283,430.2117027238662,-6.314436405220177,0.0,252.11928102929357,67.0,COMPLETE
211,-6.314436405220177,2026-06-19 03:28:34.122901,2026-06-19 03:31:15.741713,0 days 00:02:41.618812,1.5,0.03,1.0,2.9000000000000004,0.05,1.8,2.6,-41.95360943424255,-41.95360943424255,357.4890541665054,179.39663247193283,430.2117027238662,-6.314436405220177,0.0,252.11928102929357,67.0,COMPLETE
212,-11.798093292410936,2026-06-19 03:28:52.599263,2026-06-19 03:31:35.002941,0 days 00:02:42.403678,2.0,0.03,1.0,2.9000000000000004,0.05,1.8,2.6,-41.95360943424255,-41.95360943424255,385.8625485957135,224.98818060229007,483.2872220924218,-11.798093292410936,0.0,322.41285409899837,67.0,COMPLETE
213,-11.798093292410936,2026-06-19 03:28:58.526571,2026-06-19 03:31:42.123374,0 days 00:02:43.596803,2.0,0.03,1.0,2.9000000000000004,0.05,1.8,2.6,-41.95360943424255,-41.95360943424255,385.8625485957135,224.98818060229007,483.2872220924218,-11.798093292410936,0.0,322.41285409899837,67.0,COMPLETE
214,-11.798093292410936,2026-06-19 03:29:02.479445,2026-06-19 03:31:45.333867,0 days 00:02:42.854422,2.0,0.03,1.0,2.9000000000000004,0.05,1.8,2.6,-41.95360943424255,-41.95360943424255,385.8625485957135,224.98818060229007,483.2872220924218,-11.798093292410936,0.0,322.41285409899837,67.0,COMPLETE
215,-9.044887757499648,2026-06-19 03:29:03.204843,2026-06-19 03:31:46.229445,0 days 00:02:43.024602,1.5,0.03,1.0,2.7,0.05,1.8,2.6,-41.95360943424255,-41.95360943424255,172.56828336199482,165.15604975390596,259.53151463738243,-9.044887757499648,0.0,252.11928102929357,68.0,COMPLETE
216,-14.108290995538088,2026-06-19 03:30:22.685174,2026-06-19 03:33:02.463084,0 days 00:02:39.777910,2.0,0.03,1.0,2.7,0.05,1.8,2.6,-41.95360943424255,-41.95360943424255,220.32506774746918,210.74759788426314,331.9903239622042,-14.108290995538088,0.0,322.41285409899837,68.0,COMPLETE
217,-9.044887757499648,2026-06-19 03:30:25.397671,2026-06-19 03:33:05.751176,0 days 00:02:40.353505,1.5,0.03,1.0,2.7,0.05,1.8,2.6,-41.95360943424255,-41.95360943424255,172.56828336199482,165.15604975390596,259.53151463738243,-9.044887757499648,0.0,252.11928102929357,68.0,COMPLETE
218,-11.798093292410936,2026-06-19 03:30:44.370658,2026-06-19 03:33:26.714988,0 days 00:02:42.344330,2.0,0.03,1.0,2.9000000000000004,0.05,1.8,2.6,-41.95360943424255,-41.95360943424255,385.8625485957135,224.98818060229007,483.2872220924218,-11.798093292410936,0.0,322.41285409899837,67.0,COMPLETE
219,-11.798093292410936,2026-06-19 03:31:15.778158,2026-06-19 03:33:58.219755,0 days 00:02:42.441597,2.0,0.03,1.0,2.9000000000000004,0.05,1.8,2.6,-41.95360943424255,-41.95360943424255,385.8625485957135,224.98818060229007,483.2872220924218,-11.798093292410936,0.0,322.41285409899837,67.0,COMPLETE
220,-11.798093292410936,2026-06-19 03:31:35.037940,2026-06-19 03:34:18.145941,0 days 00:02:43.108001,2.0,0.03,1.0,2.9000000000000004,0.05,1.8,2.6,-41.95360943424255,-41.95360943424255,385.8625485957135,224.98818060229007,483.2872220924218,-11.798093292410936,0.0,322.41285409899837,67.0,COMPLETE
221,-6.314436405220177,2026-06-19 03:31:42.225325,2026-06-19 03:34:25.807957,0 days 00:02:43.582632,1.5,0.03,1.0,2.9000000000000004,0.05,1.8,2.6,-41.95360943424255,-41.95360943424255,357.4890541665054,179.39663247193283,430.2117027238662,-6.314436405220177,0.0,252.11928102929357,67.0,COMPLETE
222,-9.044887757499648,2026-06-19 03:31:45.367659,2026-06-19 03:34:28.602378,0 days 00:02:43.234719,1.5,0.03,1.0,2.7,0.05,1.8,2.6,-41.95360943424255,-41.95360943424255,172.56828336199482,165.15604975390596,259.53151463738243,-9.044887757499648,0.0,252.11928102929357,68.0,COMPLETE
223,-5.78468463225307,2026-06-19 03:31:46.271109,2026-06-19 03:34:30.625680,0 days 00:02:44.354571,1.5,0.03,1.0,2.9000000000000004,0.05,1.8,2.4000000000000004,-41.95360943424255,-41.95360943424255,357.4890541665054,224.48086359302442,411.87894062651594,-5.78468463225307,0.0,278.8707500530348,73.0,COMPLETE
224,-5.78468463225307,2026-06-19 03:33:02.504810,2026-06-19 03:35:42.641492,0 days 00:02:40.136682,1.5,0.03,1.0,2.9000000000000004,0.05,1.8,2.4000000000000004,-41.95360943424255,-41.95360943424255,357.4890541665054,224.48086359302442,411.87894062651594,-5.78468463225307,0.0,278.8707500530348,73.0,COMPLETE
225,-5.78468463225307,2026-06-19 03:33:05.787125,2026-06-19 03:35:46.490780,0 days 00:02:40.703655,1.5,0.03,1.0,2.9000000000000004,0.05,1.8,2.4000000000000004,-41.95360943424255,-41.95360943424255,357.4890541665054,224.48086359302442,411.87894062651594,-5.78468463225307,0.0,278.8707500530348,73.0,COMPLETE
