number,value,datetime_start,datetime_complete,duration,params_MAX_POSITION_PCT,params_MAX_RISK_PCT,params_MR_MIN_RR,params_MR_STOP_MULT,params_RISK_TIER_EQUITY_PCT,params_TP_MIN_RR,params_TP_STOP_MULT,user_attrs_BTC_PnL,user_attrs_MB_PnL,user_attrs_MR_PnL,user_attrs_QQQ_PnL,user_attrs_SPY_PnL,user_attrs_Score,user_attrs_TF_PnL,user_attrs_TP_PnL,user_attrs_Total_Trades,state
1500,-9.384034235865261,2026-06-19 10:45:56.440485,2026-06-19 10:48:38.009039,0 days 00:02:41.568554,1.0,0.05,1.0,3.0,0.02,1.8,2.5,-42.866721052689634,-42.866721052689634,255.40406384265498,121.79047818432022,273.1246761685282,-9.384034235865261,0.0,139.51109051019347,58.0,COMPLETE
1501,-9.384034235865261,2026-06-19 10:46:00.496739,2026-06-19 10:48:42.610594,0 days 00:02:42.113855,1.0,0.05,1.0,3.0,0.02,1.8,2.5,-42.866721052689634,-42.866721052689634,255.40406384265498,121.79047818432022,273.1246761685282,-9.384034235865261,0.0,139.51109051019347,58.0,COMPLETE
1502,-9.384034235865261,2026-06-19 10:46:22.717902,2026-06-19 10:49:05.736260,0 days 00:02:43.018358,1.0,0.05,1.0,3.0,0.02,1.8,2.5,-42.866721052689634,-42.866721052689634,255.40406384265498,121.79047818432022,273.1246761685282,-9.384034235865261,0.0,139.51109051019347,58.0,COMPLETE
1503,-9.384034235865261,2026-06-19 10:46:44.748241,2026-06-19 10:49:28.694932,0 days 00:02:43.946691,1.0,0.05,1.0,3.0,0.02,1.8,2.5,-42.866721052689634,-42.866721052689634,255.40406384265498,121.79047818432022,273.1246761685282,-9.384034235865261,0.0,139.51109051019347,58.0,COMPLETE
1504,-9.498367911971032,2026-06-19 10:46:45.246532,2026-06-19 10:49:29.511742,0 days 00:02:44.265210,1.0,0.05,1.0,2.9000000000000004,0.02,1.8,2.5,-42.866721052689634,-42.866721052689634,240.7465147329338,106.26428918648125,273.99331605664605,-9.498367911971032,0.0,139.51109051019347,59.0,COMPLETE
1505,-9.498367911971032,2026-06-19 10:47:13.594597,2026-06-19 10:49:57.982405,0 days 00:02:44.387808,1.0,0.05,1.0,2.9000000000000004,0.02,1.8,2.5,-42.866721052689634,-42.866721052689634,240.7465147329338,106.26428918648125,273.99331605664605,-9.498367911971032,0.0,139.51109051019347,59.0,COMPLETE
1506,-1330.0,2026-06-19 10:47:14.774829,2026-06-19 10:49:55.308751,0 days 00:02:40.533922,1.0,0.05,1.0,2.9000000000000004,0.02,1.7000000000000002,2.5,-42.866721052689634,-42.866721052689634,240.7465147329338,-18.133118375535766,261.8574901844072,-1330.0,0.0,2.97785707593762,17.0,COMPLETE
1507,-1330.0,2026-06-19 10:47:41.032310,2026-06-19 10:50:24.984470,0 days 00:02:43.952160,3.0,0.05,1.0,2.9000000000000004,0.02,1.7000000000000002,2.5,-41.95360943424255,-41.95360943424255,368.22676017438926,-48.30593291841596,425.46626432061805,-1330.0,0.0,8.933571227812866,17.0,COMPLETE
1508,-1330.0,2026-06-19 10:48:38.038134,2026-06-19 10:51:19.864526,0 days 00:02:41.826392,1.0,0.05,1.0,2.9000000000000004,0.02,1.7000000000000002,2.5,-42.866721052689634,-42.866721052689634,240.7465147329338,-18.133118375535766,261.8574901844072,-1330.0,0.0,2.97785707593762,17.0,COMPLETE
1509,-1330.0,2026-06-19 10:48:42.647867,2026-06-19 10:51:24.989707,0 days 00:02:42.341840,1.0,0.05,1.0,2.9000000000000004,0.02,1.7000000000000002,2.4000000000000004,-42.866721052689634,-42.866721052689634,240.7465147329338,-18.133118375535766,261.8574901844072,-1330.0,0.0,2.97785707593762,17.0,COMPLETE
1510,-1330.0,2026-06-19 10:49:05.768942,2026-06-19 10:51:49.483157,0 days 00:02:43.714215,3.0,0.05,1.0,2.9000000000000004,0.02,1.7000000000000002,2.4000000000000004,-41.95360943424255,-41.95360943424255,368.22676017438926,-48.30593291841596,425.46626432061805,-1330.0,0.0,8.933571227812866,17.0,COMPLETE
1511,-1330.0,2026-06-19 10:49:28.726298,2026-06-19 10:52:13.774774,0 days 00:02:45.048476,1.0,0.05,1.0,2.9000000000000004,0.02,1.7000000000000002,2.4000000000000004,-42.866721052689634,-42.866721052689634,240.7465147329338,-18.133118375535766,261.8574901844072,-1330.0,0.0,2.97785707593762,17.0,COMPLETE
1512,-1330.0,2026-06-19 10:49:29.543218,2026-06-19 10:52:13.385270,0 days 00:02:43.842052,3.0,0.05,1.0,2.9000000000000004,0.02,1.7000000000000002,2.4000000000000004,-41.95360943424255,-41.95360943424255,368.22676017438926,-48.30593291841596,425.46626432061805,-1330.0,0.0,8.933571227812866,17.0,COMPLETE
1513,-2.4266312302903628,2026-06-19 10:49:55.344263,2026-06-19 10:52:36.600192,0 days 00:02:41.255929,1.0,0.05,1.0,2.9000000000000004,0.02,1.8,2.4000000000000004,-42.866721052689634,-42.866721052689634,240.7465147329338,151.24115890904184,275.5548897947177,-2.4266312302903628,0.0,186.04953397082582,73.0,COMPLETE
1514,-4.31241598525185,2026-06-19 10:49:58.014907,2026-06-19 10:52:42.079194,0 days 00:02:44.064287,1.0,0.04,1.0,2.8,0.02,1.8,2.4000000000000004,-42.866721052689634,-42.866721052689634,124.80316200709275,124.63399825215936,186.2186977257592,-4.31241598525185,0.0,186.04953397082582,73.0,COMPLETE
1515,-2.3146479038941097,2026-06-19 10:50:25.016477,2026-06-19 10:53:07.994023,0 days 00:02:42.977546,1.0,0.04,1.0,3.0,0.02,1.8,2.4000000000000004,-42.866721052689634,-42.866721052689634,255.40406384265498,166.76734790688081,274.6862499065998,-2.3146479038941097,0.0,186.04953397082582,72.0,COMPLETE
1516,-1340.0,2026-06-19 10:51:19.896914,2026-06-19 10:54:00.815404,0 days 00:02:40.918490,1.0,0.04,1.0,3.0,0.02,1.4,2.4000000000000004,-42.866721052689634,-42.866721052689634,255.40406384265498,-36.00729388986314,260.9888502962893,-1340.0,0.0,-30.42250743622875,16.0,COMPLETE
1517,-2.3146479038941097,2026-06-19 10:51:25.019564,2026-06-19 10:54:06.882675,0 days 00:02:41.863111,1.0,0.04,1.0,3.0,0.02,1.8,2.4000000000000004,-42.866721052689634,-42.866721052689634,255.40406384265498,166.76734790688081,274.6862499065998,-2.3146479038941097,0.0,186.04953397082582,72.0,COMPLETE
1518,-1340.0,2026-06-19 10:51:49.516601,2026-06-19 10:54:32.925910,0 days 00:02:43.409309,1.0,0.05,1.0,3.0,0.02,1.4,2.4000000000000004,-42.866721052689634,-42.866721052689634,255.40406384265498,-36.00729388986314,260.9888502962893,-1340.0,0.0,-30.42250743622875,16.0,COMPLETE
1519,-4.31241598525185,2026-06-19 10:52:13.415034,2026-06-19 10:54:57.149433,0 days 00:02:43.734399,1.0,0.04,1.0,2.8,0.02,1.8,2.4000000000000004,-42.866721052689634,-42.866721052689634,124.80316200709275,124.63399825215936,186.2186977257592,-4.31241598525185,0.0,186.04953397082582,73.0,COMPLETE
1520,-4.31241598525185,2026-06-19 10:52:13.808252,2026-06-19 10:54:58.206954,0 days 00:02:44.398702,1.0,0.04,1.0,2.8,0.02,1.8,2.4000000000000004,-42.866721052689634,-42.866721052689634,124.80316200709275,124.63399825215936,186.2186977257592,-4.31241598525185,0.0,186.04953397082582,73.0,COMPLETE
1521,-2.3146479038941097,2026-06-19 10:52:36.628073,2026-06-19 10:55:19.417700,0 days 00:02:42.789627,1.0,0.04,1.0,3.0,0.02,1.8,2.4000000000000004,-42.866721052689634,-42.866721052689634,255.40406384265498,166.76734790688081,274.6862499065998,-2.3146479038941097,0.0,186.04953397082582,72.0,COMPLETE
1522,-2.3146479038941097,2026-06-19 10:52:42.115821,2026-06-19 10:55:25.808079,0 days 00:02:43.692258,1.0,0.04,1.0,3.0,0.02,1.8,2.4000000000000004,-42.866721052689634,-42.866721052689634,255.40406384265498,166.76734790688081,274.6862499065998,-2.3146479038941097,0.0,186.04953397082582,72.0,COMPLETE
1523,-2.3146479038941097,2026-06-19 10:53:08.034094,2026-06-19 10:55:50.961497,0 days 00:02:42.927403,1.0,0.05,1.0,3.0,0.02,1.8,2.4000000000000004,-42.866721052689634,-42.866721052689634,255.40406384265498,166.76734790688081,274.6862499065998,-2.3146479038941097,0.0,186.04953397082582,72.0,COMPLETE
1524,-2.3146479038941097,2026-06-19 10:54:00.849689,2026-06-19 10:56:41.690779,0 days 00:02:40.841090,1.0,0.05,1.0,3.0,0.02,1.8,2.4000000000000004,-42.866721052689634,-42.866721052689634,255.40406384265498,166.76734790688081,274.6862499065998,-2.3146479038941097,0.0,186.04953397082582,72.0,COMPLETE
1525,-2.3146479038941097,2026-06-19 10:54:06.926512,2026-06-19 10:56:49.422739,0 days 00:02:42.496227,1.0,0.05,1.0,3.0,0.02,1.8,2.4000000000000004,-42.866721052689634,-42.866721052689634,255.40406384265498,166.76734790688081,274.6862499065998,-2.3146479038941097,0.0,186.04953397082582,72.0,COMPLETE
1526,-2.3146479038941097,2026-06-19 10:54:32.967997,2026-06-19 10:57:17.251803,0 days 00:02:44.283806,1.0,0.05,1.0,3.0,0.02,1.8,2.4000000000000004,-42.866721052689634,-42.866721052689634,255.40406384265498,166.76734790688081,274.6862499065998,-2.3146479038941097,0.0,186.04953397082582,72.0,COMPLETE
1527,-2.3146479038941097,2026-06-19 10:54:57.182532,2026-06-19 10:57:41.921601,0 days 00:02:44.739069,1.0,0.05,1.0,3.0,0.02,1.8,2.4000000000000004,-42.866721052689634,-42.866721052689634,255.40406384265498,166.76734790688081,274.6862499065998,-2.3146479038941097,0.0,186.04953397082582,72.0,COMPLETE
1528,-26.94623594761912,2026-06-19 10:54:58.263347,2026-06-19 10:57:40.927168,0 days 00:02:42.663821,1.0,0.05,0.4,3.0,0.02,1.8,2.6,-42.866721052689634,-42.866721052689634,-241.51331870734734,4.891553199135652,-77.695933784351,-26.94623594761912,0.0,168.70893812213208,69.0,COMPLETE
1529,-2.3146479038941097,2026-06-19 10:55:19.447136,2026-06-19 10:58:00.208687,0 days 00:02:40.761551,1.0,0.05,1.0,3.0,0.02,1.8,2.4000000000000004,-42.866721052689634,-42.866721052689634,255.40406384265498,166.76734790688081,274.6862499065998,-2.3146479038941097,0.0,186.04953397082582,72.0,COMPLETE
1530,-2.3146479038941097,2026-06-19 10:55:25.846212,2026-06-19 10:58:10.169821,0 days 00:02:44.323609,1.0,0.05,1.0,3.0,0.02,1.8,2.4000000000000004,-42.866721052689634,-42.866721052689634,255.40406384265498,166.76734790688081,274.6862499065998,-2.3146479038941097,0.0,186.04953397082582,72.0,COMPLETE
1531,-2.6634251797410573,2026-06-19 10:55:50.993895,2026-06-19 10:58:34.065664,0 days 00:02:43.071769,1.0,0.05,1.0,3.0,0.02,1.8,2.6,-42.866721052689634,-42.866721052689634,255.40406384265498,136.92233078236487,287.1906711824221,-2.6634251797410573,0.0,168.70893812213208,66.0,COMPLETE
1532,-2.3146479038941097,2026-06-19 10:56:41.727787,2026-06-19 10:59:23.062327,0 days 00:02:41.334540,1.0,0.05,1.0,3.0,0.02,1.8,2.4000000000000004,-42.866721052689634,-42.866721052689634,255.40406384265498,166.76734790688081,274.6862499065998,-2.3146479038941097,0.0,186.04953397082582,72.0,COMPLETE
1533,-9.384034235865261,2026-06-19 10:56:49.459154,2026-06-19 10:59:32.277352,0 days 00:02:42.818198,1.0,0.05,1.0,3.0,0.02,1.8,2.5,-42.866721052689634,-42.866721052689634,255.40406384265498,121.79047818432022,273.1246761685282,-9.384034235865261,0.0,139.51109051019347,58.0,COMPLETE
1534,-1310.0,2026-06-19 10:57:17.286684,2026-06-19 11:00:00.508766,0 days 00:02:43.222082,1.0,0.05,0.6000000000000001,3.0,0.02,1.8,1.6,-42.866721052689634,-42.866721052689634,-241.51331870734734,-178.92360043506486,-99.95969365585846,-1310.0,0.0,-37.36997538357597,19.0,COMPLETE
1535,-2.3146479038941097,2026-06-19 10:57:40.961900,2026-06-19 11:00:25.363958,0 days 00:02:44.402058,1.0,0.05,1.0,3.0,0.02,1.8,2.4000000000000004,-42.866721052689634,-42.866721052689634,255.40406384265498,166.76734790688081,274.6862499065998,-2.3146479038941097,0.0,186.04953397082582,72.0,COMPLETE
1536,-9.384034235865261,2026-06-19 10:57:41.958134,2026-06-19 11:00:27.078630,0 days 00:02:45.120496,1.0,0.05,1.0,3.0,0.02,1.8,2.5,-42.866721052689634,-42.866721052689634,255.40406384265498,121.79047818432022,273.1246761685282,-9.384034235865261,0.0,139.51109051019347,58.0,COMPLETE
1537,-4.127986521055246,2026-06-19 10:58:00.240389,2026-06-19 11:00:41.300753,0 days 00:02:41.060364,1.0,0.05,0.9000000000000001,2.9000000000000004,0.02,1.8,2.6,-42.866721052689634,-42.866721052689634,156.0444341221424,110.31517012548235,214.43820211879202,-4.127986521055246,0.0,168.70893812213208,68.0,COMPLETE
1538,-10.857365478655284,2026-06-19 10:58:10.202184,2026-06-19 11:00:54.717366,0 days 00:02:44.515182,1.0,0.05,0.9000000000000001,2.9000000000000004,0.02,1.8,2.5,-42.866721052689634,-42.866721052689634,156.0444341221424,95.18331752743777,200.3722071048981,-10.857365478655284,0.0,139.51109051019347,60.0,COMPLETE
1539,-10.857365478655284,2026-06-19 10:58:34.098430,2026-06-19 11:01:18.104682,0 days 00:02:44.006252,1.0,0.05,0.9000000000000001,2.9000000000000004,0.02,1.8,2.5,-42.866721052689634,-42.866721052689634,156.0444341221424,95.18331752743777,200.3722071048981,-10.857365478655284,0.0,139.51109051019347,60.0,COMPLETE
1540,-10.857365478655284,2026-06-19 10:59:23.101865,2026-06-19 11:02:04.911840,0 days 00:02:41.809975,1.0,0.05,0.9000000000000001,2.9000000000000004,0.01,1.8,2.5,-42.866721052689634,-42.866721052689634,156.0444341221424,95.18331752743777,200.3722071048981,-10.857365478655284,0.0,139.51109051019347,60.0,COMPLETE
1541,-1320.0,2026-06-19 10:59:32.310967,2026-06-19 11:02:13.860781,0 days 00:02:41.549814,1.0,0.05,0.9000000000000001,1.1,0.01,1.8,1.5,-42.866721052689634,-42.866721052689634,-106.59586029608288,-58.63872850851729,-65.70118560618283,-1320.0,0.0,-17.74405381861725,18.0,COMPLETE
1542,-9.498367911971032,2026-06-19 11:00:00.543310,2026-06-19 11:02:44.413324,0 days 00:02:43.870014,1.0,0.05,1.0,2.9000000000000004,0.01,1.8,2.5,-42.866721052689634,-42.866721052689634,240.7465147329338,106.26428918648125,273.99331605664605,-9.498367911971032,0.0,139.51109051019347,59.0,COMPLETE
1543,-10.857365478655284,2026-06-19 11:00:25.397519,2026-06-19 11:03:10.589985,0 days 00:02:45.192466,1.0,0.05,0.9000000000000001,2.9000000000000004,0.01,1.8,2.5,-42.866721052689634,-42.866721052689634,156.0444341221424,95.18331752743777,200.3722071048981,-10.857365478655284,0.0,139.51109051019347,60.0,COMPLETE
1544,-9.498367911971032,2026-06-19 11:00:27.109535,2026-06-19 11:03:10.933284,0 days 00:02:43.823749,1.0,0.05,1.0,2.9000000000000004,0.01,1.8,2.5,-42.866721052689634,-42.866721052689634,240.7465147329338,106.26428918648125,273.99331605664605,-9.498367911971032,0.0,139.51109051019347,59.0,COMPLETE
1545,-1250.0,2026-06-19 11:00:41.335662,2026-06-19 11:03:22.202339,0 days 00:02:40.866677,0.5,0.05,1.0,2.9000000000000004,0.01,1.8,2.5,-21.433360526344817,-21.433360526344817,120.3732573664669,19.713946401028135,133.50774476547764,-1250.0,0.0,32.84843380003885,25.0,COMPLETE
1546,-16.165172090383983,2026-06-19 11:00:54.750126,2026-06-19 11:03:39.200303,0 days 00:02:44.450177,1.0,0.05,1.0,2.2,0.02,1.8,2.5,-42.866721052689634,-42.866721052689634,-175.0692774688289,51.47006544589949,-87.0282524045349,-16.165172090383983,0.0,139.51109051019347,59.0,COMPLETE
1547,-1220.0,2026-06-19 11:01:18.136459,2026-06-19 11:04:01.438030,0 days 00:02:43.301571,0.5,0.05,1.0,2.9000000000000004,0.01,1.8,2.4000000000000004,-21.433360526344817,-21.433360526344817,120.3732573664669,27.107772957434218,133.50774476547764,-1220.0,0.0,40.242260356444916,28.0,COMPLETE
1548,-1340.0,2026-06-19 11:02:04.948404,2026-06-19 11:04:46.417260,0 days 00:02:41.468856,0.5,0.05,1.0,3.0,0.02,1.2,2.4000000000000004,-21.433360526344817,-21.433360526344817,127.70203192132749,-23.44641142591783,132.4634556554573,-1340.0,0.0,-18.684987691787985,16.0,COMPLETE
1549,-1230.0,2026-06-19 11:02:13.891671,2026-06-19 11:04:55.719974,0 days 00:02:41.828303,0.5,0.05,1.0,3.0,0.02,1.8,2.4000000000000004,-21.433360526344817,-21.433360526344817,127.70203192132749,34.87086745635371,133.07342482141868,-1230.0,0.0,40.242260356444916,27.0,COMPLETE
1550,-1230.0,2026-06-19 11:02:44.448058,2026-06-19 11:05:29.515401,0 days 00:02:45.067343,0.5,0.05,1.0,3.0,0.02,1.8,2.4000000000000004,-21.433360526344817,-21.433360526344817,127.70203192132749,34.87086745635371,133.07342482141868,-1230.0,0.0,40.242260356444916,27.0,COMPLETE
1551,-1230.0,2026-06-19 11:03:10.624904,2026-06-19 11:05:55.334795,0 days 00:02:44.709891,0.5,0.05,1.0,3.0,0.02,1.8,2.4000000000000004,-21.433360526344817,-21.433360526344817,127.70203192132749,34.87086745635371,133.07342482141868,-1230.0,0.0,40.242260356444916,27.0,COMPLETE
1552,-1230.0,2026-06-19 11:03:10.968625,2026-06-19 11:05:55.852080,0 days 00:02:44.883455,0.5,0.05,1.0,3.0,0.02,1.8,2.4000000000000004,-21.433360526344817,-21.433360526344817,127.70203192132749,34.87086745635371,133.07342482141868,-1230.0,0.0,40.242260356444916,27.0,COMPLETE
1553,-2.3146479038941097,2026-06-19 11:03:22.244360,2026-06-19 11:06:03.575860,0 days 00:02:41.331500,1.0,0.05,1.0,3.0,0.02,1.8,2.4000000000000004,-42.866721052689634,-42.866721052689634,255.40406384265498,166.76734790688081,274.6862499065998,-2.3146479038941097,0.0,186.04953397082582,72.0,COMPLETE
1554,-30.795849443467574,2026-06-19 11:03:39.234558,2026-06-19 11:06:22.930857,0 days 00:02:43.696299,1.0,0.05,1.0,2.1,0.02,1.8,2.4000000000000004,-42.866721052689634,-42.866721052689634,-288.37621568858367,12.231620545878775,-114.55830226363673,-30.795849443467574,0.0,186.04953397082582,77.0,COMPLETE
1555,-2.3146479038941097,2026-06-19 11:04:01.467864,2026-06-19 11:06:44.655822,0 days 00:02:43.187958,1.0,0.05,1.0,3.0,0.02,1.8,2.4000000000000004,-42.866721052689634,-42.866721052689634,255.40406384265498,166.76734790688081,274.6862499065998,-2.3146479038941097,0.0,186.04953397082582,72.0,COMPLETE
1556,-1340.0,2026-06-19 11:04:46.446698,2026-06-19 11:07:26.665366,0 days 00:02:40.218668,1.0,0.05,1.0,3.0,0.02,1.8,1.3,-42.866721052689634,-42.866721052689634,255.40406384265498,-3.6870874607664383,262.9751641406061,-1340.0,0.0,3.8840128371847773,16.0,COMPLETE
1557,-2.3146479038941097,2026-06-19 11:04:55.756961,2026-06-19 11:07:37.280033,0 days 00:02:41.523072,1.0,0.05,1.0,3.0,0.02,1.8,2.4000000000000004,-42.866721052689634,-42.866721052689634,255.40406384265498,166.76734790688081,274.6862499065998,-2.3146479038941097,0.0,186.04953397082582,72.0,COMPLETE
1558,-2.3146479038941097,2026-06-19 11:05:29.546489,2026-06-19 11:08:13.446763,0 days 00:02:43.900274,1.0,0.05,1.0,3.0,0.02,1.8,2.4000000000000004,-42.866721052689634,-42.866721052689634,255.40406384265498,166.76734790688081,274.6862499065998,-2.3146479038941097,0.0,186.04953397082582,72.0,COMPLETE
1559,-2.3146479038941097,2026-06-19 11:05:55.363371,2026-06-19 11:08:39.276596,0 days 00:02:43.913225,1.0,0.05,1.0,3.0,0.02,1.8,2.4000000000000004,-42.866721052689634,-42.866721052689634,255.40406384265498,166.76734790688081,274.6862499065998,-2.3146479038941097,0.0,186.04953397082582,72.0,COMPLETE
1560,-1340.0,2026-06-19 11:05:55.892888,2026-06-19 11:08:39.329097,0 days 00:02:43.436209,1.0,0.05,1.0,3.0,0.02,1.8,2.3,-42.866721052689634,-42.866721052689634,255.40406384265498,-2.6069293776967726,260.9888502962893,-1340.0,0.0,2.97785707593762,16.0,COMPLETE
1561,-1340.0,2026-06-19 11:06:03.607063,2026-06-19 11:08:44.591724,0 days 00:02:40.984661,1.0,0.05,1.0,3.0,0.02,1.8,2.3,-42.866721052689634,-42.866721052689634,255.40406384265498,-2.6069293776967726,260.9888502962893,-1340.0,0.0,2.97785707593762,16.0,COMPLETE
1562,-1340.0,2026-06-19 11:06:22.964640,2026-06-19 11:09:07.094515,0 days 00:02:44.129875,4.5,0.05,1.0,3.0,0.02,1.7000000000000002,2.3,-41.95360943424255,-41.95360943424255,370.56590608019616,-32.23273435673639,409.2865109320817,-1340.0,0.0,6.487870495149087,16.0,COMPLETE
1563,-1340.0,2026-06-19 11:06:44.689982,2026-06-19 11:09:28.207750,0 days 00:02:43.517768,1.0,0.05,1.0,3.0,0.02,1.7000000000000002,2.3,-42.866721052689634,-42.866721052689634,255.40406384265498,-2.6069293776967726,260.9888502962893,-1340.0,0.0,2.97785707593762,16.0,COMPLETE
1564,-1340.0,2026-06-19 11:07:26.697205,2026-06-19 11:10:07.909205,0 days 00:02:41.212000,1.0,0.05,1.0,3.0,0.02,1.7000000000000002,2.3,-42.866721052689634,-42.866721052689634,255.40406384265498,-2.6069293776967726,260.9888502962893,-1340.0,0.0,2.97785707593762,16.0,COMPLETE
1565,-1340.0,2026-06-19 11:07:37.312174,2026-06-19 11:10:19.912388,0 days 00:02:42.600214,1.0,0.05,1.0,3.0,0.02,1.8,2.3,-42.866721052689634,-42.866721052689634,255.40406384265498,-2.6069293776967726,260.9888502962893,-1340.0,0.0,2.97785707593762,16.0,COMPLETE
1566,-1340.0,2026-06-19 11:08:13.479026,2026-06-19 11:10:57.901650,0 days 00:02:44.422624,1.0,0.05,1.0,3.0,0.02,1.8,2.3,-42.866721052689634,-42.866721052689634,255.40406384265498,-2.6069293776967726,260.9888502962893,-1340.0,0.0,2.97785707593762,16.0,COMPLETE
1567,-1330.0,2026-06-19 11:08:39.340162,2026-06-19 11:11:24.194529,0 days 00:02:44.854367,1.0,0.05,1.0,2.9000000000000004,0.02,1.7000000000000002,2.3,-42.866721052689634,-42.866721052689634,240.7465147329338,-18.133118375535766,261.8574901844072,-1330.0,0.0,2.97785707593762,17.0,COMPLETE
1568,-1330.0,2026-06-19 11:08:39.383982,2026-06-19 11:11:23.178860,0 days 00:02:43.794878,1.0,0.05,1.0,2.9000000000000004,0.02,1.7000000000000002,2.3,-42.866721052689634,-42.866721052689634,240.7465147329338,-18.133118375535766,261.8574901844072,-1330.0,0.0,2.97785707593762,17.0,COMPLETE
1569,-1330.0,2026-06-19 11:08:44.628029,2026-06-19 11:11:25.413900,0 days 00:02:40.785871,1.0,0.05,1.0,2.9000000000000004,0.02,1.7000000000000002,2.3,-42.866721052689634,-42.866721052689634,240.7465147329338,-18.133118375535766,261.8574901844072,-1330.0,0.0,2.97785707593762,17.0,COMPLETE
1570,-1330.0,2026-06-19 11:09:07.131084,2026-06-19 11:11:51.102182,0 days 00:02:43.971098,1.0,0.05,1.0,2.9000000000000004,0.02,1.8,2.3,-42.866721052689634,-42.866721052689634,240.7465147329338,-18.133118375535766,261.8574901844072,-1330.0,0.0,2.97785707593762,17.0,COMPLETE
1571,-2.4266312302903628,2026-06-19 11:09:28.245857,2026-06-19 11:12:13.769693,0 days 00:02:45.523836,1.0,0.05,1.0,2.9000000000000004,0.02,1.8,2.4000000000000004,-42.866721052689634,-42.866721052689634,240.7465147329338,151.24115890904184,275.5548897947177,-2.4266312302903628,0.0,186.04953397082582,73.0,COMPLETE
1572,-9.402869379279629,2026-06-19 11:10:07.950055,2026-06-19 11:12:49.750819,0 days 00:02:41.800764,1.0,0.05,1.0,1.4,0.02,1.8,2.4000000000000004,-42.866721052689634,-42.866721052689634,-119.0003738285785,160.79615416159584,-93.74699401934859,-9.402869379279629,0.0,186.04953397082582,80.0,COMPLETE
1573,-1270.0,2026-06-19 11:10:19.949297,2026-06-19 11:13:01.843325,0 days 00:02:41.894028,1.0,0.05,1.0,2.9000000000000004,0.02,1.8,2.9000000000000004,-42.866721052689634,-42.866721052689634,240.7465147329338,0.9773297527812232,267.0154895309553,-1270.0,0.0,27.24630455080268,23.0,COMPLETE
