number,value,datetime_start,datetime_complete,duration,params_MR_BB_PERIOD,params_MR_BB_STD,params_MR_RSI_OVERBOUGHT,params_MR_RSI_OVERSOLD,params_MR_RSI_PERIOD,params_MR_VOL_SPIKE_MULT,params_MR_VWAP_DEV_PCT,params_TP_BB_PERIOD,params_TP_BB_STD,params_TP_RSI_PERIOD,user_attrs_MB_PnL,user_attrs_MR_PnL,user_attrs_QQQ_PnL,user_attrs_SPY_PnL,user_attrs_Score,user_attrs_TF_PnL,user_attrs_TP_PnL,user_attrs_Total_Trades,state
736,29.682070418687342,2026-07-22 08:27:53.500987,2026-07-22 08:31:44.374112,0 days 00:03:50.873125,12,1.5,60.0,29.0,5,0.1,0.001,11,3.0,5,0.0,-109.09897734105091,-72.25809013029935,-40.26450806051568,29.682070418687342,0.0,-3.423620849764127,438.0,COMPLETE
737,29.682070418687342,2026-07-22 08:27:53.837153,2026-07-22 08:31:39.170993,0 days 00:03:45.333840,12,1.5,60.0,29.0,5,0.1,0.001,11,3.0,5,0.0,-109.09897734105091,-72.25809013029935,-40.26450806051568,29.682070418687342,0.0,-3.423620849764127,438.0,COMPLETE
738,27.22026121582098,2026-07-22 08:28:39.557030,2026-07-22 08:32:31.008581,0 days 00:03:51.451551,12,1.5,60.0,29.0,5,0.1,0.001,10,3.0,10,0.0,-111.74068583475524,-80.87221420843878,-34.8651932402625,27.22026121582098,0.0,-3.996721613946084,408.0,COMPLETE
739,27.04660834870347,2026-07-22 08:29:01.043610,2026-07-22 08:32:49.261120,0 days 00:03:48.217510,10,1.5,60.0,30.0,5,0.1,0.002,10,3.0,5,0.0,-97.08051904513005,-53.811573571864535,-33.01866375999687,27.04660834870347,0.0,10.250281713268595,391.0,COMPLETE
740,22.39950703500366,2026-07-22 08:29:03.118674,2026-07-22 08:32:47.118197,0 days 00:03:43.999523,12,1.5,61.0,30.0,5,0.1,0.004,10,3.0,5,0.0,-38.077327485210674,-36.82245495666449,-15.643382290286706,22.39950703500366,0.0,-14.388509761740579,319.0,COMPLETE
741,27.049187565635208,2026-07-22 08:29:17.337857,2026-07-22 08:33:08.114528,0 days 00:03:50.776671,12,1.5,60.0,30.0,5,0.1,0.002,10,3.0,5,0.0,-92.1340908729221,-70.41811450081973,-18.659959828359547,27.049187565635208,0.0,3.0560165437427846,396.0,COMPLETE
742,24.020213743500577,2026-07-22 08:29:20.654074,2026-07-22 08:33:07.689226,0 days 00:03:47.035152,12,1.5,60.0,30.0,5,0.0,0.002,10,3.0,5,0.0,-58.98376674915384,-64.42091216888845,-1.3473028466699564,24.020213743500577,0.0,-6.784448266404651,346.0,COMPLETE
743,24.020213743500577,2026-07-22 08:30:03.025677,2026-07-22 08:33:48.657138,0 days 00:03:45.631461,12,1.5,60.0,30.0,5,0.0,0.002,10,3.0,5,0.0,-58.98376674915384,-64.42091216888845,-1.3473028466699564,24.020213743500577,0.0,-6.784448266404651,346.0,COMPLETE
744,23.947683262415936,2026-07-22 08:30:48.921606,2026-07-22 08:34:32.592912,0 days 00:03:43.671306,10,1.5,60.0,30.0,5,0.0,0.002,10,3.0,5,0.0,-66.15157620781778,-57.118927471578246,-17.15073530791518,23.947683262415936,0.0,-8.11808657167572,347.0,COMPLETE
745,26.46558169339241,2026-07-22 08:31:18.642008,2026-07-22 08:35:05.393389,0 days 00:03:46.751381,10,1.5,61.0,30.0,5,0.0,0.001,10,2.0,5,0.0,-73.97573867375935,-65.91714106959996,-16.316171333582012,26.46558169339241,0.0,-8.257573729422663,382.0,COMPLETE
746,18.807056325561923,2026-07-22 08:31:39.222275,2026-07-22 08:35:18.084134,0 days 00:03:38.861859,10,1.5,61.0,30.0,5,0.0,0.002,10,3.0,14,0.0,-74.46468791041262,-63.75958747169369,-24.883781032812973,18.807056325561923,0.0,-14.17868059409406,289.0,COMPLETE
747,19.250330858052166,2026-07-22 08:31:44.443733,2026-07-22 08:35:27.959505,0 days 00:03:43.515772,10,1.5,61.0,30.0,5,0.0,0.002,10,2.0,12,0.0,-71.9609981865962,-67.01000502472277,-25.19671291577332,19.250330858052166,0.0,-20.24571975389989,296.0,COMPLETE
748,14.24782309044571,2026-07-22 08:32:31.064854,2026-07-22 08:36:08.665653,0 days 00:03:37.600799,10,2.3,61.0,30.0,5,0.0,0.002,10,2.0,5,0.0,-37.45707740196038,-23.47254727022612,-22.018452778318643,14.24782309044571,0.0,-8.033922646584378,210.0,COMPLETE
749,26.46558169339241,2026-07-22 08:32:47.171352,2026-07-22 08:36:35.966244,0 days 00:03:48.794892,10,1.5,63.0,30.0,5,0.0,0.001,10,3.0,5,0.0,-73.97573867375935,-65.91714106959996,-16.316171333582012,26.46558169339241,0.0,-8.257573729422663,382.0,COMPLETE
750,9.34033268583256,2026-07-22 08:32:49.326644,2026-07-22 08:36:25.501699,0 days 00:03:36.175055,21,1.5,61.0,30.0,5,0.0,0.007,35,3.0,5,0.0,-12.457262903673652,-14.354820127607194,-14.40710589280921,9.34033268583256,0.0,-16.304663116742766,137.0,COMPLETE
751,26.46558169339241,2026-07-22 08:33:07.754948,2026-07-22 08:36:56.976454,0 days 00:03:49.221506,10,1.5,61.0,30.0,5,0.0,0.001,10,2.0,5,0.0,-73.97573867375935,-65.91714106959996,-16.316171333582012,26.46558169339241,0.0,-8.257573729422663,382.0,COMPLETE
752,26.406765176337565,2026-07-22 08:33:08.174706,2026-07-22 08:36:57.245048,0 days 00:03:49.070342,10,1.5,61.0,30.0,5,0.0,0.001,12,3.0,5,0.0,-73.97573867375935,-65.91714106959996,-20.417522268450245,26.406765176337565,0.0,-12.358924664290877,383.0,COMPLETE
753,29.261696412676486,2026-07-22 08:33:48.707123,2026-07-22 08:37:36.977288,0 days 00:03:48.270165,10,1.5,61.0,30.0,6,0.2,0.001,12,2.0,5,0.0,-107.8916033520161,-61.474020225326214,-37.83950761635617,29.261696412676486,0.0,8.578075510333676,425.0,COMPLETE
754,29.261696412676486,2026-07-22 08:34:32.660048,2026-07-22 08:38:18.827692,0 days 00:03:46.167644,10,1.5,61.0,30.0,6,0.2,0.001,12,3.0,5,0.0,-107.8916033520161,-61.474020225326214,-37.83950761635617,29.261696412676486,0.0,8.578075510333676,425.0,COMPLETE
755,28.49443416696497,2026-07-22 08:35:05.450936,2026-07-22 08:38:53.444903,0 days 00:03:47.993967,10,1.5,63.0,29.0,6,0.2,0.001,12,3.0,5,0.0,-111.6347483012964,-61.967318799619804,-41.01950891464307,28.49443416696497,0.0,8.647920587033463,417.0,COMPLETE
756,27.692207182993172,2026-07-22 08:35:18.184992,2026-07-22 08:39:02.616819,0 days 00:03:44.431827,10,1.5,63.0,29.0,6,0.2,0.001,12,3.0,6,0.0,-114.52365852983284,-63.24654103773999,-45.85907243121622,27.692207182993172,0.0,5.418045060876583,410.0,COMPLETE
757,28.49443416696497,2026-07-22 08:35:28.017017,2026-07-22 08:39:17.652680,0 days 00:03:49.635663,10,1.5,63.0,29.0,6,0.2,0.001,12,3.0,5,0.0,-111.6347483012964,-61.967318799619804,-41.01950891464307,28.49443416696497,0.0,8.647920587033463,417.0,COMPLETE
758,27.692207182993172,2026-07-22 08:36:08.733102,2026-07-22 08:39:58.528747,0 days 00:03:49.795645,10,1.5,63.0,29.0,6,0.2,0.001,12,3.0,6,0.0,-114.52365852983284,-63.24654103773999,-45.85907243121622,27.692207182993172,0.0,5.418045060876583,410.0,COMPLETE
759,27.692207182993172,2026-07-22 08:36:25.554853,2026-07-22 08:40:15.169214,0 days 00:03:49.614361,10,1.5,63.0,29.0,6,0.2,0.001,12,3.0,6,0.0,-114.52365852983284,-63.24654103773999,-45.85907243121622,27.692207182993172,0.0,5.418045060876583,410.0,COMPLETE
760,15.200886711261166,2026-07-22 08:36:36.033888,2026-07-22 08:40:15.060875,0 days 00:03:39.026987,10,1.5,63.0,29.0,6,0.2,0.006,12,3.0,6,0.0,-15.958065277179792,-27.40201778483054,-23.219365263938784,15.200886711261166,0.0,-34.6633177715895,224.0,COMPLETE
761,27.692207182993172,2026-07-22 08:36:57.035605,2026-07-22 08:40:48.980243,0 days 00:03:51.944638,10,1.5,62.0,29.0,6,0.2,0.001,12,3.0,6,0.0,-114.52365852983284,-63.24654103773999,-45.85907243121622,27.692207182993172,0.0,5.418045060876583,410.0,COMPLETE
762,15.200886711261166,2026-07-22 08:36:57.323156,2026-07-22 08:40:36.142697,0 days 00:03:38.819541,10,1.5,63.0,29.0,6,0.2,0.006,12,3.0,6,0.0,-15.958065277179792,-27.40201778483054,-23.219365263938784,15.200886711261166,0.0,-34.6633177715895,224.0,COMPLETE
763,27.692207182993172,2026-07-22 08:37:37.034066,2026-07-22 08:41:24.938859,0 days 00:03:47.904793,10,1.5,63.0,29.0,6,0.2,0.001,13,3.0,6,0.0,-114.52365852983284,-63.24654103773999,-45.85907243121622,27.692207182993172,0.0,5.418045060876583,410.0,COMPLETE
764,15.200886711261166,2026-07-22 08:38:18.880233,2026-07-22 08:41:54.630317,0 days 00:03:35.750084,10,1.5,62.0,29.0,6,0.2,0.006,13,3.0,6,0.0,-15.958065277179792,-27.40201778483054,-23.219365263938784,15.200886711261166,0.0,-34.6633177715895,224.0,COMPLETE
765,18.923623876125703,2026-07-22 08:38:53.498440,2026-07-22 08:42:37.547393,0 days 00:03:44.048953,10,1.5,62.0,29.0,6,1.9000000000000001,0.001,13,3.0,6,0.0,-52.80025041109563,-60.269636158439766,-15.47872625563649,18.923623876125703,0.0,-22.94811200298064,283.0,COMPLETE
766,27.43998932435061,2026-07-22 08:39:02.683965,2026-07-22 08:42:46.552691,0 days 00:03:43.868726,11,1.5,62.0,28.0,6,0.2,0.001,13,3.0,6,0.0,-95.09021544702559,-55.10698627461159,-42.481372914964766,27.43998932435061,0.0,-2.498143742550747,401.0,COMPLETE
767,28.81527860917985,2026-07-22 08:39:17.709052,2026-07-22 08:43:09.367090,0 days 00:03:51.658038,11,1.5,62.0,28.0,5,0.2,0.001,13,3.0,6,0.0,-90.42565881678492,-56.50304459407701,-38.47466007338786,28.81527860917985,0.0,-4.55204585068,417.0,COMPLETE
768,18.178242932345647,2026-07-22 08:39:58.578524,2026-07-22 08:43:41.570762,0 days 00:03:42.992238,11,1.5,62.0,28.0,18,0.1,0.001,13,3.0,6,0.0,-63.14839837197828,-47.58291949709575,-24.308779907711784,18.178242932345647,0.0,-8.743301032829278,271.0,COMPLETE
769,28.76101181862094,2026-07-22 08:40:15.226975,2026-07-22 08:44:05.484174,0 days 00:03:50.257199,11,1.5,62.0,28.0,5,0.30000000000000004,0.001,13,2.9000000000000004,6,0.0,-89.82086535465167,-55.89825113194381,-38.47466007338786,28.76101181862094,0.0,-4.55204585068,416.0,COMPLETE
770,25.668471101492347,2026-07-22 08:40:15.240395,2026-07-22 08:44:05.036931,0 days 00:03:49.796536,11,1.5,62.0,28.0,5,0.30000000000000004,0.001,39,2.9000000000000004,6,0.0,-93.25766429354461,-60.41122443185623,-38.45410418522064,25.668471101492347,0.0,-5.607664323532215,380.0,COMPLETE
771,17.25983300745871,2026-07-22 08:40:36.199730,2026-07-22 08:44:19.151354,0 days 00:03:42.951624,11,1.5,62.0,21.0,14,0.30000000000000004,0.001,13,2.9000000000000004,6,0.0,-54.52878582286189,-33.07155809626181,-34.06159008301658,17.25983300745871,0.0,-12.604362356416516,258.0,COMPLETE
772,19.026889102675984,2026-07-22 08:40:49.051666,2026-07-22 08:44:31.322065,0 days 00:03:42.270399,11,1.5,62.0,28.0,18,0.1,0.001,13,2.9000000000000004,5,0.0,-60.159280273187456,-44.94170288570696,-17.524681894525546,19.026889102675984,0.0,-2.3071045070450396,278.0,COMPLETE
773,29.105549191683778,2026-07-22 08:41:24.989971,2026-07-22 08:45:15.208695,0 days 00:03:50.218724,11,1.5,62.0,28.0,5,0.30000000000000004,0.001,13,2.9000000000000004,5,0.0,-98.61081285062384,-54.76911725331772,-45.31105125817216,29.105549191683778,0.0,-1.4693556608660854,424.0,COMPLETE
774,29.105549191683778,2026-07-22 08:41:54.696848,2026-07-22 08:45:42.555406,0 days 00:03:47.858558,11,1.5,62.0,28.0,5,0.30000000000000004,0.001,11,2.9000000000000004,5,0.0,-98.61081285062384,-54.76911725331772,-45.31105125817216,29.105549191683778,0.0,-1.4693556608660854,424.0,COMPLETE
775,29.105549191683778,2026-07-22 08:42:37.599132,2026-07-22 08:46:28.013496,0 days 00:03:50.414364,11,1.5,62.0,28.0,5,0.30000000000000004,0.001,11,2.9000000000000004,5,0.0,-98.61081285062384,-54.76911725331772,-45.31105125817216,29.105549191683778,0.0,-1.4693556608660854,424.0,COMPLETE
776,29.105549191683778,2026-07-22 08:42:46.617952,2026-07-22 08:46:31.350971,0 days 00:03:44.733019,11,1.5,62.0,28.0,5,0.30000000000000004,0.001,11,2.9000000000000004,5,0.0,-98.61081285062384,-54.76911725331772,-45.31105125817216,29.105549191683778,0.0,-1.4693556608660854,424.0,COMPLETE
777,25.56084609573958,2026-07-22 08:43:09.434468,2026-07-22 08:46:59.805999,0 days 00:03:50.371531,28,1.6,62.0,28.0,5,0.30000000000000004,0.001,11,2.9000000000000004,5,0.0,-132.85165281461943,-97.63855341282238,-46.31974066487088,25.56084609573958,0.0,-11.106641263073755,401.0,COMPLETE
778,27.71258593916006,2026-07-22 08:43:41.632808,2026-07-22 08:47:31.343033,0 days 00:03:49.710225,11,1.6,62.0,31.0,5,0.30000000000000004,0.001,11,2.9000000000000004,5,0.0,-97.50898677658485,-66.90012627326387,-34.733524645843346,27.71258593916006,0.0,-4.124664142522349,407.0,COMPLETE
779,26.841263299183677,2026-07-22 08:44:05.092173,2026-07-22 08:47:55.126537,0 days 00:03:50.034364,11,1.6,62.0,26.0,5,0.30000000000000004,0.001,11,2.9000000000000004,5,0.0,-99.05292627827187,-65.0210967378133,-34.773194154421596,26.841263299183677,0.0,-0.7413646139630303,395.0,COMPLETE
780,27.89245732122506,2026-07-22 08:44:05.539300,2026-07-22 08:47:57.176296,0 days 00:03:51.636996,11,1.6,62.0,31.0,5,0.1,0.001,11,2.9000000000000004,5,0.0,-93.32838316447969,-62.231027732124566,-35.22201957487749,27.89245732122506,0.0,-4.124664142522349,407.0,COMPLETE
781,29.33485980028406,2026-07-22 08:44:19.210890,2026-07-22 08:48:10.987716,0 days 00:03:51.776826,10,1.6,61.0,31.0,5,0.1,0.001,11,2.9000000000000004,5,0.0,-75.41110543729992,-46.52057255660984,-19.47901127616617,29.33485980028406,0.0,9.41152160452396,409.0,COMPLETE
782,27.16012238535778,2026-07-22 08:44:31.376856,2026-07-22 08:48:21.177362,0 days 00:03:49.800506,10,1.6,61.0,31.0,5,0.1,0.001,26,3.0,5,0.0,-78.92405623971064,-53.541958406115036,-26.860615786856076,27.16012238535778,0.0,-1.4785179532604078,389.0,COMPLETE
783,13.056336636357766,2026-07-22 08:45:15.278246,2026-07-22 08:48:53.719650,0 days 00:03:38.441404,10,1.6,61.0,31.0,5,0.1,0.009000000000000001,11,3.0,5,0.0,-10.386423469821178,-17.630013204117446,-18.834901134985156,13.056336636357766,0.0,-26.078490869281406,189.0,COMPLETE
784,29.33485980028406,2026-07-22 08:45:42.612774,2026-07-22 08:49:28.839215,0 days 00:03:46.226441,10,1.6,61.0,31.0,5,0.1,0.001,11,3.0,5,0.0,-75.41110543729992,-46.52057255660984,-19.47901127616617,29.33485980028406,0.0,9.41152160452396,409.0,COMPLETE
785,29.33485980028406,2026-07-22 08:46:28.073325,2026-07-22 08:50:16.311512,0 days 00:03:48.238187,10,1.6,61.0,31.0,5,0.1,0.001,11,3.0,5,0.0,-75.41110543729992,-46.52057255660984,-19.47901127616617,29.33485980028406,0.0,9.41152160452396,409.0,COMPLETE
786,29.33485980028406,2026-07-22 08:46:31.400845,2026-07-22 08:50:16.467928,0 days 00:03:45.067083,10,1.6,61.0,31.0,5,0.1,0.001,11,3.0,5,0.0,-75.41110543729992,-46.52057255660984,-19.47901127616617,29.33485980028406,0.0,9.41152160452396,409.0,COMPLETE
787,29.33485980028406,2026-07-22 08:46:59.862049,2026-07-22 08:50:47.163327,0 days 00:03:47.301278,10,1.6,61.0,31.0,5,0.1,0.001,11,3.0,5,0.0,-75.41110543729992,-46.52057255660984,-19.47901127616617,29.33485980028406,0.0,9.41152160452396,409.0,COMPLETE
788,29.07928668607559,2026-07-22 08:47:31.391005,2026-07-22 08:51:20.719317,0 days 00:03:49.328312,10,1.6,61.0,29.0,5,0.1,0.001,11,3.0,5,0.0,-71.36785199646393,-44.20336875373109,-17.90478131869546,29.07928668607559,0.0,9.259701924037408,404.0,COMPLETE
789,29.434134232140007,2026-07-22 08:47:55.191747,2026-07-22 08:51:43.297737,0 days 00:03:48.105990,10,1.6,61.0,31.0,5,0.1,0.001,10,3.0,5,0.0,-75.41110543729992,-46.52057255660984,-15.377660341297949,29.434134232140007,0.0,13.512872539392177,408.0,COMPLETE
790,30.367972408943185,2026-07-22 08:47:57.235277,2026-07-22 08:51:45.566978,0 days 00:03:48.331701,10,1.5,61.0,29.0,5,0.1,0.001,10,3.0,5,0.0,-104.00760357435979,-58.91693637906629,-31.501383347288083,30.367972408943185,0.0,13.589283848005461,434.0,COMPLETE
791,24.833227006753127,2026-07-22 08:48:11.052996,2026-07-22 08:51:57.778451,0 days 00:03:46.725455,10,1.5,63.0,29.0,10,0.1,0.001,10,3.0,5,0.0,-57.99389216518656,-50.45760190931414,-1.3951759906395618,24.833227006753127,0.0,6.141114265232842,345.0,COMPLETE
792,30.367972408943185,2026-07-22 08:48:21.238677,2026-07-22 08:52:14.213693,0 days 00:03:52.975016,10,1.5,63.0,29.0,5,0.1,0.001,10,3.0,5,0.0,-104.00760357435979,-58.91693637906629,-31.501383347288083,30.367972408943185,0.0,13.589283848005461,434.0,COMPLETE
793,30.367972408943185,2026-07-22 08:48:53.779911,2026-07-22 08:52:44.262458,0 days 00:03:50.482547,10,1.5,63.0,29.0,5,0.1,0.001,10,3.0,5,0.0,-104.00760357435979,-58.91693637906629,-31.501383347288083,30.367972408943185,0.0,13.589283848005461,434.0,COMPLETE
794,28.600803233051433,2026-07-22 08:49:28.890922,2026-07-22 08:53:14.832765,0 days 00:03:45.941843,10,1.5,63.0,29.0,5,0.1,0.001,10,3.0,8,0.0,-102.35924690709217,-73.8629933049376,-26.843467793783542,28.600803233051433,0.0,1.652785808371079,418.0,COMPLETE
795,30.084314809995863,2026-07-22 08:50:16.370094,2026-07-22 08:54:05.758107,0 days 00:03:49.388013,10,1.5,63.0,29.0,5,0.2,0.001,10,3.0,5,0.0,-110.57143138370157,-65.96925911744216,-31.012888418253915,30.084314809995863,0.0,13.589283848005461,434.0,COMPLETE
796,30.084314809995863,2026-07-22 08:50:16.594304,2026-07-22 08:53:59.520614,0 days 00:03:42.926310,10,1.5,63.0,29.0,5,0.2,0.001,10,3.0,5,0.0,-110.57143138370157,-65.96925911744216,-31.012888418253915,30.084314809995863,0.0,13.589283848005461,434.0,COMPLETE
797,30.084314809995863,2026-07-22 08:50:47.218751,2026-07-22 08:54:36.755234,0 days 00:03:49.536483,10,1.5,63.0,29.0,5,0.2,0.001,10,3.0,5,0.0,-110.57143138370157,-65.96925911744216,-31.012888418253915,30.084314809995863,0.0,13.589283848005461,434.0,COMPLETE
798,30.084314809995863,2026-07-22 08:51:20.780379,2026-07-22 08:55:11.489373,0 days 00:03:50.708994,10,1.5,63.0,29.0,5,0.2,0.001,10,3.0,5,0.0,-110.57143138370157,-65.96925911744216,-31.012888418253915,30.084314809995863,0.0,13.589283848005461,434.0,COMPLETE
799,29.740889554946616,2026-07-22 08:51:43.367133,2026-07-22 08:55:35.348977,0 days 00:03:51.981844,10,1.5,63.0,29.0,5,0.2,0.001,10,3.0,6,0.0,-102.34676818666563,-67.24848135556233,-24.738878509254707,29.740889554946616,0.0,10.359408321848575,427.0,COMPLETE
800,29.94545815930773,2026-07-22 08:51:45.630338,2026-07-22 08:55:37.461738,0 days 00:03:51.831400,10,1.5,60.0,29.0,5,0.2,0.001,14,2.8,5,0.0,-111.08544488786794,-65.96925911744216,-36.35095070974171,29.94545815930773,0.0,8.765235060684033,435.0,COMPLETE
801,30.084314809995863,2026-07-22 08:51:57.842410,2026-07-22 08:55:49.862434,0 days 00:03:52.020024,10,1.5,60.0,29.0,5,0.2,0.001,10,2.8,5,0.0,-110.57143138370157,-65.96925911744216,-31.012888418253915,30.084314809995863,0.0,13.589283848005461,434.0,COMPLETE
802,12.385149366678853,2026-07-22 08:52:14.289675,2026-07-22 08:55:51.992196,0 days 00:03:37.702521,11,2.7,63.0,29.0,5,0.2,0.001,10,2.8,5,0.0,-3.520495172188655,-13.44362667693217,-8.707862938512838,12.385149366678853,0.0,-18.630994443256345,176.0,COMPLETE
803,29.737079275011443,2026-07-22 08:52:44.330564,2026-07-22 08:56:35.393915,0 days 00:03:51.063351,11,1.5,63.0,29.0,5,0.2,0.001,10,2.8,5,0.0,-96.95191439581161,-57.78446820577363,-36.836548606090176,29.737079275011443,0.0,2.3308975839477837,429.0,COMPLETE
804,13.658837896131832,2026-07-22 08:53:14.893018,2026-07-22 08:56:47.541487,0 days 00:03:32.648469,11,2.6,63.0,29.0,5,0.2,0.001,10,3.0,5,0.0,-5.045807195654076,-9.116147604959911,-14.068699762471896,13.658837896131832,0.0,-18.139040171777733,193.0,COMPLETE
805,29.737079275011443,2026-07-22 08:53:59.586113,2026-07-22 08:57:45.048004,0 days 00:03:45.461891,11,1.5,64.0,29.0,5,0.2,0.001,10,3.0,5,0.0,-96.95191439581161,-57.78446820577363,-36.836548606090176,29.737079275011443,0.0,2.3308975839477837,429.0,COMPLETE
806,29.737079275011443,2026-07-22 08:54:05.823984,2026-07-22 08:57:55.354205,0 days 00:03:49.530221,11,1.5,64.0,29.0,5,0.2,0.001,10,3.0,5,0.0,-96.95191439581161,-57.78446820577363,-36.836548606090176,29.737079275011443,0.0,2.3308975839477837,429.0,COMPLETE
807,29.737079275011443,2026-07-22 08:54:36.822546,2026-07-22 08:58:28.633156,0 days 00:03:51.810610,11,1.5,64.0,29.0,5,0.2,0.001,10,2.8,5,0.0,-96.95191439581161,-57.78446820577363,-36.836548606090176,29.737079275011443,0.0,2.3308975839477837,429.0,COMPLETE
808,29.737079275011443,2026-07-22 08:55:11.554283,2026-07-22 08:59:03.445057,0 days 00:03:51.890774,11,1.5,64.0,29.0,5,0.2,0.001,10,3.0,5,0.0,-96.95191439581161,-57.78446820577363,-36.836548606090176,29.737079275011443,0.0,2.3308975839477837,429.0,COMPLETE
809,29.737079275011443,2026-07-22 08:55:35.418499,2026-07-22 08:59:28.265571,0 days 00:03:52.847072,11,1.5,63.0,29.0,5,0.2,0.001,10,2.8,5,0.0,-96.95191439581161,-57.78446820577363,-36.836548606090176,29.737079275011443,0.0,2.3308975839477837,429.0,COMPLETE
810,29.737079275011443,2026-07-22 08:55:37.521447,2026-07-22 08:59:28.758212,0 days 00:03:51.236765,11,1.5,64.0,29.0,5,0.2,0.001,10,3.0,5,0.0,-96.95191439581161,-57.78446820577363,-36.836548606090176,29.737079275011443,0.0,2.3308975839477837,429.0,COMPLETE
811,28.942030215043165,2026-07-22 08:55:49.927743,2026-07-22 08:59:41.157008,0 days 00:03:51.229265,11,1.5,64.0,27.0,5,0.2,0.001,10,3.0,5,0.0,-102.03118439998276,-54.63997240680684,-41.99249739158769,28.942030215043165,0.0,5.398714601588215,420.0,COMPLETE
812,26.044555514835782,2026-07-22 08:55:52.063747,2026-07-22 08:59:48.873208,0 days 00:03:56.809461,32,1.5,64.0,29.0,5,0.2,0.001,10,3.0,5,0.0,-171.27443695423165,-124.22818294667435,-54.51021707055506,26.044555514835782,0.0,-7.463963062997672,425.0,COMPLETE
813,29.654145513063728,2026-07-22 08:56:35.444631,2026-07-22 09:00:25.221343,0 days 00:03:49.776712,12,1.5,64.0,29.0,5,0.2,0.001,10,3.0,5,0.0,-114.6800249984503,-78.65010052697748,-35.971930195887,29.654145513063728,0.0,0.057994275585766975,439.0,COMPLETE
814,29.135147695456713,2026-07-22 08:56:47.604265,2026-07-22 09:00:35.949125,0 days 00:03:48.344860,12,1.5,64.0,27.0,5,0.2,0.001,10,3.0,5,0.0,-119.27545873097743,-73.53638340845055,-42.61326402930068,29.135147695456713,0.0,3.1258112932261977,433.0,COMPLETE
815,28.932904469780407,2026-07-22 08:57:45.097442,2026-07-22 09:01:31.500674,0 days 00:03:46.403232,12,1.5,64.0,29.0,6,0.2,0.001,10,3.0,5,0.0,-118.66813353264048,-74.60277337481006,-40.73869740376871,28.932904469780407,0.0,3.326662754061693,430.0,COMPLETE
816,27.917968897165505,2026-07-22 08:57:55.422657,2026-07-22 09:01:44.518126,0 days 00:03:49.095469,11,1.5,64.0,27.0,6,0.2,0.001,10,3.0,5,0.0,-83.72115030875224,-50.39239153574157,-32.26712893169834,27.917968897165505,0.0,1.0616298413123757,400.0,COMPLETE
817,28.08683042154221,2026-07-22 08:58:28.690752,2026-07-22 09:02:19.345471,0 days 00:03:50.654719,12,1.5,64.0,27.0,6,0.2,0.001,10,3.0,5,0.0,-104.0453252838537,-72.23748298315107,-32.10544708745988,28.08683042154221,0.0,-0.297604786757304,414.0,COMPLETE
