number,value,datetime_start,datetime_complete,duration,params_MR_BB_PERIOD,params_MR_BB_STD,params_MR_RSI_OVERBOUGHT,params_MR_RSI_OVERSOLD,params_MR_RSI_PERIOD,params_MR_VOL_SPIKE_MULT,params_MR_VWAP_DEV_PCT,params_TP_BB_PERIOD,params_TP_BB_STD,params_TP_RSI_PERIOD,user_attrs_MB_PnL,user_attrs_MR_PnL,user_attrs_QQQ_PnL,user_attrs_SPY_PnL,user_attrs_Score,user_attrs_TF_PnL,user_attrs_TP_PnL,user_attrs_Total_Trades,state
326,29.341953674144722,2026-07-22 05:51:14.167250,2026-07-22 05:55:09.266159,0 days 00:03:55.098909,12,1.5,66.0,34.0,5,0.30000000000000004,0.001,17,1.6,5,0.0,-112.06140271436975,-81.6999853510705,-34.80169091140324,29.341953674144722,0.0,-4.440273548104064,436.0,COMPLETE
327,28.787016640685156,2026-07-22 05:51:17.098080,2026-07-22 05:55:11.976154,0 days 00:03:54.878074,11,1.5,66.0,34.0,5,0.30000000000000004,0.001,17,1.6,5,0.0,-97.50243686641139,-64.81866895160628,-35.43293499242368,28.787016640685156,0.0,-2.7491670776186368,421.0,COMPLETE
328,28.882137452420086,2026-07-22 05:51:21.096902,2026-07-22 05:55:07.027498,0 days 00:03:45.930596,10,1.5,66.0,34.0,5,0.30000000000000004,0.001,19,1.6,5,0.0,-112.84496659118594,-79.25423683015488,-29.94702531502788,28.882137452420086,0.0,3.643704446003241,426.0,COMPLETE
329,28.994438858267202,2026-07-22 05:51:31.222114,2026-07-22 05:55:25.812874,0 days 00:03:54.590760,11,1.5,66.0,31.0,5,0.30000000000000004,0.001,17,2.8,5,0.0,-100.65539607119443,-62.138287809010656,-39.74212609161049,28.994438858267202,0.0,-1.2250178294267402,424.0,COMPLETE
330,13.367082393870177,2026-07-22 05:51:34.762143,2026-07-22 05:55:13.413024,0 days 00:03:38.650881,10,1.5,66.0,34.0,5,0.4,0.008,19,1.6,5,0.0,-12.926324816055157,-15.392901693727893,-22.804041278806743,13.367082393870177,0.0,-25.27061815647944,194.0,COMPLETE
331,28.311378838689457,2026-07-22 05:52:58.590067,2026-07-22 05:56:46.694298,0 days 00:03:48.104231,11,1.5,66.0,35.0,5,0.30000000000000004,0.001,19,1.6,5,0.0,-97.28865913469215,-67.87194178485315,-36.1327157205661,28.311378838689457,0.0,-6.715998370727128,417.0,COMPLETE
332,29.713817423919274,2026-07-22 05:54:02.681259,2026-07-22 05:57:54.351120,0 days 00:03:51.669861,10,1.5,66.0,31.0,5,0.30000000000000004,0.001,17,1.9,5,0.0,-114.80376127413044,-73.14967115948815,-32.565947558494315,29.713817423919274,0.0,9.08814255614799,434.0,COMPLETE
333,29.713817423919274,2026-07-22 05:54:47.949637,2026-07-22 05:58:42.455739,0 days 00:03:54.506102,10,1.5,66.0,31.0,5,0.30000000000000004,0.001,17,2.9000000000000004,5,0.0,-114.80376127413044,-73.14967115948815,-32.565947558494315,29.713817423919274,0.0,9.08814255614799,434.0,COMPLETE
334,28.79579773956939,2026-07-22 05:54:58.151565,2026-07-22 05:58:53.901841,0 days 00:03:55.750276,11,1.5,66.0,35.0,5,0.30000000000000004,0.001,17,1.5,5,0.0,-96.26109463979404,-64.75041292161286,-35.43293499242368,28.79579773956939,0.0,-3.9222532742425837,421.0,COMPLETE
335,27.39553928021512,2026-07-22 05:55:02.333313,2026-07-22 05:58:58.547853,0 days 00:03:56.214540,11,1.6,66.0,35.0,5,0.30000000000000004,0.001,17,1.5,5,0.0,-98.73962991418117,-71.53581064277805,-33.90385512504655,27.39553928021512,0.0,-6.700035853643397,405.0,COMPLETE
336,29.41959249300335,2026-07-22 05:55:07.072968,2026-07-22 05:58:55.571950,0 days 00:03:48.498982,10,1.5,66.0,35.0,5,0.30000000000000004,0.001,17,1.5,5,0.0,-111.55062721587785,-77.03901928312857,-29.247244586885472,29.41959249300335,0.0,5.264363345863851,431.0,COMPLETE
337,27.469863610078388,2026-07-22 05:55:09.337520,2026-07-22 05:59:02.791743,0 days 00:03:53.454223,11,1.6,66.0,34.0,5,0.30000000000000004,0.001,16,1.5,5,0.0,-99.98097214079854,-71.50561235195597,-33.930166441417256,27.469863610078388,0.0,-5.454806652574674,406.0,COMPLETE
338,28.468239571938156,2026-07-22 05:55:12.043953,2026-07-22 05:59:06.257566,0 days 00:03:54.213613,10,1.6,66.0,35.0,5,0.30000000000000004,0.001,17,1.5,5,0.0,-75.31867129395191,-53.59445577703582,-15.46343277148002,28.468239571938156,0.0,6.260782745436153,401.0,COMPLETE
339,27.39553928021512,2026-07-22 05:55:13.482843,2026-07-22 05:59:07.506028,0 days 00:03:54.023185,11,1.6,67.0,35.0,5,0.30000000000000004,0.001,17,1.5,5,0.0,-98.73962991418117,-71.53581064277805,-33.90385512504655,27.39553928021512,0.0,-6.700035853643397,405.0,COMPLETE
340,28.468239571938156,2026-07-22 05:55:25.876008,2026-07-22 05:59:17.701552,0 days 00:03:51.825544,10,1.6,67.0,35.0,5,0.30000000000000004,0.001,17,2.8,5,0.0,-75.31867129395191,-53.59445577703582,-15.46343277148002,28.468239571938156,0.0,6.260782745436153,401.0,COMPLETE
341,28.115007384579435,2026-07-22 05:56:46.765852,2026-07-22 06:00:31.768095,0 days 00:03:45.002243,10,1.6,67.0,35.0,5,0.30000000000000004,0.001,18,2.9000000000000004,5,0.0,-75.66266677940907,-55.64113004964671,-16.163213499622426,28.115007384579435,0.0,3.8583232301399857,398.0,COMPLETE
342,28.115007384579435,2026-07-22 05:57:54.420005,2026-07-22 06:01:44.697404,0 days 00:03:50.277399,10,1.6,67.0,35.0,5,0.30000000000000004,0.001,18,1.9,5,0.0,-75.66266677940907,-55.64113004964671,-16.163213499622426,28.115007384579435,0.0,3.8583232301399857,398.0,COMPLETE
343,28.89702787351401,2026-07-22 05:58:42.518158,2026-07-22 06:02:33.872132,0 days 00:03:51.353974,10,1.6,67.0,31.0,5,0.30000000000000004,0.001,16,2.9000000000000004,5,0.0,-81.33705982444748,-53.00650280767038,-19.641733264706367,28.89702787351401,0.0,8.688823752070753,407.0,COMPLETE
344,28.555560984816022,2026-07-22 05:58:53.977493,2026-07-22 06:02:44.955480,0 days 00:03:50.977987,10,1.6,66.0,35.0,5,0.30000000000000004,0.001,16,2.9000000000000004,5,0.0,-76.54189632242309,-53.54614028806755,-15.48974408785073,28.555560984816022,0.0,7.506011946504866,402.0,COMPLETE
345,28.555560984816022,2026-07-22 05:58:55.649752,2026-07-22 06:02:41.807092,0 days 00:03:46.157340,10,1.6,67.0,35.0,5,0.30000000000000004,0.001,16,2.9000000000000004,5,0.0,-76.54189632242309,-53.54614028806755,-15.48974408785073,28.555560984816022,0.0,7.506011946504866,402.0,COMPLETE
346,11.973051268046609,2026-07-22 05:58:58.608557,2026-07-22 06:02:37.247931,0 days 00:03:38.639374,10,2.9000000000000004,67.0,31.0,5,0.30000000000000004,0.001,16,2.9000000000000004,5,0.0,0.0,-10.864013038251596,-11.6252924960656,11.973051268046609,0.0,-22.48930553431717,172.0,COMPLETE
347,28.555560984816022,2026-07-22 05:59:02.863764,2026-07-22 06:02:54.342915,0 days 00:03:51.479151,10,1.6,67.0,35.0,5,0.30000000000000004,0.001,16,1.9,5,0.0,-76.54189632242309,-53.54614028806755,-15.48974408785073,28.555560984816022,0.0,7.506011946504866,402.0,COMPLETE
348,28.89702787351401,2026-07-22 05:59:06.337258,2026-07-22 06:03:00.418910,0 days 00:03:54.081652,10,1.6,67.0,31.0,5,0.30000000000000004,0.001,16,2.9000000000000004,5,0.0,-81.33705982444748,-53.00650280767038,-19.641733264706367,28.89702787351401,0.0,8.688823752070753,407.0,COMPLETE
349,29.711784904507915,2026-07-22 05:59:07.577893,2026-07-22 06:03:01.797241,0 days 00:03:54.219348,10,1.5,67.0,31.0,5,0.2,0.001,17,2.9000000000000004,5,0.0,-114.82202904675034,-73.69084856273409,-32.04303792786827,29.711784904507915,0.0,9.08814255614799,434.0,COMPLETE
350,29.850279831181957,2026-07-22 05:59:17.764126,2026-07-22 06:03:10.847448,0 days 00:03:53.083322,10,1.5,67.0,31.0,5,0.2,0.001,16,1.9,5,0.0,-114.21435200828893,-72.34885925419053,-32.069349244238964,29.850279831181957,0.0,9.796143509859425,435.0,COMPLETE
351,29.711784904507915,2026-07-22 06:00:31.829525,2026-07-22 06:04:21.325270,0 days 00:03:49.495745,10,1.5,67.0,31.0,5,0.2,0.001,17,1.9,5,0.0,-114.82202904675034,-73.69084856273409,-32.04303792786827,29.711784904507915,0.0,9.08814255614799,434.0,COMPLETE
352,29.999477010850757,2026-07-22 06:01:44.747440,2026-07-22 06:05:36.117774,0 days 00:03:51.370334,10,1.5,65.0,31.0,5,0.2,0.001,16,2.1,5,0.0,-110.74533295357662,-68.28544963397337,-32.66373980974387,29.999477010850757,0.0,9.796143509859425,435.0,COMPLETE
353,29.054815895147275,2026-07-22 06:02:33.925842,2026-07-22 06:06:22.353353,0 days 00:03:48.427511,10,1.6,65.0,31.0,5,0.2,0.001,16,2.9000000000000004,5,0.0,-79.5561606142722,-51.154122662616295,-19.713214199585224,29.054815895147275,0.0,8.688823752070753,408.0,COMPLETE
354,29.054815895147275,2026-07-22 06:02:37.304361,2026-07-22 06:06:30.031820,0 days 00:03:52.727459,10,1.6,65.0,31.0,5,0.2,0.001,16,2.9000000000000004,5,0.0,-79.5561606142722,-51.154122662616295,-19.713214199585224,29.054815895147275,0.0,8.688823752070753,408.0,COMPLETE
355,29.999477010850757,2026-07-22 06:02:41.860535,2026-07-22 06:06:28.161193,0 days 00:03:46.300658,10,1.5,65.0,31.0,5,0.2,0.001,16,2.9000000000000004,5,0.0,-110.74533295357662,-68.28544963397337,-32.66373980974387,29.999477010850757,0.0,9.796143509859425,435.0,COMPLETE
356,29.209199338948196,2026-07-22 06:02:45.087782,2026-07-22 06:06:36.657209,0 days 00:03:51.569427,11,1.5,65.0,31.0,5,0.2,0.001,17,2.1,5,0.0,-97.74240346390353,-59.22529520171974,-39.74212609161049,29.209199338948196,0.0,-1.2250178294267402,425.0,COMPLETE
357,29.348475820287696,2026-07-22 06:02:54.412820,2026-07-22 06:06:48.895493,0 days 00:03:54.482673,11,1.5,65.0,31.0,5,0.2,0.001,15,2.9000000000000004,5,0.0,-97.13472642544211,-57.50387885661328,-39.768437407981196,29.348475820287696,0.0,-0.13758983915238998,426.0,COMPLETE
358,28.920815724344692,2026-07-22 06:03:00.476536,2026-07-22 06:06:51.114565,0 days 00:03:50.638029,10,1.6,68.0,31.0,5,0.2,0.001,16,2.9000000000000004,5,0.0,-80.68685526174632,-53.54768021091633,-18.450351298759266,28.920815724344692,0.0,8.688823752070753,407.0,COMPLETE
359,28.920815724344692,2026-07-22 06:03:01.850347,2026-07-22 06:06:52.899455,0 days 00:03:51.049108,10,1.6,68.0,31.0,5,0.2,0.001,16,2.9000000000000004,5,0.0,-80.68685526174632,-53.54768021091633,-18.450351298759266,28.920815724344692,0.0,8.688823752070753,407.0,COMPLETE
360,28.931456310714108,2026-07-22 06:03:10.916369,2026-07-22 06:07:00.616636,0 days 00:03:49.700267,10,1.6,68.0,31.0,5,0.2,0.001,15,2.8,5,0.0,-80.68685526174632,-53.16825317435342,-18.450351298759266,28.931456310714108,0.0,9.068250788633671,407.0,COMPLETE
361,15.008110781744522,2026-07-22 06:04:21.386967,2026-07-22 06:07:59.130923,0 days 00:03:37.743956,10,1.6,68.0,31.0,5,0.2,0.007,15,2.9000000000000004,5,0.0,-9.283154154285441,-17.342598059899522,-15.305770891239503,15.008110781744522,0.0,-23.36521479685354,215.0,COMPLETE
362,28.556500156484162,2026-07-22 06:05:36.180997,2026-07-22 06:09:24.832037,0 days 00:03:48.651040,10,1.6,68.0,31.0,5,0.1,0.001,15,2.9000000000000004,6,0.0,-77.56362921830926,-48.864411052895385,-20.666479472336384,28.556500156484162,0.0,8.03273869307754,401.0,COMPLETE
363,28.556500156484162,2026-07-22 06:06:22.428978,2026-07-22 06:10:14.196970,0 days 00:03:51.767992,10,1.6,68.0,31.0,5,0.1,0.001,15,2.9000000000000004,6,0.0,-77.56362921830926,-48.864411052895385,-20.666479472336384,28.556500156484162,0.0,8.03273869307754,401.0,COMPLETE
364,28.6909055268573,2026-07-22 06:06:28.222339,2026-07-22 06:10:12.386451,0 days 00:03:44.164112,10,1.6,65.0,31.0,5,0.1,0.001,15,2.9000000000000004,6,0.0,-76.43293457083517,-46.47085350459535,-21.929342373162335,28.6909055268573,0.0,8.03273869307754,402.0,COMPLETE
365,28.6909055268573,2026-07-22 06:06:30.107011,2026-07-22 06:10:20.899918,0 days 00:03:50.792907,10,1.6,63.0,31.0,5,0.1,0.001,15,2.9000000000000004,6,0.0,-76.43293457083517,-46.47085350459535,-21.929342373162335,28.6909055268573,0.0,8.03273869307754,402.0,COMPLETE
366,27.55540917744518,2026-07-22 06:06:36.714396,2026-07-22 06:10:29.928002,0 days 00:03:53.213606,11,1.6,63.0,31.0,5,0.1,0.001,15,2.9000000000000004,6,0.0,-83.93075863004613,-62.17840565695895,-28.341213121203126,27.55540917744518,0.0,-6.5888601481158835,399.0,COMPLETE
367,24.756222840320177,2026-07-22 06:06:48.967201,2026-07-22 06:10:36.472751,0 days 00:03:47.505550,11,1.6,65.0,31.0,5,0.1,0.002,15,2.1,6,0.0,-85.87217429117365,-61.377597973192856,-31.56727907934539,24.756222840320177,0.0,-7.072702761364578,366.0,COMPLETE
368,26.650580869873856,2026-07-22 06:06:51.178065,2026-07-22 06:10:43.921520,0 days 00:03:52.743455,11,1.5,65.0,31.0,5,0.1,0.002,15,1.9,6,0.0,-74.39301594450424,-50.991075200981165,-29.301589676354318,26.650580869873856,0.0,-5.899648932831285,385.0,COMPLETE
369,26.650580869873856,2026-07-22 06:06:52.959878,2026-07-22 06:10:44.335669,0 days 00:03:51.375791,11,1.5,65.0,31.0,5,0.1,0.002,15,1.9,6,0.0,-74.39301594450424,-50.991075200981165,-29.301589676354318,26.650580869873856,0.0,-5.899648932831285,385.0,COMPLETE
370,22.03868732423056,2026-07-22 06:07:00.688691,2026-07-22 06:10:50.877219,0 days 00:03:50.188528,11,1.6,65.0,31.0,5,0.1,0.002,17,2.1,10,0.0,-88.84860824307174,-70.57196264071598,-34.354111596943014,22.03868732423056,0.0,-16.07746599458729,338.0,COMPLETE
371,22.029253034925564,2026-07-22 06:07:59.197836,2026-07-22 06:11:42.032107,0 days 00:03:42.834271,11,1.7,65.0,31.0,5,0.1,0.001,15,1.9,19,0.0,-86.1694065163799,-62.05000639921382,-32.713666639811755,22.029253034925564,0.0,-8.594266522645583,332.0,COMPLETE
372,24.756222840320177,2026-07-22 06:09:24.887053,2026-07-22 06:13:14.141593,0 days 00:03:49.254540,11,1.6,65.0,31.0,5,0.1,0.002,14,2.1,6,0.0,-85.87217429117365,-61.377597973192856,-31.56727907934539,24.756222840320177,0.0,-7.072702761364578,366.0,COMPLETE
373,24.756222840320177,2026-07-22 06:10:12.450628,2026-07-22 06:13:57.948889,0 days 00:03:45.498261,11,1.6,65.0,31.0,5,0.1,0.002,14,3.0,6,0.0,-85.87217429117365,-61.377597973192856,-31.56727907934539,24.756222840320177,0.0,-7.072702761364578,366.0,COMPLETE
374,26.5550698622431,2026-07-22 06:10:14.258651,2026-07-22 06:14:06.536315,0 days 00:03:52.277664,11,1.5,65.0,31.0,5,0.2,0.002,17,2.1,6,0.0,-74.39301594450424,-51.93322188699093,-29.27527835998361,26.5550698622431,0.0,-6.815484302470345,384.0,COMPLETE
375,24.258761672154954,2026-07-22 06:10:20.953386,2026-07-22 06:14:10.871228,0 days 00:03:49.917842,11,1.7,65.0,31.0,5,0.2,0.002,14,2.1,5,0.0,-79.02218844172296,-53.16617792321756,-35.476421237574634,24.258761672154954,0.0,-9.620410719069184,358.0,COMPLETE
376,21.1950465719263,2026-07-22 06:10:29.986160,2026-07-22 06:14:18.934430,0 days 00:03:48.948270,11,1.7,65.0,30.0,5,0.2,0.002,14,2.1,10,0.0,-79.98765315823296,-57.09074515328884,-41.24429437276772,21.1950465719263,0.0,-18.347386367823578,323.0,COMPLETE
377,29.414698547173433,2026-07-22 06:10:36.537956,2026-07-22 06:14:31.928385,0 days 00:03:55.390429,11,1.5,65.0,30.0,5,0.2,0.001,14,2.2,5,0.0,-97.20052238208272,-57.78446820577363,-40.48128955502183,29.414698547173433,0.0,-1.0652353787127675,427.0,COMPLETE
378,26.949376667714333,2026-07-22 06:10:43.980013,2026-07-22 06:14:36.295277,0 days 00:03:52.315264,11,1.7,64.0,30.0,5,0.2,0.001,14,2.1,5,0.0,-85.31486413213581,-61.67342598653867,-33.41546830852606,26.949376667714333,0.0,-9.774030162928819,393.0,COMPLETE
379,26.949376667714333,2026-07-22 06:10:44.404645,2026-07-22 06:14:35.547044,0 days 00:03:51.142399,11,1.7,64.0,30.0,5,0.2,0.001,14,2.2,5,0.0,-85.31486413213581,-61.67342598653867,-33.41546830852606,26.949376667714333,0.0,-9.774030162928819,393.0,COMPLETE
380,26.866550727827914,2026-07-22 06:10:50.939266,2026-07-22 06:14:40.375773,0 days 00:03:49.436507,11,1.7,64.0,30.0,5,0.2,0.001,17,3.0,5,0.0,-85.31486413213581,-61.77188030735416,-33.38915699215535,26.866550727827914,0.0,-9.846173167373594,392.0,COMPLETE
381,29.414698547173433,2026-07-22 06:11:42.086082,2026-07-22 06:15:31.905259,0 days 00:03:49.819177,11,1.5,64.0,30.0,5,0.2,0.001,14,2.2,5,0.0,-97.20052238208272,-57.78446820577363,-40.48128955502183,29.414698547173433,0.0,-1.0652353787127675,427.0,COMPLETE
382,26.112631132172908,2026-07-22 06:13:14.202893,2026-07-22 06:17:03.354822,0 days 00:03:49.151929,11,1.5,64.0,20.0,5,0.2,0.001,17,2.2,5,0.0,-101.38584477502182,-72.50287216492735,-33.542695513333285,26.112631132172908,0.0,-4.6597229032388015,388.0,COMPLETE
383,29.597398917612907,2026-07-22 06:13:58.005500,2026-07-22 06:17:46.262665,0 days 00:03:48.257165,10,1.5,64.0,30.0,5,0.2,0.001,17,2.8,5,0.0,-110.00650249403361,-68.54881055168988,-34.190783697676295,29.597398917612907,0.0,7.2669082446673965,431.0,COMPLETE
384,19.16938951902259,2026-07-22 06:14:06.585057,2026-07-22 06:17:50.806271,0 days 00:03:44.221214,10,1.7,64.0,30.0,14,0.2,0.001,16,2.2,5,0.0,-51.98219782784721,-42.70023398733875,-27.803785556263417,19.16938951902259,0.0,-18.521821715755003,282.0,COMPLETE
385,29.736210521228813,2026-07-22 06:14:10.931298,2026-07-22 06:18:05.477477,0 days 00:03:54.546179,10,1.5,64.0,30.0,5,0.2,0.001,16,2.8,5,0.0,-109.3988254555722,-67.20682124314635,-34.217095014047004,29.736210521228813,0.0,7.974909198378829,432.0,COMPLETE
386,29.597398917612907,2026-07-22 06:14:18.984225,2026-07-22 06:18:10.901540,0 days 00:03:51.917315,10,1.5,64.0,30.0,5,0.2,0.001,17,2.8,5,0.0,-110.00650249403361,-68.54881055168988,-34.190783697676295,29.597398917612907,0.0,7.2669082446673965,431.0,COMPLETE
387,29.597398917612907,2026-07-22 06:14:32.063721,2026-07-22 06:18:24.783840,0 days 00:03:52.720119,10,1.5,64.0,30.0,5,0.2,0.001,17,3.0,5,0.0,-110.00650249403361,-68.54881055168988,-34.190783697676295,29.597398917612907,0.0,7.2669082446673965,431.0,COMPLETE
388,29.597398917612907,2026-07-22 06:14:35.599618,2026-07-22 06:18:28.146777,0 days 00:03:52.547159,10,1.5,64.0,30.0,5,0.2,0.001,17,2.2,5,0.0,-110.00650249403361,-68.54881055168988,-34.190783697676295,29.597398917612907,0.0,7.2669082446673965,431.0,COMPLETE
389,29.597398917612907,2026-07-22 06:14:36.352202,2026-07-22 06:18:30.638654,0 days 00:03:54.286452,10,1.5,64.0,30.0,5,0.2,0.001,17,3.0,5,0.0,-110.00650249403361,-68.54881055168988,-34.190783697676295,29.597398917612907,0.0,7.2669082446673965,431.0,COMPLETE
390,29.736210521228813,2026-07-22 06:14:40.435596,2026-07-22 06:18:33.505526,0 days 00:03:53.069930,10,1.5,65.0,30.0,5,0.2,0.001,16,1.9,5,0.0,-109.3988254555722,-67.20682124314635,-34.217095014047004,29.736210521228813,0.0,7.974909198378829,432.0,COMPLETE
391,29.597398917612907,2026-07-22 06:15:31.968539,2026-07-22 06:19:20.758292,0 days 00:03:48.789753,10,1.5,64.0,30.0,5,0.2,0.001,17,1.9,5,0.0,-110.00650249403361,-68.54881055168988,-34.190783697676295,29.597398917612907,0.0,7.2669082446673965,431.0,COMPLETE
392,29.777814237685252,2026-07-22 06:17:03.408893,2026-07-22 06:20:55.292590,0 days 00:03:51.883697,10,1.5,64.0,30.0,5,0.2,0.001,12,2.2,5,0.0,-108.88481195140582,-67.20682124314635,-32.980383657427396,29.777814237685252,0.0,8.69760705083204,432.0,COMPLETE
393,29.147987057314197,2026-07-22 06:17:46.311755,2026-07-22 06:21:31.282252,0 days 00:03:44.970497,10,1.5,64.0,28.0,5,0.2,0.001,16,2.8,5,0.0,-117.26894157263794,-64.5395056168915,-43.66310320500804,29.147987057314197,0.0,9.066332750738377,428.0,COMPLETE
394,11.956850066939257,2026-07-22 06:17:50.861397,2026-07-22 06:21:29.845790,0 days 00:03:38.984393,10,2.6,64.0,30.0,5,0.2,0.001,17,2.2,5,0.0,-4.229339693722316,-14.497620410906103,-13.376269356492566,11.956850066939257,0.0,-23.644550073676317,173.0,COMPLETE
395,18.032102659360426,2026-07-22 06:18:05.535085,2026-07-22 06:21:49.080884,0 days 00:03:43.545799,10,1.5,63.0,30.0,20,0.2,0.001,16,2.8,5,0.0,-54.40271841975152,-46.047354643153675,-14.71707927367662,18.032102659360426,0.0,-6.361715497078746,265.0,COMPLETE
396,29.822564461905053,2026-07-22 06:18:10.968910,2026-07-22 06:22:04.083533,0 days 00:03:53.114623,10,1.5,63.0,30.0,5,0.2,0.001,16,2.8,5,0.0,-109.2421504496655,-67.20682124314635,-34.0604200081403,29.822564461905053,0.0,7.974909198378829,433.0,COMPLETE
397,29.864166329192702,2026-07-22 06:18:24.845263,2026-07-22 06:22:17.160482,0 days 00:03:52.315219,10,1.5,63.0,30.0,5,0.2,0.001,12,3.0,5,0.0,-108.7281369454991,-67.20682124314635,-32.82370865152069,29.864166329192702,0.0,8.69760705083204,433.0,COMPLETE
398,25.50340816380691,2026-07-22 06:18:28.204170,2026-07-22 06:22:20.090378,0 days 00:03:51.886208,10,1.5,63.0,30.0,5,0.2,0.001,16,2.2,17,0.0,-107.00546055178808,-81.75049175160662,-27.81014179855021,25.50340816380691,0.0,-2.555172998368696,384.0,COMPLETE
399,29.736210521228813,2026-07-22 06:18:30.692923,2026-07-22 06:22:24.533896,0 days 00:03:53.840973,10,1.5,64.0,30.0,5,0.2,0.001,16,3.0,5,0.0,-109.3988254555722,-67.20682124314635,-34.217095014047004,29.736210521228813,0.0,7.974909198378829,432.0,COMPLETE
400,29.864166329192702,2026-07-22 06:18:33.554567,2026-07-22 06:22:26.777019,0 days 00:03:53.222452,10,1.5,63.0,30.0,5,0.2,0.001,12,2.2,5,0.0,-108.7281369454991,-67.20682124314635,-32.82370865152069,29.864166329192702,0.0,8.69760705083204,433.0,COMPLETE
401,29.864166329192702,2026-07-22 06:19:20.808542,2026-07-22 06:23:10.411760,0 days 00:03:49.603218,10,1.5,63.0,30.0,5,0.2,0.001,12,3.0,5,0.0,-108.7281369454991,-67.20682124314635,-32.82370865152069,29.864166329192702,0.0,8.69760705083204,433.0,COMPLETE
402,29.777814237685252,2026-07-22 06:20:55.348231,2026-07-22 06:24:44.994680,0 days 00:03:49.646449,10,1.5,64.0,30.0,5,0.2,0.001,11,2.2,5,0.0,-108.88481195140582,-67.20682124314635,-32.980383657427396,29.777814237685252,0.0,8.69760705083204,432.0,COMPLETE
403,29.822564461905053,2026-07-22 06:21:29.898126,2026-07-22 06:25:22.508586,0 days 00:03:52.610460,10,1.5,63.0,30.0,5,0.2,0.001,16,3.0,5,0.0,-109.2421504496655,-67.20682124314635,-34.0604200081403,29.822564461905053,0.0,7.974909198378829,433.0,COMPLETE
404,29.822564461905053,2026-07-22 06:21:31.341786,2026-07-22 06:25:17.547084,0 days 00:03:46.205298,10,1.5,63.0,30.0,5,0.2,0.001,16,2.2,5,0.0,-109.2421504496655,-67.20682124314635,-34.0604200081403,29.822564461905053,0.0,7.974909198378829,433.0,COMPLETE
405,29.822564461905053,2026-07-22 06:21:49.135417,2026-07-22 06:25:42.778484,0 days 00:03:53.643067,10,1.5,63.0,30.0,5,0.2,0.001,16,2.2,5,0.0,-109.2421504496655,-67.20682124314635,-34.0604200081403,29.822564461905053,0.0,7.974909198378829,433.0,COMPLETE
406,29.864166329192702,2026-07-22 06:22:04.140682,2026-07-22 06:25:57.187159,0 days 00:03:53.046477,10,1.5,63.0,30.0,5,0.2,0.001,12,1.9,5,0.0,-108.7281369454991,-67.20682124314635,-32.82370865152069,29.864166329192702,0.0,8.69760705083204,433.0,COMPLETE
