number,value,datetime_start,datetime_complete,duration,params_MAX_POSITION_PCT,params_MAX_RISK_PCT,params_MR_MIN_RR,params_MR_STOP_MULT,params_RISK_TIER_EQUITY_PCT,params_TP_MIN_RR,params_TP_STOP_MULT,user_attrs_BTC_PnL,user_attrs_MB_PnL,user_attrs_MR_PnL,user_attrs_QQQ_PnL,user_attrs_SPY_PnL,user_attrs_Score,user_attrs_TF_PnL,user_attrs_TP_PnL,user_attrs_Total_Trades,state
2021,-2.4266312302903628,2026-06-19 13:42:10.734353,2026-06-19 13:44:54.755795,0 days 00:02:44.021442,1.0,0.05,1.0,2.9000000000000004,0.02,1.8,2.4000000000000004,-42.866721052689634,-42.866721052689634,240.7465147329338,151.24115890904184,275.5548897947177,-2.4266312302903628,0.0,186.04953397082582,73.0,COMPLETE
2022,-2.4266312302903628,2026-06-19 13:42:21.200809,2026-06-19 13:45:04.499424,0 days 00:02:43.298615,1.0,0.05,1.0,2.9000000000000004,0.02,1.8,2.4000000000000004,-42.866721052689634,-42.866721052689634,240.7465147329338,151.24115890904184,275.5548897947177,-2.4266312302903628,0.0,186.04953397082582,73.0,COMPLETE
2023,-2.4266312302903628,2026-06-19 13:43:15.307384,2026-06-19 13:45:56.539300,0 days 00:02:41.231916,1.0,0.05,1.0,2.9000000000000004,0.01,1.8,2.4000000000000004,-42.866721052689634,-42.866721052689634,240.7465147329338,151.24115890904184,275.5548897947177,-2.4266312302903628,0.0,186.04953397082582,73.0,COMPLETE
2024,-2.4266312302903628,2026-06-19 13:43:34.279324,2026-06-19 13:46:17.418503,0 days 00:02:43.139179,1.0,0.05,1.0,2.9000000000000004,0.01,1.8,2.4000000000000004,-42.866721052689634,-42.866721052689634,240.7465147329338,151.24115890904184,275.5548897947177,-2.4266312302903628,0.0,186.04953397082582,73.0,COMPLETE
2025,-2.7751854300199237,2026-06-19 13:44:14.018260,2026-06-19 13:46:54.666321,0 days 00:02:40.648061,1.0,0.05,1.0,2.9000000000000004,0.01,1.8,2.6,-42.866721052689634,-42.866721052689634,240.7465147329338,121.39614178452587,288.05931107054,-2.7751854300199237,0.0,168.70893812213208,67.0,COMPLETE
2026,-2.7751854300199237,2026-06-19 13:44:29.157349,2026-06-19 13:47:12.101586,0 days 00:02:42.944237,1.0,0.05,1.0,2.9000000000000004,0.01,1.8,2.6,-42.866721052689634,-42.866721052689634,240.7465147329338,121.39614178452587,288.05931107054,-2.7751854300199237,0.0,168.70893812213208,67.0,COMPLETE
2027,-9.498367911971032,2026-06-19 13:44:31.953692,2026-06-19 13:47:14.081492,0 days 00:02:42.127800,1.0,0.05,1.0,2.9000000000000004,0.01,1.8,2.5,-42.866721052689634,-42.866721052689634,240.7465147329338,106.26428918648125,273.99331605664605,-9.498367911971032,0.0,139.51109051019347,59.0,COMPLETE
2028,-6.214514170118511,2026-06-19 13:44:54.636255,2026-06-19 13:47:38.309905,0 days 00:02:43.673650,1.5,0.01,1.0,2.9000000000000004,0.01,1.8,2.5,-41.95360943424255,-41.95360943424255,357.4890541665054,201.47333617360653,410.7314635861168,-6.214514170118511,0.0,254.71574559321772,70.0,COMPLETE
2029,-9.498367911971032,2026-06-19 13:44:54.846598,2026-06-19 13:47:38.203340,0 days 00:02:43.356742,1.0,0.01,1.0,2.9000000000000004,0.01,1.8,2.5,-42.866721052689634,-42.866721052689634,240.7465147329338,106.26428918648125,273.99331605664605,-9.498367911971032,0.0,139.51109051019347,59.0,COMPLETE
2030,-9.384034235865261,2026-06-19 13:45:04.534309,2026-06-19 13:47:47.554385,0 days 00:02:43.020076,1.0,0.01,1.0,3.0,0.02,1.8,2.5,-42.866721052689634,-42.866721052689634,255.40406384265498,121.79047818432022,273.1246761685282,-9.384034235865261,0.0,139.51109051019347,58.0,COMPLETE
2031,-6.163195467662209,2026-06-19 13:45:56.578625,2026-06-19 13:48:37.477777,0 days 00:02:40.899152,1.5,0.01,1.0,3.0,0.02,1.8,2.5,-41.95360943424255,-41.95360943424255,372.03756108544536,217.60882031191068,409.14448636675263,-6.163195467662209,0.0,254.71574559321772,69.0,COMPLETE
2032,-9.384034235865261,2026-06-19 13:46:17.449476,2026-06-19 13:49:00.876296,0 days 00:02:43.426820,1.0,0.01,1.0,3.0,0.02,1.8,2.5,-42.866721052689634,-42.866721052689634,255.40406384265498,121.79047818432022,273.1246761685282,-9.384034235865261,0.0,139.51109051019347,58.0,COMPLETE
2033,-9.384034235865261,2026-06-19 13:46:54.698782,2026-06-19 13:49:35.837076,0 days 00:02:41.138294,1.0,0.01,1.0,3.0,0.02,1.8,2.5,-42.866721052689634,-42.866721052689634,255.40406384265498,121.79047818432022,273.1246761685282,-9.384034235865261,0.0,139.51109051019347,58.0,COMPLETE
2034,-6.163195467662209,2026-06-19 13:47:12.136133,2026-06-19 13:49:56.096991,0 days 00:02:43.960858,1.5,0.01,1.0,3.0,0.02,1.8,2.5,-41.95360943424255,-41.95360943424255,372.03756108544536,217.60882031191068,409.14448636675263,-6.163195467662209,0.0,254.71574559321772,69.0,COMPLETE
2035,-6.163195467662209,2026-06-19 13:47:14.110443,2026-06-19 13:49:56.447659,0 days 00:02:42.337216,1.5,0.01,1.0,3.0,0.02,1.8,2.5,-41.95360943424255,-41.95360943424255,372.03756108544536,217.60882031191068,409.14448636675263,-6.163195467662209,0.0,254.71574559321772,69.0,COMPLETE
2036,-1340.0,2026-06-19 13:47:38.331842,2026-06-19 13:50:22.397544,0 days 00:02:44.065702,1.5,0.05,1.0,3.0,0.02,1.8,2.3,-41.95360943424255,-41.95360943424255,372.03756108544536,-13.445068195537786,389.9494148948896,-1340.0,0.0,4.466785613906433,16.0,COMPLETE
2037,-1340.0,2026-06-19 13:47:38.365616,2026-06-19 13:50:22.278437,0 days 00:02:43.912821,1.5,0.05,1.0,3.0,0.02,1.8,2.3,-41.95360943424255,-41.95360943424255,372.03756108544536,-13.445068195537786,389.9494148948896,-1340.0,0.0,4.466785613906433,16.0,COMPLETE
2038,-1340.0,2026-06-19 13:47:47.588646,2026-06-19 13:50:31.268505,0 days 00:02:43.679859,1.5,0.05,1.0,3.0,0.02,1.8,2.3,-41.95360943424255,-41.95360943424255,372.03756108544536,-13.445068195537786,389.9494148948896,-1340.0,0.0,4.466785613906433,16.0,COMPLETE
2039,-1340.0,2026-06-19 13:48:37.509017,2026-06-19 13:51:17.818348,0 days 00:02:40.309331,1.0,0.05,1.0,3.0,0.02,1.2,2.3,-42.866721052689634,-42.866721052689634,255.40406384265498,-46.89282285183566,264.9269113109146,-1340.0,0.0,-37.36997538357597,16.0,COMPLETE
2040,-1340.0,2026-06-19 13:49:00.917163,2026-06-19 13:51:44.112617,0 days 00:02:43.195454,1.0,0.05,1.0,3.0,0.02,1.8,2.3,-42.866721052689634,-42.866721052689634,255.40406384265498,-2.6069293776967726,260.9888502962893,-1340.0,0.0,2.97785707593762,16.0,COMPLETE
2041,-1320.0,2026-06-19 13:49:35.867531,2026-06-19 13:52:16.799875,0 days 00:02:40.932344,1.0,0.05,0.9000000000000001,3.0,0.02,1.8,2.3,-42.866721052689634,-42.866721052689634,152.85303788438142,-29.214090034579236,185.04498499489824,-1320.0,0.0,2.97785707593762,18.0,COMPLETE
2042,-1340.0,2026-06-19 13:49:56.126027,2026-06-19 13:52:40.066344,0 days 00:02:43.940317,1.0,0.05,1.0,3.0,0.02,1.8,2.3,-42.866721052689634,-42.866721052689634,255.40406384265498,-2.6069293776967726,260.9888502962893,-1340.0,0.0,2.97785707593762,16.0,COMPLETE
2043,-1320.0,2026-06-19 13:49:56.479015,2026-06-19 13:52:37.581262,0 days 00:02:41.102247,1.0,0.05,0.9000000000000001,3.0,0.02,1.8,2.3,-42.866721052689634,-42.866721052689634,152.85303788438142,-29.214090034579236,185.04498499489824,-1320.0,0.0,2.97785707593762,18.0,COMPLETE
2044,-2.3146479038941097,2026-06-19 13:50:22.311069,2026-06-19 13:53:06.027259,0 days 00:02:43.716190,1.0,0.05,1.0,3.0,0.02,1.8,2.4000000000000004,-42.866721052689634,-42.866721052689634,255.40406384265498,166.76734790688081,274.6862499065998,-2.3146479038941097,0.0,186.04953397082582,72.0,COMPLETE
2045,-3.985978348027869,2026-06-19 13:50:22.433628,2026-06-19 13:53:05.852225,0 days 00:02:43.418597,1.0,0.05,0.9000000000000001,3.0,0.02,1.8,2.4000000000000004,-42.866721052689634,-42.866721052689634,152.85303788438142,140.16018724999836,198.74238460520885,-3.985978348027869,0.0,186.04953397082582,74.0,COMPLETE
2046,-2.3146479038941097,2026-06-19 13:50:31.303111,2026-06-19 13:53:14.690678,0 days 00:02:43.387567,1.0,0.05,1.0,3.0,0.06,1.8,2.4000000000000004,-42.866721052689634,-42.866721052689634,255.40406384265498,166.76734790688081,274.6862499065998,-2.3146479038941097,0.0,186.04953397082582,72.0,COMPLETE
2047,-3.985978348027869,2026-06-19 13:51:17.850447,2026-06-19 13:53:58.822913,0 days 00:02:40.972466,1.0,0.04,0.9000000000000001,3.0,0.06,1.8,2.4000000000000004,-42.866721052689634,-42.866721052689634,152.85303788438142,140.16018724999836,198.74238460520885,-3.985978348027869,0.0,186.04953397082582,74.0,COMPLETE
2048,-2.3146479038941097,2026-06-19 13:51:44.143246,2026-06-19 13:54:27.888758,0 days 00:02:43.745512,1.0,0.04,1.0,3.0,0.06,1.8,2.4000000000000004,-42.866721052689634,-42.866721052689634,255.40406384265498,166.76734790688081,274.6862499065998,-2.3146479038941097,0.0,186.04953397082582,72.0,COMPLETE
2049,-1320.0,2026-06-19 13:52:16.828685,2026-06-19 13:54:57.650170,0 days 00:02:40.821485,1.0,0.04,0.9000000000000001,3.0,0.06,1.5,1.7000000000000002,-42.866721052689634,-42.866721052689634,152.85303788438142,-51.92231477345093,187.03129883921508,-1320.0,0.0,-17.74405381861725,18.0,COMPLETE
2050,-2.3146479038941097,2026-06-19 13:52:37.615347,2026-06-19 13:55:20.117673,0 days 00:02:42.502326,1.0,0.04,1.0,3.0,0.06,1.8,2.4000000000000004,-42.866721052689634,-42.866721052689634,255.40406384265498,166.76734790688081,274.6862499065998,-2.3146479038941097,0.0,186.04953397082582,72.0,COMPLETE
2051,-2.4266312302903628,2026-06-19 13:52:40.105124,2026-06-19 13:55:23.872250,0 days 00:02:43.767126,1.0,0.04,1.0,2.9000000000000004,0.04,1.8,2.4000000000000004,-42.866721052689634,-42.866721052689634,240.7465147329338,151.24115890904184,275.5548897947177,-2.4266312302903628,0.0,186.04953397082582,73.0,COMPLETE
2052,-2.4266312302903628,2026-06-19 13:53:05.885647,2026-06-19 13:55:51.075085,0 days 00:02:45.189438,1.0,0.04,1.0,2.9000000000000004,0.06,1.8,2.4000000000000004,-42.866721052689634,-42.866721052689634,240.7465147329338,151.24115890904184,275.5548897947177,-2.4266312302903628,0.0,186.04953397082582,73.0,COMPLETE
2053,-9.544800859332728,2026-06-19 13:53:06.104908,2026-06-19 13:55:50.805284,0 days 00:02:44.700376,1.0,0.04,1.0,1.9,0.06,1.8,2.4000000000000004,-42.866721052689634,-42.866721052689634,-133.26224000167633,154.5619866983189,-101.77469272916946,-9.544800859332728,0.0,186.04953397082582,74.0,COMPLETE
2054,-2.4266312302903628,2026-06-19 13:53:14.721703,2026-06-19 13:55:59.204315,0 days 00:02:44.482612,1.0,0.04,1.0,2.9000000000000004,0.06,1.8,2.4000000000000004,-42.866721052689634,-42.866721052689634,240.7465147329338,151.24115890904184,275.5548897947177,-2.4266312302903628,0.0,186.04953397082582,73.0,COMPLETE
2055,-2.4266312302903628,2026-06-19 13:53:58.857097,2026-06-19 13:56:39.899292,0 days 00:02:41.042195,1.0,0.04,1.0,2.9000000000000004,0.06,1.8,2.4000000000000004,-42.866721052689634,-42.866721052689634,240.7465147329338,151.24115890904184,275.5548897947177,-2.4266312302903628,0.0,186.04953397082582,73.0,COMPLETE
2056,-2.4266312302903628,2026-06-19 13:54:27.923652,2026-06-19 13:57:10.681105,0 days 00:02:42.757453,1.0,0.05,1.0,2.9000000000000004,0.02,1.8,2.4000000000000004,-42.866721052689634,-42.866721052689634,240.7465147329338,151.24115890904184,275.5548897947177,-2.4266312302903628,0.0,186.04953397082582,73.0,COMPLETE
2057,-1330.0,2026-06-19 13:54:57.679888,2026-06-19 13:57:38.256330,0 days 00:02:40.576442,1.0,0.05,1.0,2.9000000000000004,0.04,1.7000000000000002,2.4000000000000004,-42.866721052689634,-42.866721052689634,240.7465147329338,-18.133118375535766,261.8574901844072,-1330.0,0.0,2.97785707593762,17.0,COMPLETE
2058,-1330.0,2026-06-19 13:55:20.150337,2026-06-19 13:58:01.567548,0 days 00:02:41.417211,1.0,0.05,1.0,2.9000000000000004,0.02,1.7000000000000002,2.4000000000000004,-42.866721052689634,-42.866721052689634,240.7465147329338,-18.133118375535766,261.8574901844072,-1330.0,0.0,2.97785707593762,17.0,COMPLETE
2059,-1330.0,2026-06-19 13:55:23.909369,2026-06-19 13:58:07.650561,0 days 00:02:43.741192,1.0,0.05,1.0,2.9000000000000004,0.02,1.7000000000000002,2.4000000000000004,-42.866721052689634,-42.866721052689634,240.7465147329338,-18.133118375535766,261.8574901844072,-1330.0,0.0,2.97785707593762,17.0,COMPLETE
2060,-1330.0,2026-06-19 13:55:50.843592,2026-06-19 13:58:35.282413,0 days 00:02:44.438821,1.0,0.05,1.0,2.9000000000000004,0.02,1.7000000000000002,2.4000000000000004,-42.866721052689634,-42.866721052689634,240.7465147329338,-18.133118375535766,261.8574901844072,-1330.0,0.0,2.97785707593762,17.0,COMPLETE
2061,-1330.0,2026-06-19 13:55:51.147480,2026-06-19 13:58:35.009264,0 days 00:02:43.861784,1.0,0.05,1.0,2.9000000000000004,0.02,1.7000000000000002,2.4000000000000004,-42.866721052689634,-42.866721052689634,240.7465147329338,-18.133118375535766,261.8574901844072,-1330.0,0.0,2.97785707593762,17.0,COMPLETE
2062,-1340.0,2026-06-19 13:55:59.245437,2026-06-19 13:58:43.410155,0 days 00:02:44.164718,1.0,0.05,1.0,3.0,0.02,1.7000000000000002,2.4000000000000004,-42.866721052689634,-42.866721052689634,255.40406384265498,-2.6069293776967726,260.9888502962893,-1340.0,0.0,2.97785707593762,16.0,COMPLETE
2063,-1340.0,2026-06-19 13:56:39.935969,2026-06-19 13:59:21.510598,0 days 00:02:41.574629,1.0,0.05,1.0,3.0,0.02,1.7000000000000002,2.5,-42.866721052689634,-42.866721052689634,255.40406384265498,-2.6069293776967726,260.9888502962893,-1340.0,0.0,2.97785707593762,16.0,COMPLETE
2064,-1340.0,2026-06-19 13:57:10.720666,2026-06-19 13:59:55.728877,0 days 00:02:45.008211,1.0,0.05,1.0,3.0,0.02,1.7000000000000002,2.5,-42.866721052689634,-42.866721052689634,255.40406384265498,-2.6069293776967726,260.9888502962893,-1340.0,0.0,2.97785707593762,16.0,COMPLETE
2065,-9.436020286777477,2026-06-19 13:57:38.293973,2026-06-19 14:00:18.429509,0 days 00:02:40.135536,1.0,0.05,1.0,1.1,0.02,1.8,2.5,-42.866721052689634,-42.866721052689634,-106.59586029608288,88.4669037923714,-55.55167357826079,-9.436020286777477,0.0,139.51109051019347,60.0,COMPLETE
2066,-1340.0,2026-06-19 13:58:01.602857,2026-06-19 14:00:43.087630,0 days 00:02:41.484773,1.0,0.05,1.0,3.0,0.02,1.4,2.5,-42.866721052689634,-42.866721052689634,255.40406384265498,-28.580048360041836,260.9888502962893,-1340.0,0.0,-22.995261906407443,16.0,COMPLETE
2067,-1340.0,2026-06-19 13:58:07.687181,2026-06-19 14:00:51.206443,0 days 00:02:43.519262,1.0,0.05,1.0,3.0,0.02,1.0,2.5,-42.866721052689634,-42.866721052689634,255.40406384265498,-25.315154116568465,262.9751641406061,-1340.0,0.0,-17.74405381861725,16.0,COMPLETE
2068,-1340.0,2026-06-19 13:58:35.056371,2026-06-19 14:01:18.812253,0 days 00:02:43.755882,0.5,0.05,1.0,3.0,0.02,1.0,2.5,-21.433360526344817,-21.433360526344817,127.70203192132749,-12.657577058284232,131.48758207030306,-1340.0,0.0,-8.872026909308625,16.0,COMPLETE
2069,-1260.0,2026-06-19 13:58:35.369354,2026-06-19 14:01:19.290717,0 days 00:02:43.921363,0.5,0.05,1.0,3.0,0.02,1.8,2.5,-21.433360526344817,-21.433360526344817,127.70203192132749,27.47704089994762,133.07342482141868,-1260.0,0.0,32.84843380003885,24.0,COMPLETE
2070,-1260.0,2026-06-19 13:58:43.449080,2026-06-19 14:01:27.952690,0 days 00:02:44.503610,0.5,0.05,1.0,3.0,0.02,1.8,2.5,-21.433360526344817,-21.433360526344817,127.70203192132749,27.47704089994762,133.07342482141868,-1260.0,0.0,32.84843380003885,24.0,COMPLETE
2071,-1260.0,2026-06-19 13:59:21.543618,2026-06-19 14:02:01.973355,0 days 00:02:40.429737,0.5,0.05,1.0,3.0,0.02,1.8,2.5,-21.433360526344817,-21.433360526344817,127.70203192132749,27.47704089994762,133.07342482141868,-1260.0,0.0,32.84843380003885,24.0,COMPLETE
2072,-1340.0,2026-06-19 13:59:55.767534,2026-06-19 14:02:39.356194,0 days 00:02:43.588660,0.5,0.05,1.0,3.0,0.02,1.8,2.3,-21.433360526344817,-21.433360526344817,127.70203192132749,-1.3034646888483863,130.49442514814464,-1340.0,0.0,1.48892853796881,16.0,COMPLETE
2073,-1340.0,2026-06-19 14:00:18.464084,2026-06-19 14:02:58.704033,0 days 00:02:40.239949,0.5,0.05,1.0,3.0,0.02,1.8,2.3,-21.433360526344817,-21.433360526344817,127.70203192132749,-1.3034646888483863,130.49442514814464,-1340.0,0.0,1.48892853796881,16.0,COMPLETE
2074,-1340.0,2026-06-19 14:00:43.119405,2026-06-19 14:03:24.797014,0 days 00:02:41.677609,0.5,0.05,1.0,3.0,0.05,1.8,2.3,-21.433360526344817,-21.433360526344817,127.70203192132749,-1.3034646888483863,130.49442514814464,-1340.0,0.0,1.48892853796881,16.0,COMPLETE
2075,-1340.0,2026-06-19 14:00:51.242639,2026-06-19 14:03:35.498292,0 days 00:02:44.255653,0.5,0.05,1.0,3.0,0.02,1.8,2.3,-21.433360526344817,-21.433360526344817,127.70203192132749,-1.3034646888483863,130.49442514814464,-1340.0,0.0,1.48892853796881,16.0,COMPLETE
2076,-1340.0,2026-06-19 14:01:18.844521,2026-06-19 14:04:05.382910,0 days 00:02:46.538389,1.0,0.05,1.0,3.0,0.02,1.8,2.3,-42.866721052689634,-42.866721052689634,255.40406384265498,-2.6069293776967726,260.9888502962893,-1340.0,0.0,2.97785707593762,16.0,COMPLETE
2077,-1340.0,2026-06-19 14:01:19.322989,2026-06-19 14:04:07.031580,0 days 00:02:47.708591,1.0,0.05,1.0,3.0,0.05,1.8,2.3,-42.866721052689634,-42.866721052689634,255.40406384265498,-2.6069293776967726,260.9888502962893,-1340.0,0.0,2.97785707593762,16.0,COMPLETE
2078,-1340.0,2026-06-19 14:01:27.990225,2026-06-19 14:04:18.808475,0 days 00:02:50.818250,1.0,0.05,1.0,3.0,0.05,1.8,2.3,-42.866721052689634,-42.866721052689634,255.40406384265498,-2.6069293776967726,260.9888502962893,-1340.0,0.0,2.97785707593762,16.0,COMPLETE
2079,-1340.0,2026-06-19 14:02:02.004923,2026-06-19 14:04:54.296355,0 days 00:02:52.291432,1.0,0.05,1.0,3.0,0.05,1.8,2.3,-42.866721052689634,-42.866721052689634,255.40406384265498,-2.6069293776967726,260.9888502962893,-1340.0,0.0,2.97785707593762,16.0,COMPLETE
2080,-1340.0,2026-06-19 14:02:39.387311,2026-06-19 14:06:01.110503,0 days 00:03:21.723192,1.0,0.05,1.0,3.0,0.05,1.8,2.3,-42.866721052689634,-42.866721052689634,255.40406384265498,-2.6069293776967726,260.9888502962893,-1340.0,0.0,2.97785707593762,16.0,COMPLETE
2081,-1340.0,2026-06-19 14:02:58.755754,2026-06-19 14:06:18.032298,0 days 00:03:19.276544,1.0,0.01,1.0,3.0,0.05,1.8,2.3,-42.866721052689634,-42.866721052689634,255.40406384265498,-2.6069293776967726,260.9888502962893,-1340.0,0.0,2.97785707593762,16.0,COMPLETE
2082,-16.786432750626226,2026-06-19 14:03:24.841003,2026-06-19 14:06:45.284242,0 days 00:03:20.443239,4.5,0.01,1.0,3.0,0.05,1.8,2.4000000000000004,-41.95360943424255,-41.95360943424255,370.56590608019616,497.66330888753527,430.5558161832672,-16.786432750626226,0.0,557.6532189906061,72.0,COMPLETE
2083,-2.4266312302903628,2026-06-19 14:03:35.535061,2026-06-19 14:07:08.784739,0 days 00:03:33.249678,1.0,0.01,1.0,2.9000000000000004,0.05,1.8,2.4000000000000004,-42.866721052689634,-42.866721052689634,240.7465147329338,151.24115890904184,275.5548897947177,-2.4266312302903628,0.0,186.04953397082582,73.0,COMPLETE
2084,-2.4266312302903628,2026-06-19 14:04:05.424136,2026-06-19 14:07:41.988226,0 days 00:03:36.564090,1.0,0.01,1.0,2.9000000000000004,0.05,1.8,2.4000000000000004,-42.866721052689634,-42.866721052689634,240.7465147329338,151.24115890904184,275.5548897947177,-2.4266312302903628,0.0,186.04953397082582,73.0,COMPLETE
2085,-2.4266312302903628,2026-06-19 14:04:07.078666,2026-06-19 14:07:43.724930,0 days 00:03:36.646264,1.0,0.01,1.0,2.9000000000000004,0.02,1.8,2.4000000000000004,-42.866721052689634,-42.866721052689634,240.7465147329338,151.24115890904184,275.5548897947177,-2.4266312302903628,0.0,186.04953397082582,73.0,COMPLETE
2086,-2.4266312302903628,2026-06-19 14:04:18.855323,2026-06-19 14:07:56.189789,0 days 00:03:37.334466,1.0,0.01,1.0,2.9000000000000004,0.02,1.8,2.4000000000000004,-42.866721052689634,-42.866721052689634,240.7465147329338,151.24115890904184,275.5548897947177,-2.4266312302903628,0.0,186.04953397082582,73.0,COMPLETE
2087,-17.13354760955484,2026-06-19 14:04:54.349182,2026-06-19 14:08:13.732392,0 days 00:03:19.383210,4.5,0.01,1.0,2.9000000000000004,0.02,1.8,2.4000000000000004,-41.95360943424255,-41.95360943424255,368.22676017438926,479.1444095931918,446.7355695718037,-17.13354760955484,0.0,557.6532189906061,73.0,COMPLETE
2088,,2026-06-19 14:06:01.165085,,,1.0,0.01,1.0,2.9000000000000004,0.02,1.8,2.4000000000000004,,,,,,,,,,RUNNING
2089,,2026-06-19 14:06:18.075548,2026-06-19 14:08:50.149384,0 days 00:02:32.073836,1.0,0.01,1.0,2.9000000000000004,0.02,1.8,2.4000000000000004,,,,,,,,,,FAIL
2090,,2026-06-19 14:06:45.317893,,,1.0,0.02,1.0,2.9000000000000004,0.02,1.8,2.4000000000000004,,,,,,,,,,RUNNING
2091,,2026-06-19 14:07:08.829422,,,1.0,0.05,1.0,2.9000000000000004,0.02,1.8,2.6,,,,,,,,,,RUNNING
2092,,2026-06-19 14:07:42.033034,,,3.5,0.05,1.0,2.9000000000000004,0.02,1.8,2.4000000000000004,,,,,,,,,,RUNNING
2093,,2026-06-19 14:07:43.762351,,,1.0,0.05,1.0,3.0,0.03,1.8,2.4000000000000004,,,,,,,,,,RUNNING
2094,,2026-06-19 14:07:56.230655,,,1.0,0.05,1.0,3.0,0.03,1.8,2.4000000000000004,,,,,,,,,,RUNNING
2095,,2026-06-19 14:08:13.780346,,,1.0,0.05,1.0,3.0,0.03,1.8,2.4000000000000004,,,,,,,,,,RUNNING
