number,value,datetime_start,datetime_complete,duration,params_MAX_POSITION_PCT,params_MAX_RISK_PCT,params_MR_MIN_RR,params_MR_STOP_MULT,params_RISK_TIER_EQUITY_PCT,params_TP_MIN_RR,params_TP_STOP_MULT,user_attrs_BTC_PnL,user_attrs_MB_PnL,user_attrs_MR_PnL,user_attrs_QQQ_PnL,user_attrs_SPY_PnL,user_attrs_Score,user_attrs_TF_PnL,user_attrs_TP_PnL,user_attrs_Total_Trades,state
837,-9.362309707572209,2026-06-19 07:00:22.784898,2026-06-19 07:03:06.017504,0 days 00:02:43.232606,1.0,0.06,1.0,3.0,0.06,2.0,2.3,-42.866721052689634,-42.866721052689634,255.40406384265498,122.89270454979726,273.1246761685282,-9.362309707572209,0.0,140.6133168756705,58.0,COMPLETE
838,-9.76852001284647,2026-06-19 07:00:52.326357,2026-06-19 07:03:34.833583,0 days 00:02:42.507226,1.0,0.05,1.0,3.0,0.06,2.0,2.4000000000000004,-42.866721052689634,-42.866721052689634,255.40406384265498,97.58930490150775,278.44477650476557,-9.76852001284647,0.0,120.63001756361837,53.0,COMPLETE
839,-1340.0,2026-06-19 07:01:30.233541,2026-06-19 07:04:12.259908,0 days 00:02:42.026367,1.0,0.05,1.0,3.0,0.06,2.0,2.1,-42.866721052689634,-42.866721052689634,255.40406384265498,-2.6069293776967726,260.9888502962893,-1340.0,0.0,2.97785707593762,16.0,COMPLETE
840,-9.76852001284647,2026-06-19 07:01:37.338997,2026-06-19 07:04:21.190360,0 days 00:02:43.851363,1.0,0.05,1.0,3.0,0.06,2.0,2.4000000000000004,-42.866721052689634,-42.866721052689634,255.40406384265498,97.58930490150775,278.44477650476557,-9.76852001284647,0.0,120.63001756361837,53.0,COMPLETE
841,-9.76852001284647,2026-06-19 07:02:04.291972,2026-06-19 07:04:48.873005,0 days 00:02:44.581033,1.0,0.05,1.0,3.0,0.06,2.0,2.4000000000000004,-42.866721052689634,-42.866721052689634,255.40406384265498,97.58930490150775,278.44477650476557,-9.76852001284647,0.0,120.63001756361837,53.0,COMPLETE
842,-1340.0,2026-06-19 07:02:09.747246,2026-06-19 07:04:50.019362,0 days 00:02:40.272116,1.0,0.06,1.0,3.0,0.06,2.0,2.1,-42.866721052689634,-42.866721052689634,255.40406384265498,-2.6069293776967726,260.9888502962893,-1340.0,0.0,2.97785707593762,16.0,COMPLETE
843,-1340.0,2026-06-19 07:02:19.484249,2026-06-19 07:05:03.096523,0 days 00:02:43.612274,1.0,0.06,1.0,3.0,0.06,1.4,2.4000000000000004,-42.866721052689634,-42.866721052689634,255.40406384265498,-36.00729388986314,260.9888502962893,-1340.0,0.0,-30.42250743622875,16.0,COMPLETE
844,-9.373173941432805,2026-06-19 07:02:36.917840,2026-06-19 07:05:19.210034,0 days 00:02:42.292194,1.0,0.06,1.0,3.0,0.06,1.9,2.4000000000000004,-42.866721052689634,-42.866721052689634,255.40406384265498,122.34117668445333,273.1246761685282,-9.373173941432805,0.0,140.06178901032658,58.0,COMPLETE
845,-1340.0,2026-06-19 07:03:06.050078,2026-06-19 07:05:48.676239,0 days 00:02:42.626161,1.0,0.06,1.0,3.0,0.06,1.4,1.5,-42.866721052689634,-42.866721052689634,255.40406384265498,-3.6870874607664383,262.9751641406061,-1340.0,0.0,3.8840128371847773,16.0,COMPLETE
846,-9.373173941432805,2026-06-19 07:03:34.870755,2026-06-19 07:06:17.297311,0 days 00:02:42.426556,1.0,0.06,1.0,3.0,0.01,1.9,2.4000000000000004,-42.866721052689634,-42.866721052689634,255.40406384265498,122.34117668445333,273.1246761685282,-9.373173941432805,0.0,140.06178901032658,58.0,COMPLETE
847,-9.373173941432805,2026-06-19 07:04:12.288670,2026-06-19 07:06:52.985010,0 days 00:02:40.696340,1.0,0.06,1.0,3.0,0.06,1.9,2.4000000000000004,-42.866721052689634,-42.866721052689634,255.40406384265498,122.34117668445333,273.1246761685282,-9.373173941432805,0.0,140.06178901032658,58.0,COMPLETE
848,-9.48745126542851,2026-06-19 07:04:21.223318,2026-06-19 07:07:05.200859,0 days 00:02:43.977541,1.0,0.06,1.0,2.9000000000000004,0.01,1.9,2.4000000000000004,-42.866721052689634,-42.866721052689634,240.7465147329338,106.81498768661436,273.99331605664605,-9.48745126542851,0.0,140.06178901032658,59.0,COMPLETE
849,-9.48745126542851,2026-06-19 07:04:48.908156,2026-06-19 07:07:32.924607,0 days 00:02:44.016451,1.0,0.06,1.0,2.9000000000000004,0.01,1.9,2.4000000000000004,-42.866721052689634,-42.866721052689634,240.7465147329338,106.81498768661436,273.99331605664605,-9.48745126542851,0.0,140.06178901032658,59.0,COMPLETE
850,-9.48745126542851,2026-06-19 07:04:50.048830,2026-06-19 07:07:30.715652,0 days 00:02:40.666822,1.0,0.06,1.0,2.9000000000000004,0.01,1.9,2.4000000000000004,-42.866721052689634,-42.866721052689634,240.7465147329338,106.81498768661436,273.99331605664605,-9.48745126542851,0.0,140.06178901032658,59.0,COMPLETE
851,-9.48745126542851,2026-06-19 07:05:03.127764,2026-06-19 07:07:46.787134,0 days 00:02:43.659370,1.0,0.06,1.0,2.9000000000000004,0.06,1.9,2.4000000000000004,-42.866721052689634,-42.866721052689634,240.7465147329338,106.81498768661436,273.99331605664605,-9.48745126542851,0.0,140.06178901032658,59.0,COMPLETE
852,-9.48745126542851,2026-06-19 07:05:19.241195,2026-06-19 07:08:00.783007,0 days 00:02:41.541812,1.0,0.06,1.0,2.9000000000000004,0.06,1.9,2.4000000000000004,-42.866721052689634,-42.866721052689634,240.7465147329338,106.81498768661436,273.99331605664605,-9.48745126542851,0.0,140.06178901032658,59.0,COMPLETE
853,-9.48745126542851,2026-06-19 07:05:48.712258,2026-06-19 07:08:32.106213,0 days 00:02:43.393955,1.0,0.06,1.0,2.9000000000000004,0.01,1.9,2.4000000000000004,-42.866721052689634,-42.866721052689634,240.7465147329338,106.81498768661436,273.99331605664605,-9.48745126542851,0.0,140.06178901032658,59.0,COMPLETE
854,-2.524793378661091,2026-06-19 07:06:17.327451,2026-06-19 07:08:59.933306,0 days 00:02:42.605855,1.0,0.06,1.0,2.9000000000000004,0.06,1.9,2.3,-42.866721052689634,-42.866721052689634,240.7465147329338,145.34503874926784,276.19619118455154,-2.524793378661091,0.0,180.79471520088566,72.0,COMPLETE
855,-2.524793378661091,2026-06-19 07:06:53.024234,2026-06-19 07:09:35.036990,0 days 00:02:42.012756,1.0,0.06,1.0,2.9000000000000004,0.06,1.9,2.3,-42.866721052689634,-42.866721052689634,240.7465147329338,145.34503874926784,276.19619118455154,-2.524793378661091,0.0,180.79471520088566,72.0,COMPLETE
856,-1330.0,2026-06-19 07:07:05.232360,2026-06-19 07:09:48.765103,0 days 00:02:43.532743,1.0,0.06,1.0,2.9000000000000004,0.06,1.9,1.8,-42.866721052689634,-42.866721052689634,240.7465147329338,-51.533482887702135,261.8574901844072,-1330.0,0.0,-30.42250743622875,17.0,COMPLETE
857,-1330.0,2026-06-19 07:07:30.752580,2026-06-19 07:10:11.287377,0 days 00:02:40.534797,1.0,0.06,1.0,2.9000000000000004,0.06,1.9,1.9,-42.866721052689634,-42.866721052689634,240.7465147329338,-14.276948056768845,261.8574901844072,-1330.0,0.0,6.834027394704542,17.0,COMPLETE
858,-2.524793378661091,2026-06-19 07:07:32.958269,2026-06-19 07:10:17.380905,0 days 00:02:44.422636,1.0,0.02,1.0,2.9000000000000004,0.06,1.9,2.3,-42.866721052689634,-42.866721052689634,240.7465147329338,145.34503874926784,276.19619118455154,-2.524793378661091,0.0,180.79471520088566,72.0,COMPLETE
859,-2.4128463063772854,2026-06-19 07:07:46.819718,2026-06-19 07:10:30.738794,0 days 00:02:43.919076,1.0,0.02,1.0,3.0,0.06,1.9,2.3,-42.866721052689634,-42.866721052689634,255.40406384265498,160.87122774710687,275.3275512964336,-2.4128463063772854,0.0,180.79471520088566,71.0,COMPLETE
860,-2.4128463063772854,2026-06-19 07:08:00.811521,2026-06-19 07:10:42.680491,0 days 00:02:41.868970,1.0,0.02,1.0,3.0,0.06,1.9,2.3,-42.866721052689634,-42.866721052689634,255.40406384265498,160.87122774710687,275.3275512964336,-2.4128463063772854,0.0,180.79471520088566,71.0,COMPLETE
861,-2.4128463063772854,2026-06-19 07:08:32.141802,2026-06-19 07:11:15.693612,0 days 00:02:43.551810,1.0,0.02,1.0,3.0,0.06,1.9,2.3,-42.866721052689634,-42.866721052689634,255.40406384265498,160.87122774710687,275.3275512964336,-2.4128463063772854,0.0,180.79471520088566,71.0,COMPLETE
862,-2.4128463063772854,2026-06-19 07:08:59.964583,2026-06-19 07:11:43.536530,0 days 00:02:43.571947,1.0,0.02,1.0,3.0,0.06,1.9,2.3,-42.866721052689634,-42.866721052689634,255.40406384265498,160.87122774710687,275.3275512964336,-2.4128463063772854,0.0,180.79471520088566,71.0,COMPLETE
863,-2.4128463063772854,2026-06-19 07:09:35.074309,2026-06-19 07:12:16.276488,0 days 00:02:41.202179,1.0,0.02,1.0,3.0,0.06,1.9,2.3,-42.866721052689634,-42.866721052689634,255.40406384265498,160.87122774710687,275.3275512964336,-2.4128463063772854,0.0,180.79471520088566,71.0,COMPLETE
864,-1340.0,2026-06-19 07:09:48.799477,2026-06-19 07:12:31.501976,0 days 00:02:42.702499,1.0,0.06,1.0,3.0,0.06,1.9,2.2,-42.866721052689634,-42.866721052689634,255.40406384265498,-2.6069293776967726,260.9888502962893,-1340.0,0.0,2.97785707593762,16.0,COMPLETE
865,-1340.0,2026-06-19 07:10:11.323402,2026-06-19 07:12:52.101011,0 days 00:02:40.777609,1.0,0.02,1.0,3.0,0.06,1.9,2.2,-42.866721052689634,-42.866721052689634,255.40406384265498,-2.6069293776967726,260.9888502962893,-1340.0,0.0,2.97785707593762,16.0,COMPLETE
866,-1340.0,2026-06-19 07:10:17.415171,2026-06-19 07:13:01.178563,0 days 00:02:43.763392,1.0,0.02,1.0,3.0,0.06,1.9,2.2,-42.866721052689634,-42.866721052689634,255.40406384265498,-2.6069293776967726,260.9888502962893,-1340.0,0.0,2.97785707593762,16.0,COMPLETE
867,-1340.0,2026-06-19 07:10:30.770180,2026-06-19 07:13:16.073867,0 days 00:02:45.303687,1.0,0.02,1.0,3.0,0.06,1.9,2.2,-42.866721052689634,-42.866721052689634,255.40406384265498,-2.6069293776967726,260.9888502962893,-1340.0,0.0,2.97785707593762,16.0,COMPLETE
868,-1340.0,2026-06-19 07:10:42.710369,2026-06-19 07:13:23.362497,0 days 00:02:40.652128,1.0,0.06,1.0,3.0,0.06,1.9,2.2,-42.866721052689634,-42.866721052689634,255.40406384265498,-2.6069293776967726,260.9888502962893,-1340.0,0.0,2.97785707593762,16.0,COMPLETE
869,-1340.0,2026-06-19 07:11:15.722719,2026-06-19 07:13:59.219622,0 days 00:02:43.496903,1.0,0.06,1.0,3.0,0.04,1.9,2.2,-42.866721052689634,-42.866721052689634,255.40406384265498,-2.6069293776967726,260.9888502962893,-1340.0,0.0,2.97785707593762,16.0,COMPLETE
870,-1340.0,2026-06-19 07:11:43.563996,2026-06-19 07:14:25.366954,0 days 00:02:41.802958,1.0,0.06,1.0,3.0,0.04,1.9,2.2,-42.866721052689634,-42.866721052689634,255.40406384265498,-2.6069293776967726,260.9888502962893,-1340.0,0.0,2.97785707593762,16.0,COMPLETE
871,-1340.0,2026-06-19 07:12:16.360426,2026-06-19 07:14:58.216369,0 days 00:02:41.855943,1.0,0.06,1.0,3.0,0.04,1.6,1.7000000000000002,-42.866721052689634,-42.866721052689634,255.40406384265498,-46.89282285183566,264.9269113109146,-1340.0,0.0,-37.36997538357597,16.0,COMPLETE
872,-1340.0,2026-06-19 07:12:31.532885,2026-06-19 07:15:14.048089,0 days 00:02:42.515204,1.0,0.06,1.0,3.0,0.04,1.9,2.2,-42.866721052689634,-42.866721052689634,255.40406384265498,-2.6069293776967726,260.9888502962893,-1340.0,0.0,2.97785707593762,16.0,COMPLETE
873,-1340.0,2026-06-19 07:12:52.132169,2026-06-19 07:15:33.196358,0 days 00:02:41.064189,1.0,0.06,1.0,3.0,0.04,1.9,2.2,-42.866721052689634,-42.866721052689634,255.40406384265498,-2.6069293776967726,260.9888502962893,-1340.0,0.0,2.97785707593762,16.0,COMPLETE
874,-2.4128463063772854,2026-06-19 07:13:01.217618,2026-06-19 07:15:45.836368,0 days 00:02:44.618750,1.0,0.06,1.0,3.0,0.04,1.9,2.3,-42.866721052689634,-42.866721052689634,255.40406384265498,160.87122774710687,275.3275512964336,-2.4128463063772854,0.0,180.79471520088566,71.0,COMPLETE
875,-1340.0,2026-06-19 07:13:16.101736,2026-06-19 07:15:59.441139,0 days 00:02:43.339403,1.0,0.06,1.0,3.0,0.04,1.9,1.2,-42.866721052689634,-42.866721052689634,255.40406384265498,-3.6870874607664383,262.9751641406061,-1340.0,0.0,3.8840128371847773,16.0,COMPLETE
876,-2.4128463063772854,2026-06-19 07:13:23.392489,2026-06-19 07:16:03.891985,0 days 00:02:40.499496,1.0,0.06,1.0,3.0,0.04,1.9,2.3,-42.866721052689634,-42.866721052689634,255.40406384265498,160.87122774710687,275.3275512964336,-2.4128463063772854,0.0,180.79471520088566,71.0,COMPLETE
877,-1340.0,2026-06-19 07:13:59.312117,2026-06-19 07:16:41.613330,0 days 00:02:42.301213,1.0,0.06,1.0,3.0,0.02,1.2,2.3,-42.866721052689634,-42.866721052689634,255.40406384265498,-46.89282285183566,264.9269113109146,-1340.0,0.0,-37.36997538357597,16.0,COMPLETE
878,-18.131741317276408,2026-06-19 07:14:25.403590,2026-06-19 07:17:08.237799,0 days 00:02:42.834209,3.0,0.06,1.0,3.0,0.02,1.9,2.3,-41.95360943424255,-41.95360943424255,370.56590608019616,396.7525298120963,434.52475192048087,-18.131741317276408,0.0,460.7113756523809,71.0,COMPLETE
879,-2.4128463063772854,2026-06-19 07:14:58.249475,2026-06-19 07:17:39.617849,0 days 00:02:41.368374,1.0,0.06,1.0,3.0,0.02,1.9,2.3,-42.866721052689634,-42.866721052689634,255.40406384265498,160.87122774710687,275.3275512964336,-2.4128463063772854,0.0,180.79471520088566,71.0,COMPLETE
880,-26.229334100858306,2026-06-19 07:15:14.079371,2026-06-19 07:17:57.047391,0 days 00:02:42.968020,1.0,0.04,0.5,3.0,0.02,1.9,2.3,-42.866721052689634,-42.866721052689634,-241.51331870734734,28.840450163877627,-89.5590536703394,-26.229334100858306,0.0,180.79471520088566,74.0,COMPLETE
881,-2.524793378661091,2026-06-19 07:15:33.226798,2026-06-19 07:18:13.450535,0 days 00:02:40.223737,1.0,0.04,1.0,2.9000000000000004,0.02,1.9,2.3,-42.866721052689634,-42.866721052689634,240.7465147329338,145.34503874926784,276.19619118455154,-2.524793378661091,0.0,180.79471520088566,72.0,COMPLETE
882,-26.217684635653534,2026-06-19 07:15:45.866231,2026-06-19 07:18:28.814649,0 days 00:02:42.948418,1.0,0.04,0.5,2.9000000000000004,0.02,1.9,2.3,-42.866721052689634,-42.866721052689634,-241.43571534583012,30.363655555029716,-91.00465569997425,-26.217684635653534,0.0,180.79471520088566,74.0,COMPLETE
883,-2.524793378661091,2026-06-19 07:15:59.479545,2026-06-19 07:18:43.540190,0 days 00:02:44.060645,1.0,0.04,1.0,2.9000000000000004,0.02,1.9,2.3,-42.866721052689634,-42.866721052689634,240.7465147329338,145.34503874926784,276.19619118455154,-2.524793378661091,0.0,180.79471520088566,72.0,COMPLETE
884,-2.524793378661091,2026-06-19 07:16:03.929592,2026-06-19 07:18:45.381295,0 days 00:02:41.451703,1.0,0.04,1.0,2.9000000000000004,0.02,1.9,2.3,-42.866721052689634,-42.866721052689634,240.7465147329338,145.34503874926784,276.19619118455154,-2.524793378661091,0.0,180.79471520088566,72.0,COMPLETE
885,-9.48745126542851,2026-06-19 07:16:41.651800,2026-06-19 07:19:24.833186,0 days 00:02:43.181386,1.0,0.04,1.0,2.9000000000000004,0.02,1.9,2.4000000000000004,-42.866721052689634,-42.866721052689634,240.7465147329338,106.81498768661436,273.99331605664605,-9.48745126542851,0.0,140.06178901032658,59.0,COMPLETE
886,-9.48745126542851,2026-06-19 07:17:08.268792,2026-06-19 07:19:51.855291,0 days 00:02:43.586499,1.0,0.06,1.0,2.9000000000000004,0.02,1.9,2.4000000000000004,-42.866721052689634,-42.866721052689634,240.7465147329338,106.81498768661436,273.99331605664605,-9.48745126542851,0.0,140.06178901032658,59.0,COMPLETE
887,-9.48745126542851,2026-06-19 07:17:39.655152,2026-06-19 07:20:21.182655,0 days 00:02:41.527503,1.0,0.04,1.0,2.9000000000000004,0.02,1.9,2.4000000000000004,-42.866721052689634,-42.866721052689634,240.7465147329338,106.81498768661436,273.99331605664605,-9.48745126542851,0.0,140.06178901032658,59.0,COMPLETE
888,-9.48745126542851,2026-06-19 07:17:57.085116,2026-06-19 07:20:39.899427,0 days 00:02:42.814311,1.0,0.04,1.0,2.9000000000000004,0.06,1.9,2.4000000000000004,-42.866721052689634,-42.866721052689634,240.7465147329338,106.81498768661436,273.99331605664605,-9.48745126542851,0.0,140.06178901032658,59.0,COMPLETE
889,-9.48745126542851,2026-06-19 07:18:13.483846,2026-06-19 07:20:55.342188,0 days 00:02:41.858342,1.0,0.04,1.0,2.9000000000000004,0.06,1.9,2.4000000000000004,-42.866721052689634,-42.866721052689634,240.7465147329338,106.81498768661436,273.99331605664605,-9.48745126542851,0.0,140.06178901032658,59.0,COMPLETE
890,-9.48745126542851,2026-06-19 07:18:28.852740,2026-06-19 07:21:12.262914,0 days 00:02:43.410174,1.0,0.06,1.0,2.9000000000000004,0.06,1.9,2.4000000000000004,-42.866721052689634,-42.866721052689634,240.7465147329338,106.81498768661436,273.99331605664605,-9.48745126542851,0.0,140.06178901032658,59.0,COMPLETE
891,-9.373173941432805,2026-06-19 07:18:43.571920,2026-06-19 07:21:28.058979,0 days 00:02:44.487059,1.0,0.06,1.0,3.0,0.06,1.9,2.4000000000000004,-42.866721052689634,-42.866721052689634,255.40406384265498,122.34117668445333,273.1246761685282,-9.373173941432805,0.0,140.06178901032658,58.0,COMPLETE
892,-9.373173941432805,2026-06-19 07:18:45.415016,2026-06-19 07:21:25.870188,0 days 00:02:40.455172,1.0,0.05,1.0,3.0,0.06,1.9,2.4000000000000004,-42.866721052689634,-42.866721052689634,255.40406384265498,122.34117668445333,273.1246761685282,-9.373173941432805,0.0,140.06178901032658,58.0,COMPLETE
893,-9.373173941432805,2026-06-19 07:19:24.868502,2026-06-19 07:22:08.591825,0 days 00:02:43.723323,1.0,0.06,1.0,3.0,0.06,1.9,2.4000000000000004,-42.866721052689634,-42.866721052689634,255.40406384265498,122.34117668445333,273.1246761685282,-9.373173941432805,0.0,140.06178901032658,58.0,COMPLETE
894,-9.373173941432805,2026-06-19 07:19:51.900093,2026-06-19 07:22:35.559312,0 days 00:02:43.659219,1.0,0.06,1.0,3.0,0.06,1.9,2.4000000000000004,-42.866721052689634,-42.866721052689634,255.40406384265498,122.34117668445333,273.1246761685282,-9.373173941432805,0.0,140.06178901032658,58.0,COMPLETE
895,-9.373173941432805,2026-06-19 07:20:21.215668,2026-06-19 07:23:03.686554,0 days 00:02:42.470886,1.0,0.06,1.0,3.0,0.06,1.9,2.4000000000000004,-42.866721052689634,-42.866721052689634,255.40406384265498,122.34117668445333,273.1246761685282,-9.373173941432805,0.0,140.06178901032658,58.0,COMPLETE
896,-9.373173941432805,2026-06-19 07:20:39.941456,2026-06-19 07:23:23.997005,0 days 00:02:44.055549,1.0,0.06,1.0,3.0,0.06,1.9,2.4000000000000004,-42.866721052689634,-42.866721052689634,255.40406384265498,122.34117668445333,273.1246761685282,-9.373173941432805,0.0,140.06178901032658,58.0,COMPLETE
897,-9.373173941432805,2026-06-19 07:20:55.376871,2026-06-19 07:23:35.382247,0 days 00:02:40.005376,1.0,0.05,1.0,3.0,0.06,1.9,2.4000000000000004,-42.866721052689634,-42.866721052689634,255.40406384265498,122.34117668445333,273.1246761685282,-9.373173941432805,0.0,140.06178901032658,58.0,COMPLETE
898,-9.373173941432805,2026-06-19 07:21:12.298617,2026-06-19 07:23:56.485115,0 days 00:02:44.186498,1.0,0.06,1.0,3.0,0.06,1.9,2.4000000000000004,-42.866721052689634,-42.866721052689634,255.40406384265498,122.34117668445333,273.1246761685282,-9.373173941432805,0.0,140.06178901032658,58.0,COMPLETE
899,-2.4128463063772854,2026-06-19 07:21:25.904324,2026-06-19 07:24:06.411066,0 days 00:02:40.506742,1.0,0.06,1.0,3.0,0.06,1.9,2.3,-42.866721052689634,-42.866721052689634,255.40406384265498,160.87122774710687,275.3275512964336,-2.4128463063772854,0.0,180.79471520088566,71.0,COMPLETE
900,-2.4128463063772854,2026-06-19 07:21:28.106973,2026-06-19 07:24:12.547833,0 days 00:02:44.440860,1.0,0.06,1.0,3.0,0.06,1.9,2.3,-42.866721052689634,-42.866721052689634,255.40406384265498,160.87122774710687,275.3275512964336,-2.4128463063772854,0.0,180.79471520088566,71.0,COMPLETE
901,-2.4128463063772854,2026-06-19 07:22:08.621462,2026-06-19 07:24:53.250083,0 days 00:02:44.628621,1.0,0.06,1.0,3.0,0.06,1.9,2.3,-42.866721052689634,-42.866721052689634,255.40406384265498,160.87122774710687,275.3275512964336,-2.4128463063772854,0.0,180.79471520088566,71.0,COMPLETE
902,-2.4128463063772854,2026-06-19 07:22:35.589459,2026-06-19 07:25:19.268524,0 days 00:02:43.679065,1.0,0.05,1.0,3.0,0.06,1.9,2.3,-42.866721052689634,-42.866721052689634,255.40406384265498,160.87122774710687,275.3275512964336,-2.4128463063772854,0.0,180.79471520088566,71.0,COMPLETE
903,-9.362309707572209,2026-06-19 07:23:03.722646,2026-06-19 07:25:46.258891,0 days 00:02:42.536245,1.0,0.05,1.0,3.0,0.06,2.0,2.3,-42.866721052689634,-42.866721052689634,255.40406384265498,122.89270454979726,273.1246761685282,-9.362309707572209,0.0,140.6133168756705,58.0,COMPLETE
904,-9.362309707572209,2026-06-19 07:23:24.034709,2026-06-19 07:26:07.834920,0 days 00:02:43.800211,1.0,0.05,1.0,3.0,0.06,2.0,2.3,-42.866721052689634,-42.866721052689634,255.40406384265498,122.89270454979726,273.1246761685282,-9.362309707572209,0.0,140.6133168756705,58.0,COMPLETE
905,-9.362309707572209,2026-06-19 07:23:35.431534,2026-06-19 07:26:15.561273,0 days 00:02:40.129739,1.0,0.06,1.0,3.0,0.06,2.0,2.3,-42.866721052689634,-42.866721052689634,255.40406384265498,122.89270454979726,273.1246761685282,-9.362309707572209,0.0,140.6133168756705,58.0,COMPLETE
906,-13.087499154276856,2026-06-19 07:23:56.513160,2026-06-19 07:26:40.715958,0 days 00:02:44.202798,1.0,0.06,0.8,3.0,0.06,2.0,2.3,-42.866721052689634,-42.866721052689634,-89.42837540568195,100.5941996520009,-49.409258182012344,-13.087499154276856,0.0,140.6133168756705,59.0,COMPLETE
907,-13.087499154276856,2026-06-19 07:24:06.443284,2026-06-19 07:26:47.071937,0 days 00:02:40.628653,1.0,0.06,0.8,3.0,0.06,2.0,2.3,-42.866721052689634,-42.866721052689634,-89.42837540568195,100.5941996520009,-49.409258182012344,-13.087499154276856,0.0,140.6133168756705,59.0,COMPLETE
908,-1260.0,2026-06-19 07:24:12.578684,2026-06-19 07:26:55.495227,0 days 00:02:42.916543,0.5,0.02,1.0,3.0,0.06,2.0,2.3,-21.433360526344817,-21.433360526344817,127.70203192132749,27.47704089994762,133.07342482141868,-1260.0,0.0,32.84843380003885,24.0,COMPLETE
909,-1260.0,2026-06-19 07:24:53.284778,2026-06-19 07:27:35.944430,0 days 00:02:42.659652,0.5,0.02,1.0,3.0,0.06,2.0,2.3,-21.433360526344817,-21.433360526344817,127.70203192132749,27.47704089994762,133.07342482141868,-1260.0,0.0,32.84843380003885,24.0,COMPLETE
910,-9.362309707572209,2026-06-19 07:25:19.312676,2026-06-19 07:28:01.647616,0 days 00:02:42.334940,1.0,0.02,1.0,3.0,0.06,2.0,2.3,-42.866721052689634,-42.866721052689634,255.40406384265498,122.89270454979726,273.1246761685282,-9.362309707572209,0.0,140.6133168756705,58.0,COMPLETE
911,-1260.0,2026-06-19 07:25:46.288354,2026-06-19 07:28:27.654163,0 days 00:02:41.365809,0.5,0.02,1.0,3.0,0.06,2.0,2.3,-21.433360526344817,-21.433360526344817,127.70203192132749,27.47704089994762,133.07342482141868,-1260.0,0.0,32.84843380003885,24.0,COMPLETE
