number,value,datetime_start,datetime_complete,duration,params_MAX_POSITION_PCT,params_MAX_RISK_PCT,params_MR_MIN_RR,params_MR_STOP_MULT,params_RISK_TIER_EQUITY_PCT,params_TP_MIN_RR,params_TP_STOP_MULT,user_attrs_BTC_PnL,user_attrs_MB_PnL,user_attrs_MR_PnL,user_attrs_QQQ_PnL,user_attrs_SPY_PnL,user_attrs_Score,user_attrs_TF_PnL,user_attrs_TP_PnL,user_attrs_Total_Trades,state
302,-5.870865806582981,2026-06-19 03:58:56.509202,2026-06-19 04:01:39.737528,0 days 00:02:43.228326,1.5,0.03,1.0,3.0,0.05,1.9,2.3,-41.95360943424255,-41.95360943424255,372.03756108544536,231.77216749166763,411.4574663951061,-5.870865806582981,0.0,271.1920728013281,71.0,COMPLETE
303,-1340.0,2026-06-19 03:59:05.286857,2026-06-19 04:01:48.678469,0 days 00:02:43.391612,1.5,0.03,1.0,3.0,0.05,1.9,2.2,-41.95360943424255,-41.95360943424255,372.03756108544536,-13.445068195537786,389.9494148948896,-1340.0,0.0,4.466785613906433,16.0,COMPLETE
304,-1340.0,2026-06-19 03:59:50.228530,2026-06-19 04:02:30.140967,0 days 00:02:39.912437,1.5,0.03,1.0,3.0,0.05,1.9,2.2,-41.95360943424255,-41.95360943424255,372.03756108544536,-13.445068195537786,389.9494148948896,-1340.0,0.0,4.466785613906433,16.0,COMPLETE
305,-5.870865806582981,2026-06-19 03:59:52.420836,2026-06-19 04:02:31.989395,0 days 00:02:39.568559,1.5,0.03,1.0,3.0,0.05,1.9,2.3,-41.95360943424255,-41.95360943424255,372.03756108544536,231.77216749166763,411.4574663951061,-5.870865806582981,0.0,271.1920728013281,71.0,COMPLETE
306,-5.921695539543631,2026-06-19 04:00:25.882055,2026-06-19 04:03:07.608679,0 days 00:02:41.726624,1.5,0.03,1.0,2.9000000000000004,0.05,1.9,2.3,-41.95360943424255,-41.95360943424255,357.4890541665054,215.63668335336342,413.04444361447037,-5.921695539543631,0.0,271.1920728013281,72.0,COMPLETE
307,-5.921695539543631,2026-06-19 04:01:04.467151,2026-06-19 04:03:46.561044,0 days 00:02:42.093893,1.5,0.03,1.0,2.9000000000000004,0.05,1.9,2.3,-41.95360943424255,-41.95360943424255,357.4890541665054,215.63668335336342,413.04444361447037,-5.921695539543631,0.0,271.1920728013281,72.0,COMPLETE
308,-5.921695539543631,2026-06-19 04:01:23.819037,2026-06-19 04:04:05.971220,0 days 00:02:42.152183,1.5,0.03,1.0,2.9000000000000004,0.05,1.9,2.3,-41.95360943424255,-41.95360943424255,357.4890541665054,215.63668335336342,413.04444361447037,-5.921695539543631,0.0,271.1920728013281,72.0,COMPLETE
309,-5.921695539543631,2026-06-19 04:01:39.537780,2026-06-19 04:04:24.450791,0 days 00:02:44.913011,1.5,0.03,1.0,2.9000000000000004,0.05,1.9,2.3,-41.95360943424255,-41.95360943424255,357.4890541665054,215.63668335336342,413.04444361447037,-5.921695539543631,0.0,271.1920728013281,72.0,COMPLETE
310,-5.921695539543631,2026-06-19 04:01:39.783970,2026-06-19 04:04:22.763202,0 days 00:02:42.979232,1.5,0.03,1.0,2.9000000000000004,0.05,1.9,2.3,-41.95360943424255,-41.95360943424255,357.4890541665054,215.63668335336342,413.04444361447037,-5.921695539543631,0.0,271.1920728013281,72.0,COMPLETE
311,-5.921695539543631,2026-06-19 04:01:48.708955,2026-06-19 04:04:31.291408,0 days 00:02:42.582453,1.5,0.03,1.0,2.9000000000000004,0.05,1.9,2.3,-41.95360943424255,-41.95360943424255,357.4890541665054,215.63668335336342,413.04444361447037,-5.921695539543631,0.0,271.1920728013281,72.0,COMPLETE
312,-5.921695539543631,2026-06-19 04:02:30.170269,2026-06-19 04:05:10.594312,0 days 00:02:40.424043,1.5,0.03,1.0,2.9000000000000004,0.05,1.9,2.3,-41.95360943424255,-41.95360943424255,357.4890541665054,215.63668335336342,413.04444361447037,-5.921695539543631,0.0,271.1920728013281,72.0,COMPLETE
313,-5.921695539543631,2026-06-19 04:02:32.022548,2026-06-19 04:05:13.461018,0 days 00:02:41.438470,1.5,0.03,1.0,2.9000000000000004,0.05,1.9,2.3,-41.95360943424255,-41.95360943424255,357.4890541665054,215.63668335336342,413.04444361447037,-5.921695539543631,0.0,271.1920728013281,72.0,COMPLETE
314,-5.921695539543631,2026-06-19 04:03:07.645744,2026-06-19 04:05:49.295046,0 days 00:02:41.649302,1.5,0.03,1.0,2.9000000000000004,0.05,1.9,2.3,-41.95360943424255,-41.95360943424255,357.4890541665054,215.63668335336342,413.04444361447037,-5.921695539543631,0.0,271.1920728013281,72.0,COMPLETE
315,-5.921695539543631,2026-06-19 04:03:46.599686,2026-06-19 04:06:29.332907,0 days 00:02:42.733221,1.5,0.03,1.0,2.9000000000000004,0.05,1.9,2.3,-41.95360943424255,-41.95360943424255,357.4890541665054,215.63668335336342,413.04444361447037,-5.921695539543631,0.0,271.1920728013281,72.0,COMPLETE
316,-6.144857558637283,2026-06-19 04:04:06.005238,2026-06-19 04:06:48.377866,0 days 00:02:42.372628,1.5,0.03,1.0,2.9000000000000004,0.05,2.0,2.3,-41.95360943424255,-41.95360943424255,357.4890541665054,203.12667572182204,413.04444361447037,-6.144857558637283,0.0,258.68206516978677,70.0,COMPLETE
317,-1250.0,2026-06-19 04:04:22.794543,2026-06-19 04:07:05.295208,0 days 00:02:42.500665,0.5,0.03,1.0,2.9000000000000004,0.05,2.0,2.3,-21.433360526344817,-21.433360526344817,120.3732573664669,19.713946401028135,133.50774476547764,-1250.0,0.0,32.84843380003885,25.0,COMPLETE
318,-6.722518005645098,2026-06-19 04:04:24.479000,2026-06-19 04:07:08.054420,0 days 00:02:43.575420,1.5,0.03,1.0,2.9000000000000004,0.05,2.0,2.4000000000000004,-41.95360943424255,-41.95360943424255,357.4890541665054,165.17157624938778,419.859091130872,-6.722518005645098,0.0,227.5416132137543,65.0,COMPLETE
319,-6.722518005645098,2026-06-19 04:04:31.328357,2026-06-19 04:07:14.775880,0 days 00:02:43.447523,1.5,0.03,1.0,2.9000000000000004,0.05,2.0,2.4000000000000004,-41.95360943424255,-41.95360943424255,357.4890541665054,165.17157624938778,419.859091130872,-6.722518005645098,0.0,227.5416132137543,65.0,COMPLETE
320,-6.722518005645098,2026-06-19 04:05:10.630692,2026-06-19 04:07:50.849338,0 days 00:02:40.218646,1.5,0.03,1.0,2.9000000000000004,0.05,2.0,2.4000000000000004,-41.95360943424255,-41.95360943424255,357.4890541665054,165.17157624938778,419.859091130872,-6.722518005645098,0.0,227.5416132137543,65.0,COMPLETE
321,-6.671478186555307,2026-06-19 04:05:13.498424,2026-06-19 04:07:53.422403,0 days 00:02:39.923979,1.5,0.03,1.0,3.0,0.05,2.0,2.4000000000000004,-41.95360943424255,-41.95360943424255,372.03756108544536,181.30706038769193,418.27211391150774,-6.671478186555307,0.0,227.5416132137543,64.0,COMPLETE
322,-6.671478186555307,2026-06-19 04:05:49.325834,2026-06-19 04:08:31.037546,0 days 00:02:41.711712,1.5,0.03,1.0,3.0,0.05,2.0,2.4000000000000004,-41.95360943424255,-41.95360943424255,372.03756108544536,181.30706038769193,418.27211391150774,-6.671478186555307,0.0,227.5416132137543,64.0,COMPLETE
323,-6.671478186555307,2026-06-19 04:06:29.360519,2026-06-19 04:09:11.401199,0 days 00:02:42.040680,1.5,0.03,1.0,3.0,0.05,2.0,2.4000000000000004,-41.95360943424255,-41.95360943424255,372.03756108544536,181.30706038769193,418.27211391150774,-6.671478186555307,0.0,227.5416132137543,64.0,COMPLETE
324,-1260.0,2026-06-19 04:06:48.410823,2026-06-19 04:09:30.830391,0 days 00:02:42.419568,0.5,0.03,1.0,3.0,0.05,1.9,2.4000000000000004,-21.433360526344817,-21.433360526344817,127.70203192132749,27.47704089994762,133.07342482141868,-1260.0,0.0,32.84843380003885,24.0,COMPLETE
325,-6.128592053003877,2026-06-19 04:07:05.332693,2026-06-19 04:09:48.429897,0 days 00:02:43.097204,1.5,0.03,1.0,3.0,0.05,1.9,2.4000000000000004,-41.95360943424255,-41.95360943424255,372.03756108544536,218.43486806211035,410.2919634071518,-6.128592053003877,0.0,256.6892703838165,69.0,COMPLETE
326,-1340.0,2026-06-19 04:07:08.085437,2026-06-19 04:09:51.543120,0 days 00:02:43.457683,1.5,0.03,1.0,3.0,0.05,1.4,2.4000000000000004,-41.95360943424255,-41.95360943424255,372.03756108544536,-63.54561496378734,389.9494148948896,-1340.0,0.0,-45.63376115434312,16.0,COMPLETE
327,-1340.0,2026-06-19 04:07:14.807283,2026-06-19 04:09:59.075748,0 days 00:02:44.268465,1.0,0.03,1.0,3.0,0.05,1.4,2.4000000000000004,-42.866721052689634,-42.866721052689634,255.40406384265498,-36.00729388986314,260.9888502962893,-1340.0,0.0,-30.42250743622875,16.0,COMPLETE
328,-9.373173941432805,2026-06-19 04:07:50.879821,2026-06-19 04:10:32.165762,0 days 00:02:41.285941,1.0,0.02,1.0,3.0,0.05,1.9,2.4000000000000004,-42.866721052689634,-42.866721052689634,255.40406384265498,122.34117668445333,273.1246761685282,-9.373173941432805,0.0,140.06178901032658,58.0,COMPLETE
329,-9.373173941432805,2026-06-19 04:07:53.452869,2026-06-19 04:10:34.211200,0 days 00:02:40.758331,1.0,0.03,1.0,3.0,0.05,1.9,2.4000000000000004,-42.866721052689634,-42.866721052689634,255.40406384265498,122.34117668445333,273.1246761685282,-9.373173941432805,0.0,140.06178901032658,58.0,COMPLETE
330,-9.373173941432805,2026-06-19 04:08:31.069990,2026-06-19 04:11:12.177795,0 days 00:02:41.107805,1.0,0.03,1.0,3.0,0.05,1.9,2.4000000000000004,-42.866721052689634,-42.866721052689634,255.40406384265498,122.34117668445333,273.1246761685282,-9.373173941432805,0.0,140.06178901032658,58.0,COMPLETE
331,-1340.0,2026-06-19 04:09:11.431914,2026-06-19 04:11:53.653164,0 days 00:02:42.221250,1.5,0.03,1.0,3.0,0.05,1.4,2.4000000000000004,-41.95360943424255,-41.95360943424255,372.03756108544536,-63.54561496378734,389.9494148948896,-1340.0,0.0,-45.63376115434312,16.0,COMPLETE
332,-9.373173941432805,2026-06-19 04:09:30.868352,2026-06-19 04:12:12.653131,0 days 00:02:41.784779,1.0,0.03,1.0,3.0,0.05,1.9,2.4000000000000004,-42.866721052689634,-42.866721052689634,255.40406384265498,122.34117668445333,273.1246761685282,-9.373173941432805,0.0,140.06178901032658,58.0,COMPLETE
333,-2.4128463063772854,2026-06-19 04:09:48.462480,2026-06-19 04:12:32.162222,0 days 00:02:43.699742,1.0,0.02,1.0,3.0,0.05,1.9,2.3,-42.866721052689634,-42.866721052689634,255.40406384265498,160.87122774710687,275.3275512964336,-2.4128463063772854,0.0,180.79471520088566,71.0,COMPLETE
334,-2.4128463063772854,2026-06-19 04:09:51.577040,2026-06-19 04:12:34.316583,0 days 00:02:42.739543,1.0,0.03,1.0,3.0,0.05,1.9,2.3,-42.866721052689634,-42.866721052689634,255.40406384265498,160.87122774710687,275.3275512964336,-2.4128463063772854,0.0,180.79471520088566,71.0,COMPLETE
335,-2.4128463063772854,2026-06-19 04:09:59.111745,2026-06-19 04:12:43.198021,0 days 00:02:44.086276,1.0,0.03,1.0,3.0,0.05,1.9,2.3,-42.866721052689634,-42.866721052689634,255.40406384265498,160.87122774710687,275.3275512964336,-2.4128463063772854,0.0,180.79471520088566,71.0,COMPLETE
336,-5.870865806582981,2026-06-19 04:10:32.214116,2026-06-19 04:13:12.595452,0 days 00:02:40.381336,1.5,0.03,1.0,3.0,0.05,1.9,2.3,-41.95360943424255,-41.95360943424255,372.03756108544536,231.77216749166763,411.4574663951061,-5.870865806582981,0.0,271.1920728013281,71.0,COMPLETE
337,-8.532405406828959,2026-06-19 04:10:34.241467,2026-06-19 04:13:14.149755,0 days 00:02:39.908288,1.5,0.03,1.0,1.0,0.05,1.9,2.3,-41.95360943424255,-41.95360943424255,-138.5685223813684,201.68024067935488,-69.05669025939498,-8.532405406828959,0.0,271.1920728013281,73.0,COMPLETE
338,-8.431736359028,2026-06-19 04:11:12.205550,2026-06-19 04:13:52.694168,0 days 00:02:40.488618,1.5,0.03,1.0,2.8,0.05,1.9,2.3,-41.95360943424255,-41.95360943424255,196.9927935356289,183.59959366468274,284.58527267227436,-8.431736359028,0.0,271.1920728013281,72.0,COMPLETE
339,-1330.0,2026-06-19 04:11:53.685721,2026-06-19 04:14:35.773366,0 days 00:02:42.087645,1.5,0.03,1.0,2.8,0.05,1.0,2.3,-41.95360943424255,-41.95360943424255,196.9927935356289,-63.23787914712712,266.05669193853316,-1330.0,0.0,5.8260192557771635,17.0,COMPLETE
340,-8.431736359028,2026-06-19 04:12:12.690392,2026-06-19 04:14:55.286843,0 days 00:02:42.596451,1.5,0.03,1.0,2.8,0.05,1.9,2.3,-41.95360943424255,-41.95360943424255,196.9927935356289,183.59959366468274,284.58527267227436,-8.431736359028,0.0,271.1920728013281,72.0,COMPLETE
341,-4.401864271628214,2026-06-19 04:12:32.196513,2026-06-19 04:15:16.171651,0 days 00:02:43.975138,1.0,0.02,1.0,2.8,0.05,1.9,2.3,-42.866721052689634,-42.866721052689634,124.80316200709275,118.73787809238539,186.85999911559298,-4.401864271628214,0.0,180.79471520088566,72.0,COMPLETE
342,-2.524793378661091,2026-06-19 04:12:34.352302,2026-06-19 04:15:18.601904,0 days 00:02:44.249602,1.0,0.03,1.0,2.9000000000000004,0.05,1.9,2.3,-42.866721052689634,-42.866721052689634,240.7465147329338,145.34503874926784,276.19619118455154,-2.524793378661091,0.0,180.79471520088566,72.0,COMPLETE
343,-4.401864271628214,2026-06-19 04:12:43.232230,2026-06-19 04:15:26.742443,0 days 00:02:43.510213,1.0,0.02,1.0,2.8,0.05,1.9,2.3,-42.866721052689634,-42.866721052689634,124.80316200709275,118.73787809238539,186.85999911559298,-4.401864271628214,0.0,180.79471520088566,72.0,COMPLETE
344,-1330.0,2026-06-19 04:13:12.630776,2026-06-19 04:15:53.648300,0 days 00:02:41.017524,1.0,0.03,1.0,2.8,0.02,1.9,2.2,-42.866721052689634,-42.866721052689634,124.80316200709275,-44.74027903241823,172.5212981154486,-1330.0,0.0,2.97785707593762,17.0,COMPLETE
345,-4.401864271628214,2026-06-19 04:13:14.184555,2026-06-19 04:15:55.327955,0 days 00:02:41.143400,1.0,0.02,1.0,2.8,0.05,1.9,2.3,-42.866721052689634,-42.866721052689634,124.80316200709275,118.73787809238539,186.85999911559298,-4.401864271628214,0.0,180.79471520088566,72.0,COMPLETE
346,-1330.0,2026-06-19 04:13:52.724506,2026-06-19 04:16:33.647395,0 days 00:02:40.922889,1.0,0.02,1.0,2.9000000000000004,0.05,1.9,2.2,-42.866721052689634,-42.866721052689634,240.7465147329338,-18.133118375535766,261.8574901844072,-1330.0,0.0,2.97785707593762,17.0,COMPLETE
347,-1330.0,2026-06-19 04:14:35.813226,2026-06-19 04:17:17.492205,0 days 00:02:41.678979,1.0,0.02,1.0,2.9000000000000004,0.05,1.9,2.2,-42.866721052689634,-42.866721052689634,240.7465147329338,-18.133118375535766,261.8574901844072,-1330.0,0.0,2.97785707593762,17.0,COMPLETE
348,-1330.0,2026-06-19 04:14:55.322976,2026-06-19 04:17:36.619579,0 days 00:02:41.296603,1.0,0.02,1.0,2.9000000000000004,0.05,1.9,2.2,-42.866721052689634,-42.866721052689634,240.7465147329338,-18.133118375535766,261.8574901844072,-1330.0,0.0,2.97785707593762,17.0,COMPLETE
349,-1330.0,2026-06-19 04:15:16.203862,2026-06-19 04:18:00.668369,0 days 00:02:44.464507,1.0,0.02,1.0,2.8,0.05,1.9,2.2,-42.866721052689634,-42.866721052689634,124.80316200709275,-44.74027903241823,172.5212981154486,-1330.0,0.0,2.97785707593762,17.0,COMPLETE
350,-1330.0,2026-06-19 04:15:18.630306,2026-06-19 04:18:01.622557,0 days 00:02:42.992251,1.0,0.02,1.0,2.8,0.05,1.9,2.2,-42.866721052689634,-42.866721052689634,124.80316200709275,-44.74027903241823,172.5212981154486,-1330.0,0.0,2.97785707593762,17.0,COMPLETE
351,-1330.0,2026-06-19 04:15:26.772459,2026-06-19 04:18:10.659123,0 days 00:02:43.886664,1.0,0.02,1.0,2.8,0.05,1.9,2.2,-42.866721052689634,-42.866721052689634,124.80316200709275,-44.74027903241823,172.5212981154486,-1330.0,0.0,2.97785707593762,17.0,COMPLETE
352,-1310.0,2026-06-19 04:15:53.678694,2026-06-19 04:18:34.840781,0 days 00:02:41.162087,1.0,0.02,0.7,2.8,0.05,1.9,2.2,-42.866721052689634,-42.866721052689634,-130.9583208105202,-78.2578334769392,-49.72263025764343,-1310.0,0.0,2.97785707593762,19.0,COMPLETE
353,-1330.0,2026-06-19 04:15:55.360028,2026-06-19 04:18:35.814658,0 days 00:02:40.454630,1.0,0.02,1.0,2.8,0.05,1.9,2.2,-42.866721052689634,-42.866721052689634,124.80316200709275,-44.74027903241823,172.5212981154486,-1330.0,0.0,2.97785707593762,17.0,COMPLETE
354,-18.940758470374774,2026-06-19 04:16:33.689093,2026-06-19 04:19:15.527342,0 days 00:02:41.838249,1.0,0.02,0.7,2.7,0.05,1.9,2.4000000000000004,-42.866721052689634,-42.866721052689634,-150.48441772536196,27.793568464065938,-38.21619717910133,-18.940758470374774,0.0,140.06178901032658,63.0,COMPLETE
355,-11.332163138263358,2026-06-19 04:17:17.526511,2026-06-19 04:19:58.995181,0 days 00:02:41.468670,1.0,0.02,1.0,2.8,0.05,1.9,2.4000000000000004,-42.866721052689634,-42.866721052689634,124.80316200709275,80.20782702973187,184.65712398768744,-11.332163138263358,0.0,140.06178901032658,59.0,COMPLETE
356,-11.416789039813262,2026-06-19 04:17:36.649315,2026-06-19 04:20:19.970441,0 days 00:02:43.321126,1.0,0.02,1.0,2.7,0.05,1.9,2.4000000000000004,-42.866721052689634,-42.866721052689634,113.72741004106172,95.73401602757087,158.05518302381742,-11.416789039813262,0.0,140.06178901032658,60.0,COMPLETE
357,-11.416789039813262,2026-06-19 04:18:00.697784,2026-06-19 04:20:43.682264,0 days 00:02:42.984480,1.0,0.02,1.0,2.7,0.05,1.9,2.4000000000000004,-42.866721052689634,-42.866721052689634,113.72741004106172,95.73401602757087,158.05518302381742,-11.416789039813262,0.0,140.06178901032658,60.0,COMPLETE
358,-1310.0,2026-06-19 04:18:01.656186,2026-06-19 04:20:45.156679,0 days 00:02:43.500493,1.0,0.02,0.6000000000000001,2.8,0.05,1.1,2.4000000000000004,-42.866721052689634,-42.866721052689634,-292.16534666216944,-154.30033459558777,-155.60906588519893,-1310.0,0.0,-17.74405381861725,19.0,COMPLETE
359,-1320.0,2026-06-19 04:18:10.690273,2026-06-19 04:20:55.094520,0 days 00:02:44.404247,1.0,0.02,1.0,2.7,0.05,1.7000000000000002,2.4000000000000004,-42.866721052689634,-42.866721052689634,113.72741004106172,-29.214090034579236,145.91935715157857,-1320.0,0.0,2.97785707593762,18.0,COMPLETE
360,-1330.0,2026-06-19 04:18:34.868276,2026-06-19 04:21:14.812780,0 days 00:02:39.944504,1.0,0.02,0.9000000000000001,2.7,0.05,1.7000000000000002,2.4000000000000004,-42.866721052689634,-42.866721052689634,-75.52051203717858,-43.901574413743646,-28.64108054749731,-1330.0,0.0,2.97785707593762,17.0,COMPLETE
361,-1330.0,2026-06-19 04:18:35.846164,2026-06-19 04:21:16.011956,0 days 00:02:40.165792,1.0,0.02,0.9000000000000001,2.8,0.05,1.7000000000000002,2.4000000000000004,-42.866721052689634,-42.866721052689634,-134.15913948079668,-10.397512812052977,-120.78376959280608,-1330.0,0.0,2.97785707593762,17.0,COMPLETE
362,-1320.0,2026-06-19 04:19:15.557336,2026-06-19 04:21:56.329462,0 days 00:02:40.772126,1.0,0.02,1.0,2.7,0.05,1.7000000000000002,2.4000000000000004,-42.866721052689634,-42.866721052689634,113.72741004106172,-29.214090034579236,145.91935715157857,-1320.0,0.0,2.97785707593762,18.0,COMPLETE
363,-1330.0,2026-06-19 04:19:59.075533,2026-06-19 04:22:41.312705,0 days 00:02:42.237172,1.0,0.02,1.0,2.9000000000000004,0.05,1.7000000000000002,2.4000000000000004,-42.866721052689634,-42.866721052689634,240.7465147329338,-18.133118375535766,261.8574901844072,-1330.0,0.0,2.97785707593762,17.0,COMPLETE
364,-1330.0,2026-06-19 04:20:20.010157,2026-06-19 04:23:02.041421,0 days 00:02:42.031264,1.0,0.02,1.0,2.9000000000000004,0.05,1.8,2.3,-42.866721052689634,-42.866721052689634,240.7465147329338,-18.133118375535766,261.8574901844072,-1330.0,0.0,2.97785707593762,17.0,COMPLETE
365,-1330.0,2026-06-19 04:20:43.713743,2026-06-19 04:23:26.838892,0 days 00:02:43.125149,1.0,0.02,1.0,2.9000000000000004,0.05,1.8,2.3,-42.866721052689634,-42.866721052689634,240.7465147329338,-18.133118375535766,261.8574901844072,-1330.0,0.0,2.97785707593762,17.0,COMPLETE
366,-1320.0,2026-06-19 04:20:45.190605,2026-06-19 04:23:27.845703,0 days 00:02:42.655098,0.5,0.02,0.9000000000000001,2.9000000000000004,0.05,1.8,2.3,-21.433360526344817,-21.433360526344817,78.0222170610712,-14.607045017289618,94.11819061632963,-1320.0,0.0,1.48892853796881,18.0,COMPLETE
367,-1320.0,2026-06-19 04:20:55.122249,2026-06-19 04:23:37.300343,0 days 00:02:42.178094,1.0,0.02,0.9000000000000001,1.1,0.05,1.7000000000000002,2.3,-42.866721052689634,-42.866721052689634,-106.59586029608288,-35.9305037696456,-67.68749945049964,-1320.0,0.0,2.97785707593762,18.0,COMPLETE
368,-1330.0,2026-06-19 04:21:14.851626,2026-06-19 04:23:55.417444,0 days 00:02:40.565818,0.5,0.01,1.0,2.9000000000000004,0.05,1.8,2.3,-21.433360526344817,-21.433360526344817,120.3732573664669,-9.066559187767883,130.9287450922036,-1330.0,0.0,1.48892853796881,17.0,COMPLETE
369,-1330.0,2026-06-19 04:21:16.044199,2026-06-19 04:23:56.135622,0 days 00:02:40.091423,1.0,0.01,1.0,2.9000000000000004,0.05,1.8,2.3,-42.866721052689634,-42.866721052689634,240.7465147329338,-18.133118375535766,261.8574901844072,-1330.0,0.0,2.97785707593762,17.0,COMPLETE
370,-1330.0,2026-06-19 04:21:56.360129,2026-06-19 04:24:37.722286,0 days 00:02:41.362157,0.5,0.01,1.0,2.9000000000000004,0.05,1.8,2.3,-21.433360526344817,-21.433360526344817,120.3732573664669,-9.066559187767883,130.9287450922036,-1330.0,0.0,1.48892853796881,17.0,COMPLETE
371,-1330.0,2026-06-19 04:22:41.342711,2026-06-19 04:25:23.444656,0 days 00:02:42.101945,1.0,0.02,1.0,2.9000000000000004,0.05,1.8,2.3,-42.866721052689634,-42.866721052689634,240.7465147329338,-18.133118375535766,261.8574901844072,-1330.0,0.0,2.97785707593762,17.0,COMPLETE
372,-2.524793378661091,2026-06-19 04:23:02.069720,2026-06-19 04:25:44.655345,0 days 00:02:42.585625,1.0,0.01,1.0,2.9000000000000004,0.05,1.9,2.3,-42.866721052689634,-42.866721052689634,240.7465147329338,145.34503874926784,276.19619118455154,-2.524793378661091,0.0,180.79471520088566,72.0,COMPLETE
373,-1230.0,2026-06-19 04:23:26.867574,2026-06-19 04:26:08.692683,0 days 00:02:41.825109,0.5,0.02,1.0,2.9000000000000004,0.05,1.9,2.3,-21.433360526344817,-21.433360526344817,120.3732573664669,23.883948944875254,133.50774476547764,-1230.0,0.0,37.01843634388598,27.0,COMPLETE
374,-1230.0,2026-06-19 04:23:27.881706,2026-06-19 04:26:11.275340,0 days 00:02:43.393634,0.5,0.02,1.0,2.9000000000000004,0.05,1.9,2.3,-21.433360526344817,-21.433360526344817,120.3732573664669,23.883948944875254,133.50774476547764,-1230.0,0.0,37.01843634388598,27.0,COMPLETE
375,-1230.0,2026-06-19 04:23:37.335718,2026-06-19 04:26:20.695203,0 days 00:02:43.359485,0.5,0.03,1.0,2.9000000000000004,0.05,1.9,2.3,-21.433360526344817,-21.433360526344817,120.3732573664669,23.883948944875254,133.50774476547764,-1230.0,0.0,37.01843634388598,27.0,COMPLETE
376,-2.524793378661091,2026-06-19 04:23:55.447756,2026-06-19 04:26:36.309503,0 days 00:02:40.861747,1.0,0.02,1.0,2.9000000000000004,0.05,1.9,2.3,-42.866721052689634,-42.866721052689634,240.7465147329338,145.34503874926784,276.19619118455154,-2.524793378661091,0.0,180.79471520088566,72.0,COMPLETE
377,-2.524793378661091,2026-06-19 04:23:56.162891,2026-06-19 04:26:36.405816,0 days 00:02:40.242925,1.0,0.02,1.0,2.9000000000000004,0.05,1.9,2.3,-42.866721052689634,-42.866721052689634,240.7465147329338,145.34503874926784,276.19619118455154,-2.524793378661091,0.0,180.79471520088566,72.0,COMPLETE
