number,value,datetime_start,datetime_complete,duration,params_MAX_POSITION_PCT,params_MAX_RISK_PCT,params_MR_MIN_RR,params_MR_STOP_MULT,params_RISK_TIER_EQUITY_PCT,params_TP_MIN_RR,params_TP_STOP_MULT,user_attrs_BTC_PnL,user_attrs_MB_PnL,user_attrs_MR_PnL,user_attrs_QQQ_PnL,user_attrs_SPY_PnL,user_attrs_Score,user_attrs_TF_PnL,user_attrs_TP_PnL,user_attrs_Total_Trades,state
1872,-2.4266312302903628,2026-06-19 12:52:21.466400,2026-06-19 12:55:02.735085,0 days 00:02:41.268685,1.0,0.05,1.0,2.9000000000000004,0.02,1.8,2.4000000000000004,-42.866721052689634,-42.866721052689634,240.7465147329338,151.24115890904184,275.5548897947177,-2.4266312302903628,0.0,186.04953397082582,73.0,COMPLETE
1873,-1330.0,2026-06-19 12:52:36.222833,2026-06-19 12:55:19.396023,0 days 00:02:43.173190,1.0,0.05,1.0,2.9000000000000004,0.02,1.8,1.3,-42.866721052689634,-42.866721052689634,240.7465147329338,-19.21327645860543,263.84380402872404,-1330.0,0.0,3.8840128371847773,17.0,COMPLETE
1874,-2.4266312302903628,2026-06-19 12:52:56.863701,2026-06-19 12:55:41.104418,0 days 00:02:44.240717,1.0,0.05,1.0,2.9000000000000004,0.04,1.8,2.4000000000000004,-42.866721052689634,-42.866721052689634,240.7465147329338,151.24115890904184,275.5548897947177,-2.4266312302903628,0.0,186.04953397082582,73.0,COMPLETE
1875,-2.4266312302903628,2026-06-19 12:53:03.053654,2026-06-19 12:55:45.765459,0 days 00:02:42.711805,1.0,0.05,1.0,2.9000000000000004,0.02,1.8,2.4000000000000004,-42.866721052689634,-42.866721052689634,240.7465147329338,151.24115890904184,275.5548897947177,-2.4266312302903628,0.0,186.04953397082582,73.0,COMPLETE
1876,-2.4266312302903628,2026-06-19 12:53:05.087572,2026-06-19 12:55:48.377791,0 days 00:02:43.290219,1.0,0.05,1.0,2.9000000000000004,0.02,1.8,2.4000000000000004,-42.866721052689634,-42.866721052689634,240.7465147329338,151.24115890904184,275.5548897947177,-2.4266312302903628,0.0,186.04953397082582,73.0,COMPLETE
1877,-2.4266312302903628,2026-06-19 12:53:15.469416,2026-06-19 12:55:59.116861,0 days 00:02:43.647445,1.0,0.05,1.0,2.9000000000000004,0.02,1.8,2.4000000000000004,-42.866721052689634,-42.866721052689634,240.7465147329338,151.24115890904184,275.5548897947177,-2.4266312302903628,0.0,186.04953397082582,73.0,COMPLETE
1878,-2.4266312302903628,2026-06-19 12:53:16.238581,2026-06-19 12:55:56.632453,0 days 00:02:40.393872,1.0,0.03,1.0,2.9000000000000004,0.02,1.8,2.4000000000000004,-42.866721052689634,-42.866721052689634,240.7465147329338,151.24115890904184,275.5548897947177,-2.4266312302903628,0.0,186.04953397082582,73.0,COMPLETE
1879,-16.14925169783929,2026-06-19 12:54:40.539297,2026-06-19 12:57:24.552288,0 days 00:02:44.012991,1.0,0.03,1.0,1.5,0.02,1.8,2.5,-42.866721052689634,-42.866721052689634,-150.30867781113426,87.07764027477485,-97.87522757571566,-16.14925169783929,0.0,139.51109051019347,63.0,COMPLETE
1880,-9.498367911971032,2026-06-19 12:55:02.774144,2026-06-19 12:57:43.673673,0 days 00:02:40.899529,1.0,0.03,1.0,2.9000000000000004,0.02,1.8,2.5,-42.866721052689634,-42.866721052689634,240.7465147329338,106.26428918648125,273.99331605664605,-9.498367911971032,0.0,139.51109051019347,59.0,COMPLETE
1881,-9.498367911971032,2026-06-19 12:55:19.431372,2026-06-19 12:58:03.557173,0 days 00:02:44.125801,1.0,0.03,1.0,2.9000000000000004,0.02,1.8,2.5,-42.866721052689634,-42.866721052689634,240.7465147329338,106.26428918648125,273.99331605664605,-9.498367911971032,0.0,139.51109051019347,59.0,COMPLETE
1882,-9.384034235865261,2026-06-19 12:55:41.135742,2026-06-19 12:58:26.116383,0 days 00:02:44.980641,1.0,0.03,1.0,3.0,0.02,1.8,2.5,-42.866721052689634,-42.866721052689634,255.40406384265498,121.79047818432022,273.1246761685282,-9.384034235865261,0.0,139.51109051019347,58.0,COMPLETE
1883,-9.384034235865261,2026-06-19 12:55:45.796782,2026-06-19 12:58:30.897415,0 days 00:02:45.100633,1.0,0.03,1.0,3.0,0.02,1.8,2.5,-42.866721052689634,-42.866721052689634,255.40406384265498,121.79047818432022,273.1246761685282,-9.384034235865261,0.0,139.51109051019347,58.0,COMPLETE
1884,-9.384034235865261,2026-06-19 12:55:48.408495,2026-06-19 12:58:31.043505,0 days 00:02:42.635010,1.0,0.03,1.0,3.0,0.02,1.8,2.5,-42.866721052689634,-42.866721052689634,255.40406384265498,121.79047818432022,273.1246761685282,-9.384034235865261,0.0,139.51109051019347,58.0,COMPLETE
1885,-1340.0,2026-06-19 12:55:56.667706,2026-06-19 12:58:37.337602,0 days 00:02:40.669896,1.0,0.05,1.0,3.0,0.02,1.7000000000000002,2.5,-42.866721052689634,-42.866721052689634,255.40406384265498,-2.6069293776967726,260.9888502962893,-1340.0,0.0,2.97785707593762,16.0,COMPLETE
1886,-1340.0,2026-06-19 12:55:59.148146,2026-06-19 12:58:43.121177,0 days 00:02:43.973031,1.0,0.05,1.0,3.0,0.02,1.7000000000000002,2.5,-42.866721052689634,-42.866721052689634,255.40406384265498,-2.6069293776967726,260.9888502962893,-1340.0,0.0,2.97785707593762,16.0,COMPLETE
1887,-1340.0,2026-06-19 12:57:24.588496,2026-06-19 13:00:07.694195,0 days 00:02:43.105699,1.0,0.05,1.0,3.0,0.02,1.7000000000000002,2.5,-42.866721052689634,-42.866721052689634,255.40406384265498,-2.6069293776967726,260.9888502962893,-1340.0,0.0,2.97785707593762,16.0,COMPLETE
1888,-1340.0,2026-06-19 12:57:43.706595,2026-06-19 13:00:24.885701,0 days 00:02:41.179106,1.0,0.05,1.0,3.0,0.02,1.7000000000000002,2.5,-42.866721052689634,-42.866721052689634,255.40406384265498,-2.6069293776967726,260.9888502962893,-1340.0,0.0,2.97785707593762,16.0,COMPLETE
1889,-1340.0,2026-06-19 12:58:03.596019,2026-06-19 13:00:47.511558,0 days 00:02:43.915539,1.0,0.05,1.0,3.0,0.02,1.7000000000000002,2.5,-42.866721052689634,-42.866721052689634,255.40406384265498,-2.6069293776967726,260.9888502962893,-1340.0,0.0,2.97785707593762,16.0,COMPLETE
1890,-1340.0,2026-06-19 12:58:26.151371,2026-06-19 13:01:11.302479,0 days 00:02:45.151108,1.5,0.05,1.0,3.0,0.02,1.7000000000000002,2.4000000000000004,-41.95360943424255,-41.95360943424255,372.03756108544536,-13.445068195537786,389.9494148948896,-1340.0,0.0,4.466785613906433,16.0,COMPLETE
1891,-1340.0,2026-06-19 12:58:31.044494,2026-06-19 13:01:15.411621,0 days 00:02:44.367127,1.5,0.05,1.0,3.0,0.02,1.7000000000000002,2.4000000000000004,-41.95360943424255,-41.95360943424255,372.03756108544536,-13.445068195537786,389.9494148948896,-1340.0,0.0,4.466785613906433,16.0,COMPLETE
1892,-1340.0,2026-06-19 12:58:31.106068,2026-06-19 13:01:14.110370,0 days 00:02:43.004302,1.5,0.05,1.0,3.0,0.02,1.7000000000000002,2.4000000000000004,-41.95360943424255,-41.95360943424255,372.03756108544536,-13.445068195537786,389.9494148948896,-1340.0,0.0,4.466785613906433,16.0,COMPLETE
1893,-5.733707491292984,2026-06-19 12:58:37.367368,2026-06-19 13:01:17.481733,0 days 00:02:40.114365,1.5,0.05,1.0,3.0,0.02,1.8,2.4000000000000004,-41.95360943424255,-41.95360943424255,372.03756108544536,240.61634773132857,410.2919634071518,-5.733707491292984,0.0,278.8707500530348,72.0,COMPLETE
1894,-2.3146479038941097,2026-06-19 12:58:43.153665,2026-06-19 13:01:27.046610,0 days 00:02:43.892945,1.0,0.05,1.0,3.0,0.02,1.8,2.4000000000000004,-42.866721052689634,-42.866721052689634,255.40406384265498,166.76734790688081,274.6862499065998,-2.3146479038941097,0.0,186.04953397082582,72.0,COMPLETE
1895,-5.733707491292984,2026-06-19 13:00:07.727808,2026-06-19 13:02:50.453097,0 days 00:02:42.725289,1.5,0.05,1.0,3.0,0.02,1.8,2.4000000000000004,-41.95360943424255,-41.95360943424255,372.03756108544536,240.61634773132857,410.2919634071518,-5.733707491292984,0.0,278.8707500530348,72.0,COMPLETE
1896,-5.733707491292984,2026-06-19 13:00:24.924296,2026-06-19 13:03:05.468986,0 days 00:02:40.544690,1.5,0.05,1.0,3.0,0.02,1.8,2.4000000000000004,-41.95360943424255,-41.95360943424255,372.03756108544536,240.61634773132857,410.2919634071518,-5.733707491292984,0.0,278.8707500530348,72.0,COMPLETE
1897,-5.733707491292984,2026-06-19 13:00:47.545139,2026-06-19 13:03:30.360974,0 days 00:02:42.815835,1.5,0.05,1.0,3.0,0.02,1.8,2.4000000000000004,-41.95360943424255,-41.95360943424255,372.03756108544536,240.61634773132857,410.2919634071518,-5.733707491292984,0.0,278.8707500530348,72.0,COMPLETE
1898,-5.733707491292984,2026-06-19 13:01:11.337910,2026-06-19 13:03:55.432072,0 days 00:02:44.094162,1.5,0.05,1.0,3.0,0.02,1.8,2.4000000000000004,-41.95360943424255,-41.95360943424255,372.03756108544536,240.61634773132857,410.2919634071518,-5.733707491292984,0.0,278.8707500530348,72.0,COMPLETE
1899,-2.3146479038941097,2026-06-19 13:01:14.141265,2026-06-19 13:03:56.797708,0 days 00:02:42.656443,1.0,0.05,1.0,3.0,0.02,1.8,2.4000000000000004,-42.866721052689634,-42.866721052689634,255.40406384265498,166.76734790688081,274.6862499065998,-2.3146479038941097,0.0,186.04953397082582,72.0,COMPLETE
1900,-1340.0,2026-06-19 13:01:15.451756,2026-06-19 13:03:58.477617,0 days 00:02:43.025861,1.0,0.05,1.0,3.0,0.02,1.8,2.3,-42.866721052689634,-42.866721052689634,255.40406384265498,-2.6069293776967726,260.9888502962893,-1340.0,0.0,2.97785707593762,16.0,COMPLETE
1901,-1340.0,2026-06-19 13:01:17.516273,2026-06-19 13:03:57.671400,0 days 00:02:40.155127,1.0,0.05,1.0,3.0,0.02,1.8,2.3,-42.866721052689634,-42.866721052689634,255.40406384265498,-2.6069293776967726,260.9888502962893,-1340.0,0.0,2.97785707593762,16.0,COMPLETE
1902,-1330.0,2026-06-19 13:01:27.083235,2026-06-19 13:04:10.728904,0 days 00:02:43.645669,1.0,0.05,1.0,2.9000000000000004,0.02,1.8,2.3,-42.866721052689634,-42.866721052689634,240.7465147329338,-18.133118375535766,261.8574901844072,-1330.0,0.0,2.97785707593762,17.0,COMPLETE
1903,-1330.0,2026-06-19 13:02:50.487663,2026-06-19 13:05:33.482624,0 days 00:02:42.994961,1.0,0.04,1.0,2.9000000000000004,0.02,1.8,2.3,-42.866721052689634,-42.866721052689634,240.7465147329338,-18.133118375535766,261.8574901844072,-1330.0,0.0,2.97785707593762,17.0,COMPLETE
1904,-1330.0,2026-06-19 13:03:05.509602,2026-06-19 13:05:45.406332,0 days 00:02:39.896730,1.0,0.05,1.0,2.9000000000000004,0.02,1.8,2.3,-42.866721052689634,-42.866721052689634,240.7465147329338,-18.133118375535766,261.8574901844072,-1330.0,0.0,2.97785707593762,17.0,COMPLETE
1905,-1330.0,2026-06-19 13:03:30.389724,2026-06-19 13:06:15.276657,0 days 00:02:44.886933,1.0,0.05,1.0,2.9000000000000004,0.02,1.8,2.3,-42.866721052689634,-42.866721052689634,240.7465147329338,-18.133118375535766,261.8574901844072,-1330.0,0.0,2.97785707593762,17.0,COMPLETE
1906,-1330.0,2026-06-19 13:03:55.463478,2026-06-19 13:06:39.171643,0 days 00:02:43.708165,1.0,0.04,1.0,2.9000000000000004,0.02,1.8,2.3,-42.866721052689634,-42.866721052689634,240.7465147329338,-18.133118375535766,261.8574901844072,-1330.0,0.0,2.97785707593762,17.0,COMPLETE
1907,-1330.0,2026-06-19 13:03:56.836947,2026-06-19 13:06:39.694747,0 days 00:02:42.857800,1.0,0.04,1.0,2.9000000000000004,0.02,1.8,2.3,-42.866721052689634,-42.866721052689634,240.7465147329338,-18.133118375535766,261.8574901844072,-1330.0,0.0,2.97785707593762,17.0,COMPLETE
1908,-1330.0,2026-06-19 13:03:57.700498,2026-06-19 13:06:38.938067,0 days 00:02:41.237569,1.0,0.04,1.0,2.9000000000000004,0.02,1.8,2.3,-42.866721052689634,-42.866721052689634,240.7465147329338,-18.133118375535766,261.8574901844072,-1330.0,0.0,2.97785707593762,17.0,COMPLETE
1909,-1330.0,2026-06-19 13:03:58.519112,2026-06-19 13:06:41.372796,0 days 00:02:42.853684,1.0,0.04,1.0,2.9000000000000004,0.02,1.8,2.3,-42.866721052689634,-42.866721052689634,240.7465147329338,-18.133118375535766,261.8574901844072,-1330.0,0.0,2.97785707593762,17.0,COMPLETE
1910,-1330.0,2026-06-19 13:04:10.763556,2026-06-19 13:06:54.182594,0 days 00:02:43.419038,1.0,0.04,1.0,2.9000000000000004,0.03,1.8,2.3,-42.866721052689634,-42.866721052689634,240.7465147329338,-18.133118375535766,261.8574901844072,-1330.0,0.0,2.97785707593762,17.0,COMPLETE
1911,-1330.0,2026-06-19 13:05:33.520277,2026-06-19 13:08:16.105830,0 days 00:02:42.585553,1.0,0.05,1.0,2.9000000000000004,0.03,1.8,2.3,-42.866721052689634,-42.866721052689634,240.7465147329338,-18.133118375535766,261.8574901844072,-1330.0,0.0,2.97785707593762,17.0,COMPLETE
1912,-2.4266312302903628,2026-06-19 13:05:45.445018,2026-06-19 13:08:26.483636,0 days 00:02:41.038618,1.0,0.05,1.0,2.9000000000000004,0.02,1.8,2.4000000000000004,-42.866721052689634,-42.866721052689634,240.7465147329338,151.24115890904184,275.5548897947177,-2.4266312302903628,0.0,186.04953397082582,73.0,COMPLETE
1913,-2.4266312302903628,2026-06-19 13:06:15.314443,2026-06-19 13:08:59.169107,0 days 00:02:43.854664,1.0,0.05,1.0,2.9000000000000004,0.03,1.8,2.4000000000000004,-42.866721052689634,-42.866721052689634,240.7465147329338,151.24115890904184,275.5548897947177,-2.4266312302903628,0.0,186.04953397082582,73.0,COMPLETE
1914,-2.3146479038941097,2026-06-19 13:06:38.974131,2026-06-19 13:09:19.680055,0 days 00:02:40.705924,1.0,0.05,1.0,3.0,0.03,1.8,2.4000000000000004,-42.866721052689634,-42.866721052689634,255.40406384265498,166.76734790688081,274.6862499065998,-2.3146479038941097,0.0,186.04953397082582,72.0,COMPLETE
1915,-2.3146479038941097,2026-06-19 13:06:39.253750,2026-06-19 13:09:23.908604,0 days 00:02:44.654854,1.0,0.05,1.0,3.0,0.03,1.8,2.4000000000000004,-42.866721052689634,-42.866721052689634,255.40406384265498,166.76734790688081,274.6862499065998,-2.3146479038941097,0.0,186.04953397082582,72.0,COMPLETE
1916,-16.786432750626226,2026-06-19 13:06:39.726405,2026-06-19 13:09:22.055198,0 days 00:02:42.328793,4.5,0.05,1.0,3.0,0.03,1.8,2.4000000000000004,-41.95360943424255,-41.95360943424255,370.56590608019616,497.66330888753527,430.5558161832672,-16.786432750626226,0.0,557.6532189906061,72.0,COMPLETE
1917,-2.3146479038941097,2026-06-19 13:06:41.470370,2026-06-19 13:09:24.537761,0 days 00:02:43.067391,1.0,0.05,1.0,3.0,0.03,1.8,2.4000000000000004,-42.866721052689634,-42.866721052689634,255.40406384265498,166.76734790688081,274.6862499065998,-2.3146479038941097,0.0,186.04953397082582,72.0,COMPLETE
1918,-2.3146479038941097,2026-06-19 13:06:54.218211,2026-06-19 13:09:38.137633,0 days 00:02:43.919422,1.0,0.05,1.0,3.0,0.01,1.8,2.4000000000000004,-42.866721052689634,-42.866721052689634,255.40406384265498,166.76734790688081,274.6862499065998,-2.3146479038941097,0.0,186.04953397082582,72.0,COMPLETE
1919,-2.3146479038941097,2026-06-19 13:08:16.143176,2026-06-19 13:10:58.301698,0 days 00:02:42.158522,1.0,0.05,1.0,3.0,0.01,1.8,2.4000000000000004,-42.866721052689634,-42.866721052689634,255.40406384265498,166.76734790688081,274.6862499065998,-2.3146479038941097,0.0,186.04953397082582,72.0,COMPLETE
1920,-2.3146479038941097,2026-06-19 13:08:26.514050,2026-06-19 13:11:06.025726,0 days 00:02:39.511676,1.0,0.01,1.0,3.0,0.02,1.8,2.4000000000000004,-42.866721052689634,-42.866721052689634,255.40406384265498,166.76734790688081,274.6862499065998,-2.3146479038941097,0.0,186.04953397082582,72.0,COMPLETE
1921,-2.3146479038941097,2026-06-19 13:08:59.202885,2026-06-19 13:11:42.865784,0 days 00:02:43.662899,1.0,0.01,1.0,3.0,0.01,1.8,2.4000000000000004,-42.866721052689634,-42.866721052689634,255.40406384265498,166.76734790688081,274.6862499065998,-2.3146479038941097,0.0,186.04953397082582,72.0,COMPLETE
1922,-2.3146479038941097,2026-06-19 13:09:19.715364,2026-06-19 13:12:00.096403,0 days 00:02:40.381039,1.0,0.01,1.0,3.0,0.01,1.8,2.4000000000000004,-42.866721052689634,-42.866721052689634,255.40406384265498,166.76734790688081,274.6862499065998,-2.3146479038941097,0.0,186.04953397082582,72.0,COMPLETE
1923,-11.733723424534608,2026-06-19 13:09:22.096015,2026-06-19 13:12:03.285304,0 days 00:02:41.189289,2.5,0.01,1.0,3.0,0.01,1.6,2.4000000000000004,-41.95360943424255,-41.95360943424255,370.56590608019616,511.19607386131037,511.50608141022093,-11.733723424534608,0.0,652.1362491913351,90.0,COMPLETE
1924,-2.3146479038941097,2026-06-19 13:09:23.951297,2026-06-19 13:12:08.675108,0 days 00:02:44.723811,1.0,0.01,1.0,3.0,0.01,1.8,2.4000000000000004,-42.866721052689634,-42.866721052689634,255.40406384265498,166.76734790688081,274.6862499065998,-2.3146479038941097,0.0,186.04953397082582,72.0,COMPLETE
1925,-9.384034235865261,2026-06-19 13:09:24.570466,2026-06-19 13:12:08.347513,0 days 00:02:43.777047,1.0,0.01,1.0,3.0,0.01,1.8,2.5,-42.866721052689634,-42.866721052689634,255.40406384265498,121.79047818432022,273.1246761685282,-9.384034235865261,0.0,139.51109051019347,58.0,COMPLETE
1926,-9.384034235865261,2026-06-19 13:09:38.170304,2026-06-19 13:12:22.007411,0 days 00:02:43.837107,1.0,0.01,1.0,3.0,0.02,1.8,2.5,-42.866721052689634,-42.866721052689634,255.40406384265498,121.79047818432022,273.1246761685282,-9.384034235865261,0.0,139.51109051019347,58.0,COMPLETE
1927,-1340.0,2026-06-19 13:10:58.387120,2026-06-19 13:13:41.793581,0 days 00:02:43.406461,1.0,0.01,1.0,3.0,0.02,1.6,2.5,-42.866721052689634,-42.866721052689634,255.40406384265498,-2.6069293776967726,260.9888502962893,-1340.0,0.0,2.97785707593762,16.0,COMPLETE
1928,-9.384034235865261,2026-06-19 13:11:06.055206,2026-06-19 13:13:47.409165,0 days 00:02:41.353959,1.0,0.01,1.0,3.0,0.02,1.8,2.5,-42.866721052689634,-42.866721052689634,255.40406384265498,121.79047818432022,273.1246761685282,-9.384034235865261,0.0,139.51109051019347,58.0,COMPLETE
1929,-9.384034235865261,2026-06-19 13:11:42.904525,2026-06-19 13:14:26.534170,0 days 00:02:43.629645,1.0,0.05,1.0,3.0,0.02,1.8,2.5,-42.866721052689634,-42.866721052689634,255.40406384265498,121.79047818432022,273.1246761685282,-9.384034235865261,0.0,139.51109051019347,58.0,COMPLETE
1930,-31.3814611037731,2026-06-19 13:12:00.127515,2026-06-19 13:14:41.406421,0 days 00:02:41.278906,1.0,0.05,0.4,3.0,0.04,1.8,2.5,-42.866721052689634,-42.866721052689634,-241.51331870734734,-10.240299398908949,-91.76192879824488,-31.3814611037731,0.0,139.51109051019347,61.0,COMPLETE
1931,-9.384034235865261,2026-06-19 13:12:03.322643,2026-06-19 13:14:46.460659,0 days 00:02:43.138016,1.0,0.05,1.0,3.0,0.02,1.8,2.5,-42.866721052689634,-42.866721052689634,255.40406384265498,121.79047818432022,273.1246761685282,-9.384034235865261,0.0,139.51109051019347,58.0,COMPLETE
1932,-9.384034235865261,2026-06-19 13:12:08.383984,2026-06-19 13:14:51.752282,0 days 00:02:43.368298,1.0,0.05,1.0,3.0,0.02,1.8,2.5,-42.866721052689634,-42.866721052689634,255.40406384265498,121.79047818432022,273.1246761685282,-9.384034235865261,0.0,139.51109051019347,58.0,COMPLETE
1933,-11.022516668477932,2026-06-19 13:12:08.713813,2026-06-19 13:14:52.922666,0 days 00:02:44.208853,1.0,0.05,0.9000000000000001,3.0,0.02,1.8,2.5,-42.866721052689634,-42.866721052689634,152.85303788438142,95.18331752743777,197.1808108671371,-11.022516668477932,0.0,139.51109051019347,60.0,COMPLETE
1934,-11.022516668477932,2026-06-19 13:12:22.038286,2026-06-19 13:15:05.459816,0 days 00:02:43.421530,1.0,0.05,0.9000000000000001,3.0,0.02,1.8,2.5,-42.866721052689634,-42.866721052689634,152.85303788438142,95.18331752743777,197.1808108671371,-11.022516668477932,0.0,139.51109051019347,60.0,COMPLETE
1935,-9.384034235865261,2026-06-19 13:13:41.832678,2026-06-19 13:16:23.921361,0 days 00:02:42.088683,1.0,0.05,1.0,3.0,0.02,1.8,2.5,-42.866721052689634,-42.866721052689634,255.40406384265498,121.79047818432022,273.1246761685282,-9.384034235865261,0.0,139.51109051019347,58.0,COMPLETE
1936,-2.6634251797410573,2026-06-19 13:13:47.439258,2026-06-19 13:16:27.664056,0 days 00:02:40.224798,1.0,0.05,1.0,3.0,0.02,1.8,2.6,-42.866721052689634,-42.866721052689634,255.40406384265498,136.92233078236487,287.1906711824221,-2.6634251797410573,0.0,168.70893812213208,66.0,COMPLETE
1937,-1320.0,2026-06-19 13:14:26.568205,2026-06-19 13:17:10.054109,0 days 00:02:43.485904,0.5,0.05,0.9000000000000001,3.0,0.02,1.1,2.4000000000000004,-21.433360526344817,-21.433360526344817,76.42651894219071,-25.961157386725464,93.51564941960754,-1320.0,0.0,-8.872026909308625,18.0,COMPLETE
1938,-3.8139559882393823,2026-06-19 13:14:41.441741,2026-06-19 13:17:22.349521,0 days 00:02:40.907780,1.0,0.05,0.9000000000000001,2.9000000000000004,0.02,1.8,2.4000000000000004,-42.866721052689634,-42.866721052689634,156.0444341221424,140.16018724999836,201.93378084296987,-3.8139559882393823,0.0,186.04953397082582,74.0,COMPLETE
1939,-1240.0,2026-06-19 13:14:46.498162,2026-06-19 13:17:28.519467,0 days 00:02:42.021305,0.5,0.05,0.9000000000000001,2.9000000000000004,0.02,1.8,2.6,-21.433360526344817,-21.433360526344817,78.0222170610712,14.173460571506393,96.69719028960367,-1240.0,0.0,32.84843380003885,26.0,COMPLETE
1940,-3.8139559882393823,2026-06-19 13:14:51.785378,2026-06-19 13:17:36.013479,0 days 00:02:44.228101,1.0,0.05,0.9000000000000001,2.9000000000000004,0.02,1.8,2.4000000000000004,-42.866721052689634,-42.866721052689634,156.0444341221424,140.16018724999836,201.93378084296987,-3.8139559882393823,0.0,186.04953397082582,74.0,COMPLETE
1941,-1220.0,2026-06-19 13:14:52.964014,2026-06-19 13:17:36.362532,0 days 00:02:43.398518,0.5,0.05,1.0,2.9000000000000004,0.02,1.8,2.4000000000000004,-21.433360526344817,-21.433360526344817,120.3732573664669,27.107772957434218,133.50774476547764,-1220.0,0.0,40.242260356444916,28.0,COMPLETE
1942,-1220.0,2026-06-19 13:15:05.490193,2026-06-19 13:17:48.659192,0 days 00:02:43.168999,0.5,0.05,1.0,2.9000000000000004,0.02,1.8,2.4000000000000004,-21.433360526344817,-21.433360526344817,120.3732573664669,27.107772957434218,133.50774476547764,-1220.0,0.0,40.242260356444916,28.0,COMPLETE
1943,-10.138396420173283,2026-06-19 13:16:23.954552,2026-06-19 13:19:06.715989,0 days 00:02:42.761437,1.0,0.05,1.0,2.9000000000000004,0.02,1.8,2.8,-42.866721052689634,-42.866721052689634,240.7465147329338,69.2403648207117,279.3134163928834,-10.138396420173283,0.0,107.8072664806613,53.0,COMPLETE
1944,-1220.0,2026-06-19 13:16:27.763510,2026-06-19 13:19:09.020864,0 days 00:02:41.257354,0.5,0.05,1.0,2.9000000000000004,0.02,1.8,2.4000000000000004,-21.433360526344817,-21.433360526344817,120.3732573664669,27.107772957434218,133.50774476547764,-1220.0,0.0,40.242260356444916,28.0,COMPLETE
1945,-2.4266312302903628,2026-06-19 13:17:10.089163,2026-06-19 13:19:53.876741,0 days 00:02:43.787578,1.0,0.05,1.0,2.9000000000000004,0.02,1.8,2.4000000000000004,-42.866721052689634,-42.866721052689634,240.7465147329338,151.24115890904184,275.5548897947177,-2.4266312302903628,0.0,186.04953397082582,73.0,COMPLETE
