number,value,datetime_start,datetime_complete,duration,params_MAX_POSITION_PCT,params_MAX_RISK_PCT,params_MR_MIN_RR,params_MR_STOP_MULT,params_RISK_TIER_EQUITY_PCT,params_TP_MIN_RR,params_TP_STOP_MULT,user_attrs_BTC_PnL,user_attrs_MB_PnL,user_attrs_MR_PnL,user_attrs_QQQ_PnL,user_attrs_SPY_PnL,user_attrs_Score,user_attrs_TF_PnL,user_attrs_TP_PnL,user_attrs_Total_Trades,state
682,-2.4128463063772854,2026-06-19 06:07:41.225809,2026-06-19 06:10:25.438795,0 days 00:02:44.212986,1.0,0.05,1.0,3.0,0.02,1.9,2.3,-42.866721052689634,-42.866721052689634,255.40406384265498,160.87122774710687,275.3275512964336,-2.4128463063772854,0.0,180.79471520088566,71.0,COMPLETE
683,-2.4128463063772854,2026-06-19 06:08:41.872831,2026-06-19 06:11:22.816893,0 days 00:02:40.944062,1.0,0.06,1.0,3.0,0.06,1.9,2.3,-42.866721052689634,-42.866721052689634,255.40406384265498,160.87122774710687,275.3275512964336,-2.4128463063772854,0.0,180.79471520088566,71.0,COMPLETE
684,-2.4128463063772854,2026-06-19 06:08:44.276855,2026-06-19 06:11:27.338030,0 days 00:02:43.061175,1.0,0.05,1.0,3.0,0.06,1.9,2.3,-42.866721052689634,-42.866721052689634,255.40406384265498,160.87122774710687,275.3275512964336,-2.4128463063772854,0.0,180.79471520088566,71.0,COMPLETE
685,-2.4128463063772854,2026-06-19 06:08:57.399857,2026-06-19 06:11:38.395858,0 days 00:02:40.996001,1.0,0.02,1.0,3.0,0.06,1.9,2.3,-42.866721052689634,-42.866721052689634,255.40406384265498,160.87122774710687,275.3275512964336,-2.4128463063772854,0.0,180.79471520088566,71.0,COMPLETE
686,-2.4128463063772854,2026-06-19 06:09:17.023540,2026-06-19 06:12:00.299757,0 days 00:02:43.276217,1.0,0.02,1.0,3.0,0.06,1.9,2.3,-42.866721052689634,-42.866721052689634,255.40406384265498,160.87122774710687,275.3275512964336,-2.4128463063772854,0.0,180.79471520088566,71.0,COMPLETE
687,-2.4128463063772854,2026-06-19 06:09:57.069777,2026-06-19 06:12:41.001283,0 days 00:02:43.931506,1.0,0.06,1.0,3.0,0.02,1.9,2.3,-42.866721052689634,-42.866721052689634,255.40406384265498,160.87122774710687,275.3275512964336,-2.4128463063772854,0.0,180.79471520088566,71.0,COMPLETE
688,-2.4128463063772854,2026-06-19 06:10:12.999738,2026-06-19 06:12:55.245172,0 days 00:02:42.245434,1.0,0.06,1.0,3.0,0.06,1.9,2.3,-42.866721052689634,-42.866721052689634,255.40406384265498,160.87122774710687,275.3275512964336,-2.4128463063772854,0.0,180.79471520088566,71.0,COMPLETE
689,-2.4128463063772854,2026-06-19 06:10:13.368892,2026-06-19 06:12:56.400593,0 days 00:02:43.031701,1.0,0.06,1.0,3.0,0.06,1.9,2.3,-42.866721052689634,-42.866721052689634,255.40406384265498,160.87122774710687,275.3275512964336,-2.4128463063772854,0.0,180.79471520088566,71.0,COMPLETE
690,-1340.0,2026-06-19 06:10:25.475509,2026-06-19 06:13:09.175496,0 days 00:02:43.699987,1.0,0.06,1.0,3.0,0.06,1.9,2.2,-42.866721052689634,-42.866721052689634,255.40406384265498,-2.6069293776967726,260.9888502962893,-1340.0,0.0,2.97785707593762,16.0,COMPLETE
691,-1340.0,2026-06-19 06:11:22.851277,2026-06-19 06:14:03.164376,0 days 00:02:40.313099,1.0,0.06,1.0,3.0,0.06,1.9,2.2,-42.866721052689634,-42.866721052689634,255.40406384265498,-2.6069293776967726,260.9888502962893,-1340.0,0.0,2.97785707593762,16.0,COMPLETE
692,-1340.0,2026-06-19 06:11:27.366629,2026-06-19 06:14:09.349496,0 days 00:02:41.982867,1.0,0.06,1.0,3.0,0.06,1.9,2.2,-42.866721052689634,-42.866721052689634,255.40406384265498,-2.6069293776967726,260.9888502962893,-1340.0,0.0,2.97785707593762,16.0,COMPLETE
693,-1340.0,2026-06-19 06:11:38.425550,2026-06-19 06:14:19.305143,0 days 00:02:40.879593,1.0,0.06,1.0,3.0,0.06,1.9,2.2,-42.866721052689634,-42.866721052689634,255.40406384265498,-2.6069293776967726,260.9888502962893,-1340.0,0.0,2.97785707593762,16.0,COMPLETE
694,-1340.0,2026-06-19 06:12:00.333317,2026-06-19 06:14:43.199703,0 days 00:02:42.866386,1.0,0.06,1.0,3.0,0.06,1.9,2.2,-42.866721052689634,-42.866721052689634,255.40406384265498,-2.6069293776967726,260.9888502962893,-1340.0,0.0,2.97785707593762,16.0,COMPLETE
695,-1340.0,2026-06-19 06:12:41.035661,2026-06-19 06:15:24.023031,0 days 00:02:42.987370,1.0,0.06,1.0,3.0,0.06,1.9,2.2,-42.866721052689634,-42.866721052689634,255.40406384265498,-2.6069293776967726,260.9888502962893,-1340.0,0.0,2.97785707593762,16.0,COMPLETE
696,-1340.0,2026-06-19 06:12:55.283914,2026-06-19 06:15:37.476123,0 days 00:02:42.192209,1.0,0.06,1.0,3.0,0.06,1.9,2.2,-42.866721052689634,-42.866721052689634,255.40406384265498,-2.6069293776967726,260.9888502962893,-1340.0,0.0,2.97785707593762,16.0,COMPLETE
697,-1340.0,2026-06-19 06:12:56.447577,2026-06-19 06:15:40.228512,0 days 00:02:43.780935,1.0,0.06,1.0,3.0,0.06,1.9,2.2,-42.866721052689634,-42.866721052689634,255.40406384265498,-2.6069293776967726,260.9888502962893,-1340.0,0.0,2.97785707593762,16.0,COMPLETE
698,-1340.0,2026-06-19 06:13:09.216942,2026-06-19 06:15:52.832099,0 days 00:02:43.615157,1.0,0.06,1.0,3.0,0.06,1.9,2.2,-42.866721052689634,-42.866721052689634,255.40406384265498,-2.6069293776967726,260.9888502962893,-1340.0,0.0,2.97785707593762,16.0,COMPLETE
699,-1340.0,2026-06-19 06:14:03.200002,2026-06-19 06:16:43.829035,0 days 00:02:40.629033,1.0,0.06,1.0,3.0,0.06,1.9,2.2,-42.866721052689634,-42.866721052689634,255.40406384265498,-2.6069293776967726,260.9888502962893,-1340.0,0.0,2.97785707593762,16.0,COMPLETE
700,-1340.0,2026-06-19 06:14:09.380711,2026-06-19 06:16:52.232268,0 days 00:02:42.851557,1.0,0.06,1.0,3.0,0.06,1.9,2.2,-42.866721052689634,-42.866721052689634,255.40406384265498,-2.6069293776967726,260.9888502962893,-1340.0,0.0,2.97785707593762,16.0,COMPLETE
701,-1340.0,2026-06-19 06:14:19.333615,2026-06-19 06:16:59.539261,0 days 00:02:40.205646,1.0,0.06,1.0,3.0,0.06,1.9,2.2,-42.866721052689634,-42.866721052689634,255.40406384265498,-2.6069293776967726,260.9888502962893,-1340.0,0.0,2.97785707593762,16.0,COMPLETE
702,-1340.0,2026-06-19 06:14:43.235299,2026-06-19 06:17:26.257011,0 days 00:02:43.021712,0.5,0.06,1.0,3.0,0.06,1.9,2.2,-21.433360526344817,-21.433360526344817,127.70203192132749,-1.3034646888483863,130.49442514814464,-1340.0,0.0,1.48892853796881,16.0,COMPLETE
703,-1340.0,2026-06-19 06:15:24.056132,2026-06-19 06:18:07.430448,0 days 00:02:43.374316,0.5,0.06,1.0,3.0,0.06,1.9,2.2,-21.433360526344817,-21.433360526344817,127.70203192132749,-1.3034646888483863,130.49442514814464,-1340.0,0.0,1.48892853796881,16.0,COMPLETE
704,-1340.0,2026-06-19 06:15:37.504953,2026-06-19 06:18:19.707413,0 days 00:02:42.202460,1.0,0.06,1.0,3.0,0.06,1.9,2.2,-42.866721052689634,-42.866721052689634,255.40406384265498,-2.6069293776967726,260.9888502962893,-1340.0,0.0,2.97785707593762,16.0,COMPLETE
705,-1330.0,2026-06-19 06:15:40.268390,2026-06-19 06:18:24.436341,0 days 00:02:44.167951,0.5,0.06,0.8,3.0,0.06,1.9,2.2,-21.433360526344817,-21.433360526344817,-44.714187702840974,-12.452717137746566,-30.7725420271256,-1330.0,0.0,1.48892853796881,17.0,COMPLETE
706,-1240.0,2026-06-19 06:15:52.864225,2026-06-19 06:18:36.785554,0 days 00:02:43.921329,0.5,0.06,1.0,3.0,0.06,1.9,2.3,-21.433360526344817,-21.433360526344817,127.70203192132749,31.647043443794768,133.07342482141868,-1240.0,0.0,37.01843634388598,26.0,COMPLETE
707,-1240.0,2026-06-19 06:16:43.862577,2026-06-19 06:19:24.376145,0 days 00:02:40.513568,0.5,0.06,1.0,3.0,0.06,1.9,2.3,-21.433360526344817,-21.433360526344817,127.70203192132749,31.647043443794768,133.07342482141868,-1240.0,0.0,37.01843634388598,26.0,COMPLETE
708,-2.4128463063772854,2026-06-19 06:16:52.267286,2026-06-19 06:19:34.677445,0 days 00:02:42.410159,1.0,0.06,1.0,3.0,0.06,1.9,2.3,-42.866721052689634,-42.866721052689634,255.40406384265498,160.87122774710687,275.3275512964336,-2.4128463063772854,0.0,180.79471520088566,71.0,COMPLETE
709,-1240.0,2026-06-19 06:16:59.569125,2026-06-19 06:19:40.610467,0 days 00:02:41.041342,0.5,0.06,1.0,3.0,0.06,1.9,2.3,-21.433360526344817,-21.433360526344817,127.70203192132749,31.647043443794768,133.07342482141868,-1240.0,0.0,37.01843634388598,26.0,COMPLETE
710,-10.99932094464918,2026-06-19 06:17:26.290715,2026-06-19 06:20:09.088343,0 days 00:02:42.797628,1.0,0.05,0.9000000000000001,3.0,0.06,2.0,2.3,-42.866721052689634,-42.866721052689634,152.85303788438142,96.2855438929148,197.1808108671371,-10.99932094464918,0.0,140.6133168756705,60.0,COMPLETE
711,-9.362309707572209,2026-06-19 06:18:07.465650,2026-06-19 06:20:50.482700,0 days 00:02:43.017050,1.0,0.05,1.0,3.0,0.06,2.0,2.3,-42.866721052689634,-42.866721052689634,255.40406384265498,122.89270454979726,273.1246761685282,-9.362309707572209,0.0,140.6133168756705,58.0,COMPLETE
712,-10.99932094464918,2026-06-19 06:18:19.741933,2026-06-19 06:21:00.772166,0 days 00:02:41.030233,1.0,0.05,0.9000000000000001,3.0,0.06,2.0,2.3,-42.866721052689634,-42.866721052689634,152.85303788438142,96.2855438929148,197.1808108671371,-10.99932094464918,0.0,140.6133168756705,60.0,COMPLETE
713,-10.99932094464918,2026-06-19 06:18:24.469246,2026-06-19 06:21:08.213731,0 days 00:02:43.744485,1.0,0.05,0.9000000000000001,3.0,0.06,2.0,2.3,-42.866721052689634,-42.866721052689634,152.85303788438142,96.2855438929148,197.1808108671371,-10.99932094464918,0.0,140.6133168756705,60.0,COMPLETE
714,-16.098127081391993,2026-06-19 06:18:36.814120,2026-06-19 06:21:20.405010,0 days 00:02:43.590890,1.0,0.06,0.7,3.0,0.06,1.9,2.3,-42.866721052689634,-42.866721052689634,-138.1646973534783,-17.007467068498933,59.63748491590624,-16.098127081391993,0.0,180.79471520088566,76.0,COMPLETE
715,-10.99932094464918,2026-06-19 06:19:24.405305,2026-06-19 06:22:03.822485,0 days 00:02:39.417180,1.0,0.05,0.9000000000000001,3.0,0.06,2.0,2.3,-42.866721052689634,-42.866721052689634,152.85303788438142,96.2855438929148,197.1808108671371,-10.99932094464918,0.0,140.6133168756705,60.0,COMPLETE
716,-10.99932094464918,2026-06-19 06:19:34.715448,2026-06-19 06:22:17.481983,0 days 00:02:42.766535,1.0,0.05,0.9000000000000001,3.0,0.06,2.0,2.3,-42.866721052689634,-42.866721052689634,152.85303788438142,96.2855438929148,197.1808108671371,-10.99932094464918,0.0,140.6133168756705,60.0,COMPLETE
717,-9.362309707572209,2026-06-19 06:19:40.647811,2026-06-19 06:22:21.511796,0 days 00:02:40.863985,1.0,0.05,1.0,3.0,0.06,2.0,2.3,-42.866721052689634,-42.866721052689634,255.40406384265498,122.89270454979726,273.1246761685282,-9.362309707572209,0.0,140.6133168756705,58.0,COMPLETE
718,-2.524793378661091,2026-06-19 06:20:09.120646,2026-06-19 06:22:51.021456,0 days 00:02:41.900810,1.0,0.05,1.0,2.9000000000000004,0.06,1.9,2.3,-42.866721052689634,-42.866721052689634,240.7465147329338,145.34503874926784,276.19619118455154,-2.524793378661091,0.0,180.79471520088566,72.0,COMPLETE
719,-16.704007031204934,2026-06-19 06:20:50.515067,2026-06-19 06:23:33.239986,0 days 00:02:42.724919,1.0,0.04,0.7,2.9000000000000004,0.06,1.9,2.3,-42.866721052689634,-42.866721052689634,-140.0497971071098,-18.892566822130483,59.63748491590624,-16.704007031204934,0.0,180.79471520088566,76.0,COMPLETE
720,-15.64019862165042,2026-06-19 06:21:00.804894,2026-06-19 06:23:42.605530,0 days 00:02:41.800636,2.5,0.06,1.0,2.9000000000000004,0.06,1.9,2.3,-41.95360943424255,-41.95360943424255,368.22676017438926,336.03875809388813,454.8525877168554,-15.64019862165042,0.0,422.6645856363542,72.0,COMPLETE
721,-2.524793378661091,2026-06-19 06:21:08.243774,2026-06-19 06:23:51.995201,0 days 00:02:43.751427,1.0,0.06,1.0,2.9000000000000004,0.06,1.9,2.3,-42.866721052689634,-42.866721052689634,240.7465147329338,145.34503874926784,276.19619118455154,-2.524793378661091,0.0,180.79471520088566,72.0,COMPLETE
722,-1330.0,2026-06-19 06:21:20.443082,2026-06-19 06:24:03.471557,0 days 00:02:43.028475,1.0,0.06,1.0,2.9000000000000004,0.06,1.9,2.1,-42.866721052689634,-42.866721052689634,240.7465147329338,-18.133118375535766,261.8574901844072,-1330.0,0.0,2.97785707593762,17.0,COMPLETE
723,-1330.0,2026-06-19 06:22:03.859382,2026-06-19 06:24:44.583496,0 days 00:02:40.724114,1.0,0.06,1.0,2.9000000000000004,0.06,1.9,2.1,-42.866721052689634,-42.866721052689634,240.7465147329338,-18.133118375535766,261.8574901844072,-1330.0,0.0,2.97785707593762,17.0,COMPLETE
724,-15.64019862165042,2026-06-19 06:22:17.520674,2026-06-19 06:25:00.643897,0 days 00:02:43.123223,2.5,0.06,1.0,2.9000000000000004,0.06,1.9,2.3,-41.95360943424255,-41.95360943424255,368.22676017438926,336.03875809388813,454.8525877168554,-15.64019862165042,0.0,422.6645856363542,72.0,COMPLETE
725,-2.524793378661091,2026-06-19 06:22:21.547655,2026-06-19 06:25:03.421797,0 days 00:02:41.874142,1.0,0.06,1.0,2.9000000000000004,0.06,1.9,2.3,-42.866721052689634,-42.866721052689634,240.7465147329338,145.34503874926784,276.19619118455154,-2.524793378661091,0.0,180.79471520088566,72.0,COMPLETE
726,-2.524793378661091,2026-06-19 06:22:51.053058,2026-06-19 06:25:34.132398,0 days 00:02:43.079340,1.0,0.06,1.0,2.9000000000000004,0.06,1.9,2.3,-42.866721052689634,-42.866721052689634,240.7465147329338,145.34503874926784,276.19619118455154,-2.524793378661091,0.0,180.79471520088566,72.0,COMPLETE
727,-2.524793378661091,2026-06-19 06:23:33.268482,2026-06-19 06:26:16.424281,0 days 00:02:43.155799,1.0,0.06,1.0,2.9000000000000004,0.06,1.9,2.3,-42.866721052689634,-42.866721052689634,240.7465147329338,145.34503874926784,276.19619118455154,-2.524793378661091,0.0,180.79471520088566,72.0,COMPLETE
728,-2.524793378661091,2026-06-19 06:23:42.635752,2026-06-19 06:26:25.007222,0 days 00:02:42.371470,1.0,0.06,1.0,2.9000000000000004,0.06,1.9,2.3,-42.866721052689634,-42.866721052689634,240.7465147329338,145.34503874926784,276.19619118455154,-2.524793378661091,0.0,180.79471520088566,72.0,COMPLETE
729,-1330.0,2026-06-19 06:23:52.027305,2026-06-19 06:26:34.621666,0 days 00:02:42.594361,1.0,0.06,1.0,2.9000000000000004,0.06,1.9,2.1,-42.866721052689634,-42.866721052689634,240.7465147329338,-18.133118375535766,261.8574901844072,-1330.0,0.0,2.97785707593762,17.0,COMPLETE
730,-19.054964979469926,2026-06-19 06:24:03.508377,2026-06-19 06:26:47.384506,0 days 00:02:43.876129,3.5,0.04,1.0,2.9000000000000004,0.06,1.9,2.3,-41.95360943424255,-41.95360943424255,368.22676017438926,412.8555268536507,445.42987925867146,-19.054964979469926,0.0,490.05864593793274,72.0,COMPLETE
731,-2.4128463063772854,2026-06-19 06:24:44.616956,2026-06-19 06:27:24.416024,0 days 00:02:39.799068,1.0,0.06,1.0,3.0,0.06,1.9,2.3,-42.866721052689634,-42.866721052689634,255.40406384265498,160.87122774710687,275.3275512964336,-2.4128463063772854,0.0,180.79471520088566,71.0,COMPLETE
732,-26.229334100858306,2026-06-19 06:25:00.676700,2026-06-19 06:27:44.152882,0 days 00:02:43.476182,1.0,0.04,0.4,3.0,0.06,1.9,2.3,-42.866721052689634,-42.866721052689634,-241.51331870734734,28.840450163877627,-89.5590536703394,-26.229334100858306,0.0,180.79471520088566,74.0,COMPLETE
733,-1340.0,2026-06-19 06:25:03.460487,2026-06-19 06:27:43.534365,0 days 00:02:40.073878,1.0,0.04,1.0,3.0,0.06,1.9,2.2,-42.866721052689634,-42.866721052689634,255.40406384265498,-2.6069293776967726,260.9888502962893,-1340.0,0.0,2.97785707593762,16.0,COMPLETE
734,-1340.0,2026-06-19 06:25:34.162552,2026-06-19 06:28:16.139637,0 days 00:02:41.977085,1.0,0.04,1.0,3.0,0.06,1.9,2.2,-42.866721052689634,-42.866721052689634,255.40406384265498,-2.6069293776967726,260.9888502962893,-1340.0,0.0,2.97785707593762,16.0,COMPLETE
735,-1340.0,2026-06-19 06:26:16.477305,2026-06-19 06:28:59.765513,0 days 00:02:43.288208,1.0,0.04,1.0,3.0,0.06,1.9,2.2,-42.866721052689634,-42.866721052689634,255.40406384265498,-2.6069293776967726,260.9888502962893,-1340.0,0.0,2.97785707593762,16.0,COMPLETE
736,-1340.0,2026-06-19 06:26:25.036957,2026-06-19 06:29:07.495573,0 days 00:02:42.458616,1.0,0.04,1.0,3.0,0.06,1.9,2.2,-42.866721052689634,-42.866721052689634,255.40406384265498,-2.6069293776967726,260.9888502962893,-1340.0,0.0,2.97785707593762,16.0,COMPLETE
737,-1340.0,2026-06-19 06:26:34.655777,2026-06-19 06:29:18.150555,0 days 00:02:43.494778,1.0,0.04,1.0,3.0,0.06,1.9,2.2,-42.866721052689634,-42.866721052689634,255.40406384265498,-2.6069293776967726,260.9888502962893,-1340.0,0.0,2.97785707593762,16.0,COMPLETE
738,-1340.0,2026-06-19 06:26:47.414487,2026-06-19 06:29:31.582145,0 days 00:02:44.167658,1.0,0.04,1.0,3.0,0.06,1.9,2.2,-42.866721052689634,-42.866721052689634,255.40406384265498,-2.6069293776967726,260.9888502962893,-1340.0,0.0,2.97785707593762,16.0,COMPLETE
739,-1310.0,2026-06-19 06:27:24.451256,2026-06-19 06:30:03.986795,0 days 00:02:39.535539,1.0,0.04,0.5,3.0,0.06,1.9,2.2,-42.866721052689634,-42.866721052689634,-241.51331870734734,-134.63770696092598,-103.89775467048376,-1310.0,0.0,2.97785707593762,19.0,COMPLETE
740,-1340.0,2026-06-19 06:27:43.566073,2026-06-19 06:30:24.336213,0 days 00:02:40.770140,1.0,0.06,1.0,3.0,0.06,1.9,2.2,-42.866721052689634,-42.866721052689634,255.40406384265498,-2.6069293776967726,260.9888502962893,-1340.0,0.0,2.97785707593762,16.0,COMPLETE
741,-1340.0,2026-06-19 06:27:44.182226,2026-06-19 06:30:27.835924,0 days 00:02:43.653698,1.0,0.06,1.0,3.0,0.06,1.9,2.2,-42.866721052689634,-42.866721052689634,255.40406384265498,-2.6069293776967726,260.9888502962893,-1340.0,0.0,2.97785707593762,16.0,COMPLETE
742,-1340.0,2026-06-19 06:28:16.170666,2026-06-19 06:30:59.678459,0 days 00:02:43.507793,1.0,0.06,1.0,3.0,0.06,1.9,2.2,-42.866721052689634,-42.866721052689634,255.40406384265498,-2.6069293776967726,260.9888502962893,-1340.0,0.0,2.97785707593762,16.0,COMPLETE
743,-1340.0,2026-06-19 06:28:59.802217,2026-06-19 06:31:42.846733,0 days 00:02:43.044516,1.0,0.06,1.0,3.0,0.06,1.9,2.2,-42.866721052689634,-42.866721052689634,255.40406384265498,-2.6069293776967726,260.9888502962893,-1340.0,0.0,2.97785707593762,16.0,COMPLETE
744,-2.4128463063772854,2026-06-19 06:29:07.526092,2026-06-19 06:31:48.984254,0 days 00:02:41.458162,1.0,0.06,1.0,3.0,0.06,1.9,2.3,-42.866721052689634,-42.866721052689634,255.40406384265498,160.87122774710687,275.3275512964336,-2.4128463063772854,0.0,180.79471520088566,71.0,COMPLETE
745,-2.4128463063772854,2026-06-19 06:29:18.184901,2026-06-19 06:32:01.494877,0 days 00:02:43.309976,1.0,0.06,1.0,3.0,0.06,1.9,2.3,-42.866721052689634,-42.866721052689634,255.40406384265498,160.87122774710687,275.3275512964336,-2.4128463063772854,0.0,180.79471520088566,71.0,COMPLETE
746,-2.4128463063772854,2026-06-19 06:29:31.610357,2026-06-19 06:32:14.910462,0 days 00:02:43.300105,1.0,0.06,1.0,3.0,0.06,1.9,2.3,-42.866721052689634,-42.866721052689634,255.40406384265498,160.87122774710687,275.3275512964336,-2.4128463063772854,0.0,180.79471520088566,71.0,COMPLETE
747,-2.4128463063772854,2026-06-19 06:30:04.018302,2026-06-19 06:32:43.865212,0 days 00:02:39.846910,1.0,0.06,1.0,3.0,0.06,1.9,2.3,-42.866721052689634,-42.866721052689634,255.40406384265498,160.87122774710687,275.3275512964336,-2.4128463063772854,0.0,180.79471520088566,71.0,COMPLETE
748,-2.4128463063772854,2026-06-19 06:30:24.366215,2026-06-19 06:33:05.432597,0 days 00:02:41.066382,1.0,0.06,1.0,3.0,0.06,1.9,2.3,-42.866721052689634,-42.866721052689634,255.40406384265498,160.87122774710687,275.3275512964336,-2.4128463063772854,0.0,180.79471520088566,71.0,COMPLETE
749,-2.4128463063772854,2026-06-19 06:30:27.867633,2026-06-19 06:33:10.663683,0 days 00:02:42.796050,1.0,0.06,1.0,3.0,0.06,1.9,2.3,-42.866721052689634,-42.866721052689634,255.40406384265498,160.87122774710687,275.3275512964336,-2.4128463063772854,0.0,180.79471520088566,71.0,COMPLETE
750,-2.4128463063772854,2026-06-19 06:30:59.716048,2026-06-19 06:33:42.284031,0 days 00:02:42.567983,1.0,0.06,1.0,3.0,0.06,1.9,2.3,-42.866721052689634,-42.866721052689634,255.40406384265498,160.87122774710687,275.3275512964336,-2.4128463063772854,0.0,180.79471520088566,71.0,COMPLETE
751,-2.4128463063772854,2026-06-19 06:31:42.875805,2026-06-19 06:34:26.205252,0 days 00:02:43.329447,1.0,0.06,1.0,3.0,0.06,1.9,2.3,-42.866721052689634,-42.866721052689634,255.40406384265498,160.87122774710687,275.3275512964336,-2.4128463063772854,0.0,180.79471520088566,71.0,COMPLETE
752,-2.4128463063772854,2026-06-19 06:31:49.014534,2026-06-19 06:34:30.428451,0 days 00:02:41.413917,1.0,0.06,1.0,3.0,0.06,1.9,2.3,-42.866721052689634,-42.866721052689634,255.40406384265498,160.87122774710687,275.3275512964336,-2.4128463063772854,0.0,180.79471520088566,71.0,COMPLETE
753,-2.4128463063772854,2026-06-19 06:32:01.525231,2026-06-19 06:34:46.547474,0 days 00:02:45.022243,1.0,0.06,1.0,3.0,0.06,1.9,2.3,-42.866721052689634,-42.866721052689634,255.40406384265498,160.87122774710687,275.3275512964336,-2.4128463063772854,0.0,180.79471520088566,71.0,COMPLETE
754,-2.4128463063772854,2026-06-19 06:32:14.940654,2026-06-19 06:34:58.469286,0 days 00:02:43.528632,1.0,0.06,1.0,3.0,0.06,1.9,2.3,-42.866721052689634,-42.866721052689634,255.40406384265498,160.87122774710687,275.3275512964336,-2.4128463063772854,0.0,180.79471520088566,71.0,COMPLETE
755,-2.4128463063772854,2026-06-19 06:32:43.895898,2026-06-19 06:35:25.171245,0 days 00:02:41.275347,1.0,0.06,1.0,3.0,0.06,1.9,2.3,-42.866721052689634,-42.866721052689634,255.40406384265498,160.87122774710687,275.3275512964336,-2.4128463063772854,0.0,180.79471520088566,71.0,COMPLETE
756,-2.4128463063772854,2026-06-19 06:33:05.463708,2026-06-19 06:35:47.316020,0 days 00:02:41.852312,1.0,0.06,1.0,3.0,0.06,1.9,2.3,-42.866721052689634,-42.866721052689634,255.40406384265498,160.87122774710687,275.3275512964336,-2.4128463063772854,0.0,180.79471520088566,71.0,COMPLETE
757,-2.4128463063772854,2026-06-19 06:33:10.696876,2026-06-19 06:35:53.121456,0 days 00:02:42.424580,1.0,0.06,1.0,3.0,0.06,1.9,2.3,-42.866721052689634,-42.866721052689634,255.40406384265498,160.87122774710687,275.3275512964336,-2.4128463063772854,0.0,180.79471520088566,71.0,COMPLETE
758,-2.4128463063772854,2026-06-19 06:33:42.314919,2026-06-19 06:36:24.506909,0 days 00:02:42.191990,1.0,0.06,1.0,3.0,0.06,1.9,2.3,-42.866721052689634,-42.866721052689634,255.40406384265498,160.87122774710687,275.3275512964336,-2.4128463063772854,0.0,180.79471520088566,71.0,COMPLETE
759,-2.4128463063772854,2026-06-19 06:34:26.239518,2026-06-19 06:37:08.709074,0 days 00:02:42.469556,1.0,0.06,1.0,3.0,0.06,1.9,2.3,-42.866721052689634,-42.866721052689634,255.40406384265498,160.87122774710687,275.3275512964336,-2.4128463063772854,0.0,180.79471520088566,71.0,COMPLETE
