number,value,datetime_start,datetime_complete,duration,params_MR_BB_PERIOD,params_MR_BB_STD,params_MR_RSI_OVERBOUGHT,params_MR_RSI_OVERSOLD,params_MR_RSI_PERIOD,params_MR_VOL_SPIKE_MULT,params_MR_VWAP_DEV_PCT,params_TP_BB_PERIOD,params_TP_BB_STD,params_TP_RSI_PERIOD,user_attrs_MB_PnL,user_attrs_MR_PnL,user_attrs_QQQ_PnL,user_attrs_SPY_PnL,user_attrs_Score,user_attrs_TF_PnL,user_attrs_TP_PnL,user_attrs_Total_Trades,state
1314,11.342762468928518,2026-07-22 12:07:46.517632,2026-07-22 12:11:17.471365,0 days 00:03:30.953733,11,2.7,62.0,31.0,5,0.1,0.001,10,2.8,6,0.0,-4.191098326934945,-14.550805280095123,-13.632091223386396,11.342762468928518,0.0,-23.991798176546578,165.0,COMPLETE
1315,27.614643006347737,2026-07-22 12:07:50.900397,2026-07-22 12:11:40.161782,0 days 00:03:49.261385,11,1.6,62.0,31.0,5,0.1,0.001,10,2.8,6,0.0,-83.93075863004613,-62.17840565695895,-24.23986218633491,27.614643006347737,0.0,-2.4875092132476633,398.0,COMPLETE
1316,29.284912202227822,2026-07-22 12:07:51.012293,2026-07-22 12:11:41.301721,0 days 00:03:50.289428,11,1.5,62.0,31.0,5,0.1,0.001,10,2.8,6,0.0,-83.55938185523159,-53.73854776852979,-28.596492364909636,29.284912202227822,0.0,1.2243417217922077,417.0,COMPLETE
1317,29.284912202227822,2026-07-22 12:08:54.328329,2026-07-22 12:12:43.387186,0 days 00:03:49.058857,11,1.5,62.0,31.0,5,0.1,0.001,10,2.8,6,0.0,-83.55938185523159,-53.73854776852979,-28.596492364909636,29.284912202227822,0.0,1.2243417217922077,417.0,COMPLETE
1318,29.284912202227822,2026-07-22 12:09:12.705333,2026-07-22 12:13:04.749347,0 days 00:03:52.044014,11,1.5,62.0,31.0,5,0.1,0.001,10,2.8,6,0.0,-83.55938185523159,-53.73854776852979,-28.596492364909636,29.284912202227822,0.0,1.2243417217922077,417.0,COMPLETE
1319,29.284912202227822,2026-07-22 12:09:20.016026,2026-07-22 12:13:10.783896,0 days 00:03:50.767870,11,1.5,62.0,31.0,5,0.1,0.001,10,2.8,6,0.0,-83.55938185523159,-53.73854776852979,-28.596492364909636,29.284912202227822,0.0,1.2243417217922077,417.0,COMPLETE
1320,25.787684331685828,2026-07-22 12:10:13.799259,2026-07-22 12:14:02.348201,0 days 00:03:48.548942,11,1.5,62.0,31.0,5,0.0,0.001,10,2.8,6,0.0,-56.33674174234894,-57.005573472873905,-11.188962220550222,25.787684331685828,0.0,-11.85779395107522,366.0,COMPLETE
1321,25.787684331685828,2026-07-22 12:10:30.342871,2026-07-22 12:14:16.076826,0 days 00:03:45.733955,11,1.5,62.0,31.0,5,0.0,0.001,10,2.8,6,0.0,-56.33674174234894,-57.005573472873905,-11.188962220550222,25.787684331685828,0.0,-11.85779395107522,366.0,COMPLETE
1322,26.046076469525424,2026-07-22 12:11:08.809564,2026-07-22 12:14:58.320544,0 days 00:03:49.510980,11,1.5,61.0,32.0,5,0.0,0.001,10,2.8,5,0.0,-64.46069451985728,-54.145356022534955,-16.65058780268823,26.046076469525424,0.0,-6.33524930536591,372.0,COMPLETE
1323,26.081120657332637,2026-07-22 12:11:12.781586,2026-07-22 12:15:02.565842,0 days 00:03:49.784256,11,1.5,61.0,31.0,5,0.0,0.001,10,2.8,5,0.0,-65.85112376625828,-54.145356022534955,-18.59219366659078,26.081120657332637,0.0,-6.886425922867449,373.0,COMPLETE
1324,26.081120657332637,2026-07-22 12:11:17.523327,2026-07-22 12:15:00.783606,0 days 00:03:43.260279,11,1.5,61.0,31.0,5,0.0,0.001,10,2.8,5,0.0,-65.85112376625828,-54.145356022534955,-18.59219366659078,26.081120657332637,0.0,-6.886425922867449,373.0,COMPLETE
1325,9.420277702516838,2026-07-22 12:11:40.223136,2026-07-22 12:15:16.537520,0 days 00:03:36.314384,11,1.5,61.0,32.0,5,0.0,0.01,10,2.8,8,0.0,-9.88971950283338,-26.400016370754884,-14.137294508664057,9.420277702516838,0.0,-30.647591376585535,146.0,COMPLETE
1326,12.795509502288734,2026-07-22 12:11:41.372199,2026-07-22 12:15:18.856077,0 days 00:03:37.483878,11,1.5,61.0,32.0,5,0.0,0.01,10,2.8,5,0.0,-9.88971950283338,-20.344844307661432,-8.97188305304768,12.795509502288734,0.0,-19.42700785787571,184.0,COMPLETE
1327,26.046076469525424,2026-07-22 12:12:43.447643,2026-07-22 12:16:30.245639,0 days 00:03:46.797996,11,1.5,61.0,32.0,5,0.0,0.001,10,2.8,5,0.0,-64.46069451985728,-54.145356022534955,-16.65058780268823,26.046076469525424,0.0,-6.33524930536591,372.0,COMPLETE
1328,19.15136958381716,2026-07-22 12:13:04.819986,2026-07-22 12:16:45.098963,0 days 00:03:40.278977,11,1.5,61.0,32.0,5,0.9,0.005,10,2.7,5,0.0,-34.712180986154785,-30.15519042805331,-28.58184824605182,19.15136958381716,0.0,-24.02485768795034,278.0,COMPLETE
1329,24.964564057223267,2026-07-22 12:13:10.837126,2026-07-22 12:16:59.362687,0 days 00:03:48.525561,10,1.5,61.0,32.0,5,0.0,0.001,10,2.7,8,0.0,-70.4434985731791,-78.37216872361802,-8.687086054999167,24.964564057223267,0.0,-16.615756205438146,365.0,COMPLETE
1330,12.54328353707162,2026-07-22 12:14:02.418523,2026-07-22 12:17:40.823506,0 days 00:03:38.404983,10,1.5,61.0,32.0,5,0.0,0.01,13,2.7,5,0.0,-11.90390412422865,-21.247173622941766,-13.244871058706561,12.54328353707162,0.0,-22.58814055741964,183.0,COMPLETE
1331,26.59682281246203,2026-07-22 12:14:16.147539,2026-07-22 12:18:06.361435,0 days 00:03:50.213896,10,1.5,61.0,32.0,5,0.0,0.001,13,2.7,5,0.0,-75.47219958632157,-67.14312800730077,-20.308456696600704,26.59682281246203,0.0,-11.979385117579998,386.0,COMPLETE
1332,29.71413206333715,2026-07-22 12:14:58.390297,2026-07-22 12:18:49.655244,0 days 00:03:51.264947,10,1.5,61.0,32.0,5,0.9,0.001,13,2.7,5,0.0,-102.75326528789144,-62.14221154172556,-30.376410875383748,29.71413206333715,0.0,10.234642870782121,428.0,COMPLETE
1333,14.116866286994648,2026-07-22 12:15:00.854427,2026-07-22 12:18:33.861590,0 days 00:03:33.007163,10,1.8,61.0,32.0,5,0.0,0.007,13,2.7,5,0.0,-8.038840131461214,-17.759610851905975,-11.44201631423159,14.116866286994648,0.0,-21.16278703467633,201.0,COMPLETE
1334,30.162725106204142,2026-07-22 12:15:02.626639,2026-07-22 12:18:54.929760,0 days 00:03:52.303121,10,1.5,61.0,32.0,5,0.2,0.001,13,2.7,5,0.0,-107.87878810356614,-68.28544963397337,-27.742739478302603,30.162725106204142,0.0,11.850598991290175,435.0,COMPLETE
1335,30.162725106204142,2026-07-22 12:15:16.593413,2026-07-22 12:19:07.488321,0 days 00:03:50.894908,10,1.5,61.0,32.0,5,0.2,0.001,13,2.7,5,0.0,-107.87878810356614,-68.28544963397337,-27.742739478302603,30.162725106204142,0.0,11.850598991290175,435.0,COMPLETE
1336,30.162725106204142,2026-07-22 12:15:18.916801,2026-07-22 12:19:10.695059,0 days 00:03:51.778258,10,1.5,61.0,32.0,5,0.2,0.001,11,2.7,5,0.0,-107.87878810356614,-68.28544963397337,-27.742739478302603,30.162725106204142,0.0,11.850598991290175,435.0,COMPLETE
1337,30.162725106204142,2026-07-22 12:16:30.303654,2026-07-22 12:20:17.891845,0 days 00:03:47.588191,10,1.5,61.0,32.0,5,0.2,0.001,13,2.7,5,0.0,-107.87878810356614,-68.28544963397337,-27.742739478302603,30.162725106204142,0.0,11.850598991290175,435.0,COMPLETE
1338,18.923062192756223,2026-07-22 12:16:45.157919,2026-07-22 12:20:28.374600,0 days 00:03:43.216681,10,1.5,60.0,32.0,19,1.3,0.001,13,2.7,5,0.0,-50.6603150246874,-45.131823421044565,-18.67404228803143,18.923062192756223,0.0,-13.14555068438859,276.0,COMPLETE
1339,30.162725106204142,2026-07-22 12:16:59.438592,2026-07-22 12:20:49.813948,0 days 00:03:50.375356,10,1.5,60.0,32.0,5,0.2,0.001,11,2.7,5,0.0,-107.87878810356614,-68.28544963397337,-27.742739478302603,30.162725106204142,0.0,11.850598991290175,435.0,COMPLETE
1340,30.162725106204142,2026-07-22 12:17:40.891266,2026-07-22 12:21:31.461117,0 days 00:03:50.569851,10,1.5,60.0,32.0,5,0.2,0.001,11,2.7,5,0.0,-107.87878810356614,-68.28544963397337,-27.742739478302603,30.162725106204142,0.0,11.850598991290175,435.0,COMPLETE
1341,30.162725106204142,2026-07-22 12:18:06.417492,2026-07-22 12:21:57.362704,0 days 00:03:50.945212,10,1.5,60.0,32.0,5,0.2,0.001,11,2.7,5,0.0,-107.87878810356614,-68.28544963397337,-27.742739478302603,30.162725106204142,0.0,11.850598991290175,435.0,COMPLETE
1342,30.162725106204142,2026-07-22 12:18:33.913469,2026-07-22 12:22:19.301930,0 days 00:03:45.388461,10,1.5,60.0,32.0,5,0.2,0.001,11,2.7,5,0.0,-107.87878810356614,-68.28544963397337,-27.742739478302603,30.162725106204142,0.0,11.850598991290175,435.0,COMPLETE
1343,30.1272903555828,2026-07-22 12:18:49.720739,2026-07-22 12:22:41.393423,0 days 00:03:51.672684,10,1.5,60.0,31.0,5,0.2,0.001,11,2.7,5,0.0,-110.07464444350353,-68.28544963397337,-31.270353447217573,30.1272903555828,0.0,10.51884136231263,436.0,COMPLETE
1344,25.865567911829547,2026-07-22 12:18:54.991474,2026-07-22 12:22:46.253187,0 days 00:03:51.261713,10,1.5,60.0,31.0,5,0.1,0.001,11,2.7,17,0.0,-102.91603571969358,-76.65745189268246,-28.169243084988185,25.865567911829547,0.0,-1.9106592579770307,386.0,COMPLETE
1345,30.382589501971108,2026-07-22 12:19:07.651060,2026-07-22 12:22:59.122654,0 days 00:03:51.471594,10,1.5,60.0,31.0,5,0.1,0.001,11,2.5,5,0.0,-102.27325450845763,-59.99556476989329,-31.758848376251734,30.382589501971108,0.0,10.51884136231263,435.0,COMPLETE
1346,23.43122447717739,2026-07-22 12:19:10.748917,2026-07-22 12:22:56.218037,0 days 00:03:45.469120,10,1.7,60.0,31.0,5,0.1,0.002,11,2.8,6,0.0,-68.29168614508283,-37.98648904485255,-40.0412828614602,23.43122447717739,0.0,-9.73608576122994,341.0,COMPLETE
1347,26.488193205657183,2026-07-22 12:20:17.962406,2026-07-22 12:24:09.365875,0 days 00:03:51.403469,10,1.5,60.0,31.0,5,0.1,0.001,11,2.5,11,0.0,-98.63145130066113,-78.7846776744007,-28.89440951719057,26.488193205657183,0.0,-9.047635890930083,395.0,COMPLETE
1348,24.196955056564832,2026-07-22 12:20:28.429162,2026-07-22 12:24:20.485792,0 days 00:03:52.056630,10,1.5,60.0,31.0,11,0.1,0.001,11,2.5,6,0.0,-77.82821923663427,-52.05324373453791,-22.750387265120015,24.196955056564832,0.0,3.024588236976336,348.0,COMPLETE
1349,23.066702238139584,2026-07-22 12:20:49.873591,2026-07-22 12:24:41.528101,0 days 00:03:51.654510,10,1.5,60.0,31.0,5,0.1,0.002,11,2.8,11,0.0,-108.40279353572052,-76.457020062273,-43.045120628833985,23.066702238139584,0.0,-11.09934715538651,358.0,COMPLETE
1350,22.768688582548258,2026-07-22 12:21:31.529147,2026-07-22 12:25:23.013926,0 days 00:03:51.484779,10,1.5,60.0,31.0,6,0.1,0.002,11,2.5,11,0.0,-104.6747799727346,-72.98714581565223,-42.065270176168426,22.768688582548258,0.0,-10.377636019086092,352.0,COMPLETE
1351,25.941640906753534,2026-07-22 12:21:57.418086,2026-07-22 12:25:49.795002,0 days 00:03:52.376916,10,1.5,60.0,31.0,6,0.1,0.002,11,2.8,6,0.0,-98.01901366238258,-54.047700585798836,-41.821714987060936,25.941640906753534,0.0,2.1495980895227538,382.0,COMPLETE
1352,18.70938612021255,2026-07-22 12:22:19.364206,2026-07-22 12:26:03.396691,0 days 00:03:44.032485,35,1.5,62.0,31.0,6,1.7000000000000002,0.002,11,2.8,6,0.0,-21.941187675061876,-43.63946859128663,-9.788001651570253,18.70938612021255,0.0,-31.486282567794984,268.0,COMPLETE
1353,18.295411399340864,2026-07-22 12:22:41.460443,2026-07-22 12:26:27.176102,0 days 00:03:45.715659,11,1.6,62.0,31.0,17,0.1,0.002,11,2.4,6,0.0,-56.59012244889829,-52.17431595564323,-23.76771981095826,18.295411399340864,0.0,-19.351913317703193,274.0,COMPLETE
1354,24.655041391393723,2026-07-22 12:22:46.310289,2026-07-22 12:26:38.314069,0 days 00:03:52.003780,11,1.6,62.0,31.0,6,0.1,0.002,10,2.5,6,0.0,-85.17190572292284,-62.923680103813076,-24.679732040026707,24.655041391393723,0.0,-2.4315064209169526,363.0,COMPLETE
1355,24.655041391393723,2026-07-22 12:22:56.276566,2026-07-22 12:26:47.430251,0 days 00:03:51.153685,11,1.6,62.0,31.0,6,0.1,0.002,10,2.5,6,0.0,-85.17190572292284,-62.923680103813076,-24.679732040026707,24.655041391393723,0.0,-2.4315064209169526,363.0,COMPLETE
1356,25.431502153653717,2026-07-22 12:22:59.178851,2026-07-22 12:26:49.559912,0 days 00:03:50.381061,11,1.6,60.0,31.0,6,0.1,0.002,10,2.4,5,0.0,-79.40728587029776,-58.585052393158826,-20.070972528632012,25.431502153653717,0.0,0.7512609485068826,369.0,COMPLETE
1357,25.431502153653717,2026-07-22 12:24:09.424650,2026-07-22 12:27:53.189224,0 days 00:03:43.764574,11,1.6,60.0,31.0,6,0.1,0.002,10,2.8,5,0.0,-79.40728587029776,-58.585052393158826,-20.070972528632012,25.431502153653717,0.0,0.7512609485068826,369.0,COMPLETE
1358,25.431502153653717,2026-07-22 12:24:20.555964,2026-07-22 12:28:07.768863,0 days 00:03:47.212899,11,1.6,60.0,31.0,6,0.1,0.002,10,2.5,5,0.0,-79.40728587029776,-58.585052393158826,-20.070972528632012,25.431502153653717,0.0,0.7512609485068826,369.0,COMPLETE
1359,27.851155811247747,2026-07-22 12:24:41.593310,2026-07-22 12:28:31.470512,0 days 00:03:49.877202,11,1.6,60.0,31.0,6,0.1,0.001,10,2.8,5,0.0,-88.12521812476128,-59.72163255439929,-28.302707109128434,27.851155811247747,0.0,0.10087846123358468,402.0,COMPLETE
1360,24.447037039549098,2026-07-22 12:25:23.070967,2026-07-22 12:29:09.547707,0 days 00:03:46.476740,11,1.6,60.0,21.0,6,0.1,0.001,10,2.8,5,0.0,-86.9715879099178,-59.91462879736119,-28.083436160979268,24.447037039549098,0.0,-1.0264770484226255,358.0,COMPLETE
1361,26.545816619106816,2026-07-22 12:25:49.853198,2026-07-22 12:29:43.435292,0 days 00:03:53.582094,27,1.6,60.0,31.0,6,0.1,0.001,10,2.5,5,0.0,-132.9154895009992,-95.49873208115878,-45.61294382508851,26.545816619106816,0.0,-8.196186405247975,412.0,COMPLETE
1362,27.953498122349348,2026-07-22 12:26:03.456934,2026-07-22 12:29:47.432224,0 days 00:03:43.975290,11,1.6,60.0,31.0,5,0.1,0.001,10,2.5,5,0.0,-93.32838316447969,-62.231027732124566,-31.120668640009292,27.953498122349348,0.0,-0.02331320765412559,406.0,COMPLETE
1363,24.51879107945606,2026-07-22 12:26:27.233380,2026-07-22 12:30:15.833785,0 days 00:03:48.600405,13,1.6,60.0,21.0,6,0.1,0.001,10,2.5,5,0.0,-84.88123326115252,-64.8554832767653,-21.45065153405966,24.51879107945606,0.0,-1.424901549672423,358.0,COMPLETE
1364,27.953498122349348,2026-07-22 12:26:38.384821,2026-07-22 12:30:28.604632,0 days 00:03:50.219811,11,1.6,60.0,31.0,5,0.1,0.001,10,2.5,5,0.0,-93.32838316447969,-62.231027732124566,-31.120668640009292,27.953498122349348,0.0,-0.02331320765412559,406.0,COMPLETE
1365,29.826116950709384,2026-07-22 12:26:47.489357,2026-07-22 12:30:40.944550,0 days 00:03:53.455193,12,1.5,60.0,31.0,5,0.1,0.001,10,2.4,5,0.0,-111.272384544812,-73.77670384302628,-36.740220311077465,29.826116950709384,0.0,0.7554603907082083,439.0,COMPLETE
1366,29.826116950709384,2026-07-22 12:26:49.616018,2026-07-22 12:30:41.646520,0 days 00:03:52.030502,12,1.5,60.0,31.0,5,0.1,0.001,10,2.4,5,0.0,-111.272384544812,-73.77670384302628,-36.740220311077465,29.826116950709384,0.0,0.7554603907082083,439.0,COMPLETE
1367,29.826116950709384,2026-07-22 12:27:53.249156,2026-07-22 12:31:41.163937,0 days 00:03:47.914781,12,1.5,60.0,31.0,5,0.1,0.001,10,2.8,5,0.0,-111.272384544812,-73.77670384302628,-36.740220311077465,29.826116950709384,0.0,0.7554603907082083,439.0,COMPLETE
1368,29.839212056082363,2026-07-22 12:28:07.838623,2026-07-22 12:32:00.101468,0 days 00:03:52.262845,12,1.5,61.0,30.0,5,0.2,0.001,10,2.8,5,0.0,-115.84400332103509,-80.104652550572,-35.681356494877264,29.839212056082363,0.0,0.057994275585766975,442.0,COMPLETE
1369,29.839212056082363,2026-07-22 12:28:31.539206,2026-07-22 12:32:25.206443,0 days 00:03:53.667237,12,1.5,61.0,30.0,5,0.2,0.001,10,2.8,5,0.0,-115.84400332103509,-80.104652550572,-35.681356494877264,29.839212056082363,0.0,0.057994275585766975,442.0,COMPLETE
1370,27.346761279582072,2026-07-22 12:29:09.605674,2026-07-22 12:33:11.278062,0 days 00:04:01.672388,26,1.5,61.0,30.0,5,0.2,0.001,10,2.4,5,0.0,-119.628974093975,-92.79300998870244,-37.03549764399586,27.346761279582072,0.0,-10.199533538723282,416.0,COMPLETE
1371,29.839212056082363,2026-07-22 12:29:43.491212,2026-07-22 12:33:37.096725,0 days 00:03:53.605513,12,1.5,61.0,30.0,5,0.2,0.001,10,2.8,5,0.0,-115.84400332103509,-80.104652550572,-35.681356494877264,29.839212056082363,0.0,0.057994275585766975,442.0,COMPLETE
1372,29.053801816422112,2026-07-22 12:29:47.479448,2026-07-22 12:33:31.903521,0 days 00:03:44.424073,12,1.5,74.0,30.0,5,0.2,0.001,10,2.8,5,0.0,-108.29097069908092,-69.75404896182953,-45.1394757260521,29.053801816422112,0.0,-6.602553988800749,430.0,COMPLETE
1373,29.773469199437354,2026-07-22 12:30:15.899170,2026-07-22 12:34:09.822008,0 days 00:03:53.922838,12,1.5,61.0,30.0,5,0.2,0.001,11,2.4,5,0.0,-115.84400332103509,-80.104652550572,-39.782707429745486,29.773469199437354,0.0,-4.043356659282455,443.0,COMPLETE
1374,29.773469199437354,2026-07-22 12:30:28.655856,2026-07-22 12:34:23.117492,0 days 00:03:54.461636,12,1.5,61.0,30.0,5,0.2,0.001,11,2.8,5,0.0,-115.84400332103509,-80.104652550572,-39.782707429745486,29.773469199437354,0.0,-4.043356659282455,443.0,COMPLETE
1375,29.773469199437354,2026-07-22 12:30:41.008945,2026-07-22 12:34:35.943343,0 days 00:03:54.934398,12,1.5,61.0,30.0,5,0.2,0.001,11,2.8,5,0.0,-115.84400332103509,-80.104652550572,-39.782707429745486,29.773469199437354,0.0,-4.043356659282455,443.0,COMPLETE
1376,29.864166329192702,2026-07-22 12:30:41.781333,2026-07-22 12:34:32.267130,0 days 00:03:50.485797,10,1.5,61.0,30.0,5,0.2,0.001,11,2.4,5,0.0,-108.7281369454991,-67.20682124314635,-32.82370865152069,29.864166329192702,0.0,8.69760705083204,433.0,COMPLETE
1377,29.864166329192702,2026-07-22 12:31:41.227243,2026-07-22 12:35:29.640802,0 days 00:03:48.413559,10,1.5,61.0,30.0,5,0.2,0.001,11,2.8,5,0.0,-108.7281369454991,-67.20682124314635,-32.82370865152069,29.864166329192702,0.0,8.69760705083204,433.0,COMPLETE
1378,12.445180218351492,2026-07-22 12:32:00.169213,2026-07-22 12:35:37.604917,0 days 00:03:37.435704,10,2.6,61.0,30.0,5,0.2,0.001,11,2.8,5,0.0,-4.229339693722316,-14.427919861291178,-12.533765210555712,12.445180218351492,0.0,-22.732345378124553,179.0,COMPLETE
1379,29.864166329192702,2026-07-22 12:32:25.264751,2026-07-22 12:36:15.749786,0 days 00:03:50.485035,10,1.5,61.0,30.0,5,0.2,0.001,11,2.8,5,0.0,-108.7281369454991,-67.20682124314635,-32.82370865152069,29.864166329192702,0.0,8.69760705083204,433.0,COMPLETE
1380,26.406765176337565,2026-07-22 12:33:11.341273,2026-07-22 12:37:00.265330,0 days 00:03:48.924057,10,1.5,62.0,30.0,5,0.0,0.001,11,2.8,5,0.0,-73.97573867375935,-65.91714106959996,-20.417522268450245,26.406765176337565,0.0,-12.358924664290877,383.0,COMPLETE
1381,26.602692286182283,2026-07-22 12:33:31.954686,2026-07-22 12:37:14.626681,0 days 00:03:42.671995,10,1.5,62.0,32.0,5,0.0,0.001,11,2.8,5,0.0,-75.47219958632157,-67.14312800730077,-20.136819625810045,26.602692286182283,0.0,-11.807748046789335,386.0,COMPLETE
1382,26.602692286182283,2026-07-22 12:33:37.165491,2026-07-22 12:37:27.236933,0 days 00:03:50.071442,10,1.5,62.0,32.0,5,0.0,0.001,11,2.8,5,0.0,-75.47219958632157,-67.14312800730077,-20.136819625810045,26.602692286182283,0.0,-11.807748046789335,386.0,COMPLETE
1383,26.602692286182283,2026-07-22 12:34:09.884902,2026-07-22 12:37:58.852598,0 days 00:03:48.967696,10,1.5,62.0,32.0,5,0.0,0.001,11,2.8,5,0.0,-75.47219958632157,-67.14312800730077,-20.136819625810045,26.602692286182283,0.0,-11.807748046789335,386.0,COMPLETE
1384,26.602692286182283,2026-07-22 12:34:23.189109,2026-07-22 12:38:12.549337,0 days 00:03:49.360228,10,1.5,62.0,32.0,5,0.0,0.001,12,2.8,5,0.0,-75.47219958632157,-67.14312800730077,-20.136819625810045,26.602692286182283,0.0,-11.807748046789335,386.0,COMPLETE
1385,26.602692286182283,2026-07-22 12:34:32.319788,2026-07-22 12:38:21.200823,0 days 00:03:48.881035,10,1.5,62.0,32.0,5,0.0,0.001,11,2.8,5,0.0,-75.47219958632157,-67.14312800730077,-20.136819625810045,26.602692286182283,0.0,-11.807748046789335,386.0,COMPLETE
1386,26.602692286182283,2026-07-22 12:34:35.995301,2026-07-22 12:38:23.691171,0 days 00:03:47.695870,10,1.5,62.0,32.0,5,0.0,0.001,12,2.8,5,0.0,-75.47219958632157,-67.14312800730077,-20.136819625810045,26.602692286182283,0.0,-11.807748046789335,386.0,COMPLETE
1387,26.602692286182283,2026-07-22 12:35:29.711192,2026-07-22 12:39:16.153971,0 days 00:03:46.442779,10,1.5,62.0,32.0,5,0.0,0.001,12,2.8,5,0.0,-75.47219958632157,-67.14312800730077,-20.136819625810045,26.602692286182283,0.0,-11.807748046789335,386.0,COMPLETE
1388,19.914522790000653,2026-07-22 12:35:37.669236,2026-07-22 12:39:22.710615,0 days 00:03:45.041379,10,1.5,62.0,32.0,10,0.0,0.001,33,2.7,5,0.0,-71.46319483396401,-57.1545658257591,-25.461780924227977,19.914522790000653,0.0,-11.153151916023075,299.0,COMPLETE
1389,26.602692286182283,2026-07-22 12:36:15.811213,2026-07-22 12:40:05.350907,0 days 00:03:49.539694,10,1.5,62.0,32.0,5,0.0,0.001,12,2.7,5,0.0,-75.47219958632157,-67.14312800730077,-20.136819625810045,26.602692286182283,0.0,-11.807748046789335,386.0,COMPLETE
1390,26.602692286182283,2026-07-22 12:37:00.326954,2026-07-22 12:40:49.352956,0 days 00:03:49.026002,10,1.5,62.0,32.0,5,0.0,0.001,12,2.7,5,0.0,-75.47219958632157,-67.14312800730077,-20.136819625810045,26.602692286182283,0.0,-11.807748046789335,386.0,COMPLETE
1391,26.602692286182283,2026-07-22 12:37:14.686142,2026-07-22 12:40:57.292998,0 days 00:03:42.606856,10,1.5,62.0,32.0,5,0.0,0.001,12,2.7,5,0.0,-75.47219958632157,-67.14312800730077,-20.136819625810045,26.602692286182283,0.0,-11.807748046789335,386.0,COMPLETE
1392,29.349907861129125,2026-07-22 12:37:27.307722,2026-07-22 12:41:19.352552,0 days 00:03:52.044830,11,1.5,62.0,32.0,5,0.1,0.001,12,2.7,6,0.0,-81.50693612474178,-53.73854776852979,-29.510464397323197,29.349907861129125,0.0,-1.7420760411111547,419.0,COMPLETE
1393,22.01332701652666,2026-07-22 12:37:58.911224,2026-07-22 12:41:45.134646,0 days 00:03:46.223422,11,1.9,62.0,32.0,5,0.1,0.001,12,2.7,6,0.0,-73.75900399637611,-37.743505454323895,-48.28142336866098,22.01332701652666,0.0,-12.265924826608751,327.0,COMPLETE
1394,29.21268283703849,2026-07-22 12:38:12.615406,2026-07-22 12:42:05.366705,0 days 00:03:52.751299,11,1.5,62.0,31.0,5,0.1,0.001,12,2.7,6,0.0,-83.55938185523159,-53.73854776852979,-32.69784329977784,29.21268283703849,0.0,-2.877009213076011,418.0,COMPLETE
1395,29.211920898831348,2026-07-22 12:38:21.340316,2026-07-22 12:42:12.296770,0 days 00:03:50.956454,11,1.5,61.0,31.0,5,0.1,0.001,12,2.7,6,0.0,-83.59314456715414,-53.772310480452326,-32.69784329977784,29.211920898831348,0.0,-2.877009213076011,418.0,COMPLETE
1396,23.915594011843663,2026-07-22 12:38:23.754727,2026-07-22 12:42:09.395712,0 days 00:03:45.640985,11,1.5,61.0,31.0,5,0.1,0.003,12,2.7,6,0.0,-43.39724085561085,-35.1369802809025,-22.629039720584444,23.915594011843663,0.0,-14.368779145876111,340.0,COMPLETE
