number,value,datetime_start,datetime_complete,duration,params_MR_BB_PERIOD,params_MR_BB_STD,params_MR_RSI_OVERBOUGHT,params_MR_RSI_OVERSOLD,params_MR_RSI_PERIOD,params_MR_VOL_SPIKE_MULT,params_MR_VWAP_DEV_PCT,params_TP_BB_PERIOD,params_TP_BB_STD,params_TP_RSI_PERIOD,user_attrs_MB_PnL,user_attrs_MR_PnL,user_attrs_QQQ_PnL,user_attrs_SPY_PnL,user_attrs_Score,user_attrs_TF_PnL,user_attrs_TP_PnL,user_attrs_Total_Trades,state
1064,24.147020657509895,2026-07-22 10:31:47.979960,2026-07-22 10:35:32.972127,0 days 00:03:44.992167,11,1.7,62.0,32.0,10,0.1,0.001,10,2.8,6,0.0,-64.03960535610234,-50.77215335815794,-28.113553579419012,24.147020657509895,0.0,-14.846101581474635,349.0,COMPLETE
1065,29.43464799446018,2026-07-22 10:32:00.986178,2026-07-22 10:35:53.390316,0 days 00:03:52.404138,11,1.5,62.0,32.0,5,0.1,0.001,10,2.7,6,0.0,-81.50693612474178,-53.73854776852979,-25.409113462454982,29.43464799446018,0.0,2.359274893757065,418.0,COMPLETE
1066,29.433887314505135,2026-07-22 10:33:17.372768,2026-07-22 10:37:10.042650,0 days 00:03:52.669882,11,1.5,61.0,32.0,5,0.1,0.001,10,2.7,6,0.0,-81.54069883666433,-53.772310480452326,-25.409113462454982,29.433887314505135,0.0,2.359274893757065,418.0,COMPLETE
1067,26.32827478542695,2026-07-22 10:33:18.099682,2026-07-22 10:37:13.540404,0 days 00:03:55.440722,30,1.5,61.0,32.0,5,0.1,0.001,10,2.7,6,0.0,-149.6614012840998,-113.76384389523608,-46.5791566428244,26.32827478542695,0.0,-10.681599253960629,419.0,COMPLETE
1068,29.34914831944746,2026-07-22 10:34:04.443268,2026-07-22 10:37:50.107298,0 days 00:03:45.664030,11,1.5,61.0,32.0,5,0.1,0.001,13,2.7,6,0.0,-81.54069883666433,-53.772310480452326,-29.510464397323197,29.34914831944746,0.0,-1.7420760411111547,419.0,COMPLETE
1069,29.34914831944746,2026-07-22 10:34:27.848347,2026-07-22 10:38:22.494525,0 days 00:03:54.646178,11,1.5,61.0,32.0,5,0.1,0.001,13,2.7,6,0.0,-81.54069883666433,-53.772310480452326,-29.510464397323197,29.34914831944746,0.0,-1.7420760411111547,419.0,COMPLETE
1070,29.34914831944746,2026-07-22 10:34:37.228330,2026-07-22 10:38:29.204985,0 days 00:03:51.976655,11,1.5,61.0,32.0,5,0.1,0.001,13,2.7,6,0.0,-81.54069883666433,-53.772310480452326,-29.510464397323197,29.34914831944746,0.0,-1.7420760411111547,419.0,COMPLETE
1071,27.358510687602298,2026-07-22 10:34:47.767731,2026-07-22 10:38:35.964735,0 days 00:03:48.197004,11,1.5,61.0,32.0,5,0.1,0.001,13,2.7,9,0.0,-86.77494053879646,-62.91116795220007,-33.32890472990096,27.358510687602298,0.0,-9.46513214330449,400.0,COMPLETE
1072,29.43464799446018,2026-07-22 10:35:17.252015,2026-07-22 10:39:11.117433,0 days 00:03:53.865418,11,1.5,62.0,32.0,5,0.1,0.001,10,2.7,6,0.0,-81.50693612474178,-53.73854776852979,-25.409113462454982,29.43464799446018,0.0,2.359274893757065,418.0,COMPLETE
1073,29.201688337559013,2026-07-22 10:35:18.081350,2026-07-22 10:39:11.007074,0 days 00:03:52.925724,11,1.5,62.0,33.0,5,0.1,0.001,10,2.7,6,0.0,-82.11199140164402,-56.41892891112546,-25.409113462454982,29.201688337559013,0.0,0.28394902806363076,416.0,COMPLETE
1074,29.201688337559013,2026-07-22 10:35:33.030226,2026-07-22 10:39:26.280466,0 days 00:03:53.250240,11,1.5,62.0,33.0,5,0.1,0.001,10,2.7,6,0.0,-82.11199140164402,-56.41892891112546,-25.409113462454982,29.201688337559013,0.0,0.28394902806363076,416.0,COMPLETE
1075,20.090306888683358,2026-07-22 10:35:53.462493,2026-07-22 10:39:37.115256,0 days 00:03:43.652763,11,1.5,62.0,33.0,20,0.1,0.001,10,2.7,6,0.0,-50.772826831673626,-44.00261314337844,-13.796593742184374,20.090306888683358,0.0,-7.026380053889184,288.0,COMPLETE
1076,25.78462071417044,2026-07-22 10:37:10.102600,2026-07-22 10:40:57.748688,0 days 00:03:47.646088,11,1.5,62.0,33.0,5,0.0,0.001,10,2.8,6,0.0,-56.97501346759687,-58.17169250597349,-9.526181740733696,25.78462071417044,0.0,-10.722860779110363,366.0,COMPLETE
1077,25.812538916546668,2026-07-22 10:37:13.603130,2026-07-22 10:41:02.858724,0 days 00:03:49.255594,11,1.5,62.0,32.0,5,0.0,0.001,10,2.8,6,0.0,-55.80889443449728,-57.005573472873905,-9.526181740733696,25.812538916546668,0.0,-10.722860779110363,366.0,COMPLETE
1078,25.78462071417044,2026-07-22 10:37:50.167011,2026-07-22 10:41:33.174924,0 days 00:03:43.007913,11,1.5,62.0,33.0,5,0.0,0.001,10,2.8,6,0.0,-56.97501346759687,-58.17169250597349,-9.526181740733696,25.78462071417044,0.0,-10.722860779110363,366.0,COMPLETE
1079,25.78462071417044,2026-07-22 10:38:22.558765,2026-07-22 10:42:13.279653,0 days 00:03:50.720888,11,1.5,62.0,33.0,5,0.0,0.001,10,2.8,6,0.0,-56.97501346759687,-58.17169250597349,-9.526181740733696,25.78462071417044,0.0,-10.722860779110363,366.0,COMPLETE
1080,25.78462071417044,2026-07-22 10:38:29.269735,2026-07-22 10:42:18.539395,0 days 00:03:49.269660,11,1.5,62.0,33.0,5,0.0,0.001,10,2.8,6,0.0,-56.97501346759687,-58.17169250597349,-9.526181740733696,25.78462071417044,0.0,-10.722860779110363,366.0,COMPLETE
1081,25.78462071417044,2026-07-22 10:38:36.025722,2026-07-22 10:42:22.771885,0 days 00:03:46.746163,11,1.5,62.0,33.0,5,0.0,0.001,10,2.8,6,0.0,-56.97501346759687,-58.17169250597349,-9.526181740733696,25.78462071417044,0.0,-10.722860779110363,366.0,COMPLETE
1082,25.71380225420314,2026-07-22 10:39:11.179401,2026-07-22 10:43:00.868069,0 days 00:03:49.688668,10,1.5,62.0,33.0,5,0.0,0.001,10,2.8,7,0.0,-71.63719956542205,-76.89133568101516,-7.456501995542699,25.71380225420314,0.0,-12.710638111135903,373.0,COMPLETE
1083,26.306347318934304,2026-07-22 10:39:11.187178,2026-07-22 10:43:01.467780,0 days 00:03:50.280602,10,1.5,62.0,33.0,5,0.0,0.001,10,2.8,6,0.0,-68.6828526539801,-73.28531204713386,-8.959430400606006,26.306347318934304,0.0,-13.561889793759871,379.0,COMPLETE
1084,25.71380225420314,2026-07-22 10:39:26.345394,2026-07-22 10:43:15.128095,0 days 00:03:48.782701,10,1.5,62.0,33.0,5,0.0,0.001,10,2.8,7,0.0,-71.63719956542205,-76.89133568101516,-7.456501995542699,25.71380225420314,0.0,-12.710638111135903,373.0,COMPLETE
1085,25.71380225420314,2026-07-22 10:39:37.181505,2026-07-22 10:43:24.609379,0 days 00:03:47.427874,10,1.5,62.0,33.0,5,0.0,0.001,10,2.8,7,0.0,-71.63719956542205,-76.89133568101516,-7.456501995542699,25.71380225420314,0.0,-12.710638111135903,373.0,COMPLETE
1086,25.823489551391443,2026-07-22 10:40:57.808367,2026-07-22 10:44:46.242488,0 days 00:03:48.434121,10,1.5,62.0,32.0,5,0.0,0.001,10,2.8,7,0.0,-69.82311418402217,-73.60936909152099,-7.456501995542699,25.823489551391443,0.0,-11.242756903041592,373.0,COMPLETE
1087,25.823489551391443,2026-07-22 10:41:02.929720,2026-07-22 10:44:50.982963,0 days 00:03:48.053243,10,1.5,62.0,32.0,5,0.0,0.001,10,2.8,7,0.0,-69.82311418402217,-73.60936909152099,-7.456501995542699,25.823489551391443,0.0,-11.242756903041592,373.0,COMPLETE
1088,25.823489551391443,2026-07-22 10:41:33.227826,2026-07-22 10:45:15.553036,0 days 00:03:42.325210,10,1.5,62.0,32.0,5,0.0,0.001,10,2.8,7,0.0,-69.82311418402217,-73.60936909152099,-7.456501995542699,25.823489551391443,0.0,-11.242756903041592,373.0,COMPLETE
1089,25.823489551391443,2026-07-22 10:42:13.346215,2026-07-22 10:46:02.352001,0 days 00:03:49.005786,10,1.5,62.0,32.0,5,0.0,0.001,10,2.8,7,0.0,-69.82311418402217,-73.60936909152099,-7.456501995542699,25.823489551391443,0.0,-11.242756903041592,373.0,COMPLETE
1090,29.84092182413759,2026-07-22 10:42:18.610878,2026-07-22 10:46:08.862022,0 days 00:03:50.251144,10,1.5,62.0,32.0,5,0.1,0.001,10,2.8,7,0.0,-97.72273904249516,-67.2549496421463,-21.36807466663596,29.84092182413759,0.0,9.099714733712933,427.0,COMPLETE
1091,29.84092182413759,2026-07-22 10:42:22.831566,2026-07-22 10:46:10.787914,0 days 00:03:47.956348,10,1.5,62.0,32.0,5,0.1,0.001,10,2.8,7,0.0,-97.72273904249516,-67.2549496421463,-21.36807466663596,29.84092182413759,0.0,9.099714733712933,427.0,COMPLETE
1092,12.078069472643659,2026-07-22 10:43:00.923621,2026-07-22 10:46:38.015391,0 days 00:03:37.091770,10,2.4,62.0,32.0,5,0.1,0.001,10,2.8,7,0.0,-6.6380917088943105,-9.625333154482373,-20.413125455328263,12.078069472643659,0.0,-23.400366900916335,175.0,COMPLETE
1093,29.84092182413759,2026-07-22 10:43:01.525385,2026-07-22 10:46:53.529769,0 days 00:03:52.004384,10,1.5,62.0,32.0,5,0.1,0.001,10,2.8,7,0.0,-97.72273904249516,-67.2549496421463,-21.36807466663596,29.84092182413759,0.0,9.099714733712933,427.0,COMPLETE
1094,29.74179956777056,2026-07-22 10:43:15.194218,2026-07-22 10:47:06.828264,0 days 00:03:51.634046,10,1.5,61.0,32.0,5,0.1,0.001,11,2.8,7,0.0,-97.72273904249516,-67.2549496421463,-25.469425601504174,29.74179956777056,0.0,4.998363798844721,428.0,COMPLETE
1095,29.74179956777056,2026-07-22 10:43:24.672417,2026-07-22 10:47:14.430842,0 days 00:03:49.758425,10,1.5,61.0,32.0,5,0.1,0.001,11,2.8,7,0.0,-97.72273904249516,-67.2549496421463,-25.469425601504174,29.74179956777056,0.0,4.998363798844721,428.0,COMPLETE
1096,30.18986698465951,2026-07-22 10:44:46.383407,2026-07-22 10:48:38.339287,0 days 00:03:51.955880,10,1.5,61.0,32.0,5,0.1,0.001,11,2.8,6,0.0,-93.59085073738905,-61.27478700801345,-23.111583709779,30.18986698465951,0.0,9.204480019596609,429.0,COMPLETE
1097,25.684559290012896,2026-07-22 10:44:51.043201,2026-07-22 10:48:49.141323,0 days 00:03:58.098122,31,1.5,61.0,32.0,6,0.1,0.001,11,2.7,6,0.0,-170.2234026969086,-122.32249342936923,-59.755337877675814,25.684559290012896,0.0,-11.854428610136328,422.0,COMPLETE
1098,29.496402803594904,2026-07-22 10:45:15.612653,2026-07-22 10:49:02.188900,0 days 00:03:46.576247,10,1.5,61.0,32.0,6,0.1,0.001,11,2.7,6,0.0,-95.41599433048901,-62.96947704208185,-26.978785763732006,29.496402803594904,0.0,5.467731524675159,423.0,COMPLETE
1099,29.496402803594904,2026-07-22 10:46:02.435320,2026-07-22 10:50:02.989180,0 days 00:04:00.553860,10,1.5,61.0,32.0,6,0.1,0.001,11,2.7,6,0.0,-95.41599433048901,-62.96947704208185,-26.978785763732006,29.496402803594904,0.0,5.467731524675159,423.0,COMPLETE
1100,18.90330079674001,2026-07-22 10:46:08.928366,2026-07-22 10:50:00.646447,0 days 00:03:51.718081,12,1.6,61.0,32.0,19,0.1,0.001,11,2.7,6,0.0,-71.92706516455806,-58.63240157119159,-26.975751095970327,18.90330079674001,0.0,-13.681087502603853,287.0,COMPLETE
1101,27.390742037762454,2026-07-22 10:46:10.855674,2026-07-22 10:50:06.838491,0 days 00:03:55.982817,12,1.6,61.0,32.0,6,0.1,0.001,11,2.6,6,0.0,-87.5335059202252,-66.13164800543576,-29.76328472760114,27.390742037762454,0.0,-8.361426812811708,400.0,COMPLETE
1102,28.24442506380961,2026-07-22 10:46:38.087561,2026-07-22 10:50:42.676772,0 days 00:04:04.589211,10,1.6,61.0,32.0,6,0.1,0.001,11,2.7,6,0.0,-74.91374280072817,-46.68686955524549,-20.927304955308937,28.24442506380961,0.0,7.299568290173813,396.0,COMPLETE
1103,27.390742037762454,2026-07-22 10:46:53.589794,2026-07-22 10:51:02.289626,0 days 00:04:08.699832,12,1.6,61.0,32.0,6,0.1,0.001,11,2.6,6,0.0,-87.5335059202252,-66.13164800543576,-29.76328472760114,27.390742037762454,0.0,-8.361426812811708,400.0,COMPLETE
1104,27.390742037762454,2026-07-22 10:47:06.894271,2026-07-22 10:51:16.313704,0 days 00:04:09.419433,12,1.6,61.0,32.0,6,0.1,0.001,11,2.6,6,0.0,-87.5335059202252,-66.13164800543576,-29.76328472760114,27.390742037762454,0.0,-8.361426812811708,400.0,COMPLETE
1105,27.394811793790133,2026-07-22 10:47:14.496260,2026-07-22 10:51:24.138692,0 days 00:04:09.642432,12,1.6,61.0,31.0,6,0.1,0.001,11,2.6,6,0.0,-86.77222080406699,-66.13164800543576,-29.78258062291893,27.394811793790133,0.0,-9.142007824287711,400.0,COMPLETE
1106,27.394811793790133,2026-07-22 10:48:38.402598,2026-07-22 10:52:50.030080,0 days 00:04:11.627482,12,1.6,61.0,31.0,6,0.1,0.001,11,2.7,6,0.0,-86.77222080406699,-66.13164800543576,-29.78258062291893,27.394811793790133,0.0,-9.142007824287711,400.0,COMPLETE
1107,27.394811793790133,2026-07-22 10:48:49.211907,2026-07-22 10:53:00.374307,0 days 00:04:11.162400,12,1.6,61.0,31.0,6,0.1,0.001,11,2.6,6,0.0,-86.77222080406699,-66.13164800543576,-29.78258062291893,27.394811793790133,0.0,-9.142007824287711,400.0,COMPLETE
1108,27.394811793790133,2026-07-22 10:49:02.251472,2026-07-22 10:53:09.605523,0 days 00:04:07.354051,12,1.6,61.0,31.0,6,0.1,0.001,11,2.6,6,0.0,-86.77222080406699,-66.13164800543576,-29.78258062291893,27.394811793790133,0.0,-9.142007824287711,400.0,COMPLETE
1109,27.394811793790133,2026-07-22 10:50:00.713862,2026-07-22 10:54:06.991300,0 days 00:04:06.277438,12,1.6,61.0,31.0,6,0.1,0.001,11,2.6,6,0.0,-86.77222080406699,-66.13164800543576,-29.78258062291893,27.394811793790133,0.0,-9.142007824287711,400.0,COMPLETE
1110,27.394811793790133,2026-07-22 10:50:03.063197,2026-07-22 10:54:08.922941,0 days 00:04:05.859744,12,1.6,61.0,31.0,6,0.1,0.001,11,2.6,6,0.0,-86.77222080406699,-66.13164800543576,-29.78258062291893,27.394811793790133,0.0,-9.142007824287711,400.0,COMPLETE
1111,26.007744861087165,2026-07-22 10:50:06.921456,2026-07-22 10:54:10.186803,0 days 00:04:03.265347,12,1.6,61.0,31.0,5,0.1,0.001,11,2.6,8,0.0,-94.46821077514934,-74.00810328127676,-35.038467075499526,26.007744861087165,0.0,-14.578359581626962,389.0,COMPLETE
1112,26.37541049418688,2026-07-22 10:50:42.745498,2026-07-22 10:54:48.669377,0 days 00:04:05.923879,25,1.5,61.0,31.0,5,0.1,0.001,10,2.6,8,0.0,-138.79581368480356,-106.73896414594894,-51.24997661612614,26.37541049418688,0.0,-19.19312707727151,418.0,COMPLETE
1113,29.284153830255786,2026-07-22 10:51:02.360431,2026-07-22 10:55:02.334596,0 days 00:03:59.974165,11,1.5,61.0,31.0,5,0.1,0.001,10,2.6,6,0.0,-83.59314456715414,-53.772310480452326,-28.596492364909636,29.284153830255786,0.0,1.2243417217922077,417.0,COMPLETE
1114,29.284153830255786,2026-07-22 10:51:16.387875,2026-07-22 10:55:13.031173,0 days 00:03:56.643298,11,1.5,61.0,31.0,5,0.1,0.001,10,2.6,6,0.0,-83.59314456715414,-53.772310480452326,-28.596492364909636,29.284153830255786,0.0,1.2243417217922077,417.0,COMPLETE
1115,29.284153830255786,2026-07-22 10:51:24.217337,2026-07-22 10:55:19.432158,0 days 00:03:55.214821,11,1.5,61.0,31.0,5,0.1,0.001,10,2.7,6,0.0,-83.59314456715414,-53.772310480452326,-28.596492364909636,29.284153830255786,0.0,1.2243417217922077,417.0,COMPLETE
1116,29.284153830255786,2026-07-22 10:52:50.089039,2026-07-22 10:56:41.869152,0 days 00:03:51.780113,11,1.5,61.0,31.0,5,0.1,0.001,10,2.7,6,0.0,-83.59314456715414,-53.772310480452326,-28.596492364909636,29.284153830255786,0.0,1.2243417217922077,417.0,COMPLETE
1117,11.342762468928518,2026-07-22 10:53:00.435808,2026-07-22 10:56:38.569185,0 days 00:03:38.133377,11,2.7,61.0,31.0,5,0.1,0.001,10,2.7,6,0.0,-4.191098326934945,-14.550805280095123,-13.632091223386396,11.342762468928518,0.0,-23.991798176546578,165.0,COMPLETE
1118,29.284153830255786,2026-07-22 10:53:09.671304,2026-07-22 10:56:55.710327,0 days 00:03:46.039023,11,1.5,61.0,31.0,5,0.1,0.001,10,2.7,6,0.0,-83.59314456715414,-53.772310480452326,-28.596492364909636,29.284153830255786,0.0,1.2243417217922077,417.0,COMPLETE
1119,27.81924768733263,2026-07-22 10:54:07.050398,2026-07-22 10:58:01.307860,0 days 00:03:54.257462,11,1.5,62.0,31.0,5,0.1,0.001,10,2.7,8,0.0,-88.79362355736369,-65.46101998438189,-32.07493722090268,27.81924768733263,0.0,-8.742333647920809,406.0,COMPLETE
1120,25.787684331685828,2026-07-22 10:54:08.988493,2026-07-22 10:57:58.472663,0 days 00:03:49.484170,11,1.5,62.0,31.0,5,0.0,0.001,10,2.7,6,0.0,-56.33674174234894,-57.005573472873905,-11.188962220550222,25.787684331685828,0.0,-11.85779395107522,366.0,COMPLETE
1121,25.787684331685828,2026-07-22 10:54:10.248596,2026-07-22 10:57:55.943851,0 days 00:03:45.695255,11,1.5,62.0,31.0,5,0.0,0.001,10,2.7,6,0.0,-56.33674174234894,-57.005573472873905,-11.188962220550222,25.787684331685828,0.0,-11.85779395107522,366.0,COMPLETE
1122,25.787684331685828,2026-07-22 10:54:48.725699,2026-07-22 10:58:39.124568,0 days 00:03:50.398869,11,1.5,62.0,31.0,5,0.0,0.001,10,2.7,6,0.0,-56.33674174234894,-57.005573472873905,-11.188962220550222,25.787684331685828,0.0,-11.85779395107522,366.0,COMPLETE
1123,25.787684331685828,2026-07-22 10:55:02.396247,2026-07-22 10:58:51.979434,0 days 00:03:49.583187,11,1.5,62.0,31.0,5,0.0,0.001,10,2.7,6,0.0,-56.33674174234894,-57.005573472873905,-11.188962220550222,25.787684331685828,0.0,-11.85779395107522,366.0,COMPLETE
1124,25.812538916546668,2026-07-22 10:55:13.100260,2026-07-22 10:59:01.999271,0 days 00:03:48.899011,11,1.5,62.0,32.0,5,0.0,0.001,10,2.7,6,0.0,-55.80889443449728,-57.005573472873905,-9.526181740733696,25.812538916546668,0.0,-10.722860779110363,366.0,COMPLETE
1125,26.416380801156965,2026-07-22 10:55:19.490900,2026-07-22 10:59:07.542808,0 days 00:03:48.051908,10,1.5,62.0,32.0,5,0.0,0.001,10,2.7,6,0.0,-66.86876727258024,-70.00334545763968,-8.959430400606006,26.416380801156965,0.0,-12.094008585665561,379.0,COMPLETE
1126,26.416380801156965,2026-07-22 10:56:38.636921,2026-07-22 11:00:28.385202,0 days 00:03:49.748281,10,1.5,62.0,32.0,5,0.0,0.001,10,2.8,6,0.0,-66.86876727258024,-70.00334545763968,-8.959430400606006,26.416380801156965,0.0,-12.094008585665561,379.0,COMPLETE
1127,19.028690583472503,2026-07-22 10:56:41.935715,2026-07-22 11:00:25.499171,0 days 00:03:43.563456,10,1.5,62.0,33.0,5,2.0,0.001,10,2.8,6,0.0,-56.167403809496875,-63.268800596384196,-13.454897280651023,19.028690583472503,0.0,-20.556294067538392,285.0,COMPLETE
1128,26.306347318934304,2026-07-22 10:56:55.767666,2026-07-22 11:00:38.435117,0 days 00:03:42.667451,10,1.5,62.0,33.0,5,0.0,0.001,10,2.8,6,0.0,-68.6828526539801,-73.28531204713386,-8.959430400606006,26.306347318934304,0.0,-13.561889793759871,379.0,COMPLETE
1129,26.306347318934304,2026-07-22 10:57:56.000401,2026-07-22 11:01:43.492140,0 days 00:03:47.491739,10,1.5,60.0,33.0,5,0.0,0.001,10,2.8,6,0.0,-68.6828526539801,-73.28531204713386,-8.959430400606006,26.306347318934304,0.0,-13.561889793759871,379.0,COMPLETE
1130,26.416380801156965,2026-07-22 10:57:58.531850,2026-07-22 11:01:48.441773,0 days 00:03:49.909923,10,1.5,60.0,32.0,5,0.0,0.001,10,2.8,6,0.0,-66.86876727258024,-70.00334545763968,-8.959430400606006,26.416380801156965,0.0,-12.094008585665561,379.0,COMPLETE
1131,26.416380801156965,2026-07-22 10:58:01.381725,2026-07-22 11:01:51.016173,0 days 00:03:49.634448,10,1.5,60.0,32.0,5,0.0,0.001,10,2.8,6,0.0,-66.86876727258024,-70.00334545763968,-8.959430400606006,26.416380801156965,0.0,-12.094008585665561,379.0,COMPLETE
1132,20.971296750812954,2026-07-22 10:58:39.196617,2026-07-22 11:02:27.984252,0 days 00:03:48.787635,10,1.5,60.0,33.0,5,0.0,0.001,26,2.8,19,0.0,-71.78912847734681,-70.72104793295526,-11.844057666040815,20.971296750812954,0.0,-10.775977121649277,313.0,COMPLETE
1133,13.888502611865361,2026-07-22 10:58:52.043019,2026-07-22 11:02:32.950331,0 days 00:03:40.907312,10,2.2,60.0,32.0,5,0.0,0.001,11,2.8,6,0.0,-57.05720573526117,-40.03306829883458,-35.555742001362816,13.888502611865361,0.0,-18.53160456493628,219.0,COMPLETE
1134,29.832791363234367,2026-07-22 10:59:02.058812,2026-07-22 11:02:53.653071,0 days 00:03:51.594259,10,1.5,60.0,33.0,5,0.1,0.001,11,2.8,6,0.0,-92.47931625303545,-63.93679216899151,-23.320494707085114,29.832791363234367,0.0,5.222029376958863,426.0,COMPLETE
1135,29.832791363234367,2026-07-22 10:59:07.623104,2026-07-22 11:03:00.537496,0 days 00:03:52.914392,10,1.5,60.0,33.0,5,0.1,0.001,11,2.8,6,0.0,-92.47931625303545,-63.93679216899151,-23.320494707085114,29.832791363234367,0.0,5.222029376958863,426.0,COMPLETE
1136,30.18986698465951,2026-07-22 11:00:25.566301,2026-07-22 11:04:16.233867,0 days 00:03:50.667566,10,1.5,60.0,32.0,5,0.1,0.001,11,2.8,6,0.0,-93.59085073738905,-61.27478700801345,-23.111583709779,30.18986698465951,0.0,9.204480019596609,429.0,COMPLETE
1137,29.832791363234367,2026-07-22 11:00:28.461388,2026-07-22 11:04:18.552428,0 days 00:03:50.091040,10,1.5,60.0,33.0,5,0.1,0.001,11,2.8,6,0.0,-92.47931625303545,-63.93679216899151,-23.320494707085114,29.832791363234367,0.0,5.222029376958863,426.0,COMPLETE
1138,26.410115566180785,2026-07-22 11:00:38.504152,2026-07-22 11:04:22.561858,0 days 00:03:44.057706,10,1.5,60.0,32.0,5,0.1,0.002,11,2.8,6,0.0,-101.02328131499826,-56.79854275700212,-39.29387933805612,26.410115566180785,0.0,4.9308592199399826,388.0,COMPLETE
1139,24.77865903303616,2026-07-22 11:01:43.558212,2026-07-22 11:05:27.912689,0 days 00:03:44.354477,10,1.5,76.0,32.0,5,0.1,0.002,11,2.8,6,0.0,-94.37131960147266,-68.41029933274272,-38.63225730239844,24.77865903303616,0.0,-12.671237033668598,373.0,COMPLETE
1140,26.410115566180785,2026-07-22 11:01:48.512905,2026-07-22 11:05:38.421391,0 days 00:03:49.908486,10,1.5,60.0,32.0,5,0.1,0.002,11,2.8,6,0.0,-101.02328131499826,-56.79854275700212,-39.29387933805612,26.410115566180785,0.0,4.9308592199399826,388.0,COMPLETE
1141,26.410115566180785,2026-07-22 11:01:51.078151,2026-07-22 11:05:40.580793,0 days 00:03:49.502642,10,1.5,60.0,32.0,5,0.1,0.002,11,2.8,6,0.0,-101.02328131499826,-56.79854275700212,-39.29387933805612,26.410115566180785,0.0,4.9308592199399826,388.0,COMPLETE
1142,14.128084715274152,2026-07-22 11:02:28.046798,2026-07-22 11:06:07.684758,0 days 00:03:39.637960,10,1.5,60.0,32.0,5,0.1,0.007,11,2.8,6,0.0,-12.945536017457755,-22.93283771416633,-19.36118371380549,14.128084715274152,0.0,-29.348485410514034,208.0,COMPLETE
1143,24.77865903303616,2026-07-22 11:02:33.015903,2026-07-22 11:06:20.480215,0 days 00:03:47.464312,10,1.5,76.0,32.0,5,0.1,0.002,11,2.8,6,0.0,-94.37131960147266,-68.41029933274272,-38.63225730239844,24.77865903303616,0.0,-12.671237033668598,373.0,COMPLETE
1144,26.410115566180785,2026-07-22 11:02:53.719811,2026-07-22 11:06:43.778235,0 days 00:03:50.058424,10,1.5,61.0,32.0,5,0.1,0.002,11,2.8,6,0.0,-101.02328131499826,-56.79854275700212,-39.29387933805612,26.410115566180785,0.0,4.9308592199399826,388.0,COMPLETE
1145,26.410115566180785,2026-07-22 11:03:00.602359,2026-07-22 11:06:46.390045,0 days 00:03:45.787686,10,1.5,61.0,32.0,5,0.1,0.002,11,2.8,6,0.0,-101.02328131499826,-56.79854275700212,-39.29387933805612,26.410115566180785,0.0,4.9308592199399826,388.0,COMPLETE
1146,26.410115566180785,2026-07-22 11:04:16.300186,2026-07-22 11:08:03.241627,0 days 00:03:46.941441,10,1.5,61.0,32.0,5,0.1,0.002,11,2.8,6,0.0,-101.02328131499826,-56.79854275700212,-39.29387933805612,26.410115566180785,0.0,4.9308592199399826,388.0,COMPLETE
