number,value,datetime_start,datetime_complete,duration,params_MAX_POSITION_PCT,params_MAX_RISK_PCT,params_MR_MIN_RR,params_MR_STOP_MULT,params_RISK_TIER_EQUITY_PCT,params_TP_MIN_RR,params_TP_STOP_MULT,user_attrs_BTC_PnL,user_attrs_MB_PnL,user_attrs_MR_PnL,user_attrs_QQQ_PnL,user_attrs_SPY_PnL,user_attrs_Score,user_attrs_TF_PnL,user_attrs_TP_PnL,user_attrs_Total_Trades,state
1648,-2.4266312302903628,2026-06-19 11:36:04.980364,2026-06-19 11:38:52.267222,0 days 00:02:47.286858,1.0,0.01,1.0,2.9000000000000004,0.03,1.8,2.4000000000000004,-42.866721052689634,-42.866721052689634,240.7465147329338,151.24115890904184,275.5548897947177,-2.4266312302903628,0.0,186.04953397082582,73.0,COMPLETE
1649,-2.7751854300199237,2026-06-19 11:36:06.133666,2026-06-19 11:38:54.119935,0 days 00:02:47.986269,1.0,0.01,1.0,2.9000000000000004,0.03,1.8,2.6,-42.866721052689634,-42.866721052689634,240.7465147329338,121.39614178452587,288.05931107054,-2.7751854300199237,0.0,168.70893812213208,67.0,COMPLETE
1650,-10.844964408054118,2026-06-19 11:36:29.477810,2026-06-19 11:39:16.771339,0 days 00:02:47.293529,2.0,0.01,1.0,2.9000000000000004,0.03,1.8,2.4000000000000004,-41.95360943424255,-41.95360943424255,385.8625485957135,288.0817046339772,459.6435712690314,-10.844964408054118,0.0,361.8627273072951,73.0,COMPLETE
1651,-7.8102719990584575,2026-06-19 11:36:48.336926,2026-06-19 11:39:35.811261,0 days 00:02:47.474335,1.5,0.01,0.9000000000000001,2.9000000000000004,0.03,1.8,2.4000000000000004,-41.95360943424255,-41.95360943424255,232.97804906724593,210.2402808749975,301.60851824528334,-7.8102719990584575,0.0,278.8707500530348,74.0,COMPLETE
1652,-13.083457076978654,2026-06-19 11:37:06.890349,2026-06-19 11:39:51.348174,0 days 00:02:44.457825,2.0,0.01,0.9000000000000001,2.9000000000000004,0.03,1.8,2.4000000000000004,-41.95360943424255,-41.95360943424255,251.67154387281659,273.84112191595034,339.6931492641614,-13.083457076978654,0.0,361.8627273072951,74.0,COMPLETE
1653,-5.78468463225307,2026-06-19 11:37:27.160115,2026-06-19 11:40:12.503888,0 days 00:02:45.343773,1.5,0.01,1.0,2.9000000000000004,0.03,1.8,2.4000000000000004,-41.95360943424255,-41.95360943424255,357.4890541665054,224.48086359302442,411.87894062651594,-5.78468463225307,0.0,278.8707500530348,73.0,COMPLETE
1654,-5.78468463225307,2026-06-19 11:38:23.924343,2026-06-19 11:41:07.868709,0 days 00:02:43.944366,1.5,0.01,1.0,2.9000000000000004,0.02,1.8,2.4000000000000004,-41.95360943424255,-41.95360943424255,357.4890541665054,224.48086359302442,411.87894062651594,-5.78468463225307,0.0,278.8707500530348,73.0,COMPLETE
1655,-5.78468463225307,2026-06-19 11:38:24.369384,2026-06-19 11:41:05.670818,0 days 00:02:41.301434,1.5,0.05,1.0,2.9000000000000004,0.02,1.8,2.4000000000000004,-41.95360943424255,-41.95360943424255,357.4890541665054,224.48086359302442,411.87894062651594,-5.78468463225307,0.0,278.8707500530348,73.0,COMPLETE
1656,-26.903005706173943,2026-06-19 11:38:52.296754,2026-06-19 11:41:35.579018,0 days 00:02:43.282264,3.5,0.05,0.4,3.0,0.02,1.8,2.4000000000000004,-41.95360943424255,-41.95360943424255,-259.01954043166177,312.966668962637,-72.76144877235058,-26.903005706173943,0.0,499.22476062194795,75.0,COMPLETE
1657,-5.733707491292984,2026-06-19 11:38:54.161161,2026-06-19 11:41:38.561041,0 days 00:02:44.399880,1.5,0.05,1.0,3.0,0.02,1.8,2.4000000000000004,-41.95360943424255,-41.95360943424255,372.03756108544536,240.61634773132857,410.2919634071518,-5.733707491292984,0.0,278.8707500530348,72.0,COMPLETE
1658,-11.931983458195067,2026-06-19 11:39:16.806315,2026-06-19 11:42:01.354870,0 days 00:02:44.548555,1.5,0.05,0.8,3.0,0.02,1.8,2.4000000000000004,-41.95360943424255,-41.95360943424255,-133.9558065075775,215.91114408664384,-70.99620054118643,-11.931983458195067,0.0,278.8707500530348,73.0,COMPLETE
1659,-2.3146479038941097,2026-06-19 11:39:35.850033,2026-06-19 11:42:19.794429,0 days 00:02:43.944396,1.0,0.05,1.0,3.0,0.02,1.8,2.4000000000000004,-42.866721052689634,-42.866721052689634,255.40406384265498,166.76734790688081,274.6862499065998,-2.3146479038941097,0.0,186.04953397082582,72.0,COMPLETE
1660,-2.3146479038941097,2026-06-19 11:39:51.380397,2026-06-19 11:42:31.991009,0 days 00:02:40.610612,1.0,0.05,1.0,3.0,0.02,1.8,2.4000000000000004,-42.866721052689634,-42.866721052689634,255.40406384265498,166.76734790688081,274.6862499065998,-2.3146479038941097,0.0,186.04953397082582,72.0,COMPLETE
1661,-10.020809401493196,2026-06-19 11:40:12.534659,2026-06-19 11:42:55.607299,0 days 00:02:43.072640,1.0,0.05,1.0,3.0,0.02,1.8,2.8,-42.866721052689634,-42.866721052689634,255.40406384265498,84.76655381855068,278.44477650476557,-10.020809401493196,0.0,107.8072664806613,52.0,COMPLETE
1662,-1340.0,2026-06-19 11:41:05.711320,2026-06-19 11:43:48.068085,0 days 00:02:42.356765,1.0,0.05,1.0,3.0,0.02,1.8,2.3,-42.866721052689634,-42.866721052689634,255.40406384265498,-2.6069293776967726,260.9888502962893,-1340.0,0.0,2.97785707593762,16.0,COMPLETE
1663,-1340.0,2026-06-19 11:41:07.905418,2026-06-19 11:43:51.567342,0 days 00:02:43.661924,1.0,0.05,1.0,3.0,0.02,1.8,2.3,-42.866721052689634,-42.866721052689634,255.40406384265498,-2.6069293776967726,260.9888502962893,-1340.0,0.0,2.97785707593762,16.0,COMPLETE
1664,-1340.0,2026-06-19 11:41:35.610284,2026-06-19 11:44:18.948487,0 days 00:02:43.338203,1.0,0.05,1.0,3.0,0.02,1.8,2.3,-42.866721052689634,-42.866721052689634,255.40406384265498,-2.6069293776967726,260.9888502962893,-1340.0,0.0,2.97785707593762,16.0,COMPLETE
1665,-1340.0,2026-06-19 11:41:38.599492,2026-06-19 11:44:22.625219,0 days 00:02:44.025727,1.0,0.05,1.0,3.0,0.02,1.8,2.3,-42.866721052689634,-42.866721052689634,255.40406384265498,-2.6069293776967726,260.9888502962893,-1340.0,0.0,2.97785707593762,16.0,COMPLETE
1666,-1340.0,2026-06-19 11:42:01.398798,2026-06-19 11:44:45.088480,0 days 00:02:43.689682,1.0,0.05,1.0,3.0,0.02,1.8,2.3,-42.866721052689634,-42.866721052689634,255.40406384265498,-2.6069293776967726,260.9888502962893,-1340.0,0.0,2.97785707593762,16.0,COMPLETE
1667,-1340.0,2026-06-19 11:42:19.828585,2026-06-19 11:45:02.828153,0 days 00:02:42.999568,1.0,0.05,1.0,3.0,0.02,1.8,2.3,-42.866721052689634,-42.866721052689634,255.40406384265498,-2.6069293776967726,260.9888502962893,-1340.0,0.0,2.97785707593762,16.0,COMPLETE
1668,-1340.0,2026-06-19 11:42:32.021681,2026-06-19 11:45:13.238033,0 days 00:02:41.216352,1.0,0.05,1.0,3.0,0.02,1.8,2.3,-42.866721052689634,-42.866721052689634,255.40406384265498,-2.6069293776967726,260.9888502962893,-1340.0,0.0,2.97785707593762,16.0,COMPLETE
1669,-1340.0,2026-06-19 11:42:55.640072,2026-06-19 11:45:37.840070,0 days 00:02:42.199998,1.0,0.05,1.0,3.0,0.02,1.8,2.3,-42.866721052689634,-42.866721052689634,255.40406384265498,-2.6069293776967726,260.9888502962893,-1340.0,0.0,2.97785707593762,16.0,COMPLETE
1670,-1330.0,2026-06-19 11:43:48.099398,2026-06-19 11:46:28.127110,0 days 00:02:40.027712,1.0,0.05,1.0,2.8,0.02,1.8,2.3,-42.866721052689634,-42.866721052689634,124.80316200709275,-44.74027903241823,172.5212981154486,-1330.0,0.0,2.97785707593762,17.0,COMPLETE
1671,-1330.0,2026-06-19 11:43:51.598832,2026-06-19 11:46:34.701022,0 days 00:02:43.102190,1.0,0.05,1.0,2.8,0.02,1.8,2.3,-42.866721052689634,-42.866721052689634,124.80316200709275,-44.74027903241823,172.5212981154486,-1330.0,0.0,2.97785707593762,17.0,COMPLETE
1672,-1340.0,2026-06-19 11:44:18.979005,2026-06-19 11:47:02.451262,0 days 00:02:43.472257,1.0,0.05,1.0,3.0,0.02,1.8,2.3,-42.866721052689634,-42.866721052689634,255.40406384265498,-2.6069293776967726,260.9888502962893,-1340.0,0.0,2.97785707593762,16.0,COMPLETE
1673,-1340.0,2026-06-19 11:44:22.662688,2026-06-19 11:47:06.811380,0 days 00:02:44.148692,1.0,0.05,1.0,3.0,0.02,1.8,2.3,-42.866721052689634,-42.866721052689634,255.40406384265498,-2.6069293776967726,260.9888502962893,-1340.0,0.0,2.97785707593762,16.0,COMPLETE
1674,-9.384034235865261,2026-06-19 11:44:45.126931,2026-06-19 11:47:28.927178,0 days 00:02:43.800247,1.0,0.05,1.0,3.0,0.02,1.8,2.5,-42.866721052689634,-42.866721052689634,255.40406384265498,121.79047818432022,273.1246761685282,-9.384034235865261,0.0,139.51109051019347,58.0,COMPLETE
1675,-9.384034235865261,2026-06-19 11:45:02.865272,2026-06-19 11:47:46.186770,0 days 00:02:43.321498,1.0,0.05,1.0,3.0,0.02,1.8,2.5,-42.866721052689634,-42.866721052689634,255.40406384265498,121.79047818432022,273.1246761685282,-9.384034235865261,0.0,139.51109051019347,58.0,COMPLETE
1676,-9.384034235865261,2026-06-19 11:45:13.270800,2026-06-19 11:47:54.645193,0 days 00:02:41.374393,1.0,0.04,1.0,3.0,0.02,1.8,2.5,-42.866721052689634,-42.866721052689634,255.40406384265498,121.79047818432022,273.1246761685282,-9.384034235865261,0.0,139.51109051019347,58.0,COMPLETE
1677,-9.384034235865261,2026-06-19 11:45:37.871290,2026-06-19 11:48:18.883120,0 days 00:02:41.011830,1.0,0.04,1.0,3.0,0.02,1.8,2.5,-42.866721052689634,-42.866721052689634,255.40406384265498,121.79047818432022,273.1246761685282,-9.384034235865261,0.0,139.51109051019347,58.0,COMPLETE
1678,-1340.0,2026-06-19 11:46:28.157388,2026-06-19 11:49:08.854814,0 days 00:02:40.697426,1.0,0.04,1.0,3.0,0.02,1.8,1.9,-42.866721052689634,-42.866721052689634,255.40406384265498,-36.00729388986314,260.9888502962893,-1340.0,0.0,-30.42250743622875,16.0,COMPLETE
1679,-9.384034235865261,2026-06-19 11:46:34.739099,2026-06-19 11:49:19.296506,0 days 00:02:44.557407,1.0,0.04,1.0,3.0,0.02,1.8,2.5,-42.866721052689634,-42.866721052689634,255.40406384265498,121.79047818432022,273.1246761685282,-9.384034235865261,0.0,139.51109051019347,58.0,COMPLETE
1680,-9.384034235865261,2026-06-19 11:47:02.483427,2026-06-19 11:49:46.365659,0 days 00:02:43.882232,1.0,0.04,1.0,3.0,0.02,1.8,2.5,-42.866721052689634,-42.866721052689634,255.40406384265498,121.79047818432022,273.1246761685282,-9.384034235865261,0.0,139.51109051019347,58.0,COMPLETE
1681,-9.384034235865261,2026-06-19 11:47:06.844768,2026-06-19 11:49:52.843438,0 days 00:02:45.998670,1.0,0.04,1.0,3.0,0.04,1.8,2.5,-42.866721052689634,-42.866721052689634,255.40406384265498,121.79047818432022,273.1246761685282,-9.384034235865261,0.0,139.51109051019347,58.0,COMPLETE
1682,-9.384034235865261,2026-06-19 11:47:28.957057,2026-06-19 11:50:12.939515,0 days 00:02:43.982458,1.0,0.04,1.0,3.0,0.02,1.8,2.5,-42.866721052689634,-42.866721052689634,255.40406384265498,121.79047818432022,273.1246761685282,-9.384034235865261,0.0,139.51109051019347,58.0,COMPLETE
1683,-2.4266312302903628,2026-06-19 11:47:46.221689,2026-06-19 11:50:30.083966,0 days 00:02:43.862277,1.0,0.05,1.0,2.9000000000000004,0.02,1.8,2.4000000000000004,-42.866721052689634,-42.866721052689634,240.7465147329338,151.24115890904184,275.5548897947177,-2.4266312302903628,0.0,186.04953397082582,73.0,COMPLETE
1684,-1330.0,2026-06-19 11:47:54.734620,2026-06-19 11:50:36.067121,0 days 00:02:41.332501,1.0,0.04,1.0,2.9000000000000004,0.02,1.7000000000000002,2.4000000000000004,-42.866721052689634,-42.866721052689634,240.7465147329338,-18.133118375535766,261.8574901844072,-1330.0,0.0,2.97785707593762,17.0,COMPLETE
1685,-1330.0,2026-06-19 11:48:18.918831,2026-06-19 11:51:01.550485,0 days 00:02:42.631654,1.0,0.05,1.0,2.9000000000000004,0.02,1.7000000000000002,2.4000000000000004,-42.866721052689634,-42.866721052689634,240.7465147329338,-18.133118375535766,261.8574901844072,-1330.0,0.0,2.97785707593762,17.0,COMPLETE
1686,-1330.0,2026-06-19 11:49:08.891602,2026-06-19 11:51:48.753132,0 days 00:02:39.861530,2.5,0.05,1.0,2.9000000000000004,0.02,1.7000000000000002,2.4000000000000004,-41.95360943424255,-41.95360943424255,368.22676017438926,-49.79486145638478,425.46626432061805,-1330.0,0.0,7.444642689844045,17.0,COMPLETE
1687,-1330.0,2026-06-19 11:49:19.330543,2026-06-19 11:52:04.069826,0 days 00:02:44.739283,1.0,0.05,1.0,2.9000000000000004,0.02,1.7000000000000002,2.4000000000000004,-42.866721052689634,-42.866721052689634,240.7465147329338,-18.133118375535766,261.8574901844072,-1330.0,0.0,2.97785707593762,17.0,COMPLETE
1688,-1330.0,2026-06-19 11:49:46.398465,2026-06-19 11:52:30.689619,0 days 00:02:44.291154,1.0,0.05,1.0,2.9000000000000004,0.02,1.7000000000000002,2.4000000000000004,-42.866721052689634,-42.866721052689634,240.7465147329338,-18.133118375535766,261.8574901844072,-1330.0,0.0,2.97785707593762,17.0,COMPLETE
1689,-1330.0,2026-06-19 11:49:52.883070,2026-06-19 11:52:37.328590,0 days 00:02:44.445520,1.0,0.05,1.0,2.9000000000000004,0.02,1.7000000000000002,2.4000000000000004,-42.866721052689634,-42.866721052689634,240.7465147329338,-18.133118375535766,261.8574901844072,-1330.0,0.0,2.97785707593762,17.0,COMPLETE
1690,-1330.0,2026-06-19 11:50:12.971958,2026-06-19 11:52:57.270212,0 days 00:02:44.298254,0.5,0.05,1.0,2.9000000000000004,0.02,1.7000000000000002,2.4000000000000004,-21.433360526344817,-21.433360526344817,120.3732573664669,-9.066559187767883,130.9287450922036,-1330.0,0.0,1.48892853796881,17.0,COMPLETE
1691,-1330.0,2026-06-19 11:50:30.115942,2026-06-19 11:53:13.395076,0 days 00:02:43.279134,0.5,0.05,1.0,2.9000000000000004,0.02,1.7000000000000002,2.4000000000000004,-21.433360526344817,-21.433360526344817,120.3732573664669,-9.066559187767883,130.9287450922036,-1330.0,0.0,1.48892853796881,17.0,COMPLETE
1692,-1220.0,2026-06-19 11:50:36.102223,2026-06-19 11:53:17.582115,0 days 00:02:41.479892,0.5,0.05,1.0,2.9000000000000004,0.02,1.8,2.4000000000000004,-21.433360526344817,-21.433360526344817,120.3732573664669,27.107772957434218,133.50774476547764,-1220.0,0.0,40.242260356444916,28.0,COMPLETE
1693,-2.4266312302903628,2026-06-19 11:51:01.582413,2026-06-19 11:53:43.633299,0 days 00:02:42.050886,1.0,0.05,1.0,2.9000000000000004,0.02,1.8,2.4000000000000004,-42.866721052689634,-42.866721052689634,240.7465147329338,151.24115890904184,275.5548897947177,-2.4266312302903628,0.0,186.04953397082582,73.0,COMPLETE
1694,-1220.0,2026-06-19 11:51:48.784511,2026-06-19 11:54:28.579670,0 days 00:02:39.795159,0.5,0.05,1.0,2.9000000000000004,0.02,1.8,2.4000000000000004,-21.433360526344817,-21.433360526344817,120.3732573664669,27.107772957434218,133.50774476547764,-1220.0,0.0,40.242260356444916,28.0,COMPLETE
1695,-1230.0,2026-06-19 11:52:04.106612,2026-06-19 11:54:46.579905,0 days 00:02:42.473293,0.5,0.05,1.0,3.0,0.02,1.8,2.4000000000000004,-21.433360526344817,-21.433360526344817,127.70203192132749,34.87086745635371,133.07342482141868,-1230.0,0.0,40.242260356444916,27.0,COMPLETE
1696,-1230.0,2026-06-19 11:52:30.726242,2026-06-19 11:55:14.284827,0 days 00:02:43.558585,0.5,0.05,1.0,3.0,0.02,1.8,2.4000000000000004,-21.433360526344817,-21.433360526344817,127.70203192132749,34.87086745635371,133.07342482141868,-1230.0,0.0,40.242260356444916,27.0,COMPLETE
1697,-1230.0,2026-06-19 11:52:37.362133,2026-06-19 11:55:21.701679,0 days 00:02:44.339546,0.5,0.05,1.0,3.0,0.02,1.8,2.4000000000000004,-21.433360526344817,-21.433360526344817,127.70203192132749,34.87086745635371,133.07342482141868,-1230.0,0.0,40.242260356444916,27.0,COMPLETE
1698,-2.3146479038941097,2026-06-19 11:52:57.311573,2026-06-19 11:55:41.950609,0 days 00:02:44.639036,1.0,0.05,1.0,3.0,0.02,1.8,2.4000000000000004,-42.866721052689634,-42.866721052689634,255.40406384265498,166.76734790688081,274.6862499065998,-2.3146479038941097,0.0,186.04953397082582,72.0,COMPLETE
1699,-2.3146479038941097,2026-06-19 11:53:13.427748,2026-06-19 11:55:57.166821,0 days 00:02:43.739073,1.0,0.05,1.0,3.0,0.04,1.8,2.4000000000000004,-42.866721052689634,-42.866721052689634,255.40406384265498,166.76734790688081,274.6862499065998,-2.3146479038941097,0.0,186.04953397082582,72.0,COMPLETE
1700,-2.3146479038941097,2026-06-19 11:53:17.618714,2026-06-19 11:55:58.891887,0 days 00:02:41.273173,1.0,0.05,1.0,3.0,0.04,1.8,2.4000000000000004,-42.866721052689634,-42.866721052689634,255.40406384265498,166.76734790688081,274.6862499065998,-2.3146479038941097,0.0,186.04953397082582,72.0,COMPLETE
1701,-2.3146479038941097,2026-06-19 11:53:43.669775,2026-06-19 11:56:25.229291,0 days 00:02:41.559516,1.0,0.05,1.0,3.0,0.04,1.8,2.4000000000000004,-42.866721052689634,-42.866721052689634,255.40406384265498,166.76734790688081,274.6862499065998,-2.3146479038941097,0.0,186.04953397082582,72.0,COMPLETE
1702,-2.3146479038941097,2026-06-19 11:54:28.623628,2026-06-19 11:57:08.913477,0 days 00:02:40.289849,1.0,0.01,1.0,3.0,0.02,1.8,2.4000000000000004,-42.866721052689634,-42.866721052689634,255.40406384265498,166.76734790688081,274.6862499065998,-2.3146479038941097,0.0,186.04953397082582,72.0,COMPLETE
1703,-2.3146479038941097,2026-06-19 11:54:46.609469,2026-06-19 11:57:30.175225,0 days 00:02:43.565756,1.0,0.01,1.0,3.0,0.04,1.8,2.4000000000000004,-42.866721052689634,-42.866721052689634,255.40406384265498,166.76734790688081,274.6862499065998,-2.3146479038941097,0.0,186.04953397082582,72.0,COMPLETE
1704,-2.3146479038941097,2026-06-19 11:55:14.321399,2026-06-19 11:57:57.931296,0 days 00:02:43.609897,1.0,0.01,1.0,3.0,0.01,1.8,2.4000000000000004,-42.866721052689634,-42.866721052689634,255.40406384265498,166.76734790688081,274.6862499065998,-2.3146479038941097,0.0,186.04953397082582,72.0,COMPLETE
1705,-9.384034235865261,2026-06-19 11:55:21.798435,2026-06-19 11:58:06.289515,0 days 00:02:44.491080,1.0,0.01,1.0,3.0,0.04,1.8,2.5,-42.866721052689634,-42.866721052689634,255.40406384265498,121.79047818432022,273.1246761685282,-9.384034235865261,0.0,139.51109051019347,58.0,COMPLETE
1706,-9.384034235865261,2026-06-19 11:55:41.985346,2026-06-19 11:58:26.388648,0 days 00:02:44.403302,1.0,0.01,1.0,3.0,0.01,1.8,2.5,-42.866721052689634,-42.866721052689634,255.40406384265498,121.79047818432022,273.1246761685282,-9.384034235865261,0.0,139.51109051019347,58.0,COMPLETE
1707,-9.384034235865261,2026-06-19 11:55:57.202073,2026-06-19 11:58:40.341255,0 days 00:02:43.139182,1.0,0.01,1.0,3.0,0.01,1.8,2.5,-42.866721052689634,-42.866721052689634,255.40406384265498,121.79047818432022,273.1246761685282,-9.384034235865261,0.0,139.51109051019347,58.0,COMPLETE
1708,-9.384034235865261,2026-06-19 11:55:58.938225,2026-06-19 11:58:40.617888,0 days 00:02:41.679663,1.0,0.01,1.0,3.0,0.02,1.8,2.5,-42.866721052689634,-42.866721052689634,255.40406384265498,121.79047818432022,273.1246761685282,-9.384034235865261,0.0,139.51109051019347,58.0,COMPLETE
1709,-9.384034235865261,2026-06-19 11:56:25.259867,2026-06-19 11:59:07.919412,0 days 00:02:42.659545,1.0,0.01,1.0,3.0,0.01,1.8,2.5,-42.866721052689634,-42.866721052689634,255.40406384265498,121.79047818432022,273.1246761685282,-9.384034235865261,0.0,139.51109051019347,58.0,COMPLETE
1710,-9.384034235865261,2026-06-19 11:57:08.942449,2026-06-19 11:59:50.009309,0 days 00:02:41.066860,1.0,0.01,1.0,3.0,0.01,1.8,2.5,-42.866721052689634,-42.866721052689634,255.40406384265498,121.79047818432022,273.1246761685282,-9.384034235865261,0.0,139.51109051019347,58.0,COMPLETE
1711,-9.384034235865261,2026-06-19 11:57:30.207858,2026-06-19 12:00:13.588233,0 days 00:02:43.380375,1.0,0.05,1.0,3.0,0.01,1.8,2.5,-42.866721052689634,-42.866721052689634,255.40406384265498,121.79047818432022,273.1246761685282,-9.384034235865261,0.0,139.51109051019347,58.0,COMPLETE
1712,-9.384034235865261,2026-06-19 11:57:57.967589,2026-06-19 12:00:42.438819,0 days 00:02:44.471230,1.0,0.05,1.0,3.0,0.02,1.8,2.5,-42.866721052689634,-42.866721052689634,255.40406384265498,121.79047818432022,273.1246761685282,-9.384034235865261,0.0,139.51109051019347,58.0,COMPLETE
1713,-9.384034235865261,2026-06-19 11:58:06.327317,2026-06-19 12:00:50.245961,0 days 00:02:43.918644,1.0,0.05,1.0,3.0,0.02,1.8,2.5,-42.866721052689634,-42.866721052689634,255.40406384265498,121.79047818432022,273.1246761685282,-9.384034235865261,0.0,139.51109051019347,58.0,COMPLETE
1714,-1340.0,2026-06-19 11:58:26.421604,2026-06-19 12:01:10.694587,0 days 00:02:44.272983,1.0,0.05,1.0,3.0,0.02,1.8,1.8,-42.866721052689634,-42.866721052689634,255.40406384265498,-36.00729388986314,260.9888502962893,-1340.0,0.0,-30.42250743622875,16.0,COMPLETE
1715,-1340.0,2026-06-19 11:58:40.378149,2026-06-19 12:01:23.508050,0 days 00:02:43.129901,5.0,0.05,1.0,3.0,0.02,1.8,2.3,-41.95360943424255,-41.95360943424255,370.56590608019616,-39.85199957382184,409.2865109320817,-1340.0,0.0,-1.1313947219363634,16.0,COMPLETE
1716,-1320.0,2026-06-19 11:58:40.658711,2026-06-19 12:01:22.202379,0 days 00:02:41.543668,1.0,0.05,0.9000000000000001,3.0,0.02,1.8,2.3,-42.866721052689634,-42.866721052689634,152.85303788438142,-29.214090034579236,185.04498499489824,-1320.0,0.0,2.97785707593762,18.0,COMPLETE
1717,-1320.0,2026-06-19 11:59:07.950338,2026-06-19 12:01:50.109600,0 days 00:02:42.159262,1.0,0.05,0.9000000000000001,3.0,0.02,1.8,2.3,-42.866721052689634,-42.866721052689634,152.85303788438142,-29.214090034579236,185.04498499489824,-1320.0,0.0,2.97785707593762,18.0,COMPLETE
1718,-1330.0,2026-06-19 11:59:50.040680,2026-06-19 12:02:29.590199,0 days 00:02:39.549519,1.0,0.05,1.0,2.8,0.02,1.8,2.3,-42.866721052689634,-42.866721052689634,124.80316200709275,-44.74027903241823,172.5212981154486,-1330.0,0.0,2.97785707593762,17.0,COMPLETE
1719,-1330.0,2026-06-19 12:00:13.625776,2026-06-19 12:02:57.118635,0 days 00:02:43.492859,1.5,0.05,0.9000000000000001,2.8,0.02,1.8,2.3,-41.95360943424255,-41.95360943424255,-200.8122128898624,-19.56426279085035,-176.7811644851056,-1330.0,0.0,4.466785613906433,17.0,COMPLETE
1720,-1330.0,2026-06-19 12:00:42.475493,2026-06-19 12:03:26.184775,0 days 00:02:43.709282,1.5,0.05,1.0,2.9000000000000004,0.02,1.8,2.3,-41.95360943424255,-41.95360943424255,357.4890541665054,-29.580552333841958,391.5363921142538,-1330.0,0.0,4.466785613906433,17.0,COMPLETE
1721,-1330.0,2026-06-19 12:00:50.282017,2026-06-19 12:03:34.030022,0 days 00:02:43.748005,5.0,0.05,0.9000000000000001,2.8,0.02,1.8,2.3,-41.95360943424255,-41.95360943424255,-239.78217419628538,-50.905567573419546,-190.0080013448022,-1330.0,0.0,-1.1313947219363634,17.0,COMPLETE
1722,-1320.0,2026-06-19 12:01:10.728464,2026-06-19 12:03:54.088771,0 days 00:02:43.360307,1.0,0.05,0.9000000000000001,2.9000000000000004,0.02,1.8,2.3,-42.866721052689634,-42.866721052689634,156.0444341221424,-29.214090034579236,188.23638123265926,-1320.0,0.0,2.97785707593762,18.0,COMPLETE
