number,value,datetime_start,datetime_complete,duration,params_MAX_POSITION_PCT,params_MAX_RISK_PCT,params_MR_MIN_RR,params_MR_STOP_MULT,params_RISK_TIER_EQUITY_PCT,params_TP_MIN_RR,params_TP_STOP_MULT,user_attrs_BTC_PnL,user_attrs_MB_PnL,user_attrs_MR_PnL,user_attrs_QQQ_PnL,user_attrs_SPY_PnL,user_attrs_Score,user_attrs_TF_PnL,user_attrs_TP_PnL,user_attrs_Total_Trades,state
226,-5.78468463225307,2026-06-19 03:33:26.749745,2026-06-19 03:36:08.610642,0 days 00:02:41.860897,1.5,0.03,1.0,2.9000000000000004,0.05,1.8,2.4000000000000004,-41.95360943424255,-41.95360943424255,357.4890541665054,224.48086359302442,411.87894062651594,-5.78468463225307,0.0,278.8707500530348,73.0,COMPLETE
227,-8.30399256812176,2026-06-19 03:33:58.260140,2026-06-19 03:36:40.250120,0 days 00:02:41.989980,1.5,0.03,1.0,2.8,0.05,1.8,2.4000000000000004,-41.95360943424255,-41.95360943424255,196.9927935356289,192.4437739043437,283.41976968432004,-8.30399256812176,0.0,278.8707500530348,73.0,COMPLETE
228,-6.214514170118511,2026-06-19 03:34:18.190627,2026-06-19 03:37:01.474663,0 days 00:02:43.284036,1.5,0.03,1.0,2.9000000000000004,0.05,1.8,2.5,-41.95360943424255,-41.95360943424255,357.4890541665054,201.47333617360653,410.7314635861168,-6.214514170118511,0.0,254.71574559321772,70.0,COMPLETE
229,-8.699612007345232,2026-06-19 03:34:25.846492,2026-06-19 03:37:08.185119,0 days 00:02:42.338627,1.5,0.03,1.0,2.8,0.05,1.8,2.5,-41.95360943424255,-41.95360943424255,196.9927935356289,169.43624648492585,282.2722926439209,-8.699612007345232,0.0,254.71574559321772,70.0,COMPLETE
230,-8.699612007345232,2026-06-19 03:34:28.636101,2026-06-19 03:37:11.995763,0 days 00:02:43.359662,1.5,0.03,1.0,2.8,0.05,1.8,2.5,-41.95360943424255,-41.95360943424255,196.9927935356289,169.43624648492585,282.2722926439209,-8.699612007345232,0.0,254.71574559321772,70.0,COMPLETE
231,-8.30399256812176,2026-06-19 03:34:30.662749,2026-06-19 03:37:14.246136,0 days 00:02:43.583387,1.5,0.03,1.0,2.8,0.05,1.8,2.4000000000000004,-41.95360943424255,-41.95360943424255,196.9927935356289,192.4437739043437,283.41976968432004,-8.30399256812176,0.0,278.8707500530348,73.0,COMPLETE
232,-8.30399256812176,2026-06-19 03:35:42.680954,2026-06-19 03:38:22.867007,0 days 00:02:40.186053,1.5,0.03,1.0,2.8,0.05,1.8,2.4000000000000004,-41.95360943424255,-41.95360943424255,196.9927935356289,192.4437739043437,283.41976968432004,-8.30399256812176,0.0,278.8707500530348,73.0,COMPLETE
233,-8.30399256812176,2026-06-19 03:35:46.535190,2026-06-19 03:38:26.895236,0 days 00:02:40.360046,1.5,0.03,1.0,2.8,0.05,1.8,2.4000000000000004,-41.95360943424255,-41.95360943424255,196.9927935356289,192.4437739043437,283.41976968432004,-8.30399256812176,0.0,278.8707500530348,73.0,COMPLETE
234,-8.30399256812176,2026-06-19 03:36:08.650795,2026-06-19 03:38:50.869802,0 days 00:02:42.219007,1.5,0.03,1.0,2.8,0.05,1.8,2.4000000000000004,-41.95360943424255,-41.95360943424255,196.9927935356289,192.4437739043437,283.41976968432004,-8.30399256812176,0.0,278.8707500530348,73.0,COMPLETE
235,-8.30399256812176,2026-06-19 03:36:40.285981,2026-06-19 03:39:23.805877,0 days 00:02:43.519896,1.5,0.03,1.0,2.8,0.01,1.8,2.4000000000000004,-41.95360943424255,-41.95360943424255,196.9927935356289,192.4437739043437,283.41976968432004,-8.30399256812176,0.0,278.8707500530348,73.0,COMPLETE
236,-8.30399256812176,2026-06-19 03:37:01.513991,2026-06-19 03:39:44.788213,0 days 00:02:43.274222,1.5,0.03,1.0,2.8,0.05,1.8,2.4000000000000004,-41.95360943424255,-41.95360943424255,196.9927935356289,192.4437739043437,283.41976968432004,-8.30399256812176,0.0,278.8707500530348,73.0,COMPLETE
237,-8.30399256812176,2026-06-19 03:37:08.222462,2026-06-19 03:39:51.442289,0 days 00:02:43.219827,1.5,0.03,1.0,2.8,0.05,1.8,2.4000000000000004,-41.95360943424255,-41.95360943424255,196.9927935356289,192.4437739043437,283.41976968432004,-8.30399256812176,0.0,278.8707500530348,73.0,COMPLETE
238,-5.78468463225307,2026-06-19 03:37:12.032011,2026-06-19 03:39:55.642627,0 days 00:02:43.610616,1.5,0.03,1.0,2.9000000000000004,0.05,1.8,2.4000000000000004,-41.95360943424255,-41.95360943424255,357.4890541665054,224.48086359302442,411.87894062651594,-5.78468463225307,0.0,278.8707500530348,73.0,COMPLETE
239,-5.78468463225307,2026-06-19 03:37:14.285635,2026-06-19 03:39:58.556182,0 days 00:02:44.270547,1.5,0.03,1.0,2.9000000000000004,0.05,1.8,2.4000000000000004,-41.95360943424255,-41.95360943424255,357.4890541665054,224.48086359302442,411.87894062651594,-5.78468463225307,0.0,278.8707500530348,73.0,COMPLETE
240,-5.78468463225307,2026-06-19 03:38:22.905917,2026-06-19 03:41:04.221816,0 days 00:02:41.315899,1.5,0.03,1.0,2.9000000000000004,0.05,1.8,2.4000000000000004,-41.95360943424255,-41.95360943424255,357.4890541665054,224.48086359302442,411.87894062651594,-5.78468463225307,0.0,278.8707500530348,73.0,COMPLETE
241,-5.78468463225307,2026-06-19 03:38:26.929456,2026-06-19 03:41:07.600159,0 days 00:02:40.670703,1.5,0.03,1.0,2.9000000000000004,0.05,1.8,2.4000000000000004,-41.95360943424255,-41.95360943424255,357.4890541665054,224.48086359302442,411.87894062651594,-5.78468463225307,0.0,278.8707500530348,73.0,COMPLETE
242,-5.78468463225307,2026-06-19 03:38:50.909084,2026-06-19 03:41:32.130733,0 days 00:02:41.221649,1.5,0.03,1.0,2.9000000000000004,0.05,1.8,2.4000000000000004,-41.95360943424255,-41.95360943424255,357.4890541665054,224.48086359302442,411.87894062651594,-5.78468463225307,0.0,278.8707500530348,73.0,COMPLETE
243,-6.214514170118511,2026-06-19 03:39:23.843018,2026-06-19 03:42:06.347212,0 days 00:02:42.504194,1.5,0.03,1.0,2.9000000000000004,0.05,1.8,2.5,-41.95360943424255,-41.95360943424255,357.4890541665054,201.47333617360653,410.7314635861168,-6.214514170118511,0.0,254.71574559321772,70.0,COMPLETE
244,-6.214514170118511,2026-06-19 03:39:44.817737,2026-06-19 03:42:29.004585,0 days 00:02:44.186848,1.5,0.03,1.0,2.9000000000000004,0.05,1.8,2.5,-41.95360943424255,-41.95360943424255,357.4890541665054,201.47333617360653,410.7314635861168,-6.214514170118511,0.0,254.71574559321772,70.0,COMPLETE
245,-6.214514170118511,2026-06-19 03:39:51.475285,2026-06-19 03:42:37.146064,0 days 00:02:45.670779,1.5,0.03,1.0,2.9000000000000004,0.05,1.8,2.5,-41.95360943424255,-41.95360943424255,357.4890541665054,201.47333617360653,410.7314635861168,-6.214514170118511,0.0,254.71574559321772,70.0,COMPLETE
246,-5.921695539543631,2026-06-19 03:39:55.672505,2026-06-19 03:42:39.500414,0 days 00:02:43.827909,1.5,0.03,1.0,2.9000000000000004,0.05,1.9,2.3,-41.95360943424255,-41.95360943424255,357.4890541665054,215.63668335336342,413.04444361447037,-5.921695539543631,0.0,271.1920728013281,72.0,COMPLETE
247,-5.921695539543631,2026-06-19 03:39:58.589278,2026-06-19 03:42:44.011582,0 days 00:02:45.422304,1.5,0.03,1.0,2.9000000000000004,0.05,1.9,2.3,-41.95360943424255,-41.95360943424255,357.4890541665054,215.63668335336342,413.04444361447037,-5.921695539543631,0.0,271.1920728013281,72.0,COMPLETE
248,-5.78468463225307,2026-06-19 03:41:04.253355,2026-06-19 03:43:47.522868,0 days 00:02:43.269513,1.5,0.03,1.0,2.9000000000000004,0.05,1.8,2.4000000000000004,-41.95360943424255,-41.95360943424255,357.4890541665054,224.48086359302442,411.87894062651594,-5.78468463225307,0.0,278.8707500530348,73.0,COMPLETE
249,-1330.0,2026-06-19 03:41:07.630136,2026-06-19 03:43:48.985196,0 days 00:02:41.355060,1.5,0.03,1.0,2.9000000000000004,0.05,1.8,2.3,-41.95360943424255,-41.95360943424255,357.4890541665054,-29.580552333841958,391.5363921142538,-1330.0,0.0,4.466785613906433,17.0,COMPLETE
250,-1330.0,2026-06-19 03:41:32.164601,2026-06-19 03:44:15.963668,0 days 00:02:43.799067,1.5,0.03,1.0,2.9000000000000004,0.05,1.8,2.3,-41.95360943424255,-41.95360943424255,357.4890541665054,-29.580552333841958,391.5363921142538,-1330.0,0.0,4.466785613906433,17.0,COMPLETE
251,-1330.0,2026-06-19 03:42:06.382857,2026-06-19 03:44:50.881907,0 days 00:02:44.499050,1.5,0.03,1.0,2.9000000000000004,0.05,1.8,2.3,-41.95360943424255,-41.95360943424255,357.4890541665054,-29.580552333841958,391.5363921142538,-1330.0,0.0,4.466785613906433,17.0,COMPLETE
252,-1340.0,2026-06-19 03:42:29.041338,2026-06-19 03:45:10.820092,0 days 00:02:41.778754,1.5,0.03,1.0,3.0,0.05,1.8,2.3,-41.95360943424255,-41.95360943424255,372.03756108544536,-13.445068195537786,389.9494148948896,-1340.0,0.0,4.466785613906433,16.0,COMPLETE
253,-1340.0,2026-06-19 03:42:37.181644,2026-06-19 03:45:19.765534,0 days 00:02:42.583890,1.5,0.03,1.0,3.0,0.05,1.8,2.3,-41.95360943424255,-41.95360943424255,372.03756108544536,-13.445068195537786,389.9494148948896,-1340.0,0.0,4.466785613906433,16.0,COMPLETE
254,-5.870865806582981,2026-06-19 03:42:39.532228,2026-06-19 03:45:21.944234,0 days 00:02:42.412006,1.5,0.03,1.0,3.0,0.05,1.9,2.3,-41.95360943424255,-41.95360943424255,372.03756108544536,231.77216749166763,411.4574663951061,-5.870865806582981,0.0,271.1920728013281,71.0,COMPLETE
255,-5.870865806582981,2026-06-19 03:42:44.049017,2026-06-19 03:45:26.741116,0 days 00:02:42.692099,1.5,0.03,1.0,3.0,0.05,1.9,2.3,-41.95360943424255,-41.95360943424255,372.03756108544536,231.77216749166763,411.4574663951061,-5.870865806582981,0.0,271.1920728013281,71.0,COMPLETE
256,-5.870865806582981,2026-06-19 03:43:47.556369,2026-06-19 03:46:28.082430,0 days 00:02:40.526061,1.5,0.03,1.0,3.0,0.05,1.9,2.3,-41.95360943424255,-41.95360943424255,372.03756108544536,231.77216749166763,411.4574663951061,-5.870865806582981,0.0,271.1920728013281,71.0,COMPLETE
257,-1340.0,2026-06-19 03:43:49.022000,2026-06-19 03:46:28.500867,0 days 00:02:39.478867,1.5,0.03,1.0,3.0,0.05,1.8,2.3,-41.95360943424255,-41.95360943424255,372.03756108544536,-13.445068195537786,389.9494148948896,-1340.0,0.0,4.466785613906433,16.0,COMPLETE
258,-5.870865806582981,2026-06-19 03:44:16.002027,2026-06-19 03:46:56.845723,0 days 00:02:40.843696,1.5,0.03,1.0,3.0,0.05,1.9,2.3,-41.95360943424255,-41.95360943424255,372.03756108544536,231.77216749166763,411.4574663951061,-5.870865806582981,0.0,271.1920728013281,71.0,COMPLETE
259,-6.128592053003877,2026-06-19 03:44:50.913597,2026-06-19 03:47:32.747902,0 days 00:02:41.834305,1.5,0.03,1.0,3.0,0.05,1.9,2.4000000000000004,-41.95360943424255,-41.95360943424255,372.03756108544536,218.43486806211035,410.2919634071518,-6.128592053003877,0.0,256.6892703838165,69.0,COMPLETE
260,-6.128592053003877,2026-06-19 03:45:10.856650,2026-06-19 03:47:53.853891,0 days 00:02:42.997241,1.5,0.03,1.0,3.0,0.05,1.9,2.4000000000000004,-41.95360943424255,-41.95360943424255,372.03756108544536,218.43486806211035,410.2919634071518,-6.128592053003877,0.0,256.6892703838165,69.0,COMPLETE
261,-6.128592053003877,2026-06-19 03:45:19.796095,2026-06-19 03:48:03.263538,0 days 00:02:43.467443,1.5,0.03,1.0,3.0,0.05,1.9,2.4000000000000004,-41.95360943424255,-41.95360943424255,372.03756108544536,218.43486806211035,410.2919634071518,-6.128592053003877,0.0,256.6892703838165,69.0,COMPLETE
262,-6.128592053003877,2026-06-19 03:45:21.974323,2026-06-19 03:48:05.016157,0 days 00:02:43.041834,1.5,0.03,1.0,3.0,0.05,1.9,2.4000000000000004,-41.95360943424255,-41.95360943424255,372.03756108544536,218.43486806211035,410.2919634071518,-6.128592053003877,0.0,256.6892703838165,69.0,COMPLETE
263,-6.128592053003877,2026-06-19 03:45:26.772986,2026-06-19 03:48:10.312062,0 days 00:02:43.539076,1.5,0.03,1.0,3.0,0.05,1.9,2.4000000000000004,-41.95360943424255,-41.95360943424255,372.03756108544536,218.43486806211035,410.2919634071518,-6.128592053003877,0.0,256.6892703838165,69.0,COMPLETE
264,-6.128592053003877,2026-06-19 03:46:28.114351,2026-06-19 03:49:09.059593,0 days 00:02:40.945242,1.5,0.03,1.0,3.0,0.05,1.9,2.4000000000000004,-41.95360943424255,-41.95360943424255,372.03756108544536,218.43486806211035,410.2919634071518,-6.128592053003877,0.0,256.6892703838165,69.0,COMPLETE
265,-6.128592053003877,2026-06-19 03:46:28.530147,2026-06-19 03:49:08.509133,0 days 00:02:39.978986,1.5,0.03,1.0,3.0,0.05,1.9,2.4000000000000004,-41.95360943424255,-41.95360943424255,372.03756108544536,218.43486806211035,410.2919634071518,-6.128592053003877,0.0,256.6892703838165,69.0,COMPLETE
266,-6.128592053003877,2026-06-19 03:46:56.878062,2026-06-19 03:49:38.563098,0 days 00:02:41.685036,1.5,0.03,1.0,3.0,0.05,1.9,2.4000000000000004,-41.95360943424255,-41.95360943424255,372.03756108544536,218.43486806211035,410.2919634071518,-6.128592053003877,0.0,256.6892703838165,69.0,COMPLETE
267,-6.128592053003877,2026-06-19 03:47:32.776797,2026-06-19 03:50:14.543168,0 days 00:02:41.766371,1.5,0.03,1.0,3.0,0.05,1.9,2.4000000000000004,-41.95360943424255,-41.95360943424255,372.03756108544536,218.43486806211035,410.2919634071518,-6.128592053003877,0.0,256.6892703838165,69.0,COMPLETE
268,-6.128592053003877,2026-06-19 03:47:53.891946,2026-06-19 03:50:36.599219,0 days 00:02:42.707273,1.5,0.03,1.0,3.0,0.05,1.9,2.4000000000000004,-41.95360943424255,-41.95360943424255,372.03756108544536,218.43486806211035,410.2919634071518,-6.128592053003877,0.0,256.6892703838165,69.0,COMPLETE
269,-6.128592053003877,2026-06-19 03:48:03.295390,2026-06-19 03:50:46.189201,0 days 00:02:42.893811,1.5,0.03,1.0,3.0,0.05,1.9,2.4000000000000004,-41.95360943424255,-41.95360943424255,372.03756108544536,218.43486806211035,410.2919634071518,-6.128592053003877,0.0,256.6892703838165,69.0,COMPLETE
270,-6.128592053003877,2026-06-19 03:48:05.047687,2026-06-19 03:50:47.575637,0 days 00:02:42.527950,1.5,0.03,1.0,3.0,0.05,1.9,2.4000000000000004,-41.95360943424255,-41.95360943424255,372.03756108544536,218.43486806211035,410.2919634071518,-6.128592053003877,0.0,256.6892703838165,69.0,COMPLETE
271,-6.128592053003877,2026-06-19 03:48:10.351587,2026-06-19 03:50:53.687481,0 days 00:02:43.335894,1.5,0.03,1.0,3.0,0.05,1.9,2.4000000000000004,-41.95360943424255,-41.95360943424255,372.03756108544536,218.43486806211035,410.2919634071518,-6.128592053003877,0.0,256.6892703838165,69.0,COMPLETE
272,-5.870865806582981,2026-06-19 03:49:08.538491,2026-06-19 03:51:47.836543,0 days 00:02:39.298052,1.5,0.03,1.0,3.0,0.05,1.9,2.3,-41.95360943424255,-41.95360943424255,372.03756108544536,231.77216749166763,411.4574663951061,-5.870865806582981,0.0,271.1920728013281,71.0,COMPLETE
273,-5.870865806582981,2026-06-19 03:49:09.098723,2026-06-19 03:51:49.471460,0 days 00:02:40.372737,1.5,0.03,1.0,3.0,0.05,1.9,2.3,-41.95360943424255,-41.95360943424255,372.03756108544536,231.77216749166763,411.4574663951061,-5.870865806582981,0.0,271.1920728013281,71.0,COMPLETE
274,-5.870865806582981,2026-06-19 03:49:38.592677,2026-06-19 03:52:20.558594,0 days 00:02:41.965917,1.5,0.03,1.0,3.0,0.05,1.9,2.3,-41.95360943424255,-41.95360943424255,372.03756108544536,231.77216749166763,411.4574663951061,-5.870865806582981,0.0,271.1920728013281,71.0,COMPLETE
275,-5.870865806582981,2026-06-19 03:50:14.583455,2026-06-19 03:52:57.079073,0 days 00:02:42.495618,1.5,0.03,1.0,3.0,0.05,1.9,2.3,-41.95360943424255,-41.95360943424255,372.03756108544536,231.77216749166763,411.4574663951061,-5.870865806582981,0.0,271.1920728013281,71.0,COMPLETE
276,-5.870865806582981,2026-06-19 03:50:36.630822,2026-06-19 03:53:18.714056,0 days 00:02:42.083234,1.5,0.03,1.0,3.0,0.05,1.9,2.3,-41.95360943424255,-41.95360943424255,372.03756108544536,231.77216749166763,411.4574663951061,-5.870865806582981,0.0,271.1920728013281,71.0,COMPLETE
277,-5.870865806582981,2026-06-19 03:50:46.217202,2026-06-19 03:53:29.582432,0 days 00:02:43.365230,1.5,0.03,1.0,3.0,0.05,1.9,2.3,-41.95360943424255,-41.95360943424255,372.03756108544536,231.77216749166763,411.4574663951061,-5.870865806582981,0.0,271.1920728013281,71.0,COMPLETE
278,-5.870865806582981,2026-06-19 03:50:47.616808,2026-06-19 03:53:30.422588,0 days 00:02:42.805780,1.5,0.03,1.0,3.0,0.05,1.9,2.3,-41.95360943424255,-41.95360943424255,372.03756108544536,231.77216749166763,411.4574663951061,-5.870865806582981,0.0,271.1920728013281,71.0,COMPLETE
279,-5.870865806582981,2026-06-19 03:50:53.720246,2026-06-19 03:53:38.037932,0 days 00:02:44.317686,1.5,0.03,1.0,3.0,0.05,1.9,2.3,-41.95360943424255,-41.95360943424255,372.03756108544536,231.77216749166763,411.4574663951061,-5.870865806582981,0.0,271.1920728013281,71.0,COMPLETE
280,-5.870865806582981,2026-06-19 03:51:47.869582,2026-06-19 03:54:28.799249,0 days 00:02:40.929667,1.5,0.03,1.0,3.0,0.05,1.9,2.3,-41.95360943424255,-41.95360943424255,372.03756108544536,231.77216749166763,411.4574663951061,-5.870865806582981,0.0,271.1920728013281,71.0,COMPLETE
281,-5.870865806582981,2026-06-19 03:51:49.506210,2026-06-19 03:54:30.743120,0 days 00:02:41.236910,1.5,0.03,1.0,3.0,0.05,1.9,2.3,-41.95360943424255,-41.95360943424255,372.03756108544536,231.77216749166763,411.4574663951061,-5.870865806582981,0.0,271.1920728013281,71.0,COMPLETE
282,-5.870865806582981,2026-06-19 03:52:20.587641,2026-06-19 03:55:02.205990,0 days 00:02:41.618349,1.5,0.03,1.0,3.0,0.05,1.9,2.3,-41.95360943424255,-41.95360943424255,372.03756108544536,231.77216749166763,411.4574663951061,-5.870865806582981,0.0,271.1920728013281,71.0,COMPLETE
283,-5.870865806582981,2026-06-19 03:52:57.117459,2026-06-19 03:55:40.026819,0 days 00:02:42.909360,1.5,0.03,1.0,3.0,0.05,1.9,2.3,-41.95360943424255,-41.95360943424255,372.03756108544536,231.77216749166763,411.4574663951061,-5.870865806582981,0.0,271.1920728013281,71.0,COMPLETE
284,-5.870865806582981,2026-06-19 03:53:18.744004,2026-06-19 03:56:00.508348,0 days 00:02:41.764344,1.5,0.03,1.0,3.0,0.05,1.9,2.3,-41.95360943424255,-41.95360943424255,372.03756108544536,231.77216749166763,411.4574663951061,-5.870865806582981,0.0,271.1920728013281,71.0,COMPLETE
285,-5.870865806582981,2026-06-19 03:53:29.617749,2026-06-19 03:56:13.184931,0 days 00:02:43.567182,1.5,0.03,1.0,3.0,0.05,1.9,2.3,-41.95360943424255,-41.95360943424255,372.03756108544536,231.77216749166763,411.4574663951061,-5.870865806582981,0.0,271.1920728013281,71.0,COMPLETE
286,-8.191416101777575,2026-06-19 03:53:30.455889,2026-06-19 03:56:13.055082,0 days 00:02:42.599193,1.5,0.03,0.9000000000000001,3.0,0.05,1.9,2.3,-41.95360943424255,-41.95360943424255,228.2127408693911,201.39610063533655,298.00871303538287,-8.191416101777575,0.0,271.1920728013281,73.0,COMPLETE
287,-13.612371266925006,2026-06-19 03:53:38.074466,2026-06-19 03:56:21.572288,0 days 00:02:43.497822,2.0,0.03,0.9000000000000001,3.0,0.05,1.9,2.3,-41.95360943424255,-41.95360943424255,233.88879964917857,263.3848767385521,323.96477592572035,-13.612371266925006,0.0,353.4608530150939,73.0,COMPLETE
288,-11.12027818783458,2026-06-19 03:54:28.834465,2026-06-19 03:57:09.382943,0 days 00:02:40.548478,2.0,0.03,1.0,3.0,0.05,1.9,2.3,-41.95360943424255,-41.95360943424255,383.88268270183113,293.76094359488314,443.5825921220418,-11.12027818783458,0.0,353.4608530150939,71.0,COMPLETE
289,-11.12027818783458,2026-06-19 03:54:30.774777,2026-06-19 03:57:11.431732,0 days 00:02:40.656955,2.0,0.03,1.0,3.0,0.05,1.9,2.3,-41.95360943424255,-41.95360943424255,383.88268270183113,293.76094359488314,443.5825921220418,-11.12027818783458,0.0,353.4608530150939,71.0,COMPLETE
290,-11.12027818783458,2026-06-19 03:55:02.235386,2026-06-19 03:57:43.488748,0 days 00:02:41.253362,2.0,0.03,1.0,3.0,0.05,1.9,2.3,-41.95360943424255,-41.95360943424255,383.88268270183113,293.76094359488314,443.5825921220418,-11.12027818783458,0.0,353.4608530150939,71.0,COMPLETE
291,-13.612371266925006,2026-06-19 03:55:40.112977,2026-06-19 03:58:21.820439,0 days 00:02:41.707462,2.0,0.03,0.9000000000000001,3.0,0.05,1.9,2.3,-41.95360943424255,-41.95360943424255,233.88879964917857,263.3848767385521,323.96477592572035,-13.612371266925006,0.0,353.4608530150939,73.0,COMPLETE
292,-1320.0,2026-06-19 03:56:00.539536,2026-06-19 03:58:41.373852,0 days 00:02:40.834316,2.0,0.03,0.9000000000000001,3.0,0.05,1.9,2.2,-41.95360943424255,-41.95360943424255,233.88879964917857,-58.42818006915847,298.27269387021227,-1320.0,0.0,5.95571415187524,18.0,COMPLETE
293,-1340.0,2026-06-19 03:56:13.083544,2026-06-19 03:58:56.475355,0 days 00:02:43.391811,2.0,0.03,1.0,3.0,0.05,1.9,2.2,-41.95360943424255,-41.95360943424255,383.88268270183113,-28.052113212827415,417.8905100665338,-1340.0,0.0,5.95571415187524,16.0,COMPLETE
294,-1340.0,2026-06-19 03:56:13.212867,2026-06-19 03:58:56.043908,0 days 00:02:42.831041,2.0,0.03,1.0,3.0,0.05,1.9,2.2,-41.95360943424255,-41.95360943424255,383.88268270183113,-28.052113212827415,417.8905100665338,-1340.0,0.0,5.95571415187524,16.0,COMPLETE
295,-11.12027818783458,2026-06-19 03:56:21.605012,2026-06-19 03:59:05.255198,0 days 00:02:43.650186,2.0,0.03,1.0,3.0,0.05,1.9,2.3,-41.95360943424255,-41.95360943424255,383.88268270183113,293.76094359488314,443.5825921220418,-11.12027818783458,0.0,353.4608530150939,71.0,COMPLETE
296,-1340.0,2026-06-19 03:57:09.412565,2026-06-19 03:59:50.201815,0 days 00:02:40.789250,1.5,0.03,1.0,3.0,0.05,1.9,2.2,-41.95360943424255,-41.95360943424255,372.03756108544536,-13.445068195537786,389.9494148948896,-1340.0,0.0,4.466785613906433,16.0,COMPLETE
297,-1340.0,2026-06-19 03:57:11.473018,2026-06-19 03:59:52.392610,0 days 00:02:40.919592,1.5,0.03,1.0,3.0,0.05,1.9,2.2,-41.95360943424255,-41.95360943424255,372.03756108544536,-13.445068195537786,389.9494148948896,-1340.0,0.0,4.466785613906433,16.0,COMPLETE
298,-1340.0,2026-06-19 03:57:43.516730,2026-06-19 04:00:25.850577,0 days 00:02:42.333847,1.5,0.03,1.0,3.0,0.05,1.9,2.2,-41.95360943424255,-41.95360943424255,372.03756108544536,-13.445068195537786,389.9494148948896,-1340.0,0.0,4.466785613906433,16.0,COMPLETE
299,-1340.0,2026-06-19 03:58:21.850010,2026-06-19 04:01:04.437787,0 days 00:02:42.587777,1.5,0.03,1.0,3.0,0.05,1.9,2.2,-41.95360943424255,-41.95360943424255,372.03756108544536,-13.445068195537786,389.9494148948896,-1340.0,0.0,4.466785613906433,16.0,COMPLETE
300,-1340.0,2026-06-19 03:58:41.403570,2026-06-19 04:01:23.790302,0 days 00:02:42.386732,1.5,0.03,1.0,3.0,0.05,1.9,2.2,-41.95360943424255,-41.95360943424255,372.03756108544536,-13.445068195537786,389.9494148948896,-1340.0,0.0,4.466785613906433,16.0,COMPLETE
301,-1340.0,2026-06-19 03:58:56.073434,2026-06-19 04:01:39.510725,0 days 00:02:43.437291,1.5,0.03,1.0,3.0,0.05,1.9,2.2,-41.95360943424255,-41.95360943424255,372.03756108544536,-13.445068195537786,389.9494148948896,-1340.0,0.0,4.466785613906433,16.0,COMPLETE
