number,value,datetime_start,datetime_complete,duration,params_MAX_POSITION_PCT,params_MAX_RISK_PCT,params_MR_MIN_RR,params_MR_STOP_MULT,params_RISK_TIER_EQUITY_PCT,params_TP_MIN_RR,params_TP_STOP_MULT,user_attrs_BTC_PnL,user_attrs_MB_PnL,user_attrs_MR_PnL,user_attrs_QQQ_PnL,user_attrs_SPY_PnL,user_attrs_Score,user_attrs_TF_PnL,user_attrs_TP_PnL,user_attrs_Total_Trades,state
1574,-2.4266312302903628,2026-06-19 11:10:57.939873,2026-06-19 11:13:42.636993,0 days 00:02:44.697120,1.0,0.05,1.0,2.9000000000000004,0.02,1.8,2.4000000000000004,-42.866721052689634,-42.866721052689634,240.7465147329338,151.24115890904184,275.5548897947177,-2.4266312302903628,0.0,186.04953397082582,73.0,COMPLETE
1575,-5.78468463225307,2026-06-19 11:11:23.214222,2026-06-19 11:14:07.711031,0 days 00:02:44.496809,1.5,0.05,1.0,2.9000000000000004,0.02,1.8,2.4000000000000004,-41.95360943424255,-41.95360943424255,357.4890541665054,224.48086359302442,411.87894062651594,-5.78468463225307,0.0,278.8707500530348,73.0,COMPLETE
1576,-2.4266312302903628,2026-06-19 11:11:24.227585,2026-06-19 11:14:09.139736,0 days 00:02:44.912151,1.0,0.05,1.0,2.9000000000000004,0.02,1.8,2.4000000000000004,-42.866721052689634,-42.866721052689634,240.7465147329338,151.24115890904184,275.5548897947177,-2.4266312302903628,0.0,186.04953397082582,73.0,COMPLETE
1577,-2.4266312302903628,2026-06-19 11:11:25.450083,2026-06-19 11:14:07.444500,0 days 00:02:41.994417,1.0,0.05,1.0,2.9000000000000004,0.04,1.8,2.4000000000000004,-42.866721052689634,-42.866721052689634,240.7465147329338,151.24115890904184,275.5548897947177,-2.4266312302903628,0.0,186.04953397082582,73.0,COMPLETE
1578,-2.4266312302903628,2026-06-19 11:11:51.135487,2026-06-19 11:14:35.708509,0 days 00:02:44.573022,1.0,0.05,1.0,2.9000000000000004,0.04,1.8,2.4000000000000004,-42.866721052689634,-42.866721052689634,240.7465147329338,151.24115890904184,275.5548897947177,-2.4266312302903628,0.0,186.04953397082582,73.0,COMPLETE
1579,-5.733707491292984,2026-06-19 11:12:13.811609,2026-06-19 11:14:57.964466,0 days 00:02:44.152857,1.5,0.05,1.0,3.0,0.04,1.8,2.4000000000000004,-41.95360943424255,-41.95360943424255,372.03756108544536,240.61634773132857,410.2919634071518,-5.733707491292984,0.0,278.8707500530348,72.0,COMPLETE
1580,-6.163195467662209,2026-06-19 11:12:49.787647,2026-06-19 11:15:31.698531,0 days 00:02:41.910884,1.5,0.05,1.0,3.0,0.04,1.8,2.5,-41.95360943424255,-41.95360943424255,372.03756108544536,217.60882031191068,409.14448636675263,-6.163195467662209,0.0,254.71574559321772,69.0,COMPLETE
1581,-1340.0,2026-06-19 11:13:01.880643,2026-06-19 11:15:44.133021,0 days 00:02:42.252378,1.5,0.05,1.0,3.0,0.04,1.3,2.4000000000000004,-41.95360943424255,-41.95360943424255,372.03756108544536,-63.54561496378734,389.9494148948896,-1340.0,0.0,-45.63376115434312,16.0,COMPLETE
1582,-5.733707491292984,2026-06-19 11:13:42.669144,2026-06-19 11:16:27.224751,0 days 00:02:44.555607,1.5,0.05,1.0,3.0,0.04,1.8,2.4000000000000004,-41.95360943424255,-41.95360943424255,372.03756108544536,240.61634773132857,410.2919634071518,-5.733707491292984,0.0,278.8707500530348,72.0,COMPLETE
1583,-6.163195467662209,2026-06-19 11:14:07.475208,2026-06-19 11:16:50.644429,0 days 00:02:43.169221,1.5,0.05,1.0,3.0,0.02,1.8,2.5,-41.95360943424255,-41.95360943424255,372.03756108544536,217.60882031191068,409.14448636675263,-6.163195467662209,0.0,254.71574559321772,69.0,COMPLETE
1584,-9.384034235865261,2026-06-19 11:14:07.746347,2026-06-19 11:16:54.387390,0 days 00:02:46.641043,1.0,0.05,1.0,3.0,0.02,1.8,2.5,-42.866721052689634,-42.866721052689634,255.40406384265498,121.79047818432022,273.1246761685282,-9.384034235865261,0.0,139.51109051019347,58.0,COMPLETE
1585,-9.384034235865261,2026-06-19 11:14:09.180547,2026-06-19 11:16:54.830034,0 days 00:02:45.649487,1.0,0.05,1.0,3.0,0.02,1.8,2.5,-42.866721052689634,-42.866721052689634,255.40406384265498,121.79047818432022,273.1246761685282,-9.384034235865261,0.0,139.51109051019347,58.0,COMPLETE
1586,-1340.0,2026-06-19 11:14:35.741811,2026-06-19 11:17:23.990854,0 days 00:02:48.249043,1.5,0.05,1.0,3.0,0.02,1.8,1.7000000000000002,-41.95360943424255,-41.95360943424255,372.03756108544536,-63.54561496378734,389.9494148948896,-1340.0,0.0,-45.63376115434312,16.0,COMPLETE
1587,-9.384034235865261,2026-06-19 11:14:57.994828,2026-06-19 11:17:46.978699,0 days 00:02:48.983871,1.0,0.05,1.0,3.0,0.02,1.8,2.5,-42.866721052689634,-42.866721052689634,255.40406384265498,121.79047818432022,273.1246761685282,-9.384034235865261,0.0,139.51109051019347,58.0,COMPLETE
1588,-19.010591539504286,2026-06-19 11:15:31.731372,2026-06-19 11:18:17.880306,0 days 00:02:46.148934,1.0,0.04,1.0,1.6,0.02,1.8,2.5,-42.866721052689634,-42.866721052689634,-170.6849118348236,108.02945802597547,-139.20327935060558,-19.010591539504286,0.0,139.51109051019347,62.0,COMPLETE
1589,-9.384034235865261,2026-06-19 11:15:44.165303,2026-06-19 11:18:30.802942,0 days 00:02:46.637639,1.0,0.04,1.0,3.0,0.02,1.8,2.5,-42.866721052689634,-42.866721052689634,255.40406384265498,121.79047818432022,273.1246761685282,-9.384034235865261,0.0,139.51109051019347,58.0,COMPLETE
1590,-1340.0,2026-06-19 11:16:27.266997,2026-06-19 11:19:13.425987,0 days 00:02:46.158990,1.0,0.04,1.0,3.0,0.02,1.1,2.5,-42.866721052689634,-42.866721052689634,255.40406384265498,-46.89282285183566,264.9269113109146,-1340.0,0.0,-37.36997538357597,16.0,COMPLETE
1591,-9.384034235865261,2026-06-19 11:16:50.680950,2026-06-19 11:19:34.637312,0 days 00:02:43.956362,1.0,0.05,1.0,3.0,0.02,1.8,2.5,-42.866721052689634,-42.866721052689634,255.40406384265498,121.79047818432022,273.1246761685282,-9.384034235865261,0.0,139.51109051019347,58.0,COMPLETE
1592,-9.384034235865261,2026-06-19 11:16:54.427664,2026-06-19 11:19:41.027288,0 days 00:02:46.599624,1.0,0.04,1.0,3.0,0.02,1.8,2.5,-42.866721052689634,-42.866721052689634,255.40406384265498,121.79047818432022,273.1246761685282,-9.384034235865261,0.0,139.51109051019347,58.0,COMPLETE
1593,-9.384034235865261,2026-06-19 11:16:54.873210,2026-06-19 11:19:41.131006,0 days 00:02:46.257796,1.0,0.04,1.0,3.0,0.02,1.8,2.5,-42.866721052689634,-42.866721052689634,255.40406384265498,121.79047818432022,273.1246761685282,-9.384034235865261,0.0,139.51109051019347,58.0,COMPLETE
1594,-9.384034235865261,2026-06-19 11:17:24.028954,2026-06-19 11:20:07.813849,0 days 00:02:43.784895,1.0,0.04,1.0,3.0,0.02,1.8,2.5,-42.866721052689634,-42.866721052689634,255.40406384265498,121.79047818432022,273.1246761685282,-9.384034235865261,0.0,139.51109051019347,58.0,COMPLETE
1595,-9.384034235865261,2026-06-19 11:17:47.024833,2026-06-19 11:20:30.187630,0 days 00:02:43.162797,1.0,0.04,1.0,3.0,0.02,1.8,2.5,-42.866721052689634,-42.866721052689634,255.40406384265498,121.79047818432022,273.1246761685282,-9.384034235865261,0.0,139.51109051019347,58.0,COMPLETE
1596,-2.3146479038941097,2026-06-19 11:18:17.926226,2026-06-19 11:20:59.259518,0 days 00:02:41.333292,1.0,0.05,1.0,3.0,0.02,1.8,2.4000000000000004,-42.866721052689634,-42.866721052689634,255.40406384265498,166.76734790688081,274.6862499065998,-2.3146479038941097,0.0,186.04953397082582,72.0,COMPLETE
1597,-1340.0,2026-06-19 11:18:30.842096,2026-06-19 11:21:12.951256,0 days 00:02:42.109160,1.0,0.05,1.0,3.0,0.02,1.5,2.4000000000000004,-42.866721052689634,-42.866721052689634,255.40406384265498,1.2492409410701484,260.9888502962893,-1340.0,0.0,6.834027394704542,16.0,COMPLETE
1598,-5.95356963635198,2026-06-19 11:19:13.466115,2026-06-19 11:21:56.375342,0 days 00:02:42.909227,1.0,0.05,1.0,1.0,0.02,1.8,2.4000000000000004,-42.866721052689634,-42.866721052689634,-92.37901492091228,140.3496139460105,-46.6790948960971,-5.95356963635198,0.0,186.04953397082582,74.0,COMPLETE
1599,-2.3146479038941097,2026-06-19 11:19:34.686083,2026-06-19 11:22:15.775093,0 days 00:02:41.089010,1.0,0.01,1.0,3.0,0.02,1.8,2.4000000000000004,-42.866721052689634,-42.866721052689634,255.40406384265498,166.76734790688081,274.6862499065998,-2.3146479038941097,0.0,186.04953397082582,72.0,COMPLETE
1600,-2.3146479038941097,2026-06-19 11:19:41.162796,2026-06-19 11:22:26.171557,0 days 00:02:45.008761,1.0,0.01,1.0,3.0,0.02,1.8,2.4000000000000004,-42.866721052689634,-42.866721052689634,255.40406384265498,166.76734790688081,274.6862499065998,-2.3146479038941097,0.0,186.04953397082582,72.0,COMPLETE
1601,-2.3146479038941097,2026-06-19 11:19:41.180686,2026-06-19 11:22:25.262734,0 days 00:02:44.082048,1.0,0.01,1.0,3.0,0.02,1.8,2.4000000000000004,-42.866721052689634,-42.866721052689634,255.40406384265498,166.76734790688081,274.6862499065998,-2.3146479038941097,0.0,186.04953397082582,72.0,COMPLETE
1602,-2.3146479038941097,2026-06-19 11:20:07.860080,2026-06-19 11:22:50.914891,0 days 00:02:43.054811,1.0,0.01,1.0,3.0,0.02,1.8,2.4000000000000004,-42.866721052689634,-42.866721052689634,255.40406384265498,166.76734790688081,274.6862499065998,-2.3146479038941097,0.0,186.04953397082582,72.0,COMPLETE
1603,-5.95356963635198,2026-06-19 11:20:30.217755,2026-06-19 11:23:12.725574,0 days 00:02:42.507819,1.0,0.01,1.0,1.0,0.02,1.8,2.4000000000000004,-42.866721052689634,-42.866721052689634,-92.37901492091228,140.3496139460105,-46.6790948960971,-5.95356963635198,0.0,186.04953397082582,74.0,COMPLETE
1604,-4.31241598525185,2026-06-19 11:20:59.291070,2026-06-19 11:23:40.928360,0 days 00:02:41.637290,1.0,0.01,1.0,2.8,0.02,1.8,2.4000000000000004,-42.866721052689634,-42.866721052689634,124.80316200709275,124.63399825215936,186.2186977257592,-4.31241598525185,0.0,186.04953397082582,73.0,COMPLETE
1605,-4.31241598525185,2026-06-19 11:21:12.989198,2026-06-19 11:23:55.121018,0 days 00:02:42.131820,1.0,0.01,1.0,2.8,0.02,1.8,2.4000000000000004,-42.866721052689634,-42.866721052689634,124.80316200709275,124.63399825215936,186.2186977257592,-4.31241598525185,0.0,186.04953397082582,73.0,COMPLETE
1606,-2.4266312302903628,2026-06-19 11:21:56.408585,2026-06-19 11:24:41.089917,0 days 00:02:44.681332,1.0,0.01,1.0,2.9000000000000004,0.02,1.8,2.4000000000000004,-42.866721052689634,-42.866721052689634,240.7465147329338,151.24115890904184,275.5548897947177,-2.4266312302903628,0.0,186.04953397082582,73.0,COMPLETE
1607,-2.4266312302903628,2026-06-19 11:22:15.807148,2026-06-19 11:24:57.367470,0 days 00:02:41.560322,1.0,0.05,1.0,2.9000000000000004,0.02,1.8,2.4000000000000004,-42.866721052689634,-42.866721052689634,240.7465147329338,151.24115890904184,275.5548897947177,-2.4266312302903628,0.0,186.04953397082582,73.0,COMPLETE
1608,-2.4266312302903628,2026-06-19 11:22:25.292573,2026-06-19 11:25:09.374139,0 days 00:02:44.081566,1.0,0.05,1.0,2.9000000000000004,0.02,1.8,2.4000000000000004,-42.866721052689634,-42.866721052689634,240.7465147329338,151.24115890904184,275.5548897947177,-2.4266312302903628,0.0,186.04953397082582,73.0,COMPLETE
1609,-1330.0,2026-06-19 11:22:26.203226,2026-06-19 11:25:11.049139,0 days 00:02:44.845913,1.0,0.05,1.0,2.9000000000000004,0.02,1.8,2.3,-42.866721052689634,-42.866721052689634,240.7465147329338,-18.133118375535766,261.8574901844072,-1330.0,0.0,2.97785707593762,17.0,COMPLETE
1610,-1330.0,2026-06-19 11:22:50.951379,2026-06-19 11:25:35.210997,0 days 00:02:44.259618,1.0,0.05,1.0,2.9000000000000004,0.02,1.8,2.3,-42.866721052689634,-42.866721052689634,240.7465147329338,-18.133118375535766,261.8574901844072,-1330.0,0.0,2.97785707593762,17.0,COMPLETE
1611,-1330.0,2026-06-19 11:23:12.757887,2026-06-19 11:25:56.040534,0 days 00:02:43.282647,1.0,0.05,1.0,2.9000000000000004,0.02,1.8,2.3,-42.866721052689634,-42.866721052689634,240.7465147329338,-18.133118375535766,261.8574901844072,-1330.0,0.0,2.97785707593762,17.0,COMPLETE
1612,-1330.0,2026-06-19 11:23:40.965061,2026-06-19 11:26:21.887271,0 days 00:02:40.922210,1.0,0.05,1.0,2.9000000000000004,0.02,1.8,2.3,-42.866721052689634,-42.866721052689634,240.7465147329338,-18.133118375535766,261.8574901844072,-1330.0,0.0,2.97785707593762,17.0,COMPLETE
1613,-1330.0,2026-06-19 11:23:55.159888,2026-06-19 11:26:38.020285,0 days 00:02:42.860397,1.0,0.05,1.0,2.9000000000000004,0.02,1.6,2.3,-42.866721052689634,-42.866721052689634,240.7465147329338,-14.276948056768845,261.8574901844072,-1330.0,0.0,6.834027394704542,17.0,COMPLETE
1614,-1330.0,2026-06-19 11:24:41.119797,2026-06-19 11:27:25.397860,0 days 00:02:44.278063,1.0,0.05,1.0,2.9000000000000004,0.02,1.8,2.3,-42.866721052689634,-42.866721052689634,240.7465147329338,-18.133118375535766,261.8574901844072,-1330.0,0.0,2.97785707593762,17.0,COMPLETE
1615,-1330.0,2026-06-19 11:24:57.407023,2026-06-19 11:27:39.119780,0 days 00:02:41.712757,1.0,0.05,1.0,2.9000000000000004,0.02,1.7000000000000002,2.3,-42.866721052689634,-42.866721052689634,240.7465147329338,-18.133118375535766,261.8574901844072,-1330.0,0.0,2.97785707593762,17.0,COMPLETE
1616,-1330.0,2026-06-19 11:25:09.406196,2026-06-19 11:27:54.033685,0 days 00:02:44.627489,1.0,0.05,1.0,2.9000000000000004,0.02,1.7000000000000002,2.3,-42.866721052689634,-42.866721052689634,240.7465147329338,-18.133118375535766,261.8574901844072,-1330.0,0.0,2.97785707593762,17.0,COMPLETE
1617,-1330.0,2026-06-19 11:25:11.077796,2026-06-19 11:27:54.599977,0 days 00:02:43.522181,1.0,0.05,1.0,2.9000000000000004,0.02,1.7000000000000002,2.3,-42.866721052689634,-42.866721052689634,240.7465147329338,-18.133118375535766,261.8574901844072,-1330.0,0.0,2.97785707593762,17.0,COMPLETE
1618,-1340.0,2026-06-19 11:25:35.244478,2026-06-19 11:28:19.480197,0 days 00:02:44.235719,1.0,0.05,1.0,3.0,0.02,1.7000000000000002,2.3,-42.866721052689634,-42.866721052689634,255.40406384265498,-2.6069293776967726,260.9888502962893,-1340.0,0.0,2.97785707593762,16.0,COMPLETE
1619,-1340.0,2026-06-19 11:25:56.078322,2026-06-19 11:28:40.152636,0 days 00:02:44.074314,1.0,0.05,1.0,3.0,0.01,1.7000000000000002,2.3,-42.866721052689634,-42.866721052689634,255.40406384265498,-2.6069293776967726,260.9888502962893,-1340.0,0.0,2.97785707593762,16.0,COMPLETE
1620,-1340.0,2026-06-19 11:26:21.924385,2026-06-19 11:29:04.019286,0 days 00:02:42.094901,1.0,0.05,1.0,3.0,0.01,1.7000000000000002,2.3,-42.866721052689634,-42.866721052689634,255.40406384265498,-2.6069293776967726,260.9888502962893,-1340.0,0.0,2.97785707593762,16.0,COMPLETE
1621,-1340.0,2026-06-19 11:26:38.055255,2026-06-19 11:29:20.580755,0 days 00:02:42.525500,1.0,0.05,1.0,3.0,0.01,1.7000000000000002,2.4000000000000004,-42.866721052689634,-42.866721052689634,255.40406384265498,-2.6069293776967726,260.9888502962893,-1340.0,0.0,2.97785707593762,16.0,COMPLETE
1622,-1340.0,2026-06-19 11:27:25.437003,2026-06-19 11:30:09.323826,0 days 00:02:43.886823,1.0,0.05,1.0,3.0,0.02,1.7000000000000002,2.4000000000000004,-42.866721052689634,-42.866721052689634,255.40406384265498,-2.6069293776967726,260.9888502962893,-1340.0,0.0,2.97785707593762,16.0,COMPLETE
1623,-1310.0,2026-06-19 11:27:39.150657,2026-06-19 11:30:19.292474,0 days 00:02:40.141817,0.5,0.05,0.5,3.0,0.01,1.7000000000000002,2.4000000000000004,-21.433360526344817,-21.433360526344817,-125.83684741985655,-65.15968252809766,-59.188236353790096,-1310.0,0.0,1.48892853796881,19.0,COMPLETE
1624,-1230.0,2026-06-19 11:27:54.067554,2026-06-19 11:30:37.264998,0 days 00:02:43.197444,0.5,0.05,1.0,3.0,0.01,1.8,2.4000000000000004,-21.433360526344817,-21.433360526344817,127.70203192132749,34.87086745635371,133.07342482141868,-1230.0,0.0,40.242260356444916,27.0,COMPLETE
1625,-26.288150552516907,2026-06-19 11:27:54.638658,2026-06-19 11:30:38.615181,0 days 00:02:43.976523,1.0,0.05,0.5,3.0,0.01,1.8,2.4000000000000004,-42.866721052689634,-42.866721052689634,-241.51331870734734,34.73657032365156,-90.20035506017318,-26.288150552516907,0.0,186.04953397082582,75.0,COMPLETE
1626,-1230.0,2026-06-19 11:28:19.515599,2026-06-19 11:31:02.617785,0 days 00:02:43.102186,0.5,0.05,1.0,3.0,0.01,1.8,2.4000000000000004,-21.433360526344817,-21.433360526344817,127.70203192132749,34.87086745635371,133.07342482141868,-1230.0,0.0,40.242260356444916,27.0,COMPLETE
1627,-1230.0,2026-06-19 11:28:40.189107,2026-06-19 11:31:22.547455,0 days 00:02:42.358348,0.5,0.05,1.0,3.0,0.02,1.8,2.4000000000000004,-21.433360526344817,-21.433360526344817,127.70203192132749,34.87086745635371,133.07342482141868,-1230.0,0.0,40.242260356444916,27.0,COMPLETE
1628,-1230.0,2026-06-19 11:29:04.052792,2026-06-19 11:31:44.987654,0 days 00:02:40.934862,0.5,0.05,1.0,3.0,0.02,1.8,2.4000000000000004,-21.433360526344817,-21.433360526344817,127.70203192132749,34.87086745635371,133.07342482141868,-1230.0,0.0,40.242260356444916,27.0,COMPLETE
1629,-1230.0,2026-06-19 11:29:20.614999,2026-06-19 11:32:02.633992,0 days 00:02:42.018993,0.5,0.05,1.0,3.0,0.02,1.8,2.4000000000000004,-21.433360526344817,-21.433360526344817,127.70203192132749,34.87086745635371,133.07342482141868,-1230.0,0.0,40.242260356444916,27.0,COMPLETE
1630,-2.3146479038941097,2026-06-19 11:30:09.356062,2026-06-19 11:32:53.084915,0 days 00:02:43.728853,1.0,0.05,1.0,3.0,0.02,1.8,2.4000000000000004,-42.866721052689634,-42.866721052689634,255.40406384265498,166.76734790688081,274.6862499065998,-2.3146479038941097,0.0,186.04953397082582,72.0,COMPLETE
1631,-2.3146479038941097,2026-06-19 11:30:19.327896,2026-06-19 11:32:59.506300,0 days 00:02:40.178404,1.0,0.05,1.0,3.0,0.02,1.8,2.4000000000000004,-42.866721052689634,-42.866721052689634,255.40406384265498,166.76734790688081,274.6862499065998,-2.3146479038941097,0.0,186.04953397082582,72.0,COMPLETE
1632,-2.3146479038941097,2026-06-19 11:30:37.296650,2026-06-19 11:33:20.622577,0 days 00:02:43.325927,1.0,0.05,1.0,3.0,0.02,1.8,2.4000000000000004,-42.866721052689634,-42.866721052689634,255.40406384265498,166.76734790688081,274.6862499065998,-2.3146479038941097,0.0,186.04953397082582,72.0,COMPLETE
1633,-2.3146479038941097,2026-06-19 11:30:38.649581,2026-06-19 11:33:21.614077,0 days 00:02:42.964496,1.0,0.05,1.0,3.0,0.02,1.8,2.4000000000000004,-42.866721052689634,-42.866721052689634,255.40406384265498,166.76734790688081,274.6862499065998,-2.3146479038941097,0.0,186.04953397082582,72.0,COMPLETE
1634,-9.384034235865261,2026-06-19 11:31:02.652680,2026-06-19 11:33:45.478446,0 days 00:02:42.825766,1.0,0.05,1.0,3.0,0.02,1.8,2.5,-42.866721052689634,-42.866721052689634,255.40406384265498,121.79047818432022,273.1246761685282,-9.384034235865261,0.0,139.51109051019347,58.0,COMPLETE
1635,-9.384034235865261,2026-06-19 11:31:22.582657,2026-06-19 11:34:05.567284,0 days 00:02:42.984627,1.0,0.05,1.0,3.0,0.02,1.8,2.5,-42.866721052689634,-42.866721052689634,255.40406384265498,121.79047818432022,273.1246761685282,-9.384034235865261,0.0,139.51109051019347,58.0,COMPLETE
1636,-31.3814611037731,2026-06-19 11:31:45.016960,2026-06-19 11:34:26.041574,0 days 00:02:41.024614,1.0,0.05,0.3,3.0,0.02,1.8,2.5,-42.866721052689634,-42.866721052689634,-241.51331870734734,-10.240299398908949,-91.76192879824488,-31.3814611037731,0.0,139.51109051019347,61.0,COMPLETE
1637,-9.384034235865261,2026-06-19 11:32:02.663830,2026-06-19 11:34:45.409133,0 days 00:02:42.745303,1.0,0.05,1.0,3.0,0.02,1.8,2.5,-42.866721052689634,-42.866721052689634,255.40406384265498,121.79047818432022,273.1246761685282,-9.384034235865261,0.0,139.51109051019347,58.0,COMPLETE
1638,-9.384034235865261,2026-06-19 11:32:53.120243,2026-06-19 11:35:36.787790,0 days 00:02:43.667547,1.0,0.05,1.0,3.0,0.02,1.8,2.5,-42.866721052689634,-42.866721052689634,255.40406384265498,121.79047818432022,273.1246761685282,-9.384034235865261,0.0,139.51109051019347,58.0,COMPLETE
1639,-9.384034235865261,2026-06-19 11:32:59.537068,2026-06-19 11:35:40.995943,0 days 00:02:41.458875,1.0,0.05,1.0,3.0,0.02,1.8,2.5,-42.866721052689634,-42.866721052689634,255.40406384265498,121.79047818432022,273.1246761685282,-9.384034235865261,0.0,139.51109051019347,58.0,COMPLETE
1640,-9.384034235865261,2026-06-19 11:33:20.660350,2026-06-19 11:36:04.950261,0 days 00:02:44.289911,1.0,0.05,1.0,3.0,0.02,1.8,2.5,-42.866721052689634,-42.866721052689634,255.40406384265498,121.79047818432022,273.1246761685282,-9.384034235865261,0.0,139.51109051019347,58.0,COMPLETE
1641,-9.384034235865261,2026-06-19 11:33:21.654172,2026-06-19 11:36:06.091851,0 days 00:02:44.437679,1.0,0.05,1.0,3.0,0.02,1.8,2.5,-42.866721052689634,-42.866721052689634,255.40406384265498,121.79047818432022,273.1246761685282,-9.384034235865261,0.0,139.51109051019347,58.0,COMPLETE
1642,-31.3814611037731,2026-06-19 11:33:45.517380,2026-06-19 11:36:29.443054,0 days 00:02:43.925674,1.0,0.05,0.3,3.0,0.02,1.8,2.5,-42.866721052689634,-42.866721052689634,-241.51331870734734,-10.240299398908949,-91.76192879824488,-31.3814611037731,0.0,139.51109051019347,61.0,COMPLETE
1643,-1310.0,2026-06-19 11:34:05.600635,2026-06-19 11:36:48.306098,0 days 00:02:42.705463,1.0,0.05,0.3,3.0,0.02,1.8,1.0,-42.866721052689634,-42.866721052689634,-241.51331870734734,-128.10365555964432,-99.68505627235191,-1310.0,0.0,13.724606875351114,19.0,COMPLETE
1644,-2.7751854300199237,2026-06-19 11:34:26.129365,2026-06-19 11:37:06.857872,0 days 00:02:40.728507,1.0,0.05,1.0,2.9000000000000004,0.02,1.8,2.6,-42.866721052689634,-42.866721052689634,240.7465147329338,121.39614178452587,288.05931107054,-2.7751854300199237,0.0,168.70893812213208,67.0,COMPLETE
1645,-4.127986521055246,2026-06-19 11:34:45.443373,2026-06-19 11:37:27.125693,0 days 00:02:41.682320,1.0,0.05,0.9000000000000001,2.9000000000000004,0.02,1.8,2.6,-42.866721052689634,-42.866721052689634,156.0444341221424,110.31517012548235,214.43820211879202,-4.127986521055246,0.0,168.70893812213208,68.0,COMPLETE
1646,-2.4266312302903628,2026-06-19 11:35:36.819805,2026-06-19 11:38:23.882850,0 days 00:02:47.063045,1.0,0.01,1.0,2.9000000000000004,0.03,1.8,2.4000000000000004,-42.866721052689634,-42.866721052689634,240.7465147329338,151.24115890904184,275.5548897947177,-2.4266312302903628,0.0,186.04953397082582,73.0,COMPLETE
1647,-2.4266312302903628,2026-06-19 11:35:41.033796,2026-06-19 11:38:24.332579,0 days 00:02:43.298783,1.0,0.01,1.0,2.9000000000000004,0.03,1.8,2.4000000000000004,-42.866721052689634,-42.866721052689634,240.7465147329338,151.24115890904184,275.5548897947177,-2.4266312302903628,0.0,186.04953397082582,73.0,COMPLETE
