number,value,datetime_start,datetime_complete,duration,params_MR_BB_PERIOD,params_MR_BB_STD,params_MR_RSI_OVERBOUGHT,params_MR_RSI_OVERSOLD,params_MR_RSI_PERIOD,params_MR_VOL_SPIKE_MULT,params_MR_VWAP_DEV_PCT,params_TP_BB_PERIOD,params_TP_BB_STD,params_TP_RSI_PERIOD,user_attrs_MB_PnL,user_attrs_MR_PnL,user_attrs_QQQ_PnL,user_attrs_SPY_PnL,user_attrs_Score,user_attrs_TF_PnL,user_attrs_TP_PnL,user_attrs_Total_Trades,state
981,30.382589501971108,2026-07-22 10:00:43.659127,2026-07-22 10:04:28.134597,0 days 00:03:44.475470,10,1.5,61.0,31.0,5,0.1,0.001,11,2.7,5,0.0,-102.27325450845763,-59.99556476989329,-31.758848376251734,30.382589501971108,0.0,10.51884136231263,435.0,COMPLETE
982,15.177020116945036,2026-07-22 10:00:58.865014,2026-07-22 10:04:39.433076,0 days 00:03:40.568062,10,1.5,61.0,31.0,6,0.1,0.007,11,2.7,5,0.0,-11.515782516907077,-19.95465345908407,-14.436955428931935,15.177020116945036,0.0,-22.875826371108896,218.0,COMPLETE
983,30.382589501971108,2026-07-22 10:01:03.016839,2026-07-22 10:04:51.738586,0 days 00:03:48.721747,10,1.5,61.0,31.0,5,0.1,0.001,11,2.7,5,0.0,-102.27325450845763,-59.99556476989329,-31.758848376251734,30.382589501971108,0.0,10.51884136231263,435.0,COMPLETE
984,29.692392459886356,2026-07-22 10:01:11.384550,2026-07-22 10:05:04.274372,0 days 00:03:52.889822,10,1.5,61.0,31.0,6,0.1,0.001,11,2.7,5,0.0,-109.18691373555302,-61.69025480396168,-38.91858342125764,29.692392459886356,0.0,8.578075510333676,431.0,COMPLETE
985,29.692392459886356,2026-07-22 10:01:35.451351,2026-07-22 10:05:25.334645,0 days 00:03:49.883294,10,1.5,61.0,31.0,6,0.1,0.001,11,2.7,5,0.0,-109.18691373555302,-61.69025480396168,-38.91858342125764,29.692392459886356,0.0,8.578075510333676,431.0,COMPLETE
986,29.692392459886356,2026-07-22 10:02:48.402007,2026-07-22 10:06:39.526642,0 days 00:03:51.124635,10,1.5,61.0,31.0,6,0.1,0.001,11,2.7,5,0.0,-109.18691373555302,-61.69025480396168,-38.91858342125764,29.692392459886356,0.0,8.578075510333676,431.0,COMPLETE
987,29.783447557521672,2026-07-22 10:02:50.061708,2026-07-22 10:06:40.924831,0 days 00:03:50.863123,10,1.5,60.0,31.0,6,0.1,0.001,11,2.8,5,0.0,-105.19498505021465,-57.626845183744486,-38.990064356136486,29.783447557521672,0.0,8.578075510333676,430.0,COMPLETE
988,29.783447557521672,2026-07-22 10:03:52.182280,2026-07-22 10:07:43.495620,0 days 00:03:51.313340,10,1.5,60.0,31.0,6,0.1,0.001,11,2.7,5,0.0,-105.19498505021465,-57.626845183744486,-38.990064356136486,29.783447557521672,0.0,8.578075510333676,430.0,COMPLETE
989,29.692392459886356,2026-07-22 10:04:03.532584,2026-07-22 10:07:54.500653,0 days 00:03:50.968069,10,1.5,61.0,31.0,6,0.1,0.001,11,2.7,5,0.0,-109.18691373555302,-61.69025480396168,-38.91858342125764,29.692392459886356,0.0,8.578075510333676,431.0,COMPLETE
990,29.692392459886356,2026-07-22 10:04:28.206552,2026-07-22 10:08:14.379674,0 days 00:03:46.173122,10,1.5,61.0,31.0,6,0.1,0.001,11,2.7,5,0.0,-109.18691373555302,-61.69025480396168,-38.91858342125764,29.692392459886356,0.0,8.578075510333676,431.0,COMPLETE
991,29.692392459886356,2026-07-22 10:04:30.026644,2026-07-22 10:08:21.748615,0 days 00:03:51.721971,10,1.5,61.0,31.0,6,0.1,0.001,11,2.7,5,0.0,-109.18691373555302,-61.69025480396168,-38.91858342125764,29.692392459886356,0.0,8.578075510333676,431.0,COMPLETE
992,24.55818134225157,2026-07-22 10:04:39.506289,2026-07-22 10:08:27.341686,0 days 00:03:47.835397,10,1.5,74.0,31.0,6,0.0,0.001,11,2.7,5,0.0,-57.64292163609223,-69.47504369032788,-13.912078529277691,24.55818134225157,0.0,-25.7442005835134,357.0,COMPLETE
993,24.856894242623174,2026-07-22 10:04:51.801110,2026-07-22 10:08:35.298764,0 days 00:03:43.497654,10,1.6,61.0,31.0,6,0.0,0.001,11,2.7,5,0.0,-66.32113621083143,-63.14780671284875,-15.95738479907907,24.856894242623174,0.0,-12.78405530109647,360.0,COMPLETE
994,24.15457995622329,2026-07-22 10:05:04.354409,2026-07-22 10:08:52.001581,0 days 00:03:47.647172,12,1.6,61.0,31.0,6,0.0,0.001,11,2.7,5,0.0,-69.66406497272241,-72.6898384682163,-14.329437705165123,24.15457995622329,0.0,-17.355211200659088,355.0,COMPLETE
995,24.15457995622329,2026-07-22 10:05:25.407391,2026-07-22 10:09:11.621651,0 days 00:03:46.214260,12,1.6,61.0,31.0,6,0.0,0.001,11,2.7,5,0.0,-69.66406497272241,-72.6898384682163,-14.329437705165123,24.15457995622329,0.0,-17.355211200659088,355.0,COMPLETE
996,19.921188601924023,2026-07-22 10:06:39.607531,2026-07-22 10:10:23.692470,0 days 00:03:44.084939,12,1.6,61.0,31.0,14,0.0,0.001,11,2.7,5,0.0,-65.57678402927661,-62.09047168994261,-20.955225232175096,19.921188601924023,0.0,-17.46891289284113,298.0,COMPLETE
997,24.268651235111673,2026-07-22 10:06:41.007130,2026-07-22 10:10:27.323321,0 days 00:03:46.316191,12,1.6,61.0,31.0,5,0.0,0.001,11,2.7,5,0.0,-72.29501235294812,-72.99019848790206,-17.208502706325078,24.268651235111673,0.0,-17.903688841279102,358.0,COMPLETE
998,24.268651235111673,2026-07-22 10:07:43.569314,2026-07-22 10:11:31.994890,0 days 00:03:48.425576,12,1.6,61.0,31.0,5,0.0,0.001,11,2.7,5,0.0,-72.29501235294812,-72.99019848790206,-17.208502706325078,24.268651235111673,0.0,-17.903688841279102,358.0,COMPLETE
999,24.268651235111673,2026-07-22 10:07:54.555841,2026-07-22 10:11:41.596876,0 days 00:03:47.041035,12,1.6,61.0,31.0,5,0.0,0.001,11,2.7,5,0.0,-72.29501235294812,-72.99019848790206,-17.208502706325078,24.268651235111673,0.0,-17.903688841279102,358.0,COMPLETE
1000,24.268651235111673,2026-07-22 10:08:14.454794,2026-07-22 10:11:55.707603,0 days 00:03:41.252809,12,1.6,61.0,31.0,5,0.0,0.001,11,2.7,5,0.0,-72.29501235294812,-72.99019848790206,-17.208502706325078,24.268651235111673,0.0,-17.903688841279102,358.0,COMPLETE
1001,28.120934266308048,2026-07-22 10:08:21.809626,2026-07-22 10:12:11.611048,0 days 00:03:49.801422,12,1.6,61.0,31.0,5,0.1,0.001,12,2.7,5,0.0,-90.92708811549736,-67.22499758996639,-29.862178988674128,28.120934266308048,0.0,-6.160088463143204,410.0,COMPLETE
1002,24.268651235111673,2026-07-22 10:08:27.416012,2026-07-22 10:12:15.118821,0 days 00:03:47.702809,12,1.6,61.0,31.0,5,0.0,0.001,12,2.7,5,0.0,-72.29501235294812,-72.99019848790206,-17.208502706325078,24.268651235111673,0.0,-17.903688841279102,358.0,COMPLETE
1003,24.268651235111673,2026-07-22 10:08:35.368828,2026-07-22 10:12:19.061936,0 days 00:03:43.693108,12,1.6,61.0,31.0,5,0.0,0.001,12,2.7,5,0.0,-72.29501235294812,-72.99019848790206,-17.208502706325078,24.268651235111673,0.0,-17.903688841279102,358.0,COMPLETE
1004,24.268651235111673,2026-07-22 10:08:52.066170,2026-07-22 10:12:40.662887,0 days 00:03:48.596717,12,1.6,61.0,31.0,5,0.0,0.001,12,2.7,5,0.0,-72.29501235294812,-72.99019848790206,-17.208502706325078,24.268651235111673,0.0,-17.903688841279102,358.0,COMPLETE
1005,24.268651235111673,2026-07-22 10:09:11.695799,2026-07-22 10:12:59.364646,0 days 00:03:47.668847,12,1.6,61.0,31.0,5,0.0,0.001,12,2.7,5,0.0,-72.29501235294812,-72.99019848790206,-17.208502706325078,24.268651235111673,0.0,-17.903688841279102,358.0,COMPLETE
1006,26.02519501312791,2026-07-22 10:10:23.749251,2026-07-22 10:14:13.396726,0 days 00:03:49.647475,11,1.5,61.0,31.0,5,0.0,0.001,11,2.7,5,0.0,-65.85112376625828,-54.145356022534955,-22.693544601459003,26.02519501312791,0.0,-10.987776857735673,374.0,COMPLETE
1007,27.567928536727077,2026-07-22 10:10:27.384146,2026-07-22 10:14:18.087612,0 days 00:03:50.703466,11,1.5,61.0,32.0,5,0.1,0.001,27,2.7,5,0.0,-83.3474002320265,-61.16343141419757,-34.58978134385266,27.567928536727077,0.0,-12.405812526023682,402.0,COMPLETE
1008,29.34914831944746,2026-07-22 10:11:32.053375,2026-07-22 10:15:23.629899,0 days 00:03:51.576524,11,1.5,61.0,32.0,5,0.1,0.001,12,2.6,6,0.0,-81.54069883666433,-53.772310480452326,-29.510464397323197,29.34914831944746,0.0,-1.7420760411111547,419.0,COMPLETE
1009,29.34914831944746,2026-07-22 10:11:41.665516,2026-07-22 10:15:32.866047,0 days 00:03:51.200531,11,1.5,61.0,32.0,5,0.1,0.001,12,2.6,6,0.0,-81.54069883666433,-53.772310480452326,-29.510464397323197,29.34914831944746,0.0,-1.7420760411111547,419.0,COMPLETE
1010,30.18986698465951,2026-07-22 10:11:55.768732,2026-07-22 10:15:40.098494,0 days 00:03:44.329762,10,1.5,61.0,32.0,5,0.1,0.001,12,2.8,6,0.0,-93.59085073738905,-61.27478700801345,-23.111583709779,30.18986698465951,0.0,9.204480019596609,429.0,COMPLETE
1011,30.18986698465951,2026-07-22 10:12:11.677460,2026-07-22 10:16:03.768364,0 days 00:03:52.090904,10,1.5,61.0,32.0,5,0.1,0.001,11,2.8,6,0.0,-93.59085073738905,-61.27478700801345,-23.111583709779,30.18986698465951,0.0,9.204480019596609,429.0,COMPLETE
1012,30.18986698465951,2026-07-22 10:12:15.178514,2026-07-22 10:16:07.370072,0 days 00:03:52.191558,10,1.5,61.0,32.0,5,0.1,0.001,12,2.8,6,0.0,-93.59085073738905,-61.27478700801345,-23.111583709779,30.18986698465951,0.0,9.204480019596609,429.0,COMPLETE
1013,30.18986698465951,2026-07-22 10:12:19.118726,2026-07-22 10:16:05.699517,0 days 00:03:46.580791,10,1.5,61.0,32.0,5,0.1,0.001,12,2.6,6,0.0,-93.59085073738905,-61.27478700801345,-23.111583709779,30.18986698465951,0.0,9.204480019596609,429.0,COMPLETE
1014,30.18986698465951,2026-07-22 10:12:40.720617,2026-07-22 10:16:32.765780,0 days 00:03:52.045163,10,1.5,61.0,32.0,5,0.1,0.001,11,2.6,6,0.0,-93.59085073738905,-61.27478700801345,-23.111583709779,30.18986698465951,0.0,9.204480019596609,429.0,COMPLETE
1015,30.287611223411414,2026-07-22 10:12:59.434954,2026-07-22 10:16:49.473332,0 days 00:03:50.038378,10,1.5,61.0,32.0,5,0.1,0.001,10,2.6,6,0.0,-93.59085073738905,-61.27478700801345,-19.01023277491078,30.287611223411414,0.0,13.305830954464824,428.0,COMPLETE
1016,30.287611223411414,2026-07-22 10:14:13.456425,2026-07-22 10:18:04.328154,0 days 00:03:50.871729,10,1.5,61.0,32.0,5,0.1,0.001,10,2.6,6,0.0,-93.59085073738905,-61.27478700801345,-19.01023277491078,30.287611223411414,0.0,13.305830954464824,428.0,COMPLETE
1017,30.287611223411414,2026-07-22 10:14:18.144795,2026-07-22 10:18:07.828506,0 days 00:03:49.683711,10,1.5,61.0,32.0,5,0.1,0.001,10,2.8,6,0.0,-93.59085073738905,-61.27478700801345,-19.01023277491078,30.287611223411414,0.0,13.305830954464824,428.0,COMPLETE
1018,30.287611223411414,2026-07-22 10:15:23.699462,2026-07-22 10:19:16.771393,0 days 00:03:53.071931,10,1.5,61.0,32.0,5,0.1,0.001,10,2.7,6,0.0,-93.59085073738905,-61.27478700801345,-19.01023277491078,30.287611223411414,0.0,13.305830954464824,428.0,COMPLETE
1019,30.287611223411414,2026-07-22 10:15:32.938132,2026-07-22 10:19:25.685777,0 days 00:03:52.747645,10,1.5,61.0,32.0,5,0.1,0.001,10,2.8,6,0.0,-93.59085073738905,-61.27478700801345,-19.01023277491078,30.287611223411414,0.0,13.305830954464824,428.0,COMPLETE
1020,21.372421283515862,2026-07-22 10:15:40.161393,2026-07-22 10:19:18.039271,0 days 00:03:37.877878,10,1.5,61.0,32.0,5,0.1,0.004,12,2.8,6,0.0,-49.549599289872944,-35.74595613378511,-29.740408788608004,21.372421283515862,0.0,-15.936765632520185,308.0,COMPLETE
1021,30.18986698465951,2026-07-22 10:16:03.826754,2026-07-22 10:19:56.529258,0 days 00:03:52.702504,10,1.5,61.0,32.0,5,0.1,0.001,12,2.8,6,0.0,-93.59085073738905,-61.27478700801345,-23.111583709779,30.18986698465951,0.0,9.204480019596609,429.0,COMPLETE
1022,29.832791363234367,2026-07-22 10:16:05.764000,2026-07-22 10:19:54.191075,0 days 00:03:48.427075,10,1.5,61.0,33.0,5,0.1,0.001,12,2.8,6,0.0,-92.47931625303545,-63.93679216899151,-23.320494707085114,29.832791363234367,0.0,5.222029376958863,426.0,COMPLETE
1023,26.3583583788641,2026-07-22 10:16:07.424613,2026-07-22 10:19:57.746910,0 days 00:03:50.322297,10,1.5,61.0,32.0,5,0.0,0.001,12,2.8,6,0.0,-66.86876727258024,-70.00334545763968,-13.060781335474227,26.3583583788641,0.0,-16.195359520533778,380.0,COMPLETE
1024,25.654396607325037,2026-07-22 10:16:32.834072,2026-07-22 10:20:20.455925,0 days 00:03:47.621853,10,1.5,61.0,33.0,5,0.0,0.001,12,2.6,7,0.0,-71.63719956542205,-76.89133568101516,-11.55785293041092,25.654396607325037,0.0,-16.811989046004122,374.0,COMPLETE
1025,26.247028766388112,2026-07-22 10:16:49.545551,2026-07-22 10:20:38.278987,0 days 00:03:48.733436,10,1.5,61.0,33.0,5,0.0,0.001,12,2.6,6,0.0,-68.6828526539801,-73.28531204713386,-13.060781335474227,26.247028766388112,0.0,-17.66324072862809,380.0,COMPLETE
1026,25.022901919043743,2026-07-22 10:18:04.388816,2026-07-22 10:21:52.293313,0 days 00:03:47.904497,11,1.5,61.0,33.0,5,0.0,0.001,12,2.6,7,0.0,-61.001285654459224,-63.234294754348525,-12.124604270538612,25.022901919043743,0.0,-14.357613370427957,360.0,COMPLETE
1027,25.73061766343234,2026-07-22 10:18:07.896850,2026-07-22 10:21:54.638408,0 days 00:03:46.741558,11,1.5,61.0,33.0,5,0.0,0.001,12,2.6,6,0.0,-56.97501346759687,-58.17169250597349,-13.62753267560191,25.73061766343234,0.0,-14.824211713978576,367.0,COMPLETE
1028,25.022901919043743,2026-07-22 10:19:16.848047,2026-07-22 10:23:06.417914,0 days 00:03:49.569867,11,1.5,61.0,33.0,5,0.0,0.001,12,2.6,7,0.0,-61.001285654459224,-63.234294754348525,-12.124604270538612,25.022901919043743,0.0,-14.357613370427957,360.0,COMPLETE
1029,16.980341855969986,2026-07-22 10:19:18.111107,2026-07-22 10:22:52.912053,0 days 00:03:34.800946,11,1.5,61.0,33.0,5,0.0,0.005,12,2.6,6,0.0,-31.143453132727146,-33.76653145015982,-27.06997621435339,16.980341855969986,0.0,-29.693054531786,250.0,COMPLETE
1030,25.022901919043743,2026-07-22 10:19:25.752428,2026-07-22 10:23:14.356729,0 days 00:03:48.604301,11,1.5,61.0,33.0,5,0.0,0.001,12,2.6,7,0.0,-61.001285654459224,-63.234294754348525,-12.124604270538612,25.022901919043743,0.0,-14.357613370427957,360.0,COMPLETE
1031,25.022901919043743,2026-07-22 10:19:54.254944,2026-07-22 10:23:39.280248,0 days 00:03:45.025304,11,1.5,61.0,33.0,5,0.0,0.001,12,2.6,7,0.0,-61.001285654459224,-63.234294754348525,-12.124604270538612,25.022901919043743,0.0,-14.357613370427957,360.0,COMPLETE
1032,25.73061766343234,2026-07-22 10:19:56.619986,2026-07-22 10:23:46.836207,0 days 00:03:50.216221,11,1.5,61.0,33.0,5,0.0,0.001,12,2.6,6,0.0,-56.97501346759687,-58.17169250597349,-13.62753267560191,25.73061766343234,0.0,-14.824211713978576,367.0,COMPLETE
1033,25.73061766343234,2026-07-22 10:19:57.815051,2026-07-22 10:23:46.520749,0 days 00:03:48.705698,11,1.5,61.0,33.0,5,0.0,0.001,12,2.6,6,0.0,-56.97501346759687,-58.17169250597349,-13.62753267560191,25.73061766343234,0.0,-14.824211713978576,367.0,COMPLETE
1034,25.022901919043743,2026-07-22 10:20:20.525156,2026-07-22 10:24:09.955238,0 days 00:03:49.430082,11,1.5,61.0,33.0,5,0.0,0.001,12,2.6,7,0.0,-61.001285654459224,-63.234294754348525,-12.124604270538612,25.022901919043743,0.0,-14.357613370427957,360.0,COMPLETE
1035,25.022901919043743,2026-07-22 10:20:38.350407,2026-07-22 10:24:25.593615,0 days 00:03:47.243208,11,1.5,61.0,33.0,5,0.0,0.001,12,2.6,7,0.0,-61.001285654459224,-63.234294754348525,-12.124604270538612,25.022901919043743,0.0,-14.357613370427957,360.0,COMPLETE
1036,25.022901919043743,2026-07-22 10:21:52.364288,2026-07-22 10:25:41.478004,0 days 00:03:49.113716,11,1.5,61.0,33.0,5,0.0,0.001,12,2.5,7,0.0,-61.001285654459224,-63.234294754348525,-12.124604270538612,25.022901919043743,0.0,-14.357613370427957,360.0,COMPLETE
1037,25.022901919043743,2026-07-22 10:21:54.701689,2026-07-22 10:25:42.256738,0 days 00:03:47.555049,11,1.5,61.0,33.0,5,0.0,0.001,12,2.5,7,0.0,-61.001285654459224,-63.234294754348525,-12.124604270538612,25.022901919043743,0.0,-14.357613370427957,360.0,COMPLETE
1038,23.021435101686123,2026-07-22 10:22:52.986223,2026-07-22 10:26:38.610445,0 days 00:03:45.624222,26,1.5,61.0,32.0,5,0.0,0.001,12,2.5,7,0.0,-112.87052575529212,-87.6070589466594,-57.86633249526051,23.021435101686123,0.0,-32.602865686627894,369.0,COMPLETE
1039,25.050919074572523,2026-07-22 10:23:06.486859,2026-07-22 10:26:55.446113,0 days 00:03:48.959254,11,1.5,61.0,32.0,5,0.0,0.001,12,2.5,7,0.0,-59.83516662135964,-62.06817572124894,-12.124604270538612,25.050919074572523,0.0,-14.357613370427957,360.0,COMPLETE
1040,25.758972515922228,2026-07-22 10:23:14.425267,2026-07-22 10:27:03.205700,0 days 00:03:48.780433,11,1.5,61.0,32.0,5,0.0,0.001,12,2.5,6,0.0,-55.80889443449728,-57.005573472873905,-13.62753267560191,25.758972515922228,0.0,-14.824211713978576,367.0,COMPLETE
1041,10.436678314766247,2026-07-22 10:23:39.344160,2026-07-22 10:27:14.490833,0 days 00:03:35.146673,10,1.5,61.0,32.0,6,0.0,0.01,12,2.5,7,0.0,-11.90390412422865,-21.925449020251644,-17.358933439579054,10.436678314766247,0.0,-27.380478335602003,158.0,COMPLETE
1042,25.56857502343032,2026-07-22 10:23:46.581640,2026-07-22 10:27:36.988617,0 days 00:03:50.406977,10,1.5,60.0,32.0,6,0.1,0.002,12,2.8,7,0.0,-100.54541756602342,-61.952315960871104,-41.784754862767876,25.56857502343032,0.0,-3.191653257615619,381.0,COMPLETE
1043,25.56857502343032,2026-07-22 10:23:46.926530,2026-07-22 10:27:35.636753,0 days 00:03:48.710223,10,1.5,60.0,32.0,6,0.1,0.002,12,2.5,7,0.0,-100.54541756602342,-61.952315960871104,-41.784754862767876,25.56857502343032,0.0,-3.191653257615619,381.0,COMPLETE
1044,25.56857502343032,2026-07-22 10:24:10.016181,2026-07-22 10:27:58.568410,0 days 00:03:48.552229,10,1.5,60.0,32.0,6,0.1,0.002,11,2.8,7,0.0,-100.54541756602342,-61.952315960871104,-41.784754862767876,25.56857502343032,0.0,-3.191653257615619,381.0,COMPLETE
1045,25.56857502343032,2026-07-22 10:24:25.659492,2026-07-22 10:28:12.364487,0 days 00:03:46.704995,10,1.5,60.0,32.0,6,0.1,0.002,11,2.5,7,0.0,-100.54541756602342,-61.952315960871104,-41.784754862767876,25.56857502343032,0.0,-3.191653257615619,381.0,COMPLETE
1046,26.058093425332267,2026-07-22 10:25:41.550000,2026-07-22 10:29:30.193046,0 days 00:03:48.643046,10,1.5,60.0,32.0,6,0.1,0.002,11,2.8,6,0.0,-97.14642906774233,-54.047700585798836,-40.94913039242072,26.058093425332267,0.0,2.1495980895227538,383.0,COMPLETE
1047,24.111371273915793,2026-07-22 10:25:42.325101,2026-07-22 10:29:28.953984,0 days 00:03:46.628883,10,1.5,60.0,32.0,6,0.1,0.002,29,2.8,6,0.0,-100.95967360044122,-67.57669186939499,-42.58472774799117,24.111371273915793,0.0,-9.201746016945007,366.0,COMPLETE
1048,24.912417041447934,2026-07-22 10:26:38.669265,2026-07-22 10:30:20.837616,0 days 00:03:42.168351,10,1.6,60.0,32.0,6,0.1,0.002,11,2.8,6,0.0,-78.24941582326049,-40.53759389332566,-33.35679941260772,24.912417041447934,0.0,4.355022517327095,360.0,COMPLETE
1049,24.715532966128244,2026-07-22 10:26:55.508387,2026-07-22 10:30:41.887052,0 days 00:03:46.378665,10,1.6,60.0,32.0,6,0.1,0.002,11,2.8,7,0.0,-80.89261049993392,-45.98143903234343,-34.19242388295488,24.715532966128244,0.0,0.7187475846355933,360.0,COMPLETE
1050,24.715532966128244,2026-07-22 10:27:03.272880,2026-07-22 10:30:48.316013,0 days 00:03:45.043133,10,1.6,60.0,32.0,6,0.1,0.002,11,2.8,7,0.0,-80.89261049993392,-45.98143903234343,-34.19242388295488,24.715532966128244,0.0,0.7187475846355933,360.0,COMPLETE
1051,24.142364846705178,2026-07-22 10:27:14.556788,2026-07-22 10:30:59.503906,0 days 00:03:44.947118,19,1.6,60.0,32.0,6,0.1,0.002,11,2.8,6,0.0,-83.84297063771254,-73.9068423345916,-34.51578716341977,24.142364846705178,0.0,-24.57965886029881,364.0,COMPLETE
1052,28.346199555833028,2026-07-22 10:27:35.697214,2026-07-22 10:31:25.389906,0 days 00:03:49.692692,10,1.6,60.0,32.0,6,0.1,0.001,11,2.8,6,0.0,-72.59166618730698,-44.29331200694545,-20.998785890187786,28.346199555833028,0.0,7.299568290173813,396.0,COMPLETE
1053,25.320207595190578,2026-07-22 10:27:37.071153,2026-07-22 10:31:24.891486,0 days 00:03:47.820333,10,1.6,60.0,32.0,6,0.1,0.001,37,2.8,6,0.0,-74.6642616839833,-56.08983650859062,-24.97600186901265,25.320207595190578,0.0,-6.401576693619936,366.0,COMPLETE
1054,28.84022761072523,2026-07-22 10:27:58.630431,2026-07-22 10:31:47.924717,0 days 00:03:49.294286,10,1.6,60.0,32.0,5,0.1,0.001,11,2.8,6,0.0,-74.3713848073861,-46.47085350459535,-18.73285943774842,28.84022761072523,0.0,9.167671865042397,403.0,COMPLETE
1055,28.84022761072523,2026-07-22 10:28:12.437326,2026-07-22 10:32:00.923687,0 days 00:03:48.486361,10,1.6,62.0,32.0,5,0.1,0.001,11,2.8,6,0.0,-74.3713848073861,-46.47085350459535,-18.73285943774842,28.84022761072523,0.0,9.167671865042397,403.0,COMPLETE
1056,28.84022761072523,2026-07-22 10:29:29.013659,2026-07-22 10:33:17.308403,0 days 00:03:48.294744,10,1.6,62.0,32.0,5,0.1,0.001,11,2.8,6,0.0,-74.3713848073861,-46.47085350459535,-18.73285943774842,28.84022761072523,0.0,9.167671865042397,403.0,COMPLETE
1057,28.93962018605451,2026-07-22 10:29:30.261924,2026-07-22 10:33:18.030554,0 days 00:03:47.768630,10,1.6,62.0,32.0,5,0.1,0.001,10,2.8,6,0.0,-74.3713848073861,-46.47085350459535,-14.6315085028802,28.93962018605451,0.0,13.269022799910609,402.0,COMPLETE
1058,28.93962018605451,2026-07-22 10:30:20.894134,2026-07-22 10:34:04.385677,0 days 00:03:43.491543,10,1.6,62.0,32.0,5,0.1,0.001,10,2.8,6,0.0,-74.3713848073861,-46.47085350459535,-14.6315085028802,28.93962018605451,0.0,13.269022799910609,402.0,COMPLETE
1059,23.941358585557463,2026-07-22 10:30:41.968236,2026-07-22 10:34:27.778820,0 days 00:03:45.810584,10,1.6,62.0,32.0,11,0.1,0.001,10,2.8,6,0.0,-56.886235598228424,-47.60066429180688,-11.407777488345017,23.941358585557463,0.0,-2.122206181923506,338.0,COMPLETE
1060,28.93962018605451,2026-07-22 10:30:48.370638,2026-07-22 10:34:37.161997,0 days 00:03:48.791359,10,1.6,62.0,32.0,5,0.1,0.001,10,2.8,6,0.0,-74.3713848073861,-46.47085350459535,-14.6315085028802,28.93962018605451,0.0,13.269022799910609,402.0,COMPLETE
1061,30.287611223411414,2026-07-22 10:30:59.572091,2026-07-22 10:34:47.691519,0 days 00:03:48.119428,10,1.5,62.0,32.0,5,0.1,0.001,10,2.8,6,0.0,-93.59085073738905,-61.27478700801345,-19.01023277491078,30.287611223411414,0.0,13.305830954464824,428.0,COMPLETE
1062,30.287611223411414,2026-07-22 10:31:24.956359,2026-07-22 10:35:17.183407,0 days 00:03:52.227048,10,1.5,62.0,32.0,5,0.1,0.001,10,2.8,6,0.0,-93.59085073738905,-61.27478700801345,-19.01023277491078,30.287611223411414,0.0,13.305830954464824,428.0,COMPLETE
1063,30.287611223411414,2026-07-22 10:31:25.452831,2026-07-22 10:35:18.021225,0 days 00:03:52.568394,10,1.5,62.0,32.0,5,0.1,0.001,10,2.8,6,0.0,-93.59085073738905,-61.27478700801345,-19.01023277491078,30.287611223411414,0.0,13.305830954464824,428.0,COMPLETE
