number,value,datetime_start,datetime_complete,duration,params_MR_BB_PERIOD,params_MR_BB_STD,params_MR_RSI_OVERBOUGHT,params_MR_RSI_OVERSOLD,params_MR_RSI_PERIOD,params_MR_VOL_SPIKE_MULT,params_MR_VWAP_DEV_PCT,params_TP_BB_PERIOD,params_TP_BB_STD,params_TP_RSI_PERIOD,user_attrs_MB_PnL,user_attrs_MR_PnL,user_attrs_QQQ_PnL,user_attrs_SPY_PnL,user_attrs_Score,user_attrs_TF_PnL,user_attrs_TP_PnL,user_attrs_Total_Trades,state
407,29.987066940443732,2026-07-22 06:22:17.213844,2026-07-22 06:26:12.644004,0 days 00:03:55.430160,10,1.5,63.0,29.0,5,0.2,0.001,11,3.0,5,0.0,-110.57143138370157,-65.96925911744216,-35.114239353122116,29.987066940443732,0.0,9.487932913137241,435.0,COMPLETE
408,29.987066940443732,2026-07-22 06:22:20.149213,2026-07-22 06:26:16.465410,0 days 00:03:56.316197,10,1.5,63.0,29.0,5,0.2,0.001,11,3.0,5,0.0,-110.57143138370157,-65.96925911744216,-35.114239353122116,29.987066940443732,0.0,9.487932913137241,435.0,COMPLETE
409,29.987066940443732,2026-07-22 06:22:24.595805,2026-07-22 06:26:19.825766,0 days 00:03:55.229961,10,1.5,63.0,29.0,5,0.2,0.001,13,3.0,5,0.0,-110.57143138370157,-65.96925911744216,-35.114239353122116,29.987066940443732,0.0,9.487932913137241,435.0,COMPLETE
410,29.987066940443732,2026-07-22 06:22:26.837606,2026-07-22 06:26:19.499066,0 days 00:03:52.661460,10,1.5,63.0,29.0,5,0.2,0.001,11,3.0,5,0.0,-110.57143138370157,-65.96925911744216,-35.114239353122116,29.987066940443732,0.0,9.487932913137241,435.0,COMPLETE
411,29.642401895237533,2026-07-22 06:23:10.477942,2026-07-22 06:26:58.802377,0 days 00:03:48.324435,10,1.5,63.0,29.0,5,0.2,0.001,12,3.0,6,0.0,-102.34676818666563,-67.24848135556233,-28.840229444122922,29.642401895237533,0.0,6.25805738698036,428.0,COMPLETE
412,29.987066940443732,2026-07-22 06:24:45.046765,2026-07-22 06:28:33.444869,0 days 00:03:48.398104,10,1.5,63.0,29.0,5,0.2,0.001,11,3.0,5,0.0,-110.57143138370157,-65.96925911744216,-35.114239353122116,29.987066940443732,0.0,9.487932913137241,435.0,COMPLETE
413,29.642401895237533,2026-07-22 06:25:17.604970,2026-07-22 06:29:03.781172,0 days 00:03:46.176202,10,1.5,62.0,29.0,5,0.2,0.001,12,3.0,6,0.0,-102.34676818666563,-67.24848135556233,-28.840229444122922,29.642401895237533,0.0,6.25805738698036,428.0,COMPLETE
414,29.740889554946616,2026-07-22 06:25:22.557549,2026-07-22 06:29:16.278392,0 days 00:03:53.720843,10,1.5,62.0,29.0,5,0.2,0.001,10,3.0,6,0.0,-102.34676818666563,-67.24848135556233,-24.738878509254707,29.740889554946616,0.0,10.359408321848575,427.0,COMPLETE
415,29.642401895237533,2026-07-22 06:25:42.828007,2026-07-22 06:29:39.560427,0 days 00:03:56.732420,10,1.5,62.0,29.0,5,0.2,0.001,11,3.0,6,0.0,-102.34676818666563,-67.24848135556233,-28.840229444122922,29.642401895237533,0.0,6.25805738698036,428.0,COMPLETE
416,29.642401895237533,2026-07-22 06:25:57.241245,2026-07-22 06:29:51.767954,0 days 00:03:54.526709,10,1.5,63.0,29.0,5,0.2,0.001,11,3.0,6,0.0,-102.34676818666563,-67.24848135556233,-28.840229444122922,29.642401895237533,0.0,6.25805738698036,428.0,COMPLETE
417,29.924673130764905,2026-07-22 06:26:12.707764,2026-07-22 06:30:06.815874,0 days 00:03:54.108110,10,1.5,62.0,29.0,5,0.1,0.001,11,3.0,6,0.0,-95.78294037732385,-60.196158617186484,-29.328724373157083,29.924673130764905,0.0,6.25805738698036,428.0,COMPLETE
418,29.924673130764905,2026-07-22 06:26:16.518944,2026-07-22 06:30:09.420249,0 days 00:03:52.901305,10,1.5,62.0,29.0,5,0.1,0.001,11,3.0,6,0.0,-95.78294037732385,-60.196158617186484,-29.328724373157083,29.924673130764905,0.0,6.25805738698036,428.0,COMPLETE
419,29.924673130764905,2026-07-22 06:26:19.563628,2026-07-22 06:30:11.578240,0 days 00:03:52.014612,10,1.5,62.0,29.0,5,0.1,0.001,11,3.0,6,0.0,-95.78294037732385,-60.196158617186484,-29.328724373157083,29.924673130764905,0.0,6.25805738698036,428.0,COMPLETE
420,29.215544993736202,2026-07-22 06:26:19.923837,2026-07-22 06:30:12.853853,0 days 00:03:52.930016,10,1.5,62.0,28.0,5,0.1,0.001,11,3.0,6,0.0,-101.80976205618717,-58.7664051166358,-36.48420186251668,29.215544993736202,0.0,6.5591550770347045,422.0,COMPLETE
421,29.215544993736202,2026-07-22 06:26:58.871880,2026-07-22 06:30:48.251159,0 days 00:03:49.379279,10,1.5,62.0,28.0,5,0.1,0.001,11,3.0,6,0.0,-101.80976205618717,-58.7664051166358,-36.48420186251668,29.215544993736202,0.0,6.5591550770347045,422.0,COMPLETE
422,29.215544993736202,2026-07-22 06:28:33.494133,2026-07-22 06:32:25.232773,0 days 00:03:51.738640,10,1.5,62.0,28.0,5,0.1,0.001,11,3.0,6,0.0,-101.80976205618717,-58.7664051166358,-36.48420186251668,29.215544993736202,0.0,6.5591550770347045,422.0,COMPLETE
423,29.215544993736202,2026-07-22 06:29:03.831454,2026-07-22 06:32:50.599265,0 days 00:03:46.767811,10,1.5,63.0,28.0,5,0.1,0.001,11,3.0,6,0.0,-101.80976205618717,-58.7664051166358,-36.48420186251668,29.215544993736202,0.0,6.5591550770347045,422.0,COMPLETE
424,29.924673130764905,2026-07-22 06:29:16.337973,2026-07-22 06:33:07.600989,0 days 00:03:51.263016,10,1.5,62.0,29.0,5,0.1,0.001,11,3.0,6,0.0,-95.78294037732385,-60.196158617186484,-29.328724373157083,29.924673130764905,0.0,6.25805738698036,428.0,COMPLETE
425,29.215544993736202,2026-07-22 06:29:39.616864,2026-07-22 06:33:33.131466,0 days 00:03:53.514602,10,1.5,63.0,28.0,5,0.1,0.001,11,3.0,6,0.0,-101.80976205618717,-58.7664051166358,-36.48420186251668,29.215544993736202,0.0,6.5591550770347045,422.0,COMPLETE
426,29.31495025904809,2026-07-22 06:29:51.829233,2026-07-22 06:33:44.480121,0 days 00:03:52.650888,10,1.5,62.0,28.0,5,0.1,0.001,10,3.0,6,0.0,-101.80976205618717,-58.7664051166358,-32.382850927648484,29.31495025904809,0.0,10.66050601190292,421.0,COMPLETE
427,21.356014579156277,2026-07-22 06:30:06.879116,2026-07-22 06:33:51.446079,0 days 00:03:44.566963,10,1.5,62.0,28.0,5,0.1,0.004,10,3.0,6,0.0,-49.75101725936544,-34.31620263323443,-26.95277053676678,21.356014579156277,0.0,-11.517955910635793,306.0,COMPLETE
428,27.47686627036814,2026-07-22 06:30:09.487546,2026-07-22 06:34:01.255923,0 days 00:03:51.768377,10,1.5,63.0,28.0,6,0.1,0.001,10,3.0,6,0.0,-102.93994565454844,-57.79025110684076,-35.63029855196288,27.47686627036814,0.0,9.519395995744796,399.0,COMPLETE
429,27.49553196161353,2026-07-22 06:30:11.636542,2026-07-22 06:34:03.445664,0 days 00:03:51.809122,10,1.5,62.0,28.0,6,0.1,0.001,10,3.0,6,0.0,-104.37807246795086,-59.22837792024318,-35.63029855196288,27.49553196161353,0.0,9.519395995744796,400.0,COMPLETE
430,27.47686627036814,2026-07-22 06:30:12.916019,2026-07-22 06:34:03.469326,0 days 00:03:50.553307,10,1.5,63.0,28.0,6,0.1,0.001,10,3.0,6,0.0,-102.93994565454844,-57.79025110684076,-35.63029855196288,27.47686627036814,0.0,9.519395995744796,399.0,COMPLETE
431,27.47686627036814,2026-07-22 06:30:48.299086,2026-07-22 06:34:34.793277,0 days 00:03:46.494191,10,1.5,63.0,28.0,6,0.1,0.001,10,3.0,6,0.0,-102.93994565454844,-57.79025110684076,-35.63029855196288,27.47686627036814,0.0,9.519395995744796,399.0,COMPLETE
432,24.127257889595985,2026-07-22 06:32:25.285475,2026-07-22 06:36:12.910358,0 days 00:03:47.624883,11,1.5,63.0,28.0,6,0.0,0.001,10,3.0,6,0.0,-66.67811282843782,-53.13226179976787,-24.520626973325903,24.127257889595985,0.0,-10.974775944656002,349.0,COMPLETE
433,28.07073596978029,2026-07-22 06:32:50.647489,2026-07-22 06:36:36.071470,0 days 00:03:45.423981,11,1.5,63.0,29.0,6,0.1,0.001,10,3.0,6,0.0,-99.35183042540255,-52.0584673566452,-45.69015587643988,28.07073596978029,0.0,1.6032071923174687,409.0,COMPLETE
434,23.691545479078155,2026-07-22 06:33:07.651035,2026-07-22 06:36:57.304606,0 days 00:03:49.653571,11,1.5,63.0,29.0,6,0.0,0.001,10,3.0,7,0.0,-75.67886436789563,-60.34236434397376,-26.406033761383107,23.691545479078155,0.0,-11.069533737461349,349.0,COMPLETE
435,23.691545479078155,2026-07-22 06:33:33.190208,2026-07-22 06:37:23.113265,0 days 00:03:49.923057,11,1.5,63.0,29.0,6,0.0,0.001,10,3.0,7,0.0,-75.67886436789563,-60.34236434397376,-26.406033761383107,23.691545479078155,0.0,-11.069533737461349,349.0,COMPLETE
436,24.412314336700483,2026-07-22 06:33:44.535760,2026-07-22 06:37:34.060871,0 days 00:03:49.525111,11,1.5,63.0,29.0,6,0.0,0.001,12,3.0,6,0.0,-71.64919613686139,-55.276366051426855,-31.44895696495864,24.412314336700483,0.0,-15.076126879524217,357.0,COMPLETE
437,23.629530601360756,2026-07-22 06:33:51.498596,2026-07-22 06:37:40.509964,0 days 00:03:49.011368,11,1.5,63.0,29.0,6,0.0,0.001,12,3.0,7,0.0,-75.67886436789563,-60.34236434397376,-30.507384696251307,23.629530601360756,0.0,-15.170884672329565,350.0,COMPLETE
438,27.470183810921068,2026-07-22 06:34:01.301925,2026-07-22 06:37:52.473147,0 days 00:03:51.171222,11,1.5,63.0,29.0,6,0.1,0.001,12,3.0,7,0.0,-101.91947513377427,-58.45210278638622,-49.67945065503816,27.470183810921068,0.0,-6.212078307650092,407.0,COMPLETE
439,27.991503552496674,2026-07-22 06:34:03.544478,2026-07-22 06:37:55.418729,0 days 00:03:51.874251,11,1.5,63.0,29.0,6,0.1,0.001,12,3.0,6,0.0,-99.35183042540255,-52.0584673566452,-49.79150681130809,27.991503552496674,0.0,-2.498143742550747,410.0,COMPLETE
440,24.412314336700483,2026-07-22 06:34:03.566879,2026-07-22 06:37:53.527951,0 days 00:03:49.961072,11,1.5,63.0,29.0,6,0.0,0.001,12,3.0,6,0.0,-71.64919613686139,-55.276366051426855,-31.44895696495864,24.412314336700483,0.0,-15.076126879524217,357.0,COMPLETE
441,24.87837207462844,2026-07-22 06:34:34.842894,2026-07-22 06:38:20.138344,0 days 00:03:45.295450,11,1.5,63.0,29.0,5,0.0,0.001,12,3.0,7,0.0,-59.49759157274992,-62.06817572124894,-12.921962393893754,24.87837207462844,0.0,-15.492546542392814,358.0,COMPLETE
442,24.87837207462844,2026-07-22 06:36:12.957777,2026-07-22 06:40:00.412428,0 days 00:03:47.454651,11,1.5,63.0,29.0,5,0.0,0.001,12,3.0,7,0.0,-59.49759157274992,-62.06817572124894,-12.921962393893754,24.87837207462844,0.0,-15.492546542392814,358.0,COMPLETE
443,24.87837207462844,2026-07-22 06:36:36.130173,2026-07-22 06:40:17.696490,0 days 00:03:41.566317,11,1.5,61.0,29.0,5,0.0,0.001,12,3.0,7,0.0,-59.49759157274992,-62.06817572124894,-12.921962393893754,24.87837207462844,0.0,-15.492546542392814,358.0,COMPLETE
444,28.713653494400262,2026-07-22 06:36:57.366055,2026-07-22 06:40:49.860214,0 days 00:03:52.494159,11,1.5,61.0,29.0,5,0.2,0.001,12,3.0,7,0.0,-90.76337432013379,-65.34100022606327,-33.42809606354819,28.713653494400262,0.0,-8.00572196947772,418.0,COMPLETE
445,29.304336515571975,2026-07-22 06:37:23.167289,2026-07-22 06:41:17.829797,0 days 00:03:54.662508,11,1.5,61.0,29.0,5,0.2,0.001,12,3.0,6,0.0,-88.19572961176205,-58.94736479632227,-34.101508356174115,29.304336515571975,0.0,-4.853143540734343,422.0,COMPLETE
446,28.714411529017685,2026-07-22 06:37:34.122800,2026-07-22 06:41:27.190094,0 days 00:03:53.067294,11,1.5,62.0,29.0,5,0.2,0.001,12,3.0,7,0.0,-90.72961160821124,-65.30723751414072,-33.42809606354819,28.714411529017685,0.0,-8.00572196947772,418.0,COMPLETE
447,17.04438344752994,2026-07-22 06:37:40.563550,2026-07-22 06:41:22.244576,0 days 00:03:41.681026,11,2.1,61.0,29.0,5,0.2,0.001,12,3.0,6,0.0,-80.53590162049784,-37.80537611321509,-58.52266895226092,17.04438344752994,0.0,-15.792143444978183,270.0,COMPLETE
448,29.304336515571975,2026-07-22 06:37:52.531797,2026-07-22 06:41:46.188011,0 days 00:03:53.656214,11,1.5,61.0,29.0,5,0.2,0.001,12,2.2,6,0.0,-88.19572961176205,-58.94736479632227,-34.101508356174115,29.304336515571975,0.0,-4.853143540734343,422.0,COMPLETE
449,29.642401895237533,2026-07-22 06:37:53.581679,2026-07-22 06:41:46.769732,0 days 00:03:53.188053,10,1.5,61.0,29.0,5,0.2,0.001,12,2.2,6,0.0,-102.34676818666563,-67.24848135556233,-28.840229444122922,29.642401895237533,0.0,6.25805738698036,428.0,COMPLETE
450,29.642401895237533,2026-07-22 06:37:55.476911,2026-07-22 06:41:48.079914,0 days 00:03:52.603003,10,1.5,61.0,29.0,5,0.2,0.001,11,3.0,6,0.0,-102.34676818666563,-67.24848135556233,-28.840229444122922,29.642401895237533,0.0,6.25805738698036,428.0,COMPLETE
451,28.66028427312641,2026-07-22 06:38:20.189697,2026-07-22 06:42:08.472602,0 days 00:03:48.282905,10,1.5,62.0,27.0,5,0.2,0.001,13,2.2,6,0.0,-106.40008587214903,-63.09808631817181,-37.652701879746026,28.66028427312641,0.0,5.649297674231139,418.0,COMPLETE
452,29.642401895237533,2026-07-22 06:40:00.478281,2026-07-22 06:43:51.701159,0 days 00:03:51.222878,10,1.5,61.0,29.0,5,0.2,0.001,11,2.2,6,0.0,-102.34676818666563,-67.24848135556233,-28.840229444122922,29.642401895237533,0.0,6.25805738698036,428.0,COMPLETE
453,29.642401895237533,2026-07-22 06:40:17.745495,2026-07-22 06:44:03.157492,0 days 00:03:45.411997,10,1.5,62.0,29.0,5,0.2,0.001,11,2.2,6,0.0,-102.34676818666563,-67.24848135556233,-28.840229444122922,29.642401895237533,0.0,6.25805738698036,428.0,COMPLETE
454,29.518634554845796,2026-07-22 06:40:49.929179,2026-07-22 06:44:43.255198,0 days 00:03:53.326019,10,1.5,62.0,30.0,5,0.2,0.001,13,2.2,6,0.0,-100.50347374846316,-68.48604348126652,-26.549698742521503,29.518634554845796,0.0,5.467731524675159,426.0,COMPLETE
455,20.456612038057614,2026-07-22 06:41:17.913227,2026-07-22 06:45:05.062520,0 days 00:03:47.149293,10,1.5,62.0,30.0,15,0.2,0.001,13,2.2,6,0.0,-52.938878538560274,-43.63185510776613,-24.28259483991106,20.456612038057614,0.0,-14.9755714091169,298.0,COMPLETE
456,26.045004918041837,2026-07-22 06:41:22.299472,2026-07-22 06:45:11.469705,0 days 00:03:49.170233,10,1.5,62.0,30.0,5,0.2,0.002,11,2.2,6,0.0,-99.8323052538106,-55.905672059876615,-41.77703510441122,26.045004918041837,0.0,2.1495980895227538,384.0,COMPLETE
457,29.518634554845796,2026-07-22 06:41:27.245150,2026-07-22 06:45:21.117295,0 days 00:03:53.872145,10,1.5,62.0,30.0,5,0.2,0.001,11,2.2,6,0.0,-100.50347374846316,-68.48604348126652,-26.549698742521503,29.518634554845796,0.0,5.467731524675159,426.0,COMPLETE
458,28.19004365168968,2026-07-22 06:41:46.244468,2026-07-22 06:45:37.783102,0 days 00:03:51.538634,10,1.6,62.0,30.0,5,0.2,0.001,13,2.3,6,0.0,-79.32518284852524,-50.02476193342719,-22.549330265544302,28.19004365168968,0.0,6.751090649553795,398.0,COMPLETE
459,24.82756595860906,2026-07-22 06:41:46.819323,2026-07-22 06:45:35.971610,0 days 00:03:49.152287,10,1.6,62.0,30.0,5,0.1,0.002,13,2.3,6,0.0,-79.73997748703114,-40.53759389332566,-35.39583871699839,24.82756595860906,0.0,3.806544876707081,360.0,COMPLETE
460,24.82756595860906,2026-07-22 06:41:48.180375,2026-07-22 06:45:35.976984,0 days 00:03:47.796609,10,1.6,62.0,30.0,5,0.1,0.002,11,2.3,6,0.0,-79.73997748703114,-40.53759389332566,-35.39583871699839,24.82756595860906,0.0,3.806544876707081,360.0,COMPLETE
461,16.67452664635198,2026-07-22 06:42:08.523848,2026-07-22 06:45:45.399885,0 days 00:03:36.876037,10,1.6,62.0,30.0,19,0.1,0.002,11,2.3,6,0.0,-50.016328347502274,-42.717087521357335,-21.381916857905562,16.67452664635198,0.0,-14.082676031760606,249.0,COMPLETE
462,25.42228383667471,2026-07-22 06:43:51.762864,2026-07-22 06:47:37.645519,0 days 00:03:45.882655,10,1.6,62.0,30.0,5,0.1,0.002,11,2.0,5,0.0,-78.71814835349592,-40.20065466897535,-32.562708733646275,25.42228383667471,0.0,5.954784950874249,366.0,COMPLETE
463,14.117641276746854,2026-07-22 06:44:03.208405,2026-07-22 06:47:36.227531,0 days 00:03:33.019126,10,2.3,62.0,30.0,5,0.1,0.002,13,2.3,5,0.0,-40.26821480617923,-22.377652493208835,-25.90778128411681,14.117641276746854,0.0,-8.017218971146406,210.0,COMPLETE
464,5.7644437707075,2026-07-22 06:44:43.308534,2026-07-22 06:48:20.285001,0 days 00:03:36.976467,10,1.6,62.0,30.0,5,0.1,0.007,11,3.0,20,0.0,-7.76746901775696,-7.728139967038959,-6.046007170416478,5.7644437707075,0.0,-6.006678119698477,86.0,COMPLETE
465,25.42228383667471,2026-07-22 06:45:05.126334,2026-07-22 06:48:55.204759,0 days 00:03:50.078425,10,1.6,62.0,30.0,5,0.1,0.002,11,2.3,5,0.0,-78.71814835349592,-40.20065466897535,-32.562708733646275,25.42228383667471,0.0,5.954784950874249,366.0,COMPLETE
466,13.056336636357766,2026-07-22 06:45:11.527296,2026-07-22 06:48:48.328461,0 days 00:03:36.801165,10,1.6,62.0,30.0,5,0.1,0.009000000000000001,11,2.3,5,0.0,-10.386423469821178,-17.630013204117446,-18.834901134985156,13.056336636357766,0.0,-26.078490869281406,189.0,COMPLETE
467,25.42228383667471,2026-07-22 06:45:21.173030,2026-07-22 06:49:09.184976,0 days 00:03:48.011946,10,1.6,63.0,30.0,5,0.1,0.002,11,2.3,5,0.0,-78.71814835349592,-40.20065466897535,-32.562708733646275,25.42228383667471,0.0,5.954784950874249,366.0,COMPLETE
468,29.016522138905362,2026-07-22 06:45:36.037244,2026-07-22 06:49:28.153931,0 days 00:03:52.116687,10,1.6,63.0,30.0,5,0.1,0.001,11,2.0,5,0.0,-74.15829853801769,-45.44093087943525,-20.58749409758229,29.016522138905362,0.0,8.12987356100022,405.0,COMPLETE
469,29.016522138905362,2026-07-22 06:45:36.040895,2026-07-22 06:49:26.761809,0 days 00:03:50.720914,10,1.6,63.0,30.0,5,0.1,0.001,11,2.0,5,0.0,-74.15829853801769,-45.44093087943525,-20.58749409758229,29.016522138905362,0.0,8.12987356100022,405.0,COMPLETE
470,29.016522138905362,2026-07-22 06:45:37.847693,2026-07-22 06:49:27.601564,0 days 00:03:49.753871,10,1.6,63.0,30.0,5,0.1,0.001,11,2.0,5,0.0,-74.15829853801769,-45.44093087943525,-20.58749409758229,29.016522138905362,0.0,8.12987356100022,405.0,COMPLETE
471,19.455738796032286,2026-07-22 06:45:45.459209,2026-07-22 06:49:23.963195,0 days 00:03:38.503986,10,2.0,63.0,30.0,5,0.1,0.001,11,2.0,5,0.0,-57.858255741728144,-27.135499436914866,-41.53974884656141,19.455738796032286,0.0,-10.816992541748172,286.0,COMPLETE
472,30.119334694995633,2026-07-22 06:47:36.276781,2026-07-22 06:51:21.360333,0 days 00:03:45.083552,10,1.5,63.0,30.0,5,0.1,0.001,11,3.0,5,0.0,-100.92674701045317,-58.91693637906629,-33.31220358055485,30.119334694995633,0.0,8.69760705083204,432.0,COMPLETE
473,24.97129731832167,2026-07-22 06:47:37.702809,2026-07-22 06:51:26.745700,0 days 00:03:49.042891,11,1.5,63.0,29.0,5,0.1,0.001,11,3.0,20,0.0,-88.11129967719735,-60.99977591411747,-32.79783625028777,24.97129731832167,0.0,-5.686312487207829,369.0,COMPLETE
474,29.777507976210725,2026-07-22 06:48:20.353255,2026-07-22 06:52:13.867248,0 days 00:03:53.513993,11,1.5,63.0,29.0,5,0.1,0.001,11,3.0,5,0.0,-92.16651732157327,-52.51057620250112,-41.42639446999253,29.777507976210725,0.0,-1.77045335092043,429.0,COMPLETE
475,29.65171831025377,2026-07-22 06:48:48.382708,2026-07-22 06:52:40.157241,0 days 00:03:51.774533,11,1.5,63.0,29.0,5,0.2,0.001,11,3.0,5,0.0,-96.95191439581161,-57.78446820577363,-40.937899540958384,29.65171831025377,0.0,-1.77045335092043,430.0,COMPLETE
476,28.942030215043165,2026-07-22 06:48:55.258317,2026-07-22 06:52:49.573899,0 days 00:03:54.315582,11,1.5,63.0,27.0,5,0.2,0.001,10,3.0,5,0.0,-102.03118439998276,-54.63997240680684,-41.99249739158769,28.942030215043165,0.0,5.398714601588215,420.0,COMPLETE
477,29.737079275011443,2026-07-22 06:49:09.252129,2026-07-22 06:53:02.363820,0 days 00:03:53.111691,11,1.5,63.0,29.0,5,0.2,0.001,10,3.0,5,0.0,-96.95191439581161,-57.78446820577363,-36.836548606090176,29.737079275011443,0.0,2.3308975839477837,429.0,COMPLETE
478,28.942030215043165,2026-07-22 06:49:24.019134,2026-07-22 06:53:13.129415,0 days 00:03:49.110281,11,1.5,63.0,27.0,5,0.2,0.001,10,3.0,5,0.0,-102.03118439998276,-54.63997240680684,-41.99249739158769,28.942030215043165,0.0,5.398714601588215,420.0,COMPLETE
479,29.737079275011443,2026-07-22 06:49:26.899808,2026-07-22 06:53:19.625879,0 days 00:03:52.726071,11,1.5,63.0,29.0,5,0.2,0.001,10,3.0,5,0.0,-96.95191439581161,-57.78446820577363,-36.836548606090176,29.737079275011443,0.0,2.3308975839477837,429.0,COMPLETE
480,29.737079275011443,2026-07-22 06:49:27.654380,2026-07-22 06:53:20.233428,0 days 00:03:52.579048,11,1.5,63.0,29.0,5,0.2,0.001,10,3.0,5,0.0,-96.95191439581161,-57.78446820577363,-36.836548606090176,29.737079275011443,0.0,2.3308975839477837,429.0,COMPLETE
481,28.780898662982615,2026-07-22 06:49:28.218508,2026-07-22 06:53:20.670004,0 days 00:03:52.451496,11,1.5,63.0,29.0,6,0.2,0.001,10,3.0,5,0.0,-101.76523379842196,-56.203225481291604,-40.87611093499895,28.780898662982615,0.0,4.685897382131379,418.0,COMPLETE
482,28.780898662982615,2026-07-22 06:51:21.424446,2026-07-22 06:55:06.848934,0 days 00:03:45.424488,11,1.5,63.0,29.0,6,0.2,0.001,10,3.0,5,0.0,-101.76523379842196,-56.203225481291604,-40.87611093499895,28.780898662982615,0.0,4.685897382131379,418.0,COMPLETE
483,28.67869235704178,2026-07-22 06:51:26.803281,2026-07-22 06:55:17.442537,0 days 00:03:50.639256,11,1.5,63.0,29.0,6,0.2,0.001,13,3.0,5,0.0,-101.76523379842196,-56.203225481291604,-44.97746186986717,28.67869235704178,0.0,0.584546447263167,419.0,COMPLETE
484,28.780898662982615,2026-07-22 06:52:13.934476,2026-07-22 06:56:04.310394,0 days 00:03:50.375918,11,1.5,63.0,29.0,6,0.2,0.001,10,3.0,5,0.0,-101.76523379842196,-56.203225481291604,-40.87611093499895,28.780898662982615,0.0,4.685897382131379,418.0,COMPLETE
485,27.9840046995532,2026-07-22 06:52:40.223685,2026-07-22 06:56:30.412821,0 days 00:03:50.189136,11,1.5,63.0,27.0,6,0.2,0.001,10,3.0,5,0.0,-85.92869361959083,-52.59993484658012,-32.26712893169834,27.9840046995532,0.0,1.0616298413123757,402.0,COMPLETE
486,28.780898662982615,2026-07-22 06:52:49.642209,2026-07-22 06:56:44.876789,0 days 00:03:55.234580,11,1.5,63.0,29.0,6,0.2,0.001,10,3.0,5,0.0,-101.76523379842196,-56.203225481291604,-40.87611093499895,28.780898662982615,0.0,4.685897382131379,418.0,COMPLETE
487,28.67869235704178,2026-07-22 06:53:02.423814,2026-07-22 06:56:56.882620,0 days 00:03:54.458806,11,1.5,63.0,29.0,6,0.2,0.001,13,3.0,5,0.0,-101.76523379842196,-56.203225481291604,-44.97746186986717,28.67869235704178,0.0,0.584546447263167,419.0,COMPLETE
488,28.80449605573256,2026-07-22 06:53:13.197388,2026-07-22 06:57:01.372946,0 days 00:03:48.175558,11,1.5,63.0,29.0,6,0.1,0.001,12,2.9000000000000004,5,0.0,-96.97983672418364,-50.92933347801911,-45.46595679890133,28.80449605573256,0.0,0.584546447263167,418.0,COMPLETE
489,19.247847746136095,2026-07-22 06:53:19.688258,2026-07-22 06:57:02.890365,0 days 00:03:43.202107,11,1.5,63.0,28.0,6,0.1,0.005,12,2.9000000000000004,5,0.0,-34.67231407572895,-36.08040156618778,-28.763787063056405,19.247847746136095,0.0,-30.171874553515213,282.0,COMPLETE
490,28.3784279874943,2026-07-22 06:53:20.306309,2026-07-22 06:57:13.245527,0 days 00:03:52.939218,11,1.5,63.0,28.0,6,0.1,0.001,12,2.9000000000000004,5,0.0,-87.9328246715683,-48.70396039271299,-38.644317831592176,28.3784279874943,0.0,0.584546447263167,408.0,COMPLETE
