number,value,datetime_start,datetime_complete,duration,params_MR_BB_PERIOD,params_MR_BB_STD,params_MR_RSI_OVERBOUGHT,params_MR_RSI_OVERSOLD,params_MR_RSI_PERIOD,params_MR_VOL_SPIKE_MULT,params_MR_VWAP_DEV_PCT,params_TP_BB_PERIOD,params_TP_BB_STD,params_TP_RSI_PERIOD,user_attrs_MB_PnL,user_attrs_MR_PnL,user_attrs_QQQ_PnL,user_attrs_SPY_PnL,user_attrs_Score,user_attrs_TF_PnL,user_attrs_TP_PnL,user_attrs_Total_Trades,state
243,10.3631987514527,2026-07-22 05:19:57.947597,2026-07-22 05:23:37.708507,0 days 00:03:39.760910,12,2.8,71.0,31.0,5,0.7000000000000001,0.001,21,1.8,5,0.0,-5.324898564747116,-18.178995934415017,-16.009951632687045,10.3631987514527,0.0,-28.864049002354886,156.0,COMPLETE
244,10.800178364142841,2026-07-22 05:20:03.130623,2026-07-22 05:23:42.768685,0 days 00:03:39.638062,12,1.5,71.0,31.0,5,0.7000000000000001,0.01,21,2.0,5,0.0,-13.888570192445137,-28.76028882214765,-14.78834378727181,10.800178364142841,0.0,-29.660062416974252,166.0,COMPLETE
245,28.156101651062055,2026-07-22 05:20:08.739795,2026-07-22 05:24:02.367705,0 days 00:03:53.627910,12,1.5,71.0,31.0,5,0.5,0.001,21,1.8,5,0.0,-115.19328262638717,-80.90833167271337,-42.99982549984412,28.156101651062055,0.0,-8.714874546170378,425.0,COMPLETE
246,11.128804257457587,2026-07-22 05:20:14.830570,2026-07-22 05:23:54.210997,0 days 00:03:39.380427,12,2.7,71.0,31.0,5,0.7000000000000001,0.001,21,1.8,5,0.0,-4.015085121433693,-14.920763929441538,-17.958370194347104,11.128804257457587,0.0,-28.864049002354886,165.0,COMPLETE
247,11.128804257457587,2026-07-22 05:20:25.183763,2026-07-22 05:24:04.927598,0 days 00:03:39.743835,12,2.7,71.0,31.0,5,0.7000000000000001,0.001,21,2.0,5,0.0,-4.015085121433693,-14.920763929441538,-17.958370194347104,11.128804257457587,0.0,-28.864049002354886,165.0,COMPLETE
248,22.21894331584757,2026-07-22 05:20:34.428481,2026-07-22 05:24:23.585258,0 days 00:03:49.156777,12,1.6,71.0,31.0,5,0.7000000000000001,0.001,21,1.8,18,0.0,-96.26958499746985,-70.97949424457164,-33.04422742323774,22.21894331584757,0.0,-7.754136670339536,340.0,COMPLETE
249,26.014709385330338,2026-07-22 05:20:45.204071,2026-07-22 05:24:34.763788,0 days 00:03:49.559717,12,1.6,71.0,31.0,5,0.7000000000000001,0.001,21,1.6,5,0.0,-96.2871985383129,-74.13838966358286,-34.82403843077202,26.014709385330338,0.0,-12.675229556042058,389.0,COMPLETE
250,28.798198886110878,2026-07-22 05:21:10.420806,2026-07-22 05:24:58.735262,0 days 00:03:48.314456,13,1.5,71.0,31.0,5,0.5,0.001,21,2.0,5,0.0,-126.07259339959654,-83.0609622640296,-51.80379182413162,28.798198886110878,0.0,-8.792160688564596,438.0,COMPLETE
251,28.798198886110878,2026-07-22 05:22:29.141310,2026-07-22 05:26:19.639421,0 days 00:03:50.498111,13,1.5,71.0,31.0,5,0.5,0.001,21,1.6,5,0.0,-126.07259339959654,-83.0609622640296,-51.80379182413162,28.798198886110878,0.0,-8.792160688564596,438.0,COMPLETE
252,26.303944430814337,2026-07-22 05:23:16.490928,2026-07-22 05:27:07.688076,0 days 00:03:51.197148,13,1.6,71.0,32.0,5,0.5,0.001,21,1.6,5,0.0,-104.2264223480715,-83.80663599277747,-32.15747264443141,26.303944430814337,0.0,-11.737686289137324,399.0,COMPLETE
253,26.303944430814337,2026-07-22 05:23:37.763176,2026-07-22 05:27:31.956642,0 days 00:03:54.193466,13,1.6,71.0,32.0,5,0.5,0.001,21,1.6,5,0.0,-104.2264223480715,-83.80663599277747,-32.15747264443141,26.303944430814337,0.0,-11.737686289137324,399.0,COMPLETE
254,26.303944430814337,2026-07-22 05:23:42.888975,2026-07-22 05:27:35.537953,0 days 00:03:52.648978,13,1.6,71.0,32.0,5,0.5,0.001,21,1.6,5,0.0,-104.2264223480715,-83.80663599277747,-32.15747264443141,26.303944430814337,0.0,-11.737686289137324,399.0,COMPLETE
255,26.454400335845293,2026-07-22 05:23:54.258618,2026-07-22 05:27:46.537812,0 days 00:03:52.279194,13,1.6,64.0,32.0,5,0.5,0.001,21,1.6,5,0.0,-104.84380691592348,-89.06799823441676,-25.171721390931456,26.454400335845293,0.0,-9.395912709424659,399.0,COMPLETE
256,26.303944430814337,2026-07-22 05:24:02.426804,2026-07-22 05:27:52.635477,0 days 00:03:50.208673,13,1.6,71.0,32.0,5,0.5,0.001,21,1.6,5,0.0,-104.2264223480715,-83.80663599277747,-32.15747264443141,26.303944430814337,0.0,-11.737686289137324,399.0,COMPLETE
257,26.506667358554786,2026-07-22 05:24:04.983302,2026-07-22 05:27:58.784243,0 days 00:03:53.800941,13,1.6,71.0,32.0,5,0.5,0.001,20,1.6,5,0.0,-103.3472897591184,-83.77830906467125,-29.649994075696178,26.506667358554786,0.0,-10.081013381248962,401.0,COMPLETE
258,28.664549811515574,2026-07-22 05:24:23.642612,2026-07-22 05:28:19.047311,0 days 00:03:55.404699,13,1.5,71.0,32.0,6,0.5,0.001,20,1.6,5,0.0,-106.89357898950888,-76.40023764643752,-42.8053632014498,28.664549811515574,0.0,-12.312021858378486,428.0,COMPLETE
259,28.710706758143026,2026-07-22 05:24:34.823170,2026-07-22 05:28:31.591977,0 days 00:03:56.768807,13,1.5,65.0,32.0,6,0.5,0.001,20,1.6,5,0.0,-126.7509781976485,-86.27903116828801,-48.54582878800865,28.710706758143026,0.0,-8.07388175864812,437.0,COMPLETE
260,28.92774938995207,2026-07-22 05:24:58.794211,2026-07-22 05:28:47.448316,0 days 00:03:48.654105,13,1.5,71.0,32.0,5,0.5,0.001,20,1.7,5,0.0,-122.99645378264528,-83.03669773589371,-46.54812960989662,28.92774938995207,0.0,-6.58837356314506,438.0,COMPLETE
261,28.92774938995207,2026-07-22 05:26:19.691684,2026-07-22 05:30:07.662596,0 days 00:03:47.970912,13,1.5,71.0,32.0,5,0.5,0.001,20,1.6,5,0.0,-122.99645378264528,-83.03669773589371,-46.54812960989662,28.92774938995207,0.0,-6.58837356314506,438.0,COMPLETE
262,29.288538868081975,2026-07-22 05:27:07.745037,2026-07-22 05:31:00.396866,0 days 00:03:52.651829,14,1.5,65.0,32.0,5,0.5,0.001,20,1.7,5,0.0,-103.17156084949451,-82.51827961501888,-25.779986277532846,29.288538868081975,0.0,-5.12670504305725,431.0,COMPLETE
263,29.288538868081975,2026-07-22 05:27:32.013046,2026-07-22 05:31:30.174357,0 days 00:03:58.161311,14,1.5,65.0,32.0,5,0.5,0.001,20,1.7,5,0.0,-103.17156084949451,-82.51827961501888,-25.779986277532846,29.288538868081975,0.0,-5.12670504305725,431.0,COMPLETE
264,29.288538868081975,2026-07-22 05:27:35.588982,2026-07-22 05:31:32.005465,0 days 00:03:56.416483,14,1.5,65.0,32.0,5,0.5,0.001,20,1.6,5,0.0,-103.17156084949451,-82.51827961501888,-25.779986277532846,29.288538868081975,0.0,-5.12670504305725,431.0,COMPLETE
265,29.288538868081975,2026-07-22 05:27:46.597051,2026-07-22 05:31:41.339494,0 days 00:03:54.742443,14,1.5,65.0,32.0,5,0.5,0.001,20,1.7,5,0.0,-103.17156084949451,-82.51827961501888,-25.779986277532846,29.288538868081975,0.0,-5.12670504305725,431.0,COMPLETE
266,28.578452901936725,2026-07-22 05:27:52.699324,2026-07-22 05:31:47.446032,0 days 00:03:54.746708,14,1.5,71.0,32.0,6,0.5,0.001,20,1.7,5,0.0,-93.61866172220536,-71.77798231551893,-31.932071454138697,28.578452901936725,0.0,-10.091392047452263,420.0,COMPLETE
267,28.271274585223672,2026-07-22 05:27:58.871376,2026-07-22 05:31:52.737613,0 days 00:03:53.866237,14,1.5,71.0,30.0,6,0.5,0.001,20,1.7,5,0.0,-92.87032958537253,-66.24869314991292,-37.679858837105066,28.271274585223672,0.0,-11.058222401645498,415.0,COMPLETE
268,29.039553096212547,2026-07-22 05:28:19.105766,2026-07-22 05:32:12.996341,0 days 00:03:53.890575,14,1.5,65.0,32.0,6,0.5,0.001,20,1.7,5,0.0,-100.97842283835402,-80.95326651105353,-25.151861370357715,29.039553096212547,0.0,-5.12670504305725,427.0,COMPLETE
269,15.424350361622842,2026-07-22 05:28:31.654405,2026-07-22 05:32:13.343261,0 days 00:03:41.688856,14,2.2,71.0,32.0,6,0.5,0.001,20,1.7,5,0.0,-71.55250512416882,-48.070297866377786,-44.368069616983995,15.424350361622842,0.0,-20.885862359192977,249.0,COMPLETE
270,17.01158780035724,2026-07-22 05:28:47.516096,2026-07-22 05:32:25.776183,0 days 00:03:38.260087,14,2.1,71.0,32.0,5,0.5,0.001,20,1.7,5,0.0,-73.46589599621623,-51.262518343476984,-39.910074379885636,17.01158780035724,0.0,-17.70669672714643,270.0,COMPLETE
271,28.12892343295482,2026-07-22 05:30:07.724054,2026-07-22 05:33:56.492292,0 days 00:03:48.768238,11,1.5,65.0,33.0,5,0.5,0.001,20,1.7,5,0.0,-96.30743147284167,-66.47455969500247,-38.06393010120232,28.12892343295482,0.0,-8.231058323363136,414.0,COMPLETE
272,28.12892343295482,2026-07-22 05:31:00.532675,2026-07-22 05:34:53.479074,0 days 00:03:52.946399,11,1.5,65.0,33.0,5,0.5,0.001,20,1.7,5,0.0,-96.30743147284167,-66.47455969500247,-38.06393010120232,28.12892343295482,0.0,-8.231058323363136,414.0,COMPLETE
273,27.929614061465635,2026-07-22 05:31:30.232242,2026-07-22 05:35:25.015555,0 days 00:03:54.783313,11,1.5,72.0,33.0,5,0.5,0.001,20,1.7,5,0.0,-87.33529387586933,-66.45691927680183,-34.95410462866522,27.929614061465635,0.0,-14.07573002959774,410.0,COMPLETE
274,28.466571938186593,2026-07-22 05:31:32.059965,2026-07-22 05:35:27.315314,0 days 00:03:55.255349,15,1.5,65.0,33.0,5,0.5,0.001,20,1.7,5,0.0,-148.10159991261287,-94.63589213713757,-58.673245274244884,28.466571938186593,0.0,-5.207537498769537,442.0,COMPLETE
275,28.466571938186593,2026-07-22 05:31:41.414551,2026-07-22 05:35:36.022447,0 days 00:03:54.607896,15,1.5,65.0,33.0,5,0.5,0.001,20,1.7,5,0.0,-148.10159991261287,-94.63589213713757,-58.673245274244884,28.466571938186593,0.0,-5.207537498769537,442.0,COMPLETE
276,28.449016656826757,2026-07-22 05:31:47.522001,2026-07-22 05:35:41.564246,0 days 00:03:54.042245,15,1.5,65.0,32.0,5,0.5,0.001,20,1.7,5,0.0,-146.04649675591673,-92.58078898044143,-58.673245274244884,28.449016656826757,0.0,-5.207537498769537,441.0,COMPLETE
277,28.655986119824703,2026-07-22 05:31:52.812998,2026-07-22 05:35:48.713358,0 days 00:03:55.900360,15,1.5,65.0,32.0,5,0.5,0.001,19,1.7,5,0.0,-145.96441431024004,-91.48649005143294,-58.58260475531305,28.655986119824703,0.0,-4.1046804965058366,443.0,COMPLETE
278,28.673567772160805,2026-07-22 05:32:13.064267,2026-07-22 05:36:08.073379,0 days 00:03:55.009112,15,1.5,65.0,33.0,5,0.5,0.001,19,1.7,5,0.0,-148.01951746693624,-93.54159320812909,-58.58260475531305,28.673567772160805,0.0,-4.1046804965058366,444.0,COMPLETE
279,28.185050717777727,2026-07-22 05:32:13.486508,2026-07-22 05:36:08.045737,0 days 00:03:54.559229,15,1.5,65.0,33.0,5,0.5,0.001,19,1.7,6,0.0,-148.7131598467668,-94.27384266759708,-62.247554676330424,28.185050717777727,0.0,-7.808237497160594,440.0,COMPLETE
280,28.522914286213872,2026-07-22 05:32:25.846782,2026-07-22 05:36:13.521016,0 days 00:03:47.674234,11,1.5,65.0,33.0,5,0.5,0.001,19,1.7,6,0.0,-87.58324639039367,-65.20369906568847,-31.931720707000025,28.522914286213872,0.0,-9.552173382294836,414.0,COMPLETE
281,28.230248297889787,2026-07-22 05:33:56.556101,2026-07-22 05:37:48.186286,0 days 00:03:51.630185,15,1.5,65.0,33.0,5,0.5,0.001,18,1.7,6,0.0,-148.7131598467668,-95.16505650204277,-62.26272259607664,28.230248297889787,0.0,-8.714619251352515,441.0,COMPLETE
282,28.212013632402943,2026-07-22 05:34:53.537249,2026-07-22 05:38:45.794143,0 days 00:03:52.256894,15,1.5,64.0,32.0,5,0.5,0.001,18,1.7,6,0.0,-146.67674323941634,-93.12863989469234,-62.26272259607664,28.212013632402943,0.0,-8.714619251352515,440.0,COMPLETE
283,28.212013632402943,2026-07-22 05:35:25.067237,2026-07-22 05:39:20.168104,0 days 00:03:55.100867,15,1.5,64.0,32.0,5,0.5,0.001,18,1.7,6,0.0,-146.67674323941634,-93.12863989469234,-62.26272259607664,28.212013632402943,0.0,-8.714619251352515,440.0,COMPLETE
284,28.212013632402943,2026-07-22 05:35:27.377138,2026-07-22 05:39:21.781408,0 days 00:03:54.404270,15,1.5,64.0,32.0,5,0.5,0.001,18,1.7,6,0.0,-146.67674323941634,-93.12863989469234,-62.26272259607664,28.212013632402943,0.0,-8.714619251352515,440.0,COMPLETE
285,26.259046176088912,2026-07-22 05:35:36.083036,2026-07-22 05:39:26.568735,0 days 00:03:50.485699,13,1.5,64.0,33.0,5,0.5,0.002,18,1.7,6,0.0,-96.7698674820261,-84.19340300509651,-24.759085204245856,26.259046176088912,0.0,-12.182620727316246,394.0,COMPLETE
286,25.334674453654184,2026-07-22 05:35:41.618611,2026-07-22 05:39:33.652844,0 days 00:03:52.034233,15,1.5,64.0,33.0,5,0.5,0.002,18,1.7,6,0.0,-112.28947777681732,-85.42075854705644,-37.89714112840351,25.334674453654184,0.0,-11.028421898642584,387.0,COMPLETE
287,25.334674453654184,2026-07-22 05:35:48.777654,2026-07-22 05:39:41.501827,0 days 00:03:52.724173,15,1.5,64.0,33.0,5,0.5,0.002,18,1.7,6,0.0,-112.28947777681732,-85.42075854705644,-37.89714112840351,25.334674453654184,0.0,-11.028421898642584,387.0,COMPLETE
288,11.936859487733203,2026-07-22 05:36:08.153388,2026-07-22 05:39:48.670220,0 days 00:03:40.516832,15,1.6,64.0,33.0,5,0.5,0.009000000000000001,18,1.7,6,0.0,-7.817015266897995,-18.943384673399613,-21.409445333157198,11.936859487733203,0.0,-32.53581473965877,177.0,COMPLETE
289,24.545119399805085,2026-07-22 05:36:08.153531,2026-07-22 05:39:57.611602,0 days 00:03:49.458071,15,1.6,64.0,33.0,5,0.5,0.002,18,1.7,6,0.0,-88.65408900142847,-73.43562413625699,-30.722000601627926,24.545119399805085,0.0,-15.503535736456483,367.0,COMPLETE
290,27.486296215079612,2026-07-22 05:36:13.569571,2026-07-22 05:40:00.500702,0 days 00:03:46.931131,15,1.6,64.0,33.0,5,0.5,0.001,18,1.7,6,0.0,-112.23466651595376,-79.62039640211054,-45.54923337046874,27.486296215079612,0.0,-12.934963256625563,415.0,COMPLETE
291,24.262166351725654,2026-07-22 05:37:48.243207,2026-07-22 05:41:35.333586,0 days 00:03:47.090379,18,1.6,64.0,33.0,5,0.5,0.002,18,1.7,6,0.0,-93.30951560045933,-73.26951688460579,-37.92098740535767,24.262166351725654,0.0,-17.88098868950413,367.0,COMPLETE
292,22.65819933514985,2026-07-22 05:38:45.865187,2026-07-22 05:42:33.467005,0 days 00:03:47.601818,15,1.6,65.0,22.0,5,0.5,0.002,19,1.7,6,0.0,-100.31336647002608,-75.2460703180878,-38.73326378829952,22.65819933514985,0.0,-13.66596763636123,348.0,COMPLETE
293,23.124263262855102,2026-07-22 05:39:20.229497,2026-07-22 05:43:12.735527,0 days 00:03:52.506030,18,1.6,65.0,25.0,5,0.4,0.002,19,1.7,6,0.0,-82.81212502728786,-70.07757850198234,-29.11404478744829,23.124263262855102,0.0,-16.37949826214277,347.0,COMPLETE
294,24.32879072956236,2026-07-22 05:39:21.842956,2026-07-22 05:43:10.475214,0 days 00:03:48.632258,10,1.6,65.0,33.0,5,0.4,0.002,19,1.7,6,0.0,-84.50040002845775,-51.734669864424134,-33.80175489352001,24.32879072956236,0.0,-1.0360247294863882,358.0,COMPLETE
295,26.550143211359117,2026-07-22 05:39:26.621960,2026-07-22 05:43:21.535397,0 days 00:03:54.913437,13,1.6,65.0,33.0,5,0.4,0.001,19,1.7,6,0.0,-105.74118866756507,-88.10252076927412,-28.813485115414768,26.550143211359117,0.0,-11.174817217123762,401.0,COMPLETE
296,23.632873931929446,2026-07-22 05:39:33.712448,2026-07-22 05:43:26.522027,0 days 00:03:52.809579,13,1.6,65.0,34.0,5,1.2000000000000002,0.001,19,1.7,6,0.0,-88.19100583584537,-85.0711287496426,-24.534982584978938,23.632873931929446,0.0,-21.41510549877621,359.0,COMPLETE
297,14.75870041401287,2026-07-22 05:39:41.618690,2026-07-22 05:43:26.964781,0 days 00:03:45.346091,17,2.4,65.0,34.0,5,0.4,0.001,19,1.7,5,0.0,-46.78796575600401,-36.31409372210744,-37.578608042204785,14.75870041401287,0.0,-27.10473600830822,233.0,COMPLETE
298,26.95541753167975,2026-07-22 05:39:48.735310,2026-07-22 05:43:44.601195,0 days 00:03:55.865885,17,1.6,65.0,34.0,5,0.4,0.001,19,2.8,5,0.0,-131.52721037593278,-81.44792348992038,-68.65798008093627,26.95541753167975,0.0,-18.57869319492383,421.0,COMPLETE
299,19.804042843806908,2026-07-22 05:39:57.663291,2026-07-22 05:43:43.281205,0 days 00:03:45.617914,13,2.0,65.0,25.0,5,0.4,0.001,19,2.8,5,0.0,-50.53848377045139,-27.124468001102727,-42.81059344470617,19.804042843806908,0.0,-19.39657767535759,293.0,COMPLETE
300,27.804915765806534,2026-07-22 05:40:00.555513,2026-07-22 05:43:51.881745,0 days 00:03:51.326232,17,1.5,65.0,32.0,5,0.4,0.001,19,1.7,5,0.0,-150.4094817633579,-96.34948105461442,-64.81520313381039,27.804915765806534,0.0,-10.755202425066791,438.0,COMPLETE
301,25.80968226656439,2026-07-22 05:41:35.382427,2026-07-22 05:45:23.410301,0 days 00:03:48.027874,17,1.5,65.0,23.0,5,0.4,0.001,19,2.8,5,0.0,-143.8276679310647,-93.04312217260133,-58.09642305932422,25.80968226656439,0.0,-7.311877300860909,407.0,COMPLETE
302,28.85695634895795,2026-07-22 05:42:33.517474,2026-07-22 05:46:26.127782,0 days 00:03:52.610308,13,1.5,65.0,34.0,5,0.4,0.001,19,1.6,5,0.0,-127.37870047319576,-88.13504204408665,-46.21368618857695,28.85695634895795,0.0,-6.97002775946778,439.0,COMPLETE
303,27.83594854063813,2026-07-22 05:43:10.530073,2026-07-22 05:47:05.956345,0 days 00:03:55.426272,13,1.5,66.0,26.0,5,0.4,0.001,19,1.6,5,0.0,-134.64261424690497,-83.55953271703949,-55.48354162290763,27.83594854063813,0.0,-4.4004600930420565,428.0,COMPLETE
304,28.790215413587635,2026-07-22 05:43:12.789299,2026-07-22 05:47:10.436511,0 days 00:03:57.647212,13,1.5,66.0,34.0,5,0.4,0.001,19,2.8,5,0.0,-126.80371619160333,-87.56005776249421,-46.21368618857695,28.790215413587635,0.0,-6.97002775946778,438.0,COMPLETE
305,29.00645602937138,2026-07-22 05:43:21.591332,2026-07-22 05:47:16.072766,0 days 00:03:54.481434,12,1.5,65.0,32.0,5,0.4,0.001,19,2.8,5,0.0,-115.52630109688127,-86.60458796569296,-35.54828711817774,29.00645602937138,0.0,-6.626573986989486,435.0,COMPLETE
306,28.78981372855805,2026-07-22 05:43:26.576639,2026-07-22 05:47:20.450569,0 days 00:03:53.873930,12,1.5,66.0,34.0,5,0.4,0.001,19,1.6,5,0.0,-114.89075721666039,-86.57648874307118,-35.54828711817774,28.78981372855805,0.0,-7.234018644588607,432.0,COMPLETE
307,28.950504192655593,2026-07-22 05:43:27.020503,2026-07-22 05:47:21.496787,0 days 00:03:54.476284,12,1.5,66.0,32.0,5,0.4,0.001,19,1.6,5,0.0,-114.95131681528883,-86.02960368410052,-35.54828711817774,28.950504192655593,0.0,-6.626573986989486,434.0,COMPLETE
308,28.71480996391138,2026-07-22 05:43:43.333403,2026-07-22 05:47:36.902732,0 days 00:03:53.569329,12,1.5,66.0,32.0,5,0.6000000000000001,0.001,19,1.6,5,0.0,-114.05058926377669,-85.59721112986449,-36.05009461040382,28.71480996391138,0.0,-7.59671647649167,431.0,COMPLETE
309,28.4596273582342,2026-07-22 05:43:44.660046,2026-07-22 05:47:39.288048,0 days 00:03:54.628002,12,1.5,66.0,32.0,5,0.6000000000000001,0.001,20,1.6,5,0.0,-115.04173913266806,-86.22972033523588,-35.6476577882175,28.4596273582342,0.0,-6.835638990785423,428.0,COMPLETE
310,28.4596273582342,2026-07-22 05:43:51.929011,2026-07-22 05:47:39.193911,0 days 00:03:47.264900,12,1.5,66.0,32.0,5,0.6000000000000001,0.001,20,1.6,5,0.0,-115.04173913266806,-86.22972033523588,-35.6476577882175,28.4596273582342,0.0,-6.835638990785423,428.0,COMPLETE
311,19.545102837598595,2026-07-22 05:45:23.461737,2026-07-22 05:49:06.299537,0 days 00:03:42.837800,12,1.5,66.0,32.0,5,2.0,0.001,20,1.6,5,0.0,-27.753944799425092,-42.634134361042534,-5.8544965068434776,19.545102837598595,0.0,-20.734686068460938,277.0,COMPLETE
312,25.8058894337819,2026-07-22 05:46:26.173981,2026-07-22 05:50:17.712010,0 days 00:03:51.538029,12,1.5,66.0,32.0,5,0.6000000000000001,0.001,20,1.6,14,0.0,-116.19743717319537,-86.97349657771328,-33.222692262610906,25.8058894337819,0.0,-3.9987516671289187,393.0,COMPLETE
313,28.4596273582342,2026-07-22 05:47:06.028948,2026-07-22 05:50:58.937856,0 days 00:03:52.908908,12,1.5,66.0,32.0,5,0.6000000000000001,0.001,20,1.6,5,0.0,-115.04173913266806,-86.22972033523588,-35.6476577882175,28.4596273582342,0.0,-6.835638990785423,428.0,COMPLETE
314,28.4596273582342,2026-07-22 05:47:10.498065,2026-07-22 05:51:05.235479,0 days 00:03:54.737414,12,1.5,66.0,32.0,5,0.6000000000000001,0.001,20,1.6,5,0.0,-115.04173913266806,-86.22972033523588,-35.6476577882175,28.4596273582342,0.0,-6.835638990785423,428.0,COMPLETE
315,19.102840657161533,2026-07-22 05:47:16.139966,2026-07-22 05:51:03.221846,0 days 00:03:47.081880,11,1.5,66.0,32.0,18,0.4,0.001,20,1.6,5,0.0,-25.867969700168878,-23.399249435704952,-13.117830446052729,19.102840657161533,0.0,-10.64911018158881,266.0,COMPLETE
316,28.950504192655593,2026-07-22 05:47:20.515044,2026-07-22 05:51:14.109520,0 days 00:03:53.594476,12,1.5,66.0,32.0,5,0.4,0.001,19,1.6,5,0.0,-114.95131681528883,-86.02960368410052,-35.54828711817774,28.950504192655593,0.0,-6.626573986989486,434.0,COMPLETE
317,28.950504192655593,2026-07-22 05:47:21.559278,2026-07-22 05:51:17.040660,0 days 00:03:55.481382,12,1.5,66.0,32.0,5,0.4,0.001,19,1.6,5,0.0,-114.95131681528883,-86.02960368410052,-35.54828711817774,28.950504192655593,0.0,-6.626573986989486,434.0,COMPLETE
318,26.008532499716765,2026-07-22 05:47:36.963178,2026-07-22 05:51:31.159183,0 days 00:03:54.196005,12,1.5,66.0,34.0,5,0.4,0.001,19,1.6,13,0.0,-116.57916993582431,-91.64154558428416,-33.415713576046,26.008532499716765,0.0,-8.478089224505933,398.0,COMPLETE
319,25.534679269511876,2026-07-22 05:47:39.331674,2026-07-22 05:51:21.048039,0 days 00:03:41.716365,12,1.5,66.0,34.0,12,0.4,0.001,19,1.6,5,0.0,-84.80651403149706,-71.9556630033836,-37.235466051874496,25.534679269511876,0.0,-24.384615023761082,382.0,COMPLETE
320,28.78981372855805,2026-07-22 05:47:39.343030,2026-07-22 05:51:34.710114,0 days 00:03:55.367084,12,1.5,66.0,34.0,5,0.4,0.001,19,1.6,5,0.0,-114.89075721666039,-86.57648874307118,-35.54828711817774,28.78981372855805,0.0,-7.234018644588607,432.0,COMPLETE
321,25.90289013405937,2026-07-22 05:49:06.365813,2026-07-22 05:52:58.540033,0 days 00:03:52.174220,12,1.5,66.0,34.0,5,0.4,0.001,17,1.6,14,0.0,-117.19028001989456,-87.44351476939062,-34.06022731643766,25.90289013405937,0.0,-4.313462065933826,395.0,COMPLETE
322,21.470498771082234,2026-07-22 05:50:17.765197,2026-07-22 05:54:02.619851,0 days 00:03:44.854654,12,1.5,66.0,34.0,17,0.4,0.001,19,1.6,5,0.0,-48.81769263789013,-48.25381048735823,-19.573312294549584,21.470498771082234,0.0,-19.009430144017653,311.0,COMPLETE
323,25.534679269511876,2026-07-22 05:50:58.992276,2026-07-22 05:54:47.895877,0 days 00:03:48.903601,12,1.5,66.0,34.0,12,0.4,0.001,19,1.6,5,0.0,-84.80651403149706,-71.9556630033836,-37.235466051874496,25.534679269511876,0.0,-24.384615023761082,382.0,COMPLETE
324,29.266866194977208,2026-07-22 05:51:03.271889,2026-07-22 05:54:58.094710,0 days 00:03:54.822821,12,1.5,66.0,34.0,5,0.4,0.001,17,1.6,5,0.0,-113.86319272176225,-83.45495987983091,-34.84850639003534,29.266866194977208,0.0,-4.440273548104064,436.0,COMPLETE
325,28.78981372855805,2026-07-22 05:51:05.300295,2026-07-22 05:55:02.283551,0 days 00:03:56.983256,12,1.5,66.0,34.0,5,0.4,0.001,19,1.6,5,0.0,-114.89075721666039,-86.57648874307118,-35.54828711817774,28.78981372855805,0.0,-7.234018644588607,432.0,COMPLETE
