number,value,datetime_start,datetime_complete,duration,params_MAX_POSITION_PCT,params_MAX_RISK_PCT,params_MR_MIN_RR,params_MR_STOP_MULT,params_RISK_TIER_EQUITY_PCT,params_TP_MIN_RR,params_TP_STOP_MULT,user_attrs_BTC_PnL,user_attrs_MB_PnL,user_attrs_MR_PnL,user_attrs_QQQ_PnL,user_attrs_SPY_PnL,user_attrs_Score,user_attrs_TF_PnL,user_attrs_TP_PnL,user_attrs_Total_Trades,state
912,-1330.0,2026-06-19 07:26:07.872800,2026-06-19 07:28:51.388497,0 days 00:02:43.515697,1.0,0.02,1.0,2.9000000000000004,0.02,1.9,2.2,-42.866721052689634,-42.866721052689634,240.7465147329338,-18.133118375535766,261.8574901844072,-1330.0,0.0,2.97785707593762,17.0,COMPLETE
913,-1330.0,2026-06-19 07:26:15.591628,2026-06-19 07:28:56.536208,0 days 00:02:40.944580,0.5,0.02,0.8,2.9000000000000004,0.02,1.9,2.2,-21.433360526344817,-21.433360526344817,-35.790532038662604,-4.805948786472008,-29.495654714221782,-1330.0,0.0,1.48892853796881,17.0,COMPLETE
914,-1330.0,2026-06-19 07:26:40.750029,2026-06-19 07:29:25.636510,0 days 00:02:44.886481,0.5,0.02,1.0,2.9000000000000004,0.02,1.9,2.2,-21.433360526344817,-21.433360526344817,120.3732573664669,-9.066559187767883,130.9287450922036,-1330.0,0.0,1.48892853796881,17.0,COMPLETE
915,-1330.0,2026-06-19 07:26:47.106225,2026-06-19 07:29:27.837252,0 days 00:02:40.731027,0.5,0.02,1.0,2.9000000000000004,0.02,1.9,2.2,-21.433360526344817,-21.433360526344817,120.3732573664669,-9.066559187767883,130.9287450922036,-1330.0,0.0,1.48892853796881,17.0,COMPLETE
916,-1230.0,2026-06-19 07:26:55.529017,2026-06-19 07:29:39.808529,0 days 00:02:44.279512,0.5,0.06,1.0,2.9000000000000004,0.02,1.9,2.3,-21.433360526344817,-21.433360526344817,120.3732573664669,23.883948944875254,133.50774476547764,-1230.0,0.0,37.01843634388598,27.0,COMPLETE
917,-1330.0,2026-06-19 07:27:35.975626,2026-06-19 07:30:19.074830,0 days 00:02:43.099204,1.0,0.06,1.0,2.9000000000000004,0.02,1.9,2.2,-42.866721052689634,-42.866721052689634,240.7465147329338,-18.133118375535766,261.8574901844072,-1330.0,0.0,2.97785707593762,17.0,COMPLETE
918,-1330.0,2026-06-19 07:28:01.684864,2026-06-19 07:30:44.967521,0 days 00:02:43.282657,1.0,0.06,1.0,2.9000000000000004,0.02,1.9,2.2,-42.866721052689634,-42.866721052689634,240.7465147329338,-18.133118375535766,261.8574901844072,-1330.0,0.0,2.97785707593762,17.0,COMPLETE
919,-1330.0,2026-06-19 07:28:27.683178,2026-06-19 07:31:09.620062,0 days 00:02:41.936884,1.0,0.06,1.0,2.9000000000000004,0.02,1.9,2.2,-42.866721052689634,-42.866721052689634,240.7465147329338,-18.133118375535766,261.8574901844072,-1330.0,0.0,2.97785707593762,17.0,COMPLETE
920,-1330.0,2026-06-19 07:28:51.417735,2026-06-19 07:31:33.734974,0 days 00:02:42.317239,4.0,0.06,1.0,2.9000000000000004,0.02,1.9,2.2,-41.95360943424255,-41.95360943424255,368.22676017438926,-45.32807584247835,425.46626432061805,-1330.0,0.0,11.91142830375048,17.0,COMPLETE
921,-1330.0,2026-06-19 07:28:56.564751,2026-06-19 07:31:36.627168,0 days 00:02:40.062417,1.0,0.06,1.0,2.9000000000000004,0.02,1.9,2.2,-42.866721052689634,-42.866721052689634,240.7465147329338,-18.133118375535766,261.8574901844072,-1330.0,0.0,2.97785707593762,17.0,COMPLETE
922,-9.48745126542851,2026-06-19 07:29:25.670437,2026-06-19 07:32:09.074141,0 days 00:02:43.403704,1.0,0.06,1.0,2.9000000000000004,0.02,1.9,2.4000000000000004,-42.866721052689634,-42.866721052689634,240.7465147329338,106.81498768661436,273.99331605664605,-9.48745126542851,0.0,140.06178901032658,59.0,COMPLETE
923,-9.373173941432805,2026-06-19 07:29:27.869423,2026-06-19 07:32:08.591938,0 days 00:02:40.722515,1.0,0.06,1.0,3.0,0.06,1.9,2.4000000000000004,-42.866721052689634,-42.866721052689634,255.40406384265498,122.34117668445333,273.1246761685282,-9.373173941432805,0.0,140.06178901032658,58.0,COMPLETE
924,-9.373173941432805,2026-06-19 07:29:39.842501,2026-06-19 07:32:23.104814,0 days 00:02:43.262313,1.0,0.06,1.0,3.0,0.06,1.9,2.4000000000000004,-42.866721052689634,-42.866721052689634,255.40406384265498,122.34117668445333,273.1246761685282,-9.373173941432805,0.0,140.06178901032658,58.0,COMPLETE
925,-9.373173941432805,2026-06-19 07:30:19.108491,2026-06-19 07:33:01.966302,0 days 00:02:42.857811,1.0,0.06,1.0,3.0,0.06,1.9,2.4000000000000004,-42.866721052689634,-42.866721052689634,255.40406384265498,122.34117668445333,273.1246761685282,-9.373173941432805,0.0,140.06178901032658,58.0,COMPLETE
926,-12.029632107764565,2026-06-19 07:30:44.997486,2026-06-19 07:33:27.494058,0 days 00:02:42.496572,1.0,0.06,1.0,1.3,0.06,1.9,2.4000000000000004,-42.866721052689634,-42.866721052689634,-119.39520685084459,129.4114328087574,-108.74485064927543,-12.029632107764565,0.0,140.06178901032658,60.0,COMPLETE
927,-9.373173941432805,2026-06-19 07:31:09.648313,2026-06-19 07:33:51.188388,0 days 00:02:41.540075,1.0,0.06,1.0,3.0,0.06,1.9,2.4000000000000004,-42.866721052689634,-42.866721052689634,255.40406384265498,122.34117668445333,273.1246761685282,-9.373173941432805,0.0,140.06178901032658,58.0,COMPLETE
928,-9.373173941432805,2026-06-19 07:31:33.769864,2026-06-19 07:34:18.024873,0 days 00:02:44.255009,1.0,0.06,1.0,3.0,0.06,1.9,2.4000000000000004,-42.866721052689634,-42.866721052689634,255.40406384265498,122.34117668445333,273.1246761685282,-9.373173941432805,0.0,140.06178901032658,58.0,COMPLETE
929,-1340.0,2026-06-19 07:31:36.659679,2026-06-19 07:34:16.847750,0 days 00:02:40.188071,1.0,0.06,1.0,3.0,0.06,1.3,2.4000000000000004,-42.866721052689634,-42.866721052689634,255.40406384265498,-36.00729388986314,260.9888502962893,-1340.0,0.0,-30.42250743622875,16.0,COMPLETE
930,-9.373173941432805,2026-06-19 07:32:08.624508,2026-06-19 07:34:51.095450,0 days 00:02:42.470942,1.0,0.06,1.0,3.0,0.06,1.9,2.4000000000000004,-42.866721052689634,-42.866721052689634,255.40406384265498,122.34117668445333,273.1246761685282,-9.373173941432805,0.0,140.06178901032658,58.0,COMPLETE
931,-9.373173941432805,2026-06-19 07:32:09.113956,2026-06-19 07:34:54.110794,0 days 00:02:44.996838,1.0,0.06,1.0,3.0,0.06,1.9,2.4000000000000004,-42.866721052689634,-42.866721052689634,255.40406384265498,122.34117668445333,273.1246761685282,-9.373173941432805,0.0,140.06178901032658,58.0,COMPLETE
932,-2.4128463063772854,2026-06-19 07:32:23.149825,2026-06-19 07:35:07.711224,0 days 00:02:44.561399,1.0,0.06,1.0,3.0,0.06,1.9,2.3,-42.866721052689634,-42.866721052689634,255.40406384265498,160.87122774710687,275.3275512964336,-2.4128463063772854,0.0,180.79471520088566,71.0,COMPLETE
933,-2.4128463063772854,2026-06-19 07:33:01.998785,2026-06-19 07:35:45.505770,0 days 00:02:43.506985,1.0,0.06,1.0,3.0,0.06,1.9,2.3,-42.866721052689634,-42.866721052689634,255.40406384265498,160.87122774710687,275.3275512964336,-2.4128463063772854,0.0,180.79471520088566,71.0,COMPLETE
934,-2.4128463063772854,2026-06-19 07:33:27.527748,2026-06-19 07:36:09.771388,0 days 00:02:42.243640,1.0,0.06,1.0,3.0,0.06,1.9,2.3,-42.866721052689634,-42.866721052689634,255.40406384265498,160.87122774710687,275.3275512964336,-2.4128463063772854,0.0,180.79471520088566,71.0,COMPLETE
935,-2.4128463063772854,2026-06-19 07:33:51.223617,2026-06-19 07:36:32.346328,0 days 00:02:41.122711,1.0,0.06,1.0,3.0,0.06,1.9,2.3,-42.866721052689634,-42.866721052689634,255.40406384265498,160.87122774710687,275.3275512964336,-2.4128463063772854,0.0,180.79471520088566,71.0,COMPLETE
936,-2.4128463063772854,2026-06-19 07:34:16.880086,2026-06-19 07:36:58.076506,0 days 00:02:41.196420,1.0,0.06,1.0,3.0,0.06,1.9,2.3,-42.866721052689634,-42.866721052689634,255.40406384265498,160.87122774710687,275.3275512964336,-2.4128463063772854,0.0,180.79471520088566,71.0,COMPLETE
937,-2.4128463063772854,2026-06-19 07:34:18.074703,2026-06-19 07:37:02.088122,0 days 00:02:44.013419,1.0,0.06,1.0,3.0,0.06,1.9,2.3,-42.866721052689634,-42.866721052689634,255.40406384265498,160.87122774710687,275.3275512964336,-2.4128463063772854,0.0,180.79471520088566,71.0,COMPLETE
938,-2.4128463063772854,2026-06-19 07:34:51.122730,2026-06-19 07:37:32.677774,0 days 00:02:41.555044,1.0,0.06,1.0,3.0,0.06,1.9,2.3,-42.866721052689634,-42.866721052689634,255.40406384265498,160.87122774710687,275.3275512964336,-2.4128463063772854,0.0,180.79471520088566,71.0,COMPLETE
939,-2.4128463063772854,2026-06-19 07:34:54.147601,2026-06-19 07:37:38.468951,0 days 00:02:44.321350,1.0,0.06,1.0,3.0,0.06,1.9,2.3,-42.866721052689634,-42.866721052689634,255.40406384265498,160.87122774710687,275.3275512964336,-2.4128463063772854,0.0,180.79471520088566,71.0,COMPLETE
940,-1340.0,2026-06-19 07:35:07.747685,2026-06-19 07:37:53.053153,0 days 00:02:45.305468,1.0,0.06,1.0,3.0,0.06,1.6,2.3,-42.866721052689634,-42.866721052689634,255.40406384265498,1.2492409410701484,260.9888502962893,-1340.0,0.0,6.834027394704542,16.0,COMPLETE
941,-2.4128463063772854,2026-06-19 07:35:45.537189,2026-06-19 07:38:28.580617,0 days 00:02:43.043428,1.0,0.05,1.0,3.0,0.06,1.9,2.3,-42.866721052689634,-42.866721052689634,255.40406384265498,160.87122774710687,275.3275512964336,-2.4128463063772854,0.0,180.79471520088566,71.0,COMPLETE
942,-2.4128463063772854,2026-06-19 07:36:09.805926,2026-06-19 07:38:52.938791,0 days 00:02:43.132865,1.0,0.04,1.0,3.0,0.06,1.9,2.3,-42.866721052689634,-42.866721052689634,255.40406384265498,160.87122774710687,275.3275512964336,-2.4128463063772854,0.0,180.79471520088566,71.0,COMPLETE
943,-2.4128463063772854,2026-06-19 07:36:32.382468,2026-06-19 07:39:14.429906,0 days 00:02:42.047438,1.0,0.05,1.0,3.0,0.06,1.9,2.3,-42.866721052689634,-42.866721052689634,255.40406384265498,160.87122774710687,275.3275512964336,-2.4128463063772854,0.0,180.79471520088566,71.0,COMPLETE
944,-2.4128463063772854,2026-06-19 07:36:58.107483,2026-06-19 07:39:38.088859,0 days 00:02:39.981376,1.0,0.05,1.0,3.0,0.06,1.9,2.3,-42.866721052689634,-42.866721052689634,255.40406384265498,160.87122774710687,275.3275512964336,-2.4128463063772854,0.0,180.79471520088566,71.0,COMPLETE
945,-26.229334100858306,2026-06-19 07:37:02.122068,2026-06-19 07:39:45.083608,0 days 00:02:42.961540,1.0,0.05,0.6000000000000001,3.0,0.06,1.9,2.3,-42.866721052689634,-42.866721052689634,-241.51331870734734,28.840450163877627,-89.5590536703394,-26.229334100858306,0.0,180.79471520088566,74.0,COMPLETE
946,-26.229334100858306,2026-06-19 07:37:32.711137,2026-06-19 07:40:13.026838,0 days 00:02:40.315701,1.0,0.05,0.6000000000000001,3.0,0.02,1.9,2.3,-42.866721052689634,-42.866721052689634,-241.51331870734734,28.840450163877627,-89.5590536703394,-26.229334100858306,0.0,180.79471520088566,74.0,COMPLETE
947,-2.4128463063772854,2026-06-19 07:37:38.503718,2026-06-19 07:40:22.634282,0 days 00:02:44.130564,1.0,0.05,1.0,3.0,0.02,1.9,2.3,-42.866721052689634,-42.866721052689634,255.40406384265498,160.87122774710687,275.3275512964336,-2.4128463063772854,0.0,180.79471520088566,71.0,COMPLETE
948,-2.524793378661091,2026-06-19 07:37:53.086111,2026-06-19 07:40:37.453202,0 days 00:02:44.367091,1.0,0.04,1.0,2.9000000000000004,0.02,1.9,2.3,-42.866721052689634,-42.866721052689634,240.7465147329338,145.34503874926784,276.19619118455154,-2.524793378661091,0.0,180.79471520088566,72.0,COMPLETE
949,-2.524793378661091,2026-06-19 07:38:28.613808,2026-06-19 07:41:12.000668,0 days 00:02:43.386860,1.0,0.05,1.0,2.9000000000000004,0.02,1.9,2.3,-42.866721052689634,-42.866721052689634,240.7465147329338,145.34503874926784,276.19619118455154,-2.524793378661091,0.0,180.79471520088566,72.0,COMPLETE
950,-2.524793378661091,2026-06-19 07:38:52.971613,2026-06-19 07:41:35.223077,0 days 00:02:42.251464,1.0,0.05,1.0,2.9000000000000004,0.02,1.9,2.3,-42.866721052689634,-42.866721052689634,240.7465147329338,145.34503874926784,276.19619118455154,-2.524793378661091,0.0,180.79471520088566,72.0,COMPLETE
951,-1330.0,2026-06-19 07:39:14.460147,2026-06-19 07:41:54.967920,0 days 00:02:40.507773,1.0,0.05,1.0,2.9000000000000004,0.02,1.0,2.4000000000000004,-42.866721052689634,-42.866721052689634,240.7465147329338,-40.84134311440746,263.84380402872404,-1330.0,0.0,-17.74405381861725,17.0,COMPLETE
952,-1330.0,2026-06-19 07:39:38.122032,2026-06-19 07:42:18.183323,0 days 00:02:40.061291,1.0,0.06,1.0,2.9000000000000004,0.02,1.0,2.4000000000000004,-42.866721052689634,-42.866721052689634,240.7465147329338,-40.84134311440746,263.84380402872404,-1330.0,0.0,-17.74405381861725,17.0,COMPLETE
953,-1330.0,2026-06-19 07:39:45.129632,2026-06-19 07:42:28.454033,0 days 00:02:43.324401,1.0,0.06,1.0,2.9000000000000004,0.02,1.0,2.4000000000000004,-42.866721052689634,-42.866721052689634,240.7465147329338,-40.84134311440746,263.84380402872404,-1330.0,0.0,-17.74405381861725,17.0,COMPLETE
954,-1330.0,2026-06-19 07:40:13.056239,2026-06-19 07:42:53.920943,0 days 00:02:40.864704,1.0,0.06,1.0,2.9000000000000004,0.02,1.9,2.2,-42.866721052689634,-42.866721052689634,240.7465147329338,-18.133118375535766,261.8574901844072,-1330.0,0.0,2.97785707593762,17.0,COMPLETE
955,-1330.0,2026-06-19 07:40:22.664385,2026-06-19 07:43:06.961755,0 days 00:02:44.297370,1.0,0.06,1.0,2.9000000000000004,0.02,1.9,2.2,-42.866721052689634,-42.866721052689634,240.7465147329338,-18.133118375535766,261.8574901844072,-1330.0,0.0,2.97785707593762,17.0,COMPLETE
956,-9.48745126542851,2026-06-19 07:40:37.482984,2026-06-19 07:43:22.221774,0 days 00:02:44.738790,1.0,0.06,1.0,2.9000000000000004,0.02,1.9,2.4000000000000004,-42.866721052689634,-42.866721052689634,240.7465147329338,106.81498768661436,273.99331605664605,-9.48745126542851,0.0,140.06178901032658,59.0,COMPLETE
957,-6.179820540498735,2026-06-19 07:41:12.034608,2026-06-19 07:43:56.372439,0 days 00:02:44.337831,1.5,0.06,1.0,2.9000000000000004,0.06,1.9,2.4000000000000004,-41.95360943424255,-41.95360943424255,357.4890541665054,202.29938392380615,411.87894062651594,-6.179820540498735,0.0,256.6892703838165,70.0,COMPLETE
958,-6.179820540498735,2026-06-19 07:41:35.252853,2026-06-19 07:44:18.512956,0 days 00:02:43.260103,1.5,0.06,1.0,2.9000000000000004,0.06,1.9,2.4000000000000004,-41.95360943424255,-41.95360943424255,357.4890541665054,202.29938392380615,411.87894062651594,-6.179820540498735,0.0,256.6892703838165,70.0,COMPLETE
959,-1340.0,2026-06-19 07:41:55.000216,2026-06-19 07:44:36.733528,0 days 00:02:41.733312,1.0,0.06,1.0,3.0,0.06,1.9,2.2,-42.866721052689634,-42.866721052689634,255.40406384265498,-2.6069293776967726,260.9888502962893,-1340.0,0.0,2.97785707593762,16.0,COMPLETE
960,-1320.0,2026-06-19 07:42:18.217690,2026-06-19 07:44:58.817348,0 days 00:02:40.599658,1.5,0.02,0.9000000000000001,3.0,0.06,1.9,2.2,-41.95360943424255,-41.95360943424255,228.2127408693911,-43.82113505186884,276.5006615351664,-1320.0,0.0,4.466785613906433,18.0,COMPLETE
961,-1320.0,2026-06-19 07:42:28.483443,2026-06-19 07:45:12.211360,0 days 00:02:43.727917,1.5,0.02,0.9000000000000001,3.0,0.06,1.9,2.2,-41.95360943424255,-41.95360943424255,228.2127408693911,-43.82113505186884,276.5006615351664,-1320.0,0.0,4.466785613906433,18.0,COMPLETE
962,-1340.0,2026-06-19 07:42:53.956129,2026-06-19 07:45:34.151358,0 days 00:02:40.195229,1.5,0.06,1.0,3.0,0.06,1.9,2.2,-41.95360943424255,-41.95360943424255,372.03756108544536,-13.445068195537786,389.9494148948896,-1340.0,0.0,4.466785613906433,16.0,COMPLETE
963,-19.358556390077165,2026-06-19 07:43:06.994637,2026-06-19 07:45:51.597658,0 days 00:02:44.603021,3.0,0.02,1.0,3.0,0.06,1.9,2.4000000000000004,-41.95360943424255,-41.95360943424255,370.56590608019616,358.54676761562,425.74770457520964,-19.358556390077165,0.0,413.72856611063355,69.0,COMPLETE
964,-1320.0,2026-06-19 07:43:22.250327,2026-06-19 07:46:06.265319,0 days 00:02:44.014992,1.5,0.02,0.9000000000000001,3.0,0.06,1.9,2.2,-41.95360943424255,-41.95360943424255,228.2127408693911,-43.82113505186884,276.5006615351664,-1320.0,0.0,4.466785613906433,18.0,COMPLETE
965,-1320.0,2026-06-19 07:43:56.399633,2026-06-19 07:46:39.672635,0 days 00:02:43.273002,1.5,0.02,0.9000000000000001,3.0,0.06,1.9,2.2,-41.95360943424255,-41.95360943424255,228.2127408693911,-43.82113505186884,276.5006615351664,-1320.0,0.0,4.466785613906433,18.0,COMPLETE
966,-1320.0,2026-06-19 07:44:18.543020,2026-06-19 07:47:01.037031,0 days 00:02:42.494011,1.0,0.02,0.9000000000000001,3.0,0.06,1.9,2.2,-42.866721052689634,-42.866721052689634,152.85303788438142,-29.214090034579236,185.04498499489824,-1320.0,0.0,2.97785707593762,18.0,COMPLETE
967,-1320.0,2026-06-19 07:44:36.763667,2026-06-19 07:47:18.509836,0 days 00:02:41.746169,1.0,0.02,0.9000000000000001,3.0,0.06,1.9,2.2,-42.866721052689634,-42.866721052689634,152.85303788438142,-29.214090034579236,185.04498499489824,-1320.0,0.0,2.97785707593762,18.0,COMPLETE
968,-9.373173941432805,2026-06-19 07:44:58.847522,2026-06-19 07:47:40.033591,0 days 00:02:41.186069,1.0,0.04,1.0,3.0,0.06,1.9,2.4000000000000004,-42.866721052689634,-42.866721052689634,255.40406384265498,122.34117668445333,273.1246761685282,-9.373173941432805,0.0,140.06178901032658,58.0,COMPLETE
969,-18.542859054082566,2026-06-19 07:45:12.241456,2026-06-19 07:47:55.716106,0 days 00:02:43.474650,3.5,0.04,1.0,3.0,0.06,1.9,2.4000000000000004,-41.95360943424255,-41.95360943424255,370.56590608019616,392.2763881119374,426.547240770982,-18.542859054082566,0.0,448.25772280272287,69.0,COMPLETE
970,-9.373173941432805,2026-06-19 07:45:34.188606,2026-06-19 07:48:15.473240,0 days 00:02:41.284634,1.0,0.04,1.0,3.0,0.06,1.9,2.4000000000000004,-42.866721052689634,-42.866721052689634,255.40406384265498,122.34117668445333,273.1246761685282,-9.373173941432805,0.0,140.06178901032658,58.0,COMPLETE
971,-1340.0,2026-06-19 07:45:51.627149,2026-06-19 07:48:35.174308,0 days 00:02:43.547159,1.0,0.06,1.0,3.0,0.01,1.9,2.0,-42.866721052689634,-42.866721052689634,255.40406384265498,1.2492409410701484,260.9888502962893,-1340.0,0.0,6.834027394704542,16.0,COMPLETE
972,-2.4128463063772854,2026-06-19 07:46:06.299388,2026-06-19 07:48:50.230955,0 days 00:02:43.931567,1.0,0.06,1.0,3.0,0.06,1.9,2.3,-42.866721052689634,-42.866721052689634,255.40406384265498,160.87122774710687,275.3275512964336,-2.4128463063772854,0.0,180.79471520088566,71.0,COMPLETE
973,-2.4128463063772854,2026-06-19 07:46:39.711194,2026-06-19 07:49:22.372116,0 days 00:02:42.660922,1.0,0.04,1.0,3.0,0.06,1.9,2.3,-42.866721052689634,-42.866721052689634,255.40406384265498,160.87122774710687,275.3275512964336,-2.4128463063772854,0.0,180.79471520088566,71.0,COMPLETE
974,-1310.0,2026-06-19 07:47:01.070032,2026-06-19 07:49:42.963131,0 days 00:02:41.893099,1.0,0.06,0.4,3.0,0.06,2.0,1.3,-42.866721052689634,-42.866721052689634,-241.51331870734734,-157.34593169979766,-101.91144082616694,-1310.0,0.0,-17.74405381861725,19.0,COMPLETE
975,-9.362309707572209,2026-06-19 07:47:18.540345,2026-06-19 07:50:01.225353,0 days 00:02:42.685008,1.0,0.06,1.0,3.0,0.01,2.0,2.3,-42.866721052689634,-42.866721052689634,255.40406384265498,122.89270454979726,273.1246761685282,-9.362309707572209,0.0,140.6133168756705,58.0,COMPLETE
976,-9.362309707572209,2026-06-19 07:47:40.065719,2026-06-19 07:50:21.574880,0 days 00:02:41.509161,1.0,0.06,1.0,3.0,0.06,2.0,2.3,-42.866721052689634,-42.866721052689634,255.40406384265498,122.89270454979726,273.1246761685282,-9.362309707572209,0.0,140.6133168756705,58.0,COMPLETE
977,-9.362309707572209,2026-06-19 07:47:55.748025,2026-06-19 07:50:38.555343,0 days 00:02:42.807318,1.0,0.06,1.0,3.0,0.06,2.0,2.3,-42.866721052689634,-42.866721052689634,255.40406384265498,122.89270454979726,273.1246761685282,-9.362309707572209,0.0,140.6133168756705,58.0,COMPLETE
978,-2.4128463063772854,2026-06-19 07:48:15.501609,2026-06-19 07:50:56.010000,0 days 00:02:40.508391,1.0,0.06,1.0,3.0,0.06,1.9,2.3,-42.866721052689634,-42.866721052689634,255.40406384265498,160.87122774710687,275.3275512964336,-2.4128463063772854,0.0,180.79471520088566,71.0,COMPLETE
979,-9.362309707572209,2026-06-19 07:48:35.202668,2026-06-19 07:51:18.598508,0 days 00:02:43.395840,1.0,0.06,1.0,3.0,0.02,2.0,2.3,-42.866721052689634,-42.866721052689634,255.40406384265498,122.89270454979726,273.1246761685282,-9.362309707572209,0.0,140.6133168756705,58.0,COMPLETE
980,-9.362309707572209,2026-06-19 07:48:50.263275,2026-06-19 07:51:33.937841,0 days 00:02:43.674566,1.0,0.06,1.0,3.0,0.02,2.0,2.3,-42.866721052689634,-42.866721052689634,255.40406384265498,122.89270454979726,273.1246761685282,-9.362309707572209,0.0,140.6133168756705,58.0,COMPLETE
981,-1330.0,2026-06-19 07:49:22.412201,2026-06-19 07:52:04.994302,0 days 00:02:42.582101,1.0,0.06,1.0,2.9000000000000004,0.02,2.0,2.1,-42.866721052689634,-42.866721052689634,240.7465147329338,-18.133118375535766,261.8574901844072,-1330.0,0.0,2.97785707593762,17.0,COMPLETE
982,-9.476530748205718,2026-06-19 07:49:43.001587,2026-06-19 07:52:25.405460,0 days 00:02:42.403873,1.0,0.06,1.0,2.9000000000000004,0.02,2.0,2.3,-42.866721052689634,-42.866721052689634,240.7465147329338,107.36651555195829,273.99331605664605,-9.476530748205718,0.0,140.6133168756705,59.0,COMPLETE
983,-2.524793378661091,2026-06-19 07:50:01.256839,2026-06-19 07:52:42.776147,0 days 00:02:41.519308,1.0,0.06,1.0,2.9000000000000004,0.02,1.9,2.3,-42.866721052689634,-42.866721052689634,240.7465147329338,145.34503874926784,276.19619118455154,-2.524793378661091,0.0,180.79471520088566,72.0,COMPLETE
984,-2.524793378661091,2026-06-19 07:50:21.605103,2026-06-19 07:53:02.376853,0 days 00:02:40.771750,1.0,0.06,1.0,2.9000000000000004,0.02,1.9,2.3,-42.866721052689634,-42.866721052689634,240.7465147329338,145.34503874926784,276.19619118455154,-2.524793378661091,0.0,180.79471520088566,72.0,COMPLETE
985,-9.48745126542851,2026-06-19 07:50:38.590097,2026-06-19 07:53:21.916439,0 days 00:02:43.326342,1.0,0.06,1.0,2.9000000000000004,0.02,1.9,2.4000000000000004,-42.866721052689634,-42.866721052689634,240.7465147329338,106.81498768661436,273.99331605664605,-9.48745126542851,0.0,140.06178901032658,59.0,COMPLETE
986,-1250.0,2026-06-19 07:50:56.047639,2026-06-19 07:53:37.772019,0 days 00:02:41.724380,0.5,0.06,1.0,2.9000000000000004,0.02,1.9,2.4000000000000004,-21.433360526344817,-21.433360526344817,120.3732573664669,19.713946401028135,133.50774476547764,-1250.0,0.0,32.84843380003885,25.0,COMPLETE
