number,value,datetime_start,datetime_complete,duration,params_MAX_POSITION_PCT,params_MAX_RISK_PCT,params_MR_MIN_RR,params_MR_STOP_MULT,params_RISK_TIER_EQUITY_PCT,params_TP_MIN_RR,params_TP_STOP_MULT,user_attrs_BTC_PnL,user_attrs_MB_PnL,user_attrs_MR_PnL,user_attrs_QQQ_PnL,user_attrs_SPY_PnL,user_attrs_Score,user_attrs_TF_PnL,user_attrs_TP_PnL,user_attrs_Total_Trades,state
760,-2.4128463063772854,2026-06-19 06:34:30.457261,2026-06-19 06:37:13.061788,0 days 00:02:42.604527,1.0,0.06,1.0,3.0,0.06,1.9,2.3,-42.866721052689634,-42.866721052689634,255.40406384265498,160.87122774710687,275.3275512964336,-2.4128463063772854,0.0,180.79471520088566,71.0,COMPLETE
761,-2.4128463063772854,2026-06-19 06:34:46.577198,2026-06-19 06:37:30.270400,0 days 00:02:43.693202,1.0,0.06,1.0,3.0,0.06,1.9,2.3,-42.866721052689634,-42.866721052689634,255.40406384265498,160.87122774710687,275.3275512964336,-2.4128463063772854,0.0,180.79471520088566,71.0,COMPLETE
762,-2.4128463063772854,2026-06-19 06:34:58.508374,2026-06-19 06:37:42.406679,0 days 00:02:43.898305,1.0,0.06,1.0,3.0,0.06,1.9,2.3,-42.866721052689634,-42.866721052689634,255.40406384265498,160.87122774710687,275.3275512964336,-2.4128463063772854,0.0,180.79471520088566,71.0,COMPLETE
763,-2.4128463063772854,2026-06-19 06:35:25.205361,2026-06-19 06:38:06.074241,0 days 00:02:40.868880,1.0,0.06,1.0,3.0,0.06,1.9,2.3,-42.866721052689634,-42.866721052689634,255.40406384265498,160.87122774710687,275.3275512964336,-2.4128463063772854,0.0,180.79471520088566,71.0,COMPLETE
764,-2.4128463063772854,2026-06-19 06:35:47.404270,2026-06-19 06:38:28.950952,0 days 00:02:41.546682,1.0,0.06,1.0,3.0,0.06,1.9,2.3,-42.866721052689634,-42.866721052689634,255.40406384265498,160.87122774710687,275.3275512964336,-2.4128463063772854,0.0,180.79471520088566,71.0,COMPLETE
765,-9.362309707572209,2026-06-19 06:35:53.158927,2026-06-19 06:38:36.187679,0 days 00:02:43.028752,1.0,0.06,1.0,3.0,0.06,2.0,2.3,-42.866721052689634,-42.866721052689634,255.40406384265498,122.89270454979726,273.1246761685282,-9.362309707572209,0.0,140.6133168756705,58.0,COMPLETE
766,-9.362309707572209,2026-06-19 06:36:24.561176,2026-06-19 06:39:07.938722,0 days 00:02:43.377546,1.0,0.06,1.0,3.0,0.06,2.0,2.3,-42.866721052689634,-42.866721052689634,255.40406384265498,122.89270454979726,273.1246761685282,-9.362309707572209,0.0,140.6133168756705,58.0,COMPLETE
767,-9.362309707572209,2026-06-19 06:37:08.747750,2026-06-19 06:39:52.325308,0 days 00:02:43.577558,1.0,0.06,1.0,3.0,0.06,2.0,2.3,-42.866721052689634,-42.866721052689634,255.40406384265498,122.89270454979726,273.1246761685282,-9.362309707572209,0.0,140.6133168756705,58.0,COMPLETE
768,-9.362309707572209,2026-06-19 06:37:13.091742,2026-06-19 06:39:55.405356,0 days 00:02:42.313614,1.0,0.06,1.0,3.0,0.06,2.0,2.3,-42.866721052689634,-42.866721052689634,255.40406384265498,122.89270454979726,273.1246761685282,-9.362309707572209,0.0,140.6133168756705,58.0,COMPLETE
769,-9.362309707572209,2026-06-19 06:37:30.349834,2026-06-19 06:40:14.077241,0 days 00:02:43.727407,1.0,0.06,1.0,3.0,0.06,2.0,2.3,-42.866721052689634,-42.866721052689634,255.40406384265498,122.89270454979726,273.1246761685282,-9.362309707572209,0.0,140.6133168756705,58.0,COMPLETE
770,-1260.0,2026-06-19 06:37:42.441107,2026-06-19 06:40:26.748213,0 days 00:02:44.307106,0.5,0.06,1.0,3.0,0.06,2.0,2.3,-21.433360526344817,-21.433360526344817,127.70203192132749,27.47704089994762,133.07342482141868,-1260.0,0.0,32.84843380003885,24.0,COMPLETE
771,-9.362309707572209,2026-06-19 06:38:06.106476,2026-06-19 06:40:46.312656,0 days 00:02:40.206180,1.0,0.06,1.0,3.0,0.06,2.0,2.3,-42.866721052689634,-42.866721052689634,255.40406384265498,122.89270454979726,273.1246761685282,-9.362309707572209,0.0,140.6133168756705,58.0,COMPLETE
772,-9.362309707572209,2026-06-19 06:38:28.980904,2026-06-19 06:41:09.190278,0 days 00:02:40.209374,1.0,0.06,1.0,3.0,0.06,2.0,2.3,-42.866721052689634,-42.866721052689634,255.40406384265498,122.89270454979726,273.1246761685282,-9.362309707572209,0.0,140.6133168756705,58.0,COMPLETE
773,-1260.0,2026-06-19 06:38:36.223053,2026-06-19 06:41:19.382511,0 days 00:02:43.159458,0.5,0.06,1.0,3.0,0.06,2.0,2.3,-21.433360526344817,-21.433360526344817,127.70203192132749,27.47704089994762,133.07342482141868,-1260.0,0.0,32.84843380003885,24.0,COMPLETE
774,-1240.0,2026-06-19 06:39:07.974356,2026-06-19 06:41:50.235487,0 days 00:02:42.261131,0.5,0.06,1.0,3.0,0.06,1.9,2.3,-21.433360526344817,-21.433360526344817,127.70203192132749,31.647043443794768,133.07342482141868,-1240.0,0.0,37.01843634388598,26.0,COMPLETE
775,-1340.0,2026-06-19 06:39:52.358216,2026-06-19 06:42:34.968923,0 days 00:02:42.610707,0.5,0.06,1.0,3.0,0.06,1.9,2.1,-21.433360526344817,-21.433360526344817,127.70203192132749,-1.3034646888483863,130.49442514814464,-1340.0,0.0,1.48892853796881,16.0,COMPLETE
776,-1330.0,2026-06-19 06:39:55.433255,2026-06-19 06:42:36.827366,0 days 00:02:41.394111,0.5,0.06,1.0,2.9000000000000004,0.06,1.9,2.2,-21.433360526344817,-21.433360526344817,120.3732573664669,-9.066559187767883,130.9287450922036,-1330.0,0.0,1.48892853796881,17.0,COMPLETE
777,-1330.0,2026-06-19 06:40:14.108004,2026-06-19 06:42:57.271933,0 days 00:02:43.163929,1.0,0.06,1.0,2.9000000000000004,0.06,1.9,2.2,-42.866721052689634,-42.866721052689634,240.7465147329338,-18.133118375535766,261.8574901844072,-1330.0,0.0,2.97785707593762,17.0,COMPLETE
778,-1330.0,2026-06-19 06:40:26.776804,2026-06-19 06:43:11.366467,0 days 00:02:44.589663,1.0,0.06,1.0,2.9000000000000004,0.06,1.9,2.2,-42.866721052689634,-42.866721052689634,240.7465147329338,-18.133118375535766,261.8574901844072,-1330.0,0.0,2.97785707593762,17.0,COMPLETE
779,-1330.0,2026-06-19 06:40:46.343930,2026-06-19 06:43:26.630232,0 days 00:02:40.286302,1.0,0.06,1.0,2.9000000000000004,0.06,1.9,2.2,-42.866721052689634,-42.866721052689634,240.7465147329338,-18.133118375535766,261.8574901844072,-1330.0,0.0,2.97785707593762,17.0,COMPLETE
780,-1330.0,2026-06-19 06:41:09.221273,2026-06-19 06:43:49.992972,0 days 00:02:40.771699,0.5,0.06,1.0,2.9000000000000004,0.06,1.9,2.2,-21.433360526344817,-21.433360526344817,120.3732573664669,-9.066559187767883,130.9287450922036,-1330.0,0.0,1.48892853796881,17.0,COMPLETE
781,-1330.0,2026-06-19 06:41:19.414657,2026-06-19 06:44:02.314215,0 days 00:02:42.899558,1.0,0.06,1.0,2.9000000000000004,0.06,1.9,1.6,-42.866721052689634,-42.866721052689634,240.7465147329338,-51.533482887702135,261.8574901844072,-1330.0,0.0,-30.42250743622875,17.0,COMPLETE
782,-1330.0,2026-06-19 06:41:50.267794,2026-06-19 06:44:33.470280,0 days 00:02:43.202486,1.0,0.06,1.0,2.9000000000000004,0.06,1.9,2.2,-42.866721052689634,-42.866721052689634,240.7465147329338,-18.133118375535766,261.8574901844072,-1330.0,0.0,2.97785707593762,17.0,COMPLETE
783,-1330.0,2026-06-19 06:42:35.007441,2026-06-19 06:45:18.083533,0 days 00:02:43.076092,1.0,0.06,1.0,2.9000000000000004,0.06,1.9,1.6,-42.866721052689634,-42.866721052689634,240.7465147329338,-51.533482887702135,261.8574901844072,-1330.0,0.0,-30.42250743622875,17.0,COMPLETE
784,-1330.0,2026-06-19 06:42:36.862844,2026-06-19 06:45:19.081033,0 days 00:02:42.218189,1.0,0.06,1.0,2.9000000000000004,0.06,1.9,2.2,-42.866721052689634,-42.866721052689634,240.7465147329338,-18.133118375535766,261.8574901844072,-1330.0,0.0,2.97785707593762,17.0,COMPLETE
785,-1330.0,2026-06-19 06:42:57.303842,2026-06-19 06:45:40.977137,0 days 00:02:43.673295,1.0,0.06,1.0,2.9000000000000004,0.06,1.9,2.2,-42.866721052689634,-42.866721052689634,240.7465147329338,-18.133118375535766,261.8574901844072,-1330.0,0.0,2.97785707593762,17.0,COMPLETE
786,-1330.0,2026-06-19 06:43:11.398297,2026-06-19 06:45:55.664057,0 days 00:02:44.265760,1.0,0.05,1.0,2.9000000000000004,0.06,1.9,2.2,-42.866721052689634,-42.866721052689634,240.7465147329338,-18.133118375535766,261.8574901844072,-1330.0,0.0,2.97785707593762,17.0,COMPLETE
787,-1330.0,2026-06-19 06:43:26.669176,2026-06-19 06:46:06.841822,0 days 00:02:40.172646,1.0,0.05,1.0,2.9000000000000004,0.06,1.9,2.2,-42.866721052689634,-42.866721052689634,240.7465147329338,-18.133118375535766,261.8574901844072,-1330.0,0.0,2.97785707593762,17.0,COMPLETE
788,-2.4128463063772854,2026-06-19 06:43:50.026306,2026-06-19 06:46:30.730728,0 days 00:02:40.704422,1.0,0.05,1.0,3.0,0.06,1.9,2.3,-42.866721052689634,-42.866721052689634,255.40406384265498,160.87122774710687,275.3275512964336,-2.4128463063772854,0.0,180.79471520088566,71.0,COMPLETE
789,-2.4128463063772854,2026-06-19 06:44:02.401181,2026-06-19 06:46:45.175090,0 days 00:02:42.773909,1.0,0.05,1.0,3.0,0.06,1.9,2.3,-42.866721052689634,-42.866721052689634,255.40406384265498,160.87122774710687,275.3275512964336,-2.4128463063772854,0.0,180.79471520088566,71.0,COMPLETE
790,-2.4128463063772854,2026-06-19 06:44:33.498960,2026-06-19 06:47:16.989685,0 days 00:02:43.490725,1.0,0.05,1.0,3.0,0.06,1.9,2.3,-42.866721052689634,-42.866721052689634,255.40406384265498,160.87122774710687,275.3275512964336,-2.4128463063772854,0.0,180.79471520088566,71.0,COMPLETE
791,-2.4128463063772854,2026-06-19 06:45:18.114690,2026-06-19 06:48:01.173568,0 days 00:02:43.058878,1.0,0.05,1.0,3.0,0.06,1.9,2.3,-42.866721052689634,-42.866721052689634,255.40406384265498,160.87122774710687,275.3275512964336,-2.4128463063772854,0.0,180.79471520088566,71.0,COMPLETE
792,-2.4128463063772854,2026-06-19 06:45:19.118568,2026-06-19 06:48:00.091603,0 days 00:02:40.973035,1.0,0.05,1.0,3.0,0.06,1.9,2.3,-42.866721052689634,-42.866721052689634,255.40406384265498,160.87122774710687,275.3275512964336,-2.4128463063772854,0.0,180.79471520088566,71.0,COMPLETE
793,-2.4128463063772854,2026-06-19 06:45:41.003624,2026-06-19 06:48:23.828230,0 days 00:02:42.824606,1.0,0.06,1.0,3.0,0.06,1.9,2.3,-42.866721052689634,-42.866721052689634,255.40406384265498,160.87122774710687,275.3275512964336,-2.4128463063772854,0.0,180.79471520088566,71.0,COMPLETE
794,-2.4128463063772854,2026-06-19 06:45:55.693532,2026-06-19 06:48:39.073916,0 days 00:02:43.380384,1.0,0.06,1.0,3.0,0.06,1.9,2.3,-42.866721052689634,-42.866721052689634,255.40406384265498,160.87122774710687,275.3275512964336,-2.4128463063772854,0.0,180.79471520088566,71.0,COMPLETE
795,-2.4128463063772854,2026-06-19 06:46:06.873200,2026-06-19 06:48:47.133583,0 days 00:02:40.260383,1.0,0.06,1.0,3.0,0.06,1.9,2.3,-42.866721052689634,-42.866721052689634,255.40406384265498,160.87122774710687,275.3275512964336,-2.4128463063772854,0.0,180.79471520088566,71.0,COMPLETE
796,-2.4128463063772854,2026-06-19 06:46:30.762932,2026-06-19 06:49:11.877657,0 days 00:02:41.114725,1.0,0.06,1.0,3.0,0.06,1.9,2.3,-42.866721052689634,-42.866721052689634,255.40406384265498,160.87122774710687,275.3275512964336,-2.4128463063772854,0.0,180.79471520088566,71.0,COMPLETE
797,-2.4128463063772854,2026-06-19 06:46:45.206774,2026-06-19 06:49:29.076643,0 days 00:02:43.869869,1.0,0.06,1.0,3.0,0.06,1.9,2.3,-42.866721052689634,-42.866721052689634,255.40406384265498,160.87122774710687,275.3275512964336,-2.4128463063772854,0.0,180.79471520088566,71.0,COMPLETE
798,-2.4128463063772854,2026-06-19 06:47:17.018472,2026-06-19 06:50:00.293908,0 days 00:02:43.275436,1.0,0.06,1.0,3.0,0.06,1.9,2.3,-42.866721052689634,-42.866721052689634,255.40406384265498,160.87122774710687,275.3275512964336,-2.4128463063772854,0.0,180.79471520088566,71.0,COMPLETE
799,-2.4128463063772854,2026-06-19 06:48:00.125267,2026-06-19 06:50:42.016389,0 days 00:02:41.891122,1.0,0.06,1.0,3.0,0.06,1.9,2.3,-42.866721052689634,-42.866721052689634,255.40406384265498,160.87122774710687,275.3275512964336,-2.4128463063772854,0.0,180.79471520088566,71.0,COMPLETE
800,-2.4128463063772854,2026-06-19 06:48:01.210803,2026-06-19 06:50:44.807584,0 days 00:02:43.596781,1.0,0.06,1.0,3.0,0.06,1.9,2.3,-42.866721052689634,-42.866721052689634,255.40406384265498,160.87122774710687,275.3275512964336,-2.4128463063772854,0.0,180.79471520088566,71.0,COMPLETE
801,-4.074356879961977,2026-06-19 06:48:23.866899,2026-06-19 06:51:07.645642,0 days 00:02:43.778743,1.0,0.06,0.9000000000000001,3.0,0.06,1.9,2.3,-42.866721052689634,-42.866721052689634,152.85303788438142,134.26406709022436,199.38368599504264,-4.074356879961977,0.0,180.79471520088566,73.0,COMPLETE
802,-4.074356879961977,2026-06-19 06:48:39.103477,2026-06-19 06:51:23.661692,0 days 00:02:44.558215,1.0,0.06,0.9000000000000001,3.0,0.06,1.9,2.3,-42.866721052689634,-42.866721052689634,152.85303788438142,134.26406709022436,199.38368599504264,-4.074356879961977,0.0,180.79471520088566,73.0,COMPLETE
803,-1280.0,2026-06-19 06:48:47.163760,2026-06-19 06:51:28.441077,0 days 00:02:41.277317,1.0,0.06,0.9000000000000001,3.0,0.06,1.9,2.9000000000000004,-42.866721052689634,-42.866721052689634,152.85303788438142,-16.079626615253378,185.04498499489824,-1280.0,0.0,16.11232049526348,22.0,COMPLETE
804,-4.074356879961977,2026-06-19 06:49:11.916198,2026-06-19 06:51:53.093508,0 days 00:02:41.177310,1.0,0.06,0.9000000000000001,3.0,0.06,1.9,2.3,-42.866721052689634,-42.866721052689634,152.85303788438142,134.26406709022436,199.38368599504264,-4.074356879961977,0.0,180.79471520088566,73.0,COMPLETE
805,-4.074356879961977,2026-06-19 06:49:29.110098,2026-06-19 06:52:12.542662,0 days 00:02:43.432564,1.0,0.06,0.9000000000000001,3.0,0.06,1.9,2.3,-42.866721052689634,-42.866721052689634,152.85303788438142,134.26406709022436,199.38368599504264,-4.074356879961977,0.0,180.79471520088566,73.0,COMPLETE
806,-4.074356879961977,2026-06-19 06:50:00.329369,2026-06-19 06:52:42.700493,0 days 00:02:42.371124,1.0,0.06,0.9000000000000001,3.0,0.06,1.9,2.3,-42.866721052689634,-42.866721052689634,152.85303788438142,134.26406709022436,199.38368599504264,-4.074356879961977,0.0,180.79471520088566,73.0,COMPLETE
807,-4.074356879961977,2026-06-19 06:50:42.059956,2026-06-19 06:53:24.724536,0 days 00:02:42.664580,1.0,0.06,0.9000000000000001,3.0,0.06,1.9,2.3,-42.866721052689634,-42.866721052689634,152.85303788438142,134.26406709022436,199.38368599504264,-4.074356879961977,0.0,180.79471520088566,73.0,COMPLETE
808,-1320.0,2026-06-19 06:50:44.842415,2026-06-19 06:53:28.139575,0 days 00:02:43.297160,1.0,0.06,0.9000000000000001,3.0,0.06,1.9,2.2,-42.866721052689634,-42.866721052689634,152.85303788438142,-29.214090034579236,185.04498499489824,-1320.0,0.0,2.97785707593762,18.0,COMPLETE
809,-1340.0,2026-06-19 06:51:07.678119,2026-06-19 06:53:51.074258,0 days 00:02:43.396139,1.0,0.04,1.0,3.0,0.06,1.9,2.2,-42.866721052689634,-42.866721052689634,255.40406384265498,-2.6069293776967726,260.9888502962893,-1340.0,0.0,2.97785707593762,16.0,COMPLETE
810,-1300.0,2026-06-19 06:51:23.696913,2026-06-19 06:54:07.726144,0 days 00:02:44.029231,1.0,0.04,1.0,3.0,0.06,1.9,2.9000000000000004,-42.866721052689634,-42.866721052689634,255.40406384265498,10.527534041629089,260.9888502962893,-1300.0,0.0,16.11232049526348,20.0,COMPLETE
811,-1340.0,2026-06-19 06:51:28.472526,2026-06-19 06:54:09.118168,0 days 00:02:40.645642,1.0,0.04,1.0,3.0,0.06,1.9,1.1,-42.866721052689634,-42.866721052689634,255.40406384265498,-3.6870874607664383,262.9751641406061,-1340.0,0.0,3.8840128371847773,16.0,COMPLETE
812,-1330.0,2026-06-19 06:51:53.126375,2026-06-19 06:54:34.129271,0 days 00:02:41.002896,1.0,0.04,1.0,2.9000000000000004,0.06,1.9,2.2,-42.866721052689634,-42.866721052689634,240.7465147329338,-18.133118375535766,261.8574901844072,-1330.0,0.0,2.97785707593762,17.0,COMPLETE
813,-1330.0,2026-06-19 06:52:12.576533,2026-06-19 06:54:56.462188,0 days 00:02:43.885655,1.0,0.04,1.0,2.9000000000000004,0.06,1.9,2.2,-42.866721052689634,-42.866721052689634,240.7465147329338,-18.133118375535766,261.8574901844072,-1330.0,0.0,2.97785707593762,17.0,COMPLETE
814,-1330.0,2026-06-19 06:52:42.736666,2026-06-19 06:55:25.873439,0 days 00:02:43.136773,1.0,0.04,1.0,2.9000000000000004,0.06,1.9,2.2,-42.866721052689634,-42.866721052689634,240.7465147329338,-18.133118375535766,261.8574901844072,-1330.0,0.0,2.97785707593762,17.0,COMPLETE
815,-1310.0,2026-06-19 06:53:24.755942,2026-06-19 06:56:05.837684,0 days 00:02:41.081742,1.0,0.06,0.3,2.9000000000000004,0.06,1.9,2.2,-42.866721052689634,-42.866721052689634,-241.43571534583012,-133.1145015697739,-105.34335670011862,-1310.0,0.0,2.97785707593762,19.0,COMPLETE
816,-1330.0,2026-06-19 06:53:28.169540,2026-06-19 06:56:10.571075,0 days 00:02:42.401535,1.0,0.04,1.0,2.9000000000000004,0.06,1.9,2.2,-42.866721052689634,-42.866721052689634,240.7465147329338,-18.133118375535766,261.8574901844072,-1330.0,0.0,2.97785707593762,17.0,COMPLETE
817,-1330.0,2026-06-19 06:53:51.113030,2026-06-19 06:56:35.246028,0 days 00:02:44.132998,1.0,0.04,1.0,2.9000000000000004,0.04,1.9,2.2,-42.866721052689634,-42.866721052689634,240.7465147329338,-18.133118375535766,261.8574901844072,-1330.0,0.0,2.97785707593762,17.0,COMPLETE
818,-1330.0,2026-06-19 06:54:07.758926,2026-06-19 06:56:51.749622,0 days 00:02:43.990696,1.0,0.04,1.0,2.9000000000000004,0.06,1.9,2.2,-42.866721052689634,-42.866721052689634,240.7465147329338,-18.133118375535766,261.8574901844072,-1330.0,0.0,2.97785707593762,17.0,COMPLETE
819,-1330.0,2026-06-19 06:54:09.156093,2026-06-19 06:56:48.558045,0 days 00:02:39.401952,1.0,0.06,1.0,2.9000000000000004,0.04,1.9,2.2,-42.866721052689634,-42.866721052689634,240.7465147329338,-18.133118375535766,261.8574901844072,-1330.0,0.0,2.97785707593762,17.0,COMPLETE
820,-2.524793378661091,2026-06-19 06:54:34.167989,2026-06-19 06:57:15.475319,0 days 00:02:41.307330,1.0,0.06,1.0,2.9000000000000004,0.04,1.9,2.3,-42.866721052689634,-42.866721052689634,240.7465147329338,145.34503874926784,276.19619118455154,-2.524793378661091,0.0,180.79471520088566,72.0,COMPLETE
821,-2.524793378661091,2026-06-19 06:54:56.499443,2026-06-19 06:57:39.532711,0 days 00:02:43.033268,1.0,0.06,1.0,2.9000000000000004,0.06,1.9,2.3,-42.866721052689634,-42.866721052689634,240.7465147329338,145.34503874926784,276.19619118455154,-2.524793378661091,0.0,180.79471520088566,72.0,COMPLETE
822,-2.524793378661091,2026-06-19 06:55:25.913019,2026-06-19 06:58:09.584393,0 days 00:02:43.671374,1.0,0.06,1.0,2.9000000000000004,0.04,1.9,2.3,-42.866721052689634,-42.866721052689634,240.7465147329338,145.34503874926784,276.19619118455154,-2.524793378661091,0.0,180.79471520088566,72.0,COMPLETE
823,-2.524793378661091,2026-06-19 06:56:05.874002,2026-06-19 06:58:48.304060,0 days 00:02:42.430058,1.0,0.06,1.0,2.9000000000000004,0.04,1.9,2.3,-42.866721052689634,-42.866721052689634,240.7465147329338,145.34503874926784,276.19619118455154,-2.524793378661091,0.0,180.79471520088566,72.0,COMPLETE
824,-2.4128463063772854,2026-06-19 06:56:10.601156,2026-06-19 06:58:54.669341,0 days 00:02:44.068185,1.0,0.06,1.0,3.0,0.06,1.9,2.3,-42.866721052689634,-42.866721052689634,255.40406384265498,160.87122774710687,275.3275512964336,-2.4128463063772854,0.0,180.79471520088566,71.0,COMPLETE
825,-2.4128463063772854,2026-06-19 06:56:35.277911,2026-06-19 06:59:20.350261,0 days 00:02:45.072350,1.0,0.06,1.0,3.0,0.06,1.9,2.3,-42.866721052689634,-42.866721052689634,255.40406384265498,160.87122774710687,275.3275512964336,-2.4128463063772854,0.0,180.79471520088566,71.0,COMPLETE
826,-1240.0,2026-06-19 06:56:48.591192,2026-06-19 06:59:29.421260,0 days 00:02:40.830068,0.5,0.06,1.0,3.0,0.06,1.9,2.3,-21.433360526344817,-21.433360526344817,127.70203192132749,31.647043443794768,133.07342482141868,-1240.0,0.0,37.01843634388598,26.0,COMPLETE
827,-1240.0,2026-06-19 06:56:51.784945,2026-06-19 06:59:35.234381,0 days 00:02:43.449436,0.5,0.06,1.0,3.0,0.06,1.9,2.3,-21.433360526344817,-21.433360526344817,127.70203192132749,31.647043443794768,133.07342482141868,-1240.0,0.0,37.01843634388598,26.0,COMPLETE
828,-1240.0,2026-06-19 06:57:15.503800,2026-06-19 06:59:56.428275,0 days 00:02:40.924475,0.5,0.06,1.0,3.0,0.06,1.9,2.3,-21.433360526344817,-21.433360526344817,127.70203192132749,31.647043443794768,133.07342482141868,-1240.0,0.0,37.01843634388598,26.0,COMPLETE
829,-1240.0,2026-06-19 06:57:39.564447,2026-06-19 07:00:22.748800,0 days 00:02:43.184353,0.5,0.06,1.0,3.0,0.06,1.9,2.3,-21.433360526344817,-21.433360526344817,127.70203192132749,31.647043443794768,133.07342482141868,-1240.0,0.0,37.01843634388598,26.0,COMPLETE
830,-1240.0,2026-06-19 06:58:09.621859,2026-06-19 07:00:52.293309,0 days 00:02:42.671450,0.5,0.06,1.0,3.0,0.06,1.9,2.3,-21.433360526344817,-21.433360526344817,127.70203192132749,31.647043443794768,133.07342482141868,-1240.0,0.0,37.01843634388598,26.0,COMPLETE
831,-1240.0,2026-06-19 06:58:48.336421,2026-06-19 07:01:30.204250,0 days 00:02:41.867829,0.5,0.06,1.0,3.0,0.06,1.9,2.3,-21.433360526344817,-21.433360526344817,127.70203192132749,31.647043443794768,133.07342482141868,-1240.0,0.0,37.01843634388598,26.0,COMPLETE
832,-1340.0,2026-06-19 06:58:54.699801,2026-06-19 07:01:37.306890,0 days 00:02:42.607089,0.5,0.06,1.0,3.0,0.06,1.1,2.3,-21.433360526344817,-21.433360526344817,127.70203192132749,-12.657577058284232,131.48758207030306,-1340.0,0.0,-8.872026909308625,16.0,COMPLETE
833,-1260.0,2026-06-19 06:59:20.379568,2026-06-19 07:02:04.260640,0 days 00:02:43.881072,0.5,0.06,1.0,3.0,0.06,2.0,2.3,-21.433360526344817,-21.433360526344817,127.70203192132749,27.47704089994762,133.07342482141868,-1260.0,0.0,32.84843380003885,24.0,COMPLETE
834,-1340.0,2026-06-19 06:59:29.451341,2026-06-19 07:02:09.714044,0 days 00:02:40.262703,1.0,0.05,1.0,3.0,0.06,1.1,2.3,-42.866721052689634,-42.866721052689634,255.40406384265498,-25.315154116568465,262.9751641406061,-1340.0,0.0,-17.74405381861725,16.0,COMPLETE
835,-1340.0,2026-06-19 06:59:35.263499,2026-06-19 07:02:19.457276,0 days 00:02:44.193777,1.0,0.05,1.0,3.0,0.06,2.0,2.1,-42.866721052689634,-42.866721052689634,255.40406384265498,-2.6069293776967726,260.9888502962893,-1340.0,0.0,2.97785707593762,16.0,COMPLETE
836,-1340.0,2026-06-19 06:59:56.457138,2026-06-19 07:02:36.884034,0 days 00:02:40.426896,1.0,0.05,1.0,3.0,0.06,2.0,2.1,-42.866721052689634,-42.866721052689634,255.40406384265498,-2.6069293776967726,260.9888502962893,-1340.0,0.0,2.97785707593762,16.0,COMPLETE
