number,value,datetime_start,datetime_complete,duration,params_MR_BB_PERIOD,params_MR_BB_STD,params_MR_RSI_OVERBOUGHT,params_MR_RSI_OVERSOLD,params_MR_RSI_PERIOD,params_MR_VOL_SPIKE_MULT,params_MR_VWAP_DEV_PCT,params_TP_BB_PERIOD,params_TP_BB_STD,params_TP_RSI_PERIOD,user_attrs_MB_PnL,user_attrs_MR_PnL,user_attrs_QQQ_PnL,user_attrs_SPY_PnL,user_attrs_Score,user_attrs_TF_PnL,user_attrs_TP_PnL,user_attrs_Total_Trades,state
655,27.068475358940987,2026-07-22 07:57:14.305098,2026-07-22 08:01:03.620080,0 days 00:03:49.314982,12,1.5,63.0,28.0,5,0.1,0.002,10,3.0,5,0.0,-90.71548109190822,-68.90551981889782,-18.436485942251394,27.068475358940987,0.0,3.3734753307589527,395.0,COMPLETE
656,27.068475358940987,2026-07-22 07:57:25.573499,2026-07-22 08:01:14.369226,0 days 00:03:48.795727,12,1.5,63.0,28.0,5,0.1,0.002,10,3.0,5,0.0,-90.71548109190822,-68.90551981889782,-18.436485942251394,27.068475358940987,0.0,3.3734753307589527,395.0,COMPLETE
657,29.657200058347332,2026-07-22 07:57:57.618550,2026-07-22 08:01:48.406772,0 days 00:03:50.788222,10,1.5,63.0,28.0,5,0.1,0.001,10,3.0,5,0.0,-110.0344252532231,-57.48718287851562,-38.65686083664767,29.657200058347332,0.0,13.890381538059806,428.0,COMPLETE
658,16.280051686644516,2026-07-22 07:58:17.096324,2026-07-22 08:01:52.344762,0 days 00:03:35.248438,10,1.5,63.0,27.0,19,0.1,0.002,10,3.0,6,0.0,-48.55596745042207,-40.34055761066664,-15.638118882647067,16.280051686644516,0.0,-7.422709042891615,240.0,COMPLETE
659,29.043540621478005,2026-07-22 07:58:22.996583,2026-07-22 08:02:14.366016,0 days 00:03:51.369433,10,1.5,62.0,27.0,5,0.1,0.001,10,3.0,6,0.0,-99.83625806280726,-56.04576357979593,-34.03984587391198,29.043540621478005,0.0,9.750648609099354,417.0,COMPLETE
660,29.043540621478005,2026-07-22 07:58:23.101711,2026-07-22 08:02:12.195715,0 days 00:03:49.094004,10,1.5,62.0,27.0,5,0.1,0.001,10,3.0,6,0.0,-99.83625806280726,-56.04576357979593,-34.03984587391198,29.043540621478005,0.0,9.750648609099354,417.0,COMPLETE
661,29.872876578192457,2026-07-22 07:58:26.936865,2026-07-22 08:02:20.774289,0 days 00:03:53.837424,10,1.5,62.0,30.0,5,0.1,0.001,10,3.0,6,0.0,-92.70208381341723,-60.196158617186484,-22.936842736687442,29.872876578192457,0.0,9.569082459543372,424.0,COMPLETE
662,29.77299138470097,2026-07-22 07:58:33.921168,2026-07-22 08:02:26.268377,0 days 00:03:52.347209,10,1.5,62.0,30.0,5,0.1,0.001,11,3.0,6,0.0,-92.70208381341723,-60.196158617186484,-27.038193671555657,29.77299138470097,0.0,5.467731524675159,425.0,COMPLETE
663,20.556140079568653,2026-07-22 07:59:42.019657,2026-07-22 08:03:24.289711,0 days 00:03:42.270054,10,1.5,62.0,30.0,15,0.1,0.001,11,3.0,6,0.0,-46.8743483639134,-38.00155383557947,-24.28259483991106,20.556140079568653,0.0,-15.409800311577126,296.0,COMPLETE
664,29.77299138470097,2026-07-22 08:00:35.973419,2026-07-22 08:04:23.162531,0 days 00:03:47.189112,10,1.5,62.0,30.0,5,0.1,0.001,11,3.0,6,0.0,-92.70208381341723,-60.196158617186484,-27.038193671555657,29.77299138470097,0.0,5.467731524675159,425.0,COMPLETE
665,20.556140079568653,2026-07-22 08:01:03.689963,2026-07-22 08:04:47.485220,0 days 00:03:43.795257,10,1.5,62.0,30.0,15,0.1,0.001,11,3.0,6,0.0,-46.8743483639134,-38.00155383557947,-24.28259483991106,20.556140079568653,0.0,-15.409800311577126,296.0,COMPLETE
666,29.518634554845796,2026-07-22 08:01:14.426647,2026-07-22 08:05:04.404368,0 days 00:03:49.977721,10,1.5,62.0,30.0,5,0.2,0.001,11,2.9000000000000004,6,0.0,-100.50347374846316,-68.48604348126652,-26.549698742521503,29.518634554845796,0.0,5.467731524675159,426.0,COMPLETE
667,29.518634554845796,2026-07-22 08:01:48.456615,2026-07-22 08:05:40.191884,0 days 00:03:51.735269,10,1.5,62.0,30.0,5,0.2,0.001,11,2.9000000000000004,6,0.0,-100.50347374846316,-68.48604348126652,-26.549698742521503,29.518634554845796,0.0,5.467731524675159,426.0,COMPLETE
668,29.518634554845796,2026-07-22 08:01:52.393567,2026-07-22 08:05:37.252443,0 days 00:03:44.858876,10,1.5,62.0,30.0,5,0.2,0.001,11,2.9000000000000004,6,0.0,-100.50347374846316,-68.48604348126652,-26.549698742521503,29.518634554845796,0.0,5.467731524675159,426.0,COMPLETE
669,29.518634554845796,2026-07-22 08:02:12.258684,2026-07-22 08:06:01.859506,0 days 00:03:49.600822,10,1.5,62.0,30.0,5,0.2,0.001,11,2.9000000000000004,6,0.0,-100.50347374846316,-68.48604348126652,-26.549698742521503,29.518634554845796,0.0,5.467731524675159,426.0,COMPLETE
670,29.518634554845796,2026-07-22 08:02:14.431088,2026-07-22 08:06:05.521267,0 days 00:03:51.090179,10,1.5,62.0,30.0,5,0.2,0.001,12,2.9000000000000004,6,0.0,-100.50347374846316,-68.48604348126652,-26.549698742521503,29.518634554845796,0.0,5.467731524675159,426.0,COMPLETE
671,28.372123184478774,2026-07-22 08:02:20.843665,2026-07-22 08:06:10.739145,0 days 00:03:49.895480,10,1.6,62.0,30.0,5,0.1,0.001,11,2.9000000000000004,6,0.0,-75.18012767155294,-45.391211827420754,-23.037825194578456,28.372123184478774,0.0,6.751090649553795,398.0,COMPLETE
672,28.19004365168968,2026-07-22 08:02:26.325563,2026-07-22 08:06:14.527184,0 days 00:03:48.201621,10,1.6,62.0,30.0,5,0.2,0.001,11,2.9000000000000004,6,0.0,-79.32518284852524,-50.02476193342719,-22.549330265544302,28.19004365168968,0.0,6.751090649553795,398.0,COMPLETE
673,28.19004365168968,2026-07-22 08:03:24.340117,2026-07-22 08:07:10.761047,0 days 00:03:46.420930,10,1.6,60.0,30.0,5,0.2,0.001,11,2.9000000000000004,6,0.0,-79.32518284852524,-50.02476193342719,-22.549330265544302,28.19004365168968,0.0,6.751090649553795,398.0,COMPLETE
674,28.19004365168968,2026-07-22 08:04:23.212442,2026-07-22 08:08:08.443326,0 days 00:03:45.230884,10,1.6,60.0,30.0,5,0.2,0.001,11,2.9000000000000004,6,0.0,-79.32518284852524,-50.02476193342719,-22.549330265544302,28.19004365168968,0.0,6.751090649553795,398.0,COMPLETE
675,15.875990156390218,2026-07-22 08:04:47.546243,2026-07-22 08:08:27.657705,0 days 00:03:40.111462,10,1.9,60.0,30.0,5,0.2,0.001,11,2.9000000000000004,17,0.0,-68.11619438431941,-36.40419109157655,-41.04014520456359,15.875990156390218,0.0,-9.32814191182073,246.0,COMPLETE
676,28.19004365168968,2026-07-22 08:05:04.465979,2026-07-22 08:08:52.521816,0 days 00:03:48.055837,10,1.6,60.0,30.0,5,0.2,0.001,12,2.9000000000000004,6,0.0,-79.32518284852524,-50.02476193342719,-22.549330265544302,28.19004365168968,0.0,6.751090649553795,398.0,COMPLETE
677,27.310010278398067,2026-07-22 08:05:37.323095,2026-07-22 08:09:20.034321,0 days 00:03:42.711226,11,1.6,60.0,29.0,5,0.2,0.001,12,2.9000000000000004,6,0.0,-87.38726415859524,-66.37265598305683,-28.02775429538665,27.310010278398067,0.0,-7.013146119848187,398.0,COMPLETE
678,27.310010278398067,2026-07-22 08:05:40.251738,2026-07-22 08:09:29.212498,0 days 00:03:48.960760,11,1.6,60.0,29.0,5,0.2,0.001,12,2.9000000000000004,6,0.0,-87.38726415859524,-66.37265598305683,-28.02775429538665,27.310010278398067,0.0,-7.013146119848187,398.0,COMPLETE
679,27.310010278398067,2026-07-22 08:06:01.919788,2026-07-22 08:09:51.830851,0 days 00:03:49.911063,11,1.6,64.0,29.0,5,0.2,0.001,12,3.0,6,0.0,-87.38726415859524,-66.37265598305683,-28.02775429538665,27.310010278398067,0.0,-7.013146119848187,398.0,COMPLETE
680,27.310010278398067,2026-07-22 08:06:05.618388,2026-07-22 08:09:55.832679,0 days 00:03:50.214291,11,1.6,60.0,29.0,5,0.2,0.001,12,3.0,6,0.0,-87.38726415859524,-66.37265598305683,-28.02775429538665,27.310010278398067,0.0,-7.013146119848187,398.0,COMPLETE
681,27.647649618886085,2026-07-22 08:06:10.796725,2026-07-22 08:10:02.059877,0 days 00:03:51.263152,11,1.6,60.0,29.0,5,0.2,0.001,12,3.0,5,0.0,-96.78488869302883,-66.42527805822246,-34.90856074906102,27.647649618886085,0.0,-4.5489501142546525,406.0,COMPLETE
682,27.647649618886085,2026-07-22 08:06:14.592099,2026-07-22 08:10:05.178273,0 days 00:03:50.586174,11,1.6,60.0,29.0,5,0.2,0.001,12,3.0,5,0.0,-96.78488869302883,-66.42527805822246,-34.90856074906102,27.647649618886085,0.0,-4.5489501142546525,406.0,COMPLETE
683,27.77331838079649,2026-07-22 08:07:10.824388,2026-07-22 08:10:59.565440,0 days 00:03:48.741052,11,1.6,60.0,29.0,5,0.1,0.001,12,3.0,5,0.0,-91.99949161879046,-61.151386054949974,-35.397055678095164,27.77331838079649,0.0,-4.5489501142546525,405.0,COMPLETE
684,29.777507976210725,2026-07-22 08:08:08.507822,2026-07-22 08:11:56.789541,0 days 00:03:48.281719,11,1.5,64.0,29.0,5,0.1,0.001,12,3.0,5,0.0,-92.16651732157327,-52.51057620250112,-41.42639446999253,29.777507976210725,0.0,-1.77045335092043,429.0,COMPLETE
685,19.519893046899874,2026-07-22 08:08:27.704224,2026-07-22 08:12:09.581190,0 days 00:03:41.876966,11,1.5,64.0,29.0,5,0.1,0.005,12,3.0,5,0.0,-34.5349543990811,-33.16967941645632,-32.66888750410869,19.519893046899874,0.0,-31.30361252148386,286.0,COMPLETE
686,29.777507976210725,2026-07-22 08:08:52.580759,2026-07-22 08:12:42.763695,0 days 00:03:50.182936,11,1.5,64.0,29.0,5,0.1,0.001,12,3.0,5,0.0,-92.16651732157327,-52.51057620250112,-41.42639446999253,29.777507976210725,0.0,-1.77045335092043,429.0,COMPLETE
687,29.777507976210725,2026-07-22 08:09:20.084555,2026-07-22 08:13:06.707227,0 days 00:03:46.622672,11,1.5,64.0,29.0,5,0.1,0.001,13,3.0,5,0.0,-92.16651732157327,-52.51057620250112,-41.42639446999253,29.777507976210725,0.0,-1.77045335092043,429.0,COMPLETE
688,29.863124580326232,2026-07-22 08:09:29.271885,2026-07-22 08:13:20.680680,0 days 00:03:51.408795,11,1.5,64.0,29.0,5,0.1,0.001,10,3.0,5,0.0,-92.16651732157327,-52.51057620250112,-37.32504353512432,29.863124580326232,0.0,2.3308975839477837,428.0,COMPLETE
689,29.863124580326232,2026-07-22 08:09:51.883018,2026-07-22 08:13:43.781984,0 days 00:03:51.898966,11,1.5,64.0,29.0,5,0.1,0.001,10,3.0,5,0.0,-92.16651732157327,-52.51057620250112,-37.32504353512432,29.863124580326232,0.0,2.3308975839477837,428.0,COMPLETE
690,29.597314349811132,2026-07-22 08:09:55.886143,2026-07-22 08:13:48.441117,0 days 00:03:52.554974,11,1.5,64.0,29.0,5,0.30000000000000004,0.001,13,3.0,5,0.0,-96.3471209336784,-57.179674743640426,-40.937899540958384,29.597314349811132,0.0,-1.77045335092043,429.0,COMPLETE
691,29.777507976210725,2026-07-22 08:10:02.124187,2026-07-22 08:13:56.014434,0 days 00:03:53.890247,11,1.5,64.0,29.0,5,0.1,0.001,13,3.0,5,0.0,-92.16651732157327,-52.51057620250112,-41.42639446999253,29.777507976210725,0.0,-1.77045335092043,429.0,COMPLETE
692,24.315349571143013,2026-07-22 08:10:05.234922,2026-07-22 08:13:52.153466,0 days 00:03:46.918544,11,1.5,64.0,29.0,11,0.1,0.001,13,3.0,5,0.0,-45.70388100914535,-33.549323482198105,-12.118845989231088,24.315349571143013,0.0,0.035711537716144104,336.0,COMPLETE
693,29.84363061089835,2026-07-22 08:10:59.635490,2026-07-22 08:14:47.916121,0 days 00:03:48.280631,10,1.5,64.0,29.0,5,0.30000000000000004,0.001,13,3.0,5,0.0,-110.18692898636232,-65.42808171419621,-35.27091435902882,29.84363061089835,0.0,9.487932913137241,433.0,COMPLETE
694,30.027305961672973,2026-07-22 08:11:56.846038,2026-07-22 08:15:42.896787,0 days 00:03:46.050749,10,1.5,61.0,29.0,5,0.30000000000000004,0.001,10,3.0,5,0.0,-110.03025398045563,-65.42808171419621,-31.012888418253915,30.027305961672973,0.0,13.589283848005461,433.0,COMPLETE
695,30.16688202930401,2026-07-22 08:12:09.638380,2026-07-22 08:16:00.355863,0 days 00:03:50.717483,10,1.5,61.0,31.0,5,0.30000000000000004,0.001,10,3.0,5,0.0,-109.53346704025756,-67.7442722307274,-27.169002512349362,30.16688202930401,0.0,14.620192297180852,434.0,COMPLETE
696,29.450484765356418,2026-07-22 08:12:42.830638,2026-07-22 08:16:32.284728,0 days 00:03:49.454090,10,1.5,61.0,31.0,6,0.30000000000000004,0.001,10,3.0,5,0.0,-115.2095641416488,-68.20140013909162,-34.32873755735527,29.450484765356418,0.0,12.679426445201893,429.0,COMPLETE
697,29.450484765356418,2026-07-22 08:13:06.761230,2026-07-22 08:16:51.973601,0 days 00:03:45.212371,10,1.5,61.0,31.0,6,0.30000000000000004,0.001,10,2.4,5,0.0,-115.2095641416488,-68.20140013909162,-34.32873755735527,29.450484765356418,0.0,12.679426445201893,429.0,COMPLETE
698,29.450484765356418,2026-07-22 08:13:20.735586,2026-07-22 08:17:11.237339,0 days 00:03:50.501753,10,1.5,61.0,31.0,6,0.30000000000000004,0.001,10,3.0,5,0.0,-115.2095641416488,-68.20140013909162,-34.32873755735527,29.450484765356418,0.0,12.679426445201893,429.0,COMPLETE
699,26.573760206476052,2026-07-22 08:13:43.850343,2026-07-22 08:17:34.381547,0 days 00:03:50.531204,10,1.5,61.0,31.0,6,0.30000000000000004,0.001,31,3.0,5,0.0,-107.5710418480977,-79.16320654870393,-36.17082204150904,26.573760206476052,0.0,-7.76298674211527,400.0,COMPLETE
700,29.450484765356418,2026-07-22 08:13:48.507935,2026-07-22 08:17:41.158187,0 days 00:03:52.650252,10,1.5,61.0,31.0,6,0.30000000000000004,0.001,10,3.0,5,0.0,-115.2095641416488,-68.20140013909162,-34.32873755735527,29.450484765356418,0.0,12.679426445201893,429.0,COMPLETE
701,18.525670575739287,2026-07-22 08:13:52.201816,2026-07-22 08:17:32.794431,0 days 00:03:40.592615,10,2.1,61.0,31.0,6,0.30000000000000004,0.001,10,2.4,5,0.0,-41.09281903577756,-18.41839806463487,-26.299115948517283,18.525670575739287,0.0,-3.6246949773745767,265.0,COMPLETE
702,29.450484765356418,2026-07-22 08:13:56.074188,2026-07-22 08:17:48.720123,0 days 00:03:52.645935,10,1.5,61.0,31.0,6,0.30000000000000004,0.001,10,3.0,5,0.0,-115.2095641416488,-68.20140013909162,-34.32873755735527,29.450484765356418,0.0,12.679426445201893,429.0,COMPLETE
703,26.54126497246005,2026-07-22 08:14:47.973862,2026-07-22 08:18:36.793021,0 days 00:03:48.819159,10,1.5,62.0,31.0,6,0.30000000000000004,0.001,31,2.4,5,0.0,-106.3796598821506,-79.16320654870393,-34.97944007556194,26.54126497246005,0.0,-7.76298674211527,399.0,COMPLETE
704,27.988484671671877,2026-07-22 08:15:42.962423,2026-07-22 08:19:29.915401,0 days 00:03:46.952978,10,1.5,61.0,28.0,6,0.30000000000000004,0.001,10,3.0,5,0.0,-108.70319461145732,-64.46030101725295,-31.493622072302657,27.988484671671877,0.0,12.749271521901678,407.0,COMPLETE
705,28.716436968789086,2026-07-22 08:16:00.422963,2026-07-22 08:19:48.899839,0 days 00:03:48.476876,10,1.5,61.0,31.0,6,0.30000000000000004,0.001,10,3.0,7,0.0,-109.59218458143792,-75.46078501134461,-27.20106878527529,28.716436968789086,0.0,6.930330784818047,420.0,COMPLETE
706,20.940072989639265,2026-07-22 08:16:32.346609,2026-07-22 08:20:17.495928,0 days 00:03:45.149319,10,1.5,61.0,28.0,6,1.7000000000000002,0.001,10,3.0,5,0.0,-60.90924326496915,-59.08785987321457,-10.053606302713682,20.940072989639265,0.0,-8.232222910959171,306.0,COMPLETE
707,12.250296299564827,2026-07-22 08:16:52.048124,2026-07-22 08:20:25.344824,0 days 00:03:33.296700,10,1.5,61.0,28.0,6,0.30000000000000004,0.008,10,3.0,7,0.0,-14.003105197407208,-15.243294395169638,-21.840303456680882,12.250296299564827,0.0,-23.0804926544433,178.0,COMPLETE
708,27.187332456214595,2026-07-22 08:17:11.316072,2026-07-22 08:21:00.273458,0 days 00:03:48.957386,10,1.5,61.0,28.0,6,0.30000000000000004,0.001,10,3.0,6,0.0,-111.59210483999374,-65.7395232553731,-36.333185588875814,27.187332456214595,0.0,9.519395995744796,400.0,COMPLETE
709,25.019715698822214,2026-07-22 08:17:32.864060,2026-07-22 08:21:21.298051,0 days 00:03:48.433991,10,1.5,61.0,28.0,5,1.2000000000000002,0.001,10,3.0,7,0.0,-79.30385621252944,-76.91601089638125,-13.820676827453223,25.019715698822214,0.0,-11.43283151130509,368.0,COMPLETE
710,26.901748780090255,2026-07-22 08:17:34.452956,2026-07-22 08:21:23.068008,0 days 00:03:48.615052,10,1.5,61.0,28.0,5,0.30000000000000004,0.001,10,3.0,9,0.0,-112.2905023777223,-74.24255378108349,-34.84467508890253,26.901748780090255,0.0,3.203273507736262,401.0,COMPLETE
711,28.562784293464766,2026-07-22 08:17:41.232531,2026-07-22 08:21:33.413654,0 days 00:03:52.181123,10,1.5,61.0,28.0,5,0.30000000000000004,0.001,10,3.0,7,0.0,-111.32612250310822,-71.25771308589852,-33.39833707869327,28.562784293464766,0.0,6.670072338516425,419.0,COMPLETE
712,28.562784293464766,2026-07-22 08:17:48.783903,2026-07-22 08:21:40.601366,0 days 00:03:51.817463,10,1.5,61.0,28.0,5,0.30000000000000004,0.001,10,3.0,7,0.0,-111.32612250310822,-71.25771308589852,-33.39833707869327,28.562784293464766,0.0,6.670072338516425,419.0,COMPLETE
713,28.974313246743584,2026-07-22 08:18:36.864775,2026-07-22 08:22:25.614252,0 days 00:03:48.749477,10,1.5,61.0,28.0,5,0.30000000000000004,0.001,10,3.0,6,0.0,-107.83241246228295,-65.2775504517657,-31.89435599861433,28.974313246743584,0.0,10.66050601190292,420.0,COMPLETE
714,26.890290857777458,2026-07-22 08:19:29.979370,2026-07-22 08:23:17.030618,0 days 00:03:47.051248,10,1.5,61.0,28.0,5,0.30000000000000004,0.001,28,3.0,7,0.0,-111.92853783126405,-75.87296607922659,-39.47337873724831,26.890290857777458,0.0,-3.417806985210886,404.0,COMPLETE
715,28.974313246743584,2026-07-22 08:19:48.953875,2026-07-22 08:23:37.898766,0 days 00:03:48.944891,10,1.5,61.0,28.0,5,0.30000000000000004,0.001,10,3.0,6,0.0,-107.83241246228295,-65.2775504517657,-31.89435599861433,28.974313246743584,0.0,10.66050601190292,420.0,COMPLETE
716,24.336896232431013,2026-07-22 08:20:17.552290,2026-07-22 08:24:05.400757,0 days 00:03:47.848467,10,1.5,61.0,28.0,5,0.2,0.001,10,3.0,18,0.0,-114.97630020988578,-78.85612985484799,-37.65568611740522,24.336896232431013,0.0,-1.535515762367431,373.0,COMPLETE
717,28.759574895728772,2026-07-22 08:20:25.404634,2026-07-22 08:24:11.083028,0 days 00:03:45.678394,11,1.5,61.0,28.0,5,0.30000000000000004,0.001,11,3.0,6,0.0,-89.85462806657422,-55.93201384386635,-38.47466007338786,28.759574895728772,0.0,-4.55204585068,416.0,COMPLETE
718,28.76101181862094,2026-07-22 08:21:00.339240,2026-07-22 08:24:50.684808,0 days 00:03:50.345568,11,1.5,62.0,28.0,5,0.30000000000000004,0.001,11,3.0,6,0.0,-89.82086535465167,-55.89825113194381,-38.47466007338786,28.76101181862094,0.0,-4.55204585068,416.0,COMPLETE
719,28.76101181862094,2026-07-22 08:21:21.366605,2026-07-22 08:25:14.051606,0 days 00:03:52.685001,11,1.5,62.0,28.0,5,0.30000000000000004,0.001,11,2.9000000000000004,6,0.0,-89.82086535465167,-55.89825113194381,-38.47466007338786,28.76101181862094,0.0,-4.55204585068,416.0,COMPLETE
720,26.71992175589822,2026-07-22 08:21:23.124761,2026-07-22 08:25:11.775259,0 days 00:03:48.650498,11,1.5,62.0,23.0,5,0.2,0.001,11,2.9000000000000004,6,0.0,-103.17236351125476,-65.46892926365547,-41.74509712515338,26.71992175589822,0.0,-4.041662877554079,396.0,COMPLETE
721,29.305095845134375,2026-07-22 08:21:33.470666,2026-07-22 08:25:25.649634,0 days 00:03:52.178968,11,1.5,62.0,29.0,5,0.2,0.001,11,2.9000000000000004,6,0.0,-88.1619668998395,-58.913602084399734,-34.101508356174115,29.305095845134375,0.0,-4.853143540734343,422.0,COMPLETE
722,27.310010278398067,2026-07-22 08:21:40.668401,2026-07-22 08:25:30.122564,0 days 00:03:49.454163,11,1.6,62.0,29.0,5,0.2,0.001,11,2.9000000000000004,6,0.0,-87.38726415859524,-66.37265598305683,-28.02775429538665,27.310010278398067,0.0,-7.013146119848187,398.0,COMPLETE
723,22.63921175414035,2026-07-22 08:22:25.672683,2026-07-22 08:26:10.964173,0 days 00:03:45.291490,11,1.6,62.0,29.0,5,0.2,0.001,11,2.9000000000000004,19,0.0,-91.78125817678992,-70.62775825217271,-26.03668188031164,22.63921175414035,0.0,-4.883181955694366,342.0,COMPLETE
724,27.310010278398067,2026-07-22 08:23:17.084132,2026-07-22 08:27:02.413706,0 days 00:03:45.329574,11,1.6,62.0,29.0,5,0.2,0.001,11,2.9000000000000004,6,0.0,-87.38726415859524,-66.37265598305683,-28.02775429538665,27.310010278398067,0.0,-7.013146119848187,398.0,COMPLETE
725,27.310010278398067,2026-07-22 08:23:37.951077,2026-07-22 08:27:27.057312,0 days 00:03:49.106235,11,1.6,62.0,29.0,5,0.2,0.001,11,2.9000000000000004,6,0.0,-87.38726415859524,-66.37265598305683,-28.02775429538665,27.310010278398067,0.0,-7.013146119848187,398.0,COMPLETE
726,27.310010278398067,2026-07-22 08:24:05.453186,2026-07-22 08:27:53.447006,0 days 00:03:47.993820,11,1.6,62.0,29.0,5,0.2,0.001,11,2.9000000000000004,6,0.0,-87.38726415859524,-66.37265598305683,-28.02775429538665,27.310010278398067,0.0,-7.013146119848187,398.0,COMPLETE
727,27.310010278398067,2026-07-22 08:24:11.134416,2026-07-22 08:27:53.737746,0 days 00:03:42.603330,11,1.6,62.0,29.0,5,0.2,0.001,11,2.9000000000000004,6,0.0,-87.38726415859524,-66.37265598305683,-28.02775429538665,27.310010278398067,0.0,-7.013146119848187,398.0,COMPLETE
728,27.647649618886085,2026-07-22 08:24:50.742321,2026-07-22 08:28:39.508891,0 days 00:03:48.766570,11,1.6,62.0,29.0,5,0.2,0.001,11,2.9000000000000004,5,0.0,-96.78488869302883,-66.42527805822246,-34.90856074906102,27.647649618886085,0.0,-4.5489501142546525,406.0,COMPLETE
729,27.647649618886085,2026-07-22 08:25:11.827105,2026-07-22 08:29:00.987468,0 days 00:03:49.160363,11,1.6,62.0,29.0,5,0.2,0.001,11,2.9000000000000004,5,0.0,-96.78488869302883,-66.42527805822246,-34.90856074906102,27.647649618886085,0.0,-4.5489501142546525,406.0,COMPLETE
730,27.647649618886085,2026-07-22 08:25:14.106914,2026-07-22 08:29:03.063755,0 days 00:03:48.956841,11,1.6,62.0,29.0,5,0.2,0.001,11,2.9000000000000004,5,0.0,-96.78488869302883,-66.42527805822246,-34.90856074906102,27.647649618886085,0.0,-4.5489501142546525,406.0,COMPLETE
731,27.77331838079649,2026-07-22 08:25:25.712917,2026-07-22 08:29:17.276624,0 days 00:03:51.563707,11,1.6,62.0,29.0,5,0.1,0.001,11,3.0,5,0.0,-91.99949161879046,-61.151386054949974,-35.397055678095164,27.77331838079649,0.0,-4.5489501142546525,405.0,COMPLETE
732,27.77331838079649,2026-07-22 08:25:30.177228,2026-07-22 08:29:20.594169,0 days 00:03:50.416941,11,1.6,60.0,29.0,5,0.1,0.001,11,3.0,5,0.0,-91.99949161879046,-61.151386054949974,-35.397055678095164,27.77331838079649,0.0,-4.5489501142546525,405.0,COMPLETE
733,25.76780423716686,2026-07-22 08:26:11.024088,2026-07-22 08:30:02.965036,0 days 00:03:51.940948,30,1.6,60.0,29.0,5,0.1,0.001,11,3.0,5,0.0,-150.2917537722269,-112.83642970109517,-47.319118205027024,25.76780423716686,0.0,-9.863794133895208,412.0,COMPLETE
734,27.94457144868009,2026-07-22 08:27:02.470487,2026-07-22 08:30:48.869842,0 days 00:03:46.399355,12,1.6,60.0,29.0,5,0.1,0.001,11,3.0,5,0.0,-89.17055408650711,-66.14535591279176,-28.71479843946518,27.94457144868009,0.0,-5.68960026574986,407.0,COMPLETE
735,29.682070418687342,2026-07-22 08:27:27.114710,2026-07-22 08:31:18.583229,0 days 00:03:51.468519,12,1.5,60.0,29.0,5,0.1,0.001,11,3.0,5,0.0,-109.09897734105091,-72.25809013029935,-40.26450806051568,29.682070418687342,0.0,-3.423620849764127,438.0,COMPLETE
